[2024-08-07T00:00:59.263-0300] {processor.py:161} INFO - Started process (PID=10860) to work on /home/wilamy/PARA/1_projetos/Data_Lake_Football/Data_Lake_Football_Airflow/venv_airflow_data_lake/lib/python3.10/site-packages/airflow/example_dags/plugins/workday.py
[2024-08-07T00:00:59.264-0300] {processor.py:830} INFO - Processing file /home/wilamy/PARA/1_projetos/Data_Lake_Football/Data_Lake_Football_Airflow/venv_airflow_data_lake/lib/python3.10/site-packages/airflow/example_dags/plugins/workday.py for tasks to queue
[2024-08-07T00:00:59.265-0300] {logging_mixin.py:188} INFO - [2024-08-07T00:00:59.265-0300] {dagbag.py:545} INFO - Filling up the DagBag from /home/wilamy/PARA/1_projetos/Data_Lake_Football/Data_Lake_Football_Airflow/venv_airflow_data_lake/lib/python3.10/site-packages/airflow/example_dags/plugins/workday.py
[2024-08-07T00:00:59.267-0300] {logging_mixin.py:188} INFO - [2024-08-07T00:00:59.267-0300] {workday.py:41} WARNING - Could not import pandas. Holidays will not be considered.
[2024-08-07T00:00:59.267-0300] {processor.py:842} WARNING - No viable dags retrieved from /home/wilamy/PARA/1_projetos/Data_Lake_Football/Data_Lake_Football_Airflow/venv_airflow_data_lake/lib/python3.10/site-packages/airflow/example_dags/plugins/workday.py
[2024-08-07T00:00:59.274-0300] {processor.py:183} INFO - Processing /home/wilamy/PARA/1_projetos/Data_Lake_Football/Data_Lake_Football_Airflow/venv_airflow_data_lake/lib/python3.10/site-packages/airflow/example_dags/plugins/workday.py took 0.015 seconds
[2024-08-07T00:01:53.466-0300] {processor.py:161} INFO - Started process (PID=11145) to work on /home/wilamy/PARA/1_projetos/Data_Lake_Football/Data_Lake_Football_Airflow/venv_airflow_data_lake/lib/python3.10/site-packages/airflow/example_dags/plugins/workday.py
[2024-08-07T00:01:53.468-0300] {processor.py:830} INFO - Processing file /home/wilamy/PARA/1_projetos/Data_Lake_Football/Data_Lake_Football_Airflow/venv_airflow_data_lake/lib/python3.10/site-packages/airflow/example_dags/plugins/workday.py for tasks to queue
[2024-08-07T00:01:53.471-0300] {logging_mixin.py:188} INFO - [2024-08-07T00:01:53.470-0300] {dagbag.py:545} INFO - Filling up the DagBag from /home/wilamy/PARA/1_projetos/Data_Lake_Football/Data_Lake_Football_Airflow/venv_airflow_data_lake/lib/python3.10/site-packages/airflow/example_dags/plugins/workday.py
[2024-08-07T00:01:53.475-0300] {logging_mixin.py:188} INFO - [2024-08-07T00:01:53.474-0300] {workday.py:41} WARNING - Could not import pandas. Holidays will not be considered.
[2024-08-07T00:01:53.475-0300] {processor.py:842} WARNING - No viable dags retrieved from /home/wilamy/PARA/1_projetos/Data_Lake_Football/Data_Lake_Football_Airflow/venv_airflow_data_lake/lib/python3.10/site-packages/airflow/example_dags/plugins/workday.py
[2024-08-07T00:01:53.486-0300] {processor.py:183} INFO - Processing /home/wilamy/PARA/1_projetos/Data_Lake_Football/Data_Lake_Football_Airflow/venv_airflow_data_lake/lib/python3.10/site-packages/airflow/example_dags/plugins/workday.py took 0.040 seconds
[2024-08-07T00:02:42.346-0300] {processor.py:161} INFO - Started process (PID=11878) to work on /home/wilamy/PARA/1_projetos/Data_Lake_Football/Data_Lake_Football_Airflow/venv_airflow_data_lake/lib/python3.10/site-packages/airflow/example_dags/plugins/workday.py
[2024-08-07T00:02:42.347-0300] {processor.py:830} INFO - Processing file /home/wilamy/PARA/1_projetos/Data_Lake_Football/Data_Lake_Football_Airflow/venv_airflow_data_lake/lib/python3.10/site-packages/airflow/example_dags/plugins/workday.py for tasks to queue
[2024-08-07T00:02:42.348-0300] {logging_mixin.py:188} INFO - [2024-08-07T00:02:42.347-0300] {dagbag.py:545} INFO - Filling up the DagBag from /home/wilamy/PARA/1_projetos/Data_Lake_Football/Data_Lake_Football_Airflow/venv_airflow_data_lake/lib/python3.10/site-packages/airflow/example_dags/plugins/workday.py
[2024-08-07T00:02:42.350-0300] {logging_mixin.py:188} INFO - [2024-08-07T00:02:42.350-0300] {workday.py:41} WARNING - Could not import pandas. Holidays will not be considered.
[2024-08-07T00:02:42.350-0300] {processor.py:842} WARNING - No viable dags retrieved from /home/wilamy/PARA/1_projetos/Data_Lake_Football/Data_Lake_Football_Airflow/venv_airflow_data_lake/lib/python3.10/site-packages/airflow/example_dags/plugins/workday.py
[2024-08-07T00:02:42.362-0300] {processor.py:183} INFO - Processing /home/wilamy/PARA/1_projetos/Data_Lake_Football/Data_Lake_Football_Airflow/venv_airflow_data_lake/lib/python3.10/site-packages/airflow/example_dags/plugins/workday.py took 0.021 seconds
[2024-08-07T00:03:32.274-0300] {processor.py:161} INFO - Started process (PID=12130) to work on /home/wilamy/PARA/1_projetos/Data_Lake_Football/Data_Lake_Football_Airflow/venv_airflow_data_lake/lib/python3.10/site-packages/airflow/example_dags/plugins/workday.py
[2024-08-07T00:03:32.278-0300] {processor.py:830} INFO - Processing file /home/wilamy/PARA/1_projetos/Data_Lake_Football/Data_Lake_Football_Airflow/venv_airflow_data_lake/lib/python3.10/site-packages/airflow/example_dags/plugins/workday.py for tasks to queue
[2024-08-07T00:03:32.279-0300] {logging_mixin.py:188} INFO - [2024-08-07T00:03:32.279-0300] {dagbag.py:545} INFO - Filling up the DagBag from /home/wilamy/PARA/1_projetos/Data_Lake_Football/Data_Lake_Football_Airflow/venv_airflow_data_lake/lib/python3.10/site-packages/airflow/example_dags/plugins/workday.py
[2024-08-07T00:03:32.281-0300] {logging_mixin.py:188} INFO - [2024-08-07T00:03:32.281-0300] {workday.py:41} WARNING - Could not import pandas. Holidays will not be considered.
[2024-08-07T00:03:32.282-0300] {processor.py:842} WARNING - No viable dags retrieved from /home/wilamy/PARA/1_projetos/Data_Lake_Football/Data_Lake_Football_Airflow/venv_airflow_data_lake/lib/python3.10/site-packages/airflow/example_dags/plugins/workday.py
[2024-08-07T00:03:32.378-0300] {processor.py:183} INFO - Processing /home/wilamy/PARA/1_projetos/Data_Lake_Football/Data_Lake_Football_Airflow/venv_airflow_data_lake/lib/python3.10/site-packages/airflow/example_dags/plugins/workday.py took 0.110 seconds
