[2024-08-07T00:01:20.667-0300] {processor.py:161} INFO - Started process (PID=10965) to work on /home/wilamy/PARA/1_projetos/Data_Lake_Football/Data_Lake_Football_Airflow/venv_airflow_data_lake/lib/python3.10/site-packages/airflow/example_dags/example_setup_teardown.py
[2024-08-07T00:01:20.668-0300] {processor.py:830} INFO - Processing file /home/wilamy/PARA/1_projetos/Data_Lake_Football/Data_Lake_Football_Airflow/venv_airflow_data_lake/lib/python3.10/site-packages/airflow/example_dags/example_setup_teardown.py for tasks to queue
[2024-08-07T00:01:20.669-0300] {logging_mixin.py:188} INFO - [2024-08-07T00:01:20.669-0300] {dagbag.py:545} INFO - Filling up the DagBag from /home/wilamy/PARA/1_projetos/Data_Lake_Football/Data_Lake_Football_Airflow/venv_airflow_data_lake/lib/python3.10/site-packages/airflow/example_dags/example_setup_teardown.py
[2024-08-07T00:01:20.675-0300] {processor.py:840} INFO - DAG(s) 'example_setup_teardown' retrieved from /home/wilamy/PARA/1_projetos/Data_Lake_Football/Data_Lake_Football_Airflow/venv_airflow_data_lake/lib/python3.10/site-packages/airflow/example_dags/example_setup_teardown.py
[2024-08-07T00:01:20.750-0300] {logging_mixin.py:188} INFO - [2024-08-07T00:01:20.750-0300] {override.py:1858} INFO - Created Permission View: can delete on DAG:example_setup_teardown
[2024-08-07T00:01:20.758-0300] {logging_mixin.py:188} INFO - [2024-08-07T00:01:20.757-0300] {override.py:1858} INFO - Created Permission View: can edit on DAG:example_setup_teardown
[2024-08-07T00:01:20.763-0300] {logging_mixin.py:188} INFO - [2024-08-07T00:01:20.763-0300] {override.py:1858} INFO - Created Permission View: can read on DAG:example_setup_teardown
[2024-08-07T00:01:20.763-0300] {logging_mixin.py:188} INFO - [2024-08-07T00:01:20.763-0300] {dag.py:3089} INFO - Sync 1 DAGs
[2024-08-07T00:01:20.771-0300] {logging_mixin.py:188} INFO - [2024-08-07T00:01:20.771-0300] {dag.py:3111} INFO - Creating ORM DAG for example_setup_teardown
[2024-08-07T00:01:20.778-0300] {logging_mixin.py:188} INFO - [2024-08-07T00:01:20.778-0300] {dag.py:3947} INFO - Setting next_dagrun for example_setup_teardown to 2024-08-06 00:00:00+00:00, run_after=2024-08-07 00:00:00+00:00
[2024-08-07T00:01:20.869-0300] {processor.py:183} INFO - Processing /home/wilamy/PARA/1_projetos/Data_Lake_Football/Data_Lake_Football_Airflow/venv_airflow_data_lake/lib/python3.10/site-packages/airflow/example_dags/example_setup_teardown.py took 0.210 seconds
[2024-08-07T00:02:13.095-0300] {processor.py:161} INFO - Started process (PID=11309) to work on /home/wilamy/PARA/1_projetos/Data_Lake_Football/Data_Lake_Football_Airflow/venv_airflow_data_lake/lib/python3.10/site-packages/airflow/example_dags/example_setup_teardown.py
[2024-08-07T00:02:13.096-0300] {processor.py:830} INFO - Processing file /home/wilamy/PARA/1_projetos/Data_Lake_Football/Data_Lake_Football_Airflow/venv_airflow_data_lake/lib/python3.10/site-packages/airflow/example_dags/example_setup_teardown.py for tasks to queue
[2024-08-07T00:02:13.098-0300] {logging_mixin.py:188} INFO - [2024-08-07T00:02:13.097-0300] {dagbag.py:545} INFO - Filling up the DagBag from /home/wilamy/PARA/1_projetos/Data_Lake_Football/Data_Lake_Football_Airflow/venv_airflow_data_lake/lib/python3.10/site-packages/airflow/example_dags/example_setup_teardown.py
[2024-08-07T00:02:13.106-0300] {processor.py:840} INFO - DAG(s) 'example_setup_teardown' retrieved from /home/wilamy/PARA/1_projetos/Data_Lake_Football/Data_Lake_Football_Airflow/venv_airflow_data_lake/lib/python3.10/site-packages/airflow/example_dags/example_setup_teardown.py
[2024-08-07T00:02:13.123-0300] {logging_mixin.py:188} INFO - [2024-08-07T00:02:13.122-0300] {dag.py:3089} INFO - Sync 1 DAGs
[2024-08-07T00:02:13.143-0300] {logging_mixin.py:188} INFO - [2024-08-07T00:02:13.142-0300] {dag.py:3947} INFO - Setting next_dagrun for example_setup_teardown to 2024-08-06 00:00:00+00:00, run_after=2024-08-07 00:00:00+00:00
[2024-08-07T00:02:13.161-0300] {processor.py:183} INFO - Processing /home/wilamy/PARA/1_projetos/Data_Lake_Football/Data_Lake_Football_Airflow/venv_airflow_data_lake/lib/python3.10/site-packages/airflow/example_dags/example_setup_teardown.py took 0.071 seconds
[2024-08-07T00:03:15.419-0300] {processor.py:161} INFO - Started process (PID=12050) to work on /home/wilamy/PARA/1_projetos/Data_Lake_Football/Data_Lake_Football_Airflow/venv_airflow_data_lake/lib/python3.10/site-packages/airflow/example_dags/example_setup_teardown.py
[2024-08-07T00:03:15.424-0300] {processor.py:830} INFO - Processing file /home/wilamy/PARA/1_projetos/Data_Lake_Football/Data_Lake_Football_Airflow/venv_airflow_data_lake/lib/python3.10/site-packages/airflow/example_dags/example_setup_teardown.py for tasks to queue
[2024-08-07T00:03:15.426-0300] {logging_mixin.py:188} INFO - [2024-08-07T00:03:15.425-0300] {dagbag.py:545} INFO - Filling up the DagBag from /home/wilamy/PARA/1_projetos/Data_Lake_Football/Data_Lake_Football_Airflow/venv_airflow_data_lake/lib/python3.10/site-packages/airflow/example_dags/example_setup_teardown.py
[2024-08-07T00:03:15.435-0300] {processor.py:840} INFO - DAG(s) 'example_setup_teardown' retrieved from /home/wilamy/PARA/1_projetos/Data_Lake_Football/Data_Lake_Football_Airflow/venv_airflow_data_lake/lib/python3.10/site-packages/airflow/example_dags/example_setup_teardown.py
[2024-08-07T00:03:15.455-0300] {logging_mixin.py:188} INFO - [2024-08-07T00:03:15.455-0300] {dag.py:3089} INFO - Sync 1 DAGs
[2024-08-07T00:03:15.552-0300] {logging_mixin.py:188} INFO - [2024-08-07T00:03:15.552-0300] {dag.py:3947} INFO - Setting next_dagrun for example_setup_teardown to 2024-08-06 00:00:00+00:00, run_after=2024-08-07 00:00:00+00:00
[2024-08-07T00:03:15.572-0300] {processor.py:183} INFO - Processing /home/wilamy/PARA/1_projetos/Data_Lake_Football/Data_Lake_Football_Airflow/venv_airflow_data_lake/lib/python3.10/site-packages/airflow/example_dags/example_setup_teardown.py took 0.159 seconds
