[2024-08-07T00:00:48.277-0300] {processor.py:161} INFO - Started process (PID=10805) to work on /home/wilamy/PARA/1_projetos/Data_Lake_Football/Data_Lake_Football_Airflow/venv_airflow_data_lake/lib/python3.10/site-packages/airflow/example_dags/example_subdag_operator.py
[2024-08-07T00:00:48.278-0300] {processor.py:830} INFO - Processing file /home/wilamy/PARA/1_projetos/Data_Lake_Football/Data_Lake_Football_Airflow/venv_airflow_data_lake/lib/python3.10/site-packages/airflow/example_dags/example_subdag_operator.py for tasks to queue
[2024-08-07T00:00:48.279-0300] {logging_mixin.py:188} INFO - [2024-08-07T00:00:48.279-0300] {dagbag.py:545} INFO - Filling up the DagBag from /home/wilamy/PARA/1_projetos/Data_Lake_Football/Data_Lake_Football_Airflow/venv_airflow_data_lake/lib/python3.10/site-packages/airflow/example_dags/example_subdag_operator.py
[2024-08-07T00:00:48.298-0300] {processor.py:840} INFO - DAG(s) 'example_subdag_operator.section-1', 'example_subdag_operator.section-2', 'example_subdag_operator' retrieved from /home/wilamy/PARA/1_projetos/Data_Lake_Football/Data_Lake_Football_Airflow/venv_airflow_data_lake/lib/python3.10/site-packages/airflow/example_dags/example_subdag_operator.py
[2024-08-07T00:00:48.382-0300] {logging_mixin.py:188} INFO - [2024-08-07T00:00:48.381-0300] {override.py:1858} INFO - Created Permission View: can delete on DAG:example_subdag_operator
[2024-08-07T00:00:48.393-0300] {logging_mixin.py:188} INFO - [2024-08-07T00:00:48.393-0300] {override.py:1858} INFO - Created Permission View: can edit on DAG:example_subdag_operator
[2024-08-07T00:00:48.399-0300] {logging_mixin.py:188} INFO - [2024-08-07T00:00:48.399-0300] {override.py:1858} INFO - Created Permission View: can read on DAG:example_subdag_operator
[2024-08-07T00:00:48.399-0300] {logging_mixin.py:188} INFO - [2024-08-07T00:00:48.399-0300] {dag.py:3089} INFO - Sync 3 DAGs
[2024-08-07T00:00:48.407-0300] {logging_mixin.py:188} INFO - [2024-08-07T00:00:48.407-0300] {dag.py:3111} INFO - Creating ORM DAG for example_subdag_operator.section-1
[2024-08-07T00:00:48.408-0300] {logging_mixin.py:188} INFO - [2024-08-07T00:00:48.407-0300] {dag.py:3111} INFO - Creating ORM DAG for example_subdag_operator.section-2
[2024-08-07T00:00:48.408-0300] {logging_mixin.py:188} INFO - [2024-08-07T00:00:48.408-0300] {dag.py:3111} INFO - Creating ORM DAG for example_subdag_operator
[2024-08-07T00:00:48.413-0300] {logging_mixin.py:188} INFO - [2024-08-07T00:00:48.413-0300] {dag.py:3947} INFO - Setting next_dagrun for example_subdag_operator to 2022-01-01 00:00:00+00:00, run_after=2022-01-01 00:00:00+00:00
[2024-08-07T00:00:48.413-0300] {logging_mixin.py:188} INFO - [2024-08-07T00:00:48.413-0300] {dag.py:3947} INFO - Setting next_dagrun for example_subdag_operator.section-1 to None, run_after=None
[2024-08-07T00:00:48.414-0300] {logging_mixin.py:188} INFO - [2024-08-07T00:00:48.414-0300] {dag.py:3947} INFO - Setting next_dagrun for example_subdag_operator.section-2 to None, run_after=None
[2024-08-07T00:00:48.418-0300] {logging_mixin.py:188} INFO - [2024-08-07T00:00:48.418-0300] {dag.py:3089} INFO - Sync 2 DAGs
[2024-08-07T00:00:48.421-0300] {logging_mixin.py:188} INFO - [2024-08-07T00:00:48.421-0300] {dag.py:3947} INFO - Setting next_dagrun for example_subdag_operator.section-1 to None, run_after=None
[2024-08-07T00:00:48.423-0300] {logging_mixin.py:188} INFO - [2024-08-07T00:00:48.423-0300] {dag.py:3947} INFO - Setting next_dagrun for example_subdag_operator.section-2 to None, run_after=None
[2024-08-07T00:00:48.432-0300] {processor.py:183} INFO - Processing /home/wilamy/PARA/1_projetos/Data_Lake_Football/Data_Lake_Football_Airflow/venv_airflow_data_lake/lib/python3.10/site-packages/airflow/example_dags/example_subdag_operator.py took 0.160 seconds
[2024-08-07T00:01:44.209-0300] {processor.py:161} INFO - Started process (PID=11095) to work on /home/wilamy/PARA/1_projetos/Data_Lake_Football/Data_Lake_Football_Airflow/venv_airflow_data_lake/lib/python3.10/site-packages/airflow/example_dags/example_subdag_operator.py
[2024-08-07T00:01:44.213-0300] {processor.py:830} INFO - Processing file /home/wilamy/PARA/1_projetos/Data_Lake_Football/Data_Lake_Football_Airflow/venv_airflow_data_lake/lib/python3.10/site-packages/airflow/example_dags/example_subdag_operator.py for tasks to queue
[2024-08-07T00:01:44.215-0300] {logging_mixin.py:188} INFO - [2024-08-07T00:01:44.214-0300] {dagbag.py:545} INFO - Filling up the DagBag from /home/wilamy/PARA/1_projetos/Data_Lake_Football/Data_Lake_Football_Airflow/venv_airflow_data_lake/lib/python3.10/site-packages/airflow/example_dags/example_subdag_operator.py
[2024-08-07T00:01:44.237-0300] {processor.py:840} INFO - DAG(s) 'example_subdag_operator.section-1', 'example_subdag_operator.section-2', 'example_subdag_operator' retrieved from /home/wilamy/PARA/1_projetos/Data_Lake_Football/Data_Lake_Football_Airflow/venv_airflow_data_lake/lib/python3.10/site-packages/airflow/example_dags/example_subdag_operator.py
[2024-08-07T00:01:44.250-0300] {logging_mixin.py:188} INFO - [2024-08-07T00:01:44.250-0300] {dag.py:3089} INFO - Sync 3 DAGs
[2024-08-07T00:01:44.264-0300] {logging_mixin.py:188} INFO - [2024-08-07T00:01:44.264-0300] {dag.py:3947} INFO - Setting next_dagrun for example_subdag_operator to 2022-01-01 00:00:00+00:00, run_after=2022-01-01 00:00:00+00:00
[2024-08-07T00:01:44.266-0300] {logging_mixin.py:188} INFO - [2024-08-07T00:01:44.266-0300] {dag.py:3947} INFO - Setting next_dagrun for example_subdag_operator.section-1 to None, run_after=None
[2024-08-07T00:01:44.267-0300] {logging_mixin.py:188} INFO - [2024-08-07T00:01:44.267-0300] {dag.py:3947} INFO - Setting next_dagrun for example_subdag_operator.section-2 to None, run_after=None
[2024-08-07T00:01:44.271-0300] {logging_mixin.py:188} INFO - [2024-08-07T00:01:44.271-0300] {dag.py:3089} INFO - Sync 2 DAGs
[2024-08-07T00:01:44.274-0300] {logging_mixin.py:188} INFO - [2024-08-07T00:01:44.274-0300] {dag.py:3947} INFO - Setting next_dagrun for example_subdag_operator.section-1 to None, run_after=None
[2024-08-07T00:01:44.274-0300] {logging_mixin.py:188} INFO - [2024-08-07T00:01:44.274-0300] {dag.py:3947} INFO - Setting next_dagrun for example_subdag_operator.section-2 to None, run_after=None
[2024-08-07T00:01:44.283-0300] {processor.py:183} INFO - Processing /home/wilamy/PARA/1_projetos/Data_Lake_Football/Data_Lake_Football_Airflow/venv_airflow_data_lake/lib/python3.10/site-packages/airflow/example_dags/example_subdag_operator.py took 0.080 seconds
[2024-08-07T00:02:29.736-0300] {processor.py:161} INFO - Started process (PID=11762) to work on /home/wilamy/PARA/1_projetos/Data_Lake_Football/Data_Lake_Football_Airflow/venv_airflow_data_lake/lib/python3.10/site-packages/airflow/example_dags/example_subdag_operator.py
[2024-08-07T00:02:29.737-0300] {processor.py:830} INFO - Processing file /home/wilamy/PARA/1_projetos/Data_Lake_Football/Data_Lake_Football_Airflow/venv_airflow_data_lake/lib/python3.10/site-packages/airflow/example_dags/example_subdag_operator.py for tasks to queue
[2024-08-07T00:02:29.739-0300] {logging_mixin.py:188} INFO - [2024-08-07T00:02:29.738-0300] {dagbag.py:545} INFO - Filling up the DagBag from /home/wilamy/PARA/1_projetos/Data_Lake_Football/Data_Lake_Football_Airflow/venv_airflow_data_lake/lib/python3.10/site-packages/airflow/example_dags/example_subdag_operator.py
[2024-08-07T00:02:29.757-0300] {processor.py:840} INFO - DAG(s) 'example_subdag_operator.section-1', 'example_subdag_operator.section-2', 'example_subdag_operator' retrieved from /home/wilamy/PARA/1_projetos/Data_Lake_Football/Data_Lake_Football_Airflow/venv_airflow_data_lake/lib/python3.10/site-packages/airflow/example_dags/example_subdag_operator.py
[2024-08-07T00:02:29.769-0300] {logging_mixin.py:188} INFO - [2024-08-07T00:02:29.769-0300] {dag.py:3089} INFO - Sync 3 DAGs
[2024-08-07T00:02:29.784-0300] {logging_mixin.py:188} INFO - [2024-08-07T00:02:29.783-0300] {dag.py:3947} INFO - Setting next_dagrun for example_subdag_operator to 2022-01-01 00:00:00+00:00, run_after=2022-01-01 00:00:00+00:00
[2024-08-07T00:02:29.786-0300] {logging_mixin.py:188} INFO - [2024-08-07T00:02:29.786-0300] {dag.py:3947} INFO - Setting next_dagrun for example_subdag_operator.section-1 to None, run_after=None
[2024-08-07T00:02:29.787-0300] {logging_mixin.py:188} INFO - [2024-08-07T00:02:29.787-0300] {dag.py:3947} INFO - Setting next_dagrun for example_subdag_operator.section-2 to None, run_after=None
[2024-08-07T00:02:29.791-0300] {logging_mixin.py:188} INFO - [2024-08-07T00:02:29.791-0300] {dag.py:3089} INFO - Sync 2 DAGs
[2024-08-07T00:02:29.794-0300] {logging_mixin.py:188} INFO - [2024-08-07T00:02:29.794-0300] {dag.py:3947} INFO - Setting next_dagrun for example_subdag_operator.section-1 to None, run_after=None
[2024-08-07T00:02:29.794-0300] {logging_mixin.py:188} INFO - [2024-08-07T00:02:29.794-0300] {dag.py:3947} INFO - Setting next_dagrun for example_subdag_operator.section-2 to None, run_after=None
[2024-08-07T00:02:29.804-0300] {processor.py:183} INFO - Processing /home/wilamy/PARA/1_projetos/Data_Lake_Football/Data_Lake_Football_Airflow/venv_airflow_data_lake/lib/python3.10/site-packages/airflow/example_dags/example_subdag_operator.py took 0.083 seconds
[2024-08-07T00:03:21.359-0300] {processor.py:161} INFO - Started process (PID=12077) to work on /home/wilamy/PARA/1_projetos/Data_Lake_Football/Data_Lake_Football_Airflow/venv_airflow_data_lake/lib/python3.10/site-packages/airflow/example_dags/example_subdag_operator.py
[2024-08-07T00:03:21.364-0300] {processor.py:830} INFO - Processing file /home/wilamy/PARA/1_projetos/Data_Lake_Football/Data_Lake_Football_Airflow/venv_airflow_data_lake/lib/python3.10/site-packages/airflow/example_dags/example_subdag_operator.py for tasks to queue
[2024-08-07T00:03:21.368-0300] {logging_mixin.py:188} INFO - [2024-08-07T00:03:21.367-0300] {dagbag.py:545} INFO - Filling up the DagBag from /home/wilamy/PARA/1_projetos/Data_Lake_Football/Data_Lake_Football_Airflow/venv_airflow_data_lake/lib/python3.10/site-packages/airflow/example_dags/example_subdag_operator.py
[2024-08-07T00:03:21.407-0300] {processor.py:840} INFO - DAG(s) 'example_subdag_operator.section-1', 'example_subdag_operator.section-2', 'example_subdag_operator' retrieved from /home/wilamy/PARA/1_projetos/Data_Lake_Football/Data_Lake_Football_Airflow/venv_airflow_data_lake/lib/python3.10/site-packages/airflow/example_dags/example_subdag_operator.py
[2024-08-07T00:03:21.509-0300] {logging_mixin.py:188} INFO - [2024-08-07T00:03:21.508-0300] {dag.py:3089} INFO - Sync 3 DAGs
[2024-08-07T00:03:21.527-0300] {logging_mixin.py:188} INFO - [2024-08-07T00:03:21.527-0300] {dag.py:3947} INFO - Setting next_dagrun for example_subdag_operator to 2022-01-01 00:00:00+00:00, run_after=2022-01-01 00:00:00+00:00
[2024-08-07T00:03:21.530-0300] {logging_mixin.py:188} INFO - [2024-08-07T00:03:21.530-0300] {dag.py:3947} INFO - Setting next_dagrun for example_subdag_operator.section-1 to None, run_after=None
[2024-08-07T00:03:21.531-0300] {logging_mixin.py:188} INFO - [2024-08-07T00:03:21.531-0300] {dag.py:3947} INFO - Setting next_dagrun for example_subdag_operator.section-2 to None, run_after=None
[2024-08-07T00:03:21.536-0300] {logging_mixin.py:188} INFO - [2024-08-07T00:03:21.536-0300] {dag.py:3089} INFO - Sync 2 DAGs
[2024-08-07T00:03:21.539-0300] {logging_mixin.py:188} INFO - [2024-08-07T00:03:21.539-0300] {dag.py:3947} INFO - Setting next_dagrun for example_subdag_operator.section-1 to None, run_after=None
[2024-08-07T00:03:21.539-0300] {logging_mixin.py:188} INFO - [2024-08-07T00:03:21.539-0300] {dag.py:3947} INFO - Setting next_dagrun for example_subdag_operator.section-2 to None, run_after=None
[2024-08-07T00:03:21.554-0300] {processor.py:183} INFO - Processing /home/wilamy/PARA/1_projetos/Data_Lake_Football/Data_Lake_Football_Airflow/venv_airflow_data_lake/lib/python3.10/site-packages/airflow/example_dags/example_subdag_operator.py took 0.199 seconds
