[2024-08-07T00:01:22.049-0300] {processor.py:161} INFO - Started process (PID=10973) to work on /home/wilamy/PARA/1_projetos/Data_Lake_Football/Data_Lake_Football_Airflow/venv_airflow_data_lake/lib/python3.10/site-packages/airflow/example_dags/example_sensors.py
[2024-08-07T00:01:22.050-0300] {processor.py:830} INFO - Processing file /home/wilamy/PARA/1_projetos/Data_Lake_Football/Data_Lake_Football_Airflow/venv_airflow_data_lake/lib/python3.10/site-packages/airflow/example_dags/example_sensors.py for tasks to queue
[2024-08-07T00:01:22.051-0300] {logging_mixin.py:188} INFO - [2024-08-07T00:01:22.051-0300] {dagbag.py:545} INFO - Filling up the DagBag from /home/wilamy/PARA/1_projetos/Data_Lake_Football/Data_Lake_Football_Airflow/venv_airflow_data_lake/lib/python3.10/site-packages/airflow/example_dags/example_sensors.py
[2024-08-07T00:01:22.060-0300] {processor.py:840} INFO - DAG(s) 'example_sensors' retrieved from /home/wilamy/PARA/1_projetos/Data_Lake_Football/Data_Lake_Football_Airflow/venv_airflow_data_lake/lib/python3.10/site-packages/airflow/example_dags/example_sensors.py
[2024-08-07T00:01:22.141-0300] {logging_mixin.py:188} INFO - [2024-08-07T00:01:22.140-0300] {override.py:1858} INFO - Created Permission View: can delete on DAG:example_sensors
[2024-08-07T00:01:22.148-0300] {logging_mixin.py:188} INFO - [2024-08-07T00:01:22.148-0300] {override.py:1858} INFO - Created Permission View: can edit on DAG:example_sensors
[2024-08-07T00:01:22.155-0300] {logging_mixin.py:188} INFO - [2024-08-07T00:01:22.154-0300] {override.py:1858} INFO - Created Permission View: can read on DAG:example_sensors
[2024-08-07T00:01:22.155-0300] {logging_mixin.py:188} INFO - [2024-08-07T00:01:22.155-0300] {dag.py:3089} INFO - Sync 1 DAGs
[2024-08-07T00:01:22.163-0300] {logging_mixin.py:188} INFO - [2024-08-07T00:01:22.163-0300] {dag.py:3111} INFO - Creating ORM DAG for example_sensors
[2024-08-07T00:01:22.164-0300] {logging_mixin.py:188} INFO - [2024-08-07T00:01:22.164-0300] {dag.py:3947} INFO - Setting next_dagrun for example_sensors to None, run_after=None
[2024-08-07T00:01:22.266-0300] {processor.py:183} INFO - Processing /home/wilamy/PARA/1_projetos/Data_Lake_Football/Data_Lake_Football_Airflow/venv_airflow_data_lake/lib/python3.10/site-packages/airflow/example_dags/example_sensors.py took 0.223 seconds
[2024-08-07T00:02:14.281-0300] {processor.py:161} INFO - Started process (PID=11373) to work on /home/wilamy/PARA/1_projetos/Data_Lake_Football/Data_Lake_Football_Airflow/venv_airflow_data_lake/lib/python3.10/site-packages/airflow/example_dags/example_sensors.py
[2024-08-07T00:02:14.287-0300] {processor.py:830} INFO - Processing file /home/wilamy/PARA/1_projetos/Data_Lake_Football/Data_Lake_Football_Airflow/venv_airflow_data_lake/lib/python3.10/site-packages/airflow/example_dags/example_sensors.py for tasks to queue
[2024-08-07T00:02:14.292-0300] {logging_mixin.py:188} INFO - [2024-08-07T00:02:14.291-0300] {dagbag.py:545} INFO - Filling up the DagBag from /home/wilamy/PARA/1_projetos/Data_Lake_Football/Data_Lake_Football_Airflow/venv_airflow_data_lake/lib/python3.10/site-packages/airflow/example_dags/example_sensors.py
[2024-08-07T00:02:14.323-0300] {processor.py:840} INFO - DAG(s) 'example_sensors' retrieved from /home/wilamy/PARA/1_projetos/Data_Lake_Football/Data_Lake_Football_Airflow/venv_airflow_data_lake/lib/python3.10/site-packages/airflow/example_dags/example_sensors.py
[2024-08-07T00:02:14.361-0300] {logging_mixin.py:188} INFO - [2024-08-07T00:02:14.360-0300] {dag.py:3089} INFO - Sync 1 DAGs
[2024-08-07T00:02:14.371-0300] {logging_mixin.py:188} INFO - [2024-08-07T00:02:14.370-0300] {dag.py:3947} INFO - Setting next_dagrun for example_sensors to None, run_after=None
[2024-08-07T00:02:14.385-0300] {processor.py:183} INFO - Processing /home/wilamy/PARA/1_projetos/Data_Lake_Football/Data_Lake_Football_Airflow/venv_airflow_data_lake/lib/python3.10/site-packages/airflow/example_dags/example_sensors.py took 0.122 seconds
[2024-08-07T00:03:16.696-0300] {processor.py:161} INFO - Started process (PID=12052) to work on /home/wilamy/PARA/1_projetos/Data_Lake_Football/Data_Lake_Football_Airflow/venv_airflow_data_lake/lib/python3.10/site-packages/airflow/example_dags/example_sensors.py
[2024-08-07T00:03:16.700-0300] {processor.py:830} INFO - Processing file /home/wilamy/PARA/1_projetos/Data_Lake_Football/Data_Lake_Football_Airflow/venv_airflow_data_lake/lib/python3.10/site-packages/airflow/example_dags/example_sensors.py for tasks to queue
[2024-08-07T00:03:16.702-0300] {logging_mixin.py:188} INFO - [2024-08-07T00:03:16.701-0300] {dagbag.py:545} INFO - Filling up the DagBag from /home/wilamy/PARA/1_projetos/Data_Lake_Football/Data_Lake_Football_Airflow/venv_airflow_data_lake/lib/python3.10/site-packages/airflow/example_dags/example_sensors.py
[2024-08-07T00:03:16.711-0300] {processor.py:840} INFO - DAG(s) 'example_sensors' retrieved from /home/wilamy/PARA/1_projetos/Data_Lake_Football/Data_Lake_Football_Airflow/venv_airflow_data_lake/lib/python3.10/site-packages/airflow/example_dags/example_sensors.py
[2024-08-07T00:03:16.834-0300] {logging_mixin.py:188} INFO - [2024-08-07T00:03:16.834-0300] {dag.py:3089} INFO - Sync 1 DAGs
[2024-08-07T00:03:16.846-0300] {logging_mixin.py:188} INFO - [2024-08-07T00:03:16.846-0300] {dag.py:3947} INFO - Setting next_dagrun for example_sensors to None, run_after=None
[2024-08-07T00:03:16.867-0300] {processor.py:183} INFO - Processing /home/wilamy/PARA/1_projetos/Data_Lake_Football/Data_Lake_Football_Airflow/venv_airflow_data_lake/lib/python3.10/site-packages/airflow/example_dags/example_sensors.py took 0.179 seconds
