[2024-08-07T00:01:04.617-0300] {processor.py:161} INFO - Started process (PID=10891) to work on /home/wilamy/PARA/1_projetos/Data_Lake_Football/Data_Lake_Football_Airflow/venv_airflow_data_lake/lib/python3.10/site-packages/airflow/example_dags/example_bash_decorator.py
[2024-08-07T00:01:04.618-0300] {processor.py:830} INFO - Processing file /home/wilamy/PARA/1_projetos/Data_Lake_Football/Data_Lake_Football_Airflow/venv_airflow_data_lake/lib/python3.10/site-packages/airflow/example_dags/example_bash_decorator.py for tasks to queue
[2024-08-07T00:01:04.619-0300] {logging_mixin.py:188} INFO - [2024-08-07T00:01:04.619-0300] {dagbag.py:545} INFO - Filling up the DagBag from /home/wilamy/PARA/1_projetos/Data_Lake_Football/Data_Lake_Football_Airflow/venv_airflow_data_lake/lib/python3.10/site-packages/airflow/example_dags/example_bash_decorator.py
[2024-08-07T00:01:04.632-0300] {processor.py:840} INFO - DAG(s) 'example_bash_decorator' retrieved from /home/wilamy/PARA/1_projetos/Data_Lake_Football/Data_Lake_Football_Airflow/venv_airflow_data_lake/lib/python3.10/site-packages/airflow/example_dags/example_bash_decorator.py
[2024-08-07T00:01:04.745-0300] {logging_mixin.py:188} INFO - [2024-08-07T00:01:04.744-0300] {override.py:1858} INFO - Created Permission View: can delete on DAG:example_bash_decorator
[2024-08-07T00:01:04.766-0300] {logging_mixin.py:188} INFO - [2024-08-07T00:01:04.765-0300] {override.py:1858} INFO - Created Permission View: can edit on DAG:example_bash_decorator
[2024-08-07T00:01:04.777-0300] {logging_mixin.py:188} INFO - [2024-08-07T00:01:04.776-0300] {override.py:1858} INFO - Created Permission View: can read on DAG:example_bash_decorator
[2024-08-07T00:01:04.777-0300] {logging_mixin.py:188} INFO - [2024-08-07T00:01:04.777-0300] {dag.py:3089} INFO - Sync 1 DAGs
[2024-08-07T00:01:04.788-0300] {logging_mixin.py:188} INFO - [2024-08-07T00:01:04.788-0300] {dag.py:3111} INFO - Creating ORM DAG for example_bash_decorator
[2024-08-07T00:01:04.789-0300] {logging_mixin.py:188} INFO - [2024-08-07T00:01:04.789-0300] {dag.py:3947} INFO - Setting next_dagrun for example_bash_decorator to None, run_after=None
[2024-08-07T00:01:04.802-0300] {processor.py:183} INFO - Processing /home/wilamy/PARA/1_projetos/Data_Lake_Football/Data_Lake_Football_Airflow/venv_airflow_data_lake/lib/python3.10/site-packages/airflow/example_dags/example_bash_decorator.py took 0.191 seconds
[2024-08-07T00:01:58.655-0300] {processor.py:161} INFO - Started process (PID=11169) to work on /home/wilamy/PARA/1_projetos/Data_Lake_Football/Data_Lake_Football_Airflow/venv_airflow_data_lake/lib/python3.10/site-packages/airflow/example_dags/example_bash_decorator.py
[2024-08-07T00:01:58.659-0300] {processor.py:830} INFO - Processing file /home/wilamy/PARA/1_projetos/Data_Lake_Football/Data_Lake_Football_Airflow/venv_airflow_data_lake/lib/python3.10/site-packages/airflow/example_dags/example_bash_decorator.py for tasks to queue
[2024-08-07T00:01:58.664-0300] {logging_mixin.py:188} INFO - [2024-08-07T00:01:58.663-0300] {dagbag.py:545} INFO - Filling up the DagBag from /home/wilamy/PARA/1_projetos/Data_Lake_Football/Data_Lake_Football_Airflow/venv_airflow_data_lake/lib/python3.10/site-packages/airflow/example_dags/example_bash_decorator.py
[2024-08-07T00:01:58.697-0300] {processor.py:840} INFO - DAG(s) 'example_bash_decorator' retrieved from /home/wilamy/PARA/1_projetos/Data_Lake_Football/Data_Lake_Football_Airflow/venv_airflow_data_lake/lib/python3.10/site-packages/airflow/example_dags/example_bash_decorator.py
[2024-08-07T00:01:58.716-0300] {logging_mixin.py:188} INFO - [2024-08-07T00:01:58.715-0300] {dag.py:3089} INFO - Sync 1 DAGs
[2024-08-07T00:01:58.725-0300] {logging_mixin.py:188} INFO - [2024-08-07T00:01:58.725-0300] {dag.py:3947} INFO - Setting next_dagrun for example_bash_decorator to None, run_after=None
[2024-08-07T00:01:58.740-0300] {processor.py:183} INFO - Processing /home/wilamy/PARA/1_projetos/Data_Lake_Football/Data_Lake_Football_Airflow/venv_airflow_data_lake/lib/python3.10/site-packages/airflow/example_dags/example_bash_decorator.py took 0.091 seconds
[2024-08-07T00:02:47.678-0300] {processor.py:161} INFO - Started process (PID=11911) to work on /home/wilamy/PARA/1_projetos/Data_Lake_Football/Data_Lake_Football_Airflow/venv_airflow_data_lake/lib/python3.10/site-packages/airflow/example_dags/example_bash_decorator.py
[2024-08-07T00:02:47.684-0300] {processor.py:830} INFO - Processing file /home/wilamy/PARA/1_projetos/Data_Lake_Football/Data_Lake_Football_Airflow/venv_airflow_data_lake/lib/python3.10/site-packages/airflow/example_dags/example_bash_decorator.py for tasks to queue
[2024-08-07T00:02:47.689-0300] {logging_mixin.py:188} INFO - [2024-08-07T00:02:47.687-0300] {dagbag.py:545} INFO - Filling up the DagBag from /home/wilamy/PARA/1_projetos/Data_Lake_Football/Data_Lake_Football_Airflow/venv_airflow_data_lake/lib/python3.10/site-packages/airflow/example_dags/example_bash_decorator.py
[2024-08-07T00:02:47.712-0300] {processor.py:840} INFO - DAG(s) 'example_bash_decorator' retrieved from /home/wilamy/PARA/1_projetos/Data_Lake_Football/Data_Lake_Football_Airflow/venv_airflow_data_lake/lib/python3.10/site-packages/airflow/example_dags/example_bash_decorator.py
[2024-08-07T00:02:47.732-0300] {logging_mixin.py:188} INFO - [2024-08-07T00:02:47.731-0300] {dag.py:3089} INFO - Sync 1 DAGs
[2024-08-07T00:02:47.744-0300] {logging_mixin.py:188} INFO - [2024-08-07T00:02:47.744-0300] {dag.py:3947} INFO - Setting next_dagrun for example_bash_decorator to None, run_after=None
[2024-08-07T00:02:47.910-0300] {processor.py:183} INFO - Processing /home/wilamy/PARA/1_projetos/Data_Lake_Football/Data_Lake_Football_Airflow/venv_airflow_data_lake/lib/python3.10/site-packages/airflow/example_dags/example_bash_decorator.py took 0.248 seconds
[2024-08-07T00:03:36.739-0300] {processor.py:161} INFO - Started process (PID=12151) to work on /home/wilamy/PARA/1_projetos/Data_Lake_Football/Data_Lake_Football_Airflow/venv_airflow_data_lake/lib/python3.10/site-packages/airflow/example_dags/example_bash_decorator.py
[2024-08-07T00:03:36.744-0300] {processor.py:830} INFO - Processing file /home/wilamy/PARA/1_projetos/Data_Lake_Football/Data_Lake_Football_Airflow/venv_airflow_data_lake/lib/python3.10/site-packages/airflow/example_dags/example_bash_decorator.py for tasks to queue
[2024-08-07T00:03:36.746-0300] {logging_mixin.py:188} INFO - [2024-08-07T00:03:36.745-0300] {dagbag.py:545} INFO - Filling up the DagBag from /home/wilamy/PARA/1_projetos/Data_Lake_Football/Data_Lake_Football_Airflow/venv_airflow_data_lake/lib/python3.10/site-packages/airflow/example_dags/example_bash_decorator.py
[2024-08-07T00:03:36.765-0300] {processor.py:840} INFO - DAG(s) 'example_bash_decorator' retrieved from /home/wilamy/PARA/1_projetos/Data_Lake_Football/Data_Lake_Football_Airflow/venv_airflow_data_lake/lib/python3.10/site-packages/airflow/example_dags/example_bash_decorator.py
[2024-08-07T00:03:36.786-0300] {logging_mixin.py:188} INFO - [2024-08-07T00:03:36.786-0300] {dag.py:3089} INFO - Sync 1 DAGs
[2024-08-07T00:03:36.796-0300] {logging_mixin.py:188} INFO - [2024-08-07T00:03:36.796-0300] {dag.py:3947} INFO - Setting next_dagrun for example_bash_decorator to None, run_after=None
[2024-08-07T00:03:36.811-0300] {processor.py:183} INFO - Processing /home/wilamy/PARA/1_projetos/Data_Lake_Football/Data_Lake_Football_Airflow/venv_airflow_data_lake/lib/python3.10/site-packages/airflow/example_dags/example_bash_decorator.py took 0.091 seconds
