[2024-08-07T00:00:52.025-0300] {processor.py:161} INFO - Started process (PID=10825) to work on /home/wilamy/PARA/1_projetos/Data_Lake_Football/Data_Lake_Football_Airflow/venv_airflow_data_lake/lib/python3.10/site-packages/airflow/example_dags/example_trigger_controller_dag.py
[2024-08-07T00:00:52.025-0300] {processor.py:830} INFO - Processing file /home/wilamy/PARA/1_projetos/Data_Lake_Football/Data_Lake_Football_Airflow/venv_airflow_data_lake/lib/python3.10/site-packages/airflow/example_dags/example_trigger_controller_dag.py for tasks to queue
[2024-08-07T00:00:52.027-0300] {logging_mixin.py:188} INFO - [2024-08-07T00:00:52.026-0300] {dagbag.py:545} INFO - Filling up the DagBag from /home/wilamy/PARA/1_projetos/Data_Lake_Football/Data_Lake_Football_Airflow/venv_airflow_data_lake/lib/python3.10/site-packages/airflow/example_dags/example_trigger_controller_dag.py
[2024-08-07T00:00:52.031-0300] {processor.py:840} INFO - DAG(s) 'example_trigger_controller_dag' retrieved from /home/wilamy/PARA/1_projetos/Data_Lake_Football/Data_Lake_Football_Airflow/venv_airflow_data_lake/lib/python3.10/site-packages/airflow/example_dags/example_trigger_controller_dag.py
[2024-08-07T00:00:52.116-0300] {logging_mixin.py:188} INFO - [2024-08-07T00:00:52.115-0300] {override.py:1858} INFO - Created Permission View: can delete on DAG:example_trigger_controller_dag
[2024-08-07T00:00:52.131-0300] {logging_mixin.py:188} INFO - [2024-08-07T00:00:52.130-0300] {override.py:1858} INFO - Created Permission View: can edit on DAG:example_trigger_controller_dag
[2024-08-07T00:00:52.141-0300] {logging_mixin.py:188} INFO - [2024-08-07T00:00:52.141-0300] {override.py:1858} INFO - Created Permission View: can read on DAG:example_trigger_controller_dag
[2024-08-07T00:00:52.142-0300] {logging_mixin.py:188} INFO - [2024-08-07T00:00:52.142-0300] {dag.py:3089} INFO - Sync 1 DAGs
[2024-08-07T00:00:52.155-0300] {logging_mixin.py:188} INFO - [2024-08-07T00:00:52.155-0300] {dag.py:3111} INFO - Creating ORM DAG for example_trigger_controller_dag
[2024-08-07T00:00:52.162-0300] {logging_mixin.py:188} INFO - [2024-08-07T00:00:52.162-0300] {dag.py:3947} INFO - Setting next_dagrun for example_trigger_controller_dag to 2021-01-01 00:00:00+00:00, run_after=2021-01-01 00:00:00+00:00
[2024-08-07T00:00:52.175-0300] {processor.py:183} INFO - Processing /home/wilamy/PARA/1_projetos/Data_Lake_Football/Data_Lake_Football_Airflow/venv_airflow_data_lake/lib/python3.10/site-packages/airflow/example_dags/example_trigger_controller_dag.py took 0.156 seconds
[2024-08-07T00:01:47.106-0300] {processor.py:161} INFO - Started process (PID=11114) to work on /home/wilamy/PARA/1_projetos/Data_Lake_Football/Data_Lake_Football_Airflow/venv_airflow_data_lake/lib/python3.10/site-packages/airflow/example_dags/example_trigger_controller_dag.py
[2024-08-07T00:01:47.112-0300] {processor.py:830} INFO - Processing file /home/wilamy/PARA/1_projetos/Data_Lake_Football/Data_Lake_Football_Airflow/venv_airflow_data_lake/lib/python3.10/site-packages/airflow/example_dags/example_trigger_controller_dag.py for tasks to queue
[2024-08-07T00:01:47.118-0300] {logging_mixin.py:188} INFO - [2024-08-07T00:01:47.116-0300] {dagbag.py:545} INFO - Filling up the DagBag from /home/wilamy/PARA/1_projetos/Data_Lake_Football/Data_Lake_Football_Airflow/venv_airflow_data_lake/lib/python3.10/site-packages/airflow/example_dags/example_trigger_controller_dag.py
[2024-08-07T00:01:47.125-0300] {processor.py:840} INFO - DAG(s) 'example_trigger_controller_dag' retrieved from /home/wilamy/PARA/1_projetos/Data_Lake_Football/Data_Lake_Football_Airflow/venv_airflow_data_lake/lib/python3.10/site-packages/airflow/example_dags/example_trigger_controller_dag.py
[2024-08-07T00:01:47.141-0300] {logging_mixin.py:188} INFO - [2024-08-07T00:01:47.141-0300] {dag.py:3089} INFO - Sync 1 DAGs
[2024-08-07T00:01:47.157-0300] {logging_mixin.py:188} INFO - [2024-08-07T00:01:47.157-0300] {dag.py:3947} INFO - Setting next_dagrun for example_trigger_controller_dag to 2021-01-01 00:00:00+00:00, run_after=2021-01-01 00:00:00+00:00
[2024-08-07T00:01:47.172-0300] {processor.py:183} INFO - Processing /home/wilamy/PARA/1_projetos/Data_Lake_Football/Data_Lake_Football_Airflow/venv_airflow_data_lake/lib/python3.10/site-packages/airflow/example_dags/example_trigger_controller_dag.py took 0.084 seconds
[2024-08-07T00:02:33.284-0300] {processor.py:161} INFO - Started process (PID=11787) to work on /home/wilamy/PARA/1_projetos/Data_Lake_Football/Data_Lake_Football_Airflow/venv_airflow_data_lake/lib/python3.10/site-packages/airflow/example_dags/example_trigger_controller_dag.py
[2024-08-07T00:02:33.288-0300] {processor.py:830} INFO - Processing file /home/wilamy/PARA/1_projetos/Data_Lake_Football/Data_Lake_Football_Airflow/venv_airflow_data_lake/lib/python3.10/site-packages/airflow/example_dags/example_trigger_controller_dag.py for tasks to queue
[2024-08-07T00:02:33.290-0300] {logging_mixin.py:188} INFO - [2024-08-07T00:02:33.289-0300] {dagbag.py:545} INFO - Filling up the DagBag from /home/wilamy/PARA/1_projetos/Data_Lake_Football/Data_Lake_Football_Airflow/venv_airflow_data_lake/lib/python3.10/site-packages/airflow/example_dags/example_trigger_controller_dag.py
[2024-08-07T00:02:33.295-0300] {processor.py:840} INFO - DAG(s) 'example_trigger_controller_dag' retrieved from /home/wilamy/PARA/1_projetos/Data_Lake_Football/Data_Lake_Football_Airflow/venv_airflow_data_lake/lib/python3.10/site-packages/airflow/example_dags/example_trigger_controller_dag.py
[2024-08-07T00:02:33.311-0300] {logging_mixin.py:188} INFO - [2024-08-07T00:02:33.311-0300] {dag.py:3089} INFO - Sync 1 DAGs
[2024-08-07T00:02:33.328-0300] {logging_mixin.py:188} INFO - [2024-08-07T00:02:33.327-0300] {dag.py:3947} INFO - Setting next_dagrun for example_trigger_controller_dag to 2021-01-01 00:00:00+00:00, run_after=2021-01-01 00:00:00+00:00
[2024-08-07T00:02:33.343-0300] {processor.py:183} INFO - Processing /home/wilamy/PARA/1_projetos/Data_Lake_Football/Data_Lake_Football_Airflow/venv_airflow_data_lake/lib/python3.10/site-packages/airflow/example_dags/example_trigger_controller_dag.py took 0.065 seconds
[2024-08-07T00:03:25.196-0300] {processor.py:161} INFO - Started process (PID=12098) to work on /home/wilamy/PARA/1_projetos/Data_Lake_Football/Data_Lake_Football_Airflow/venv_airflow_data_lake/lib/python3.10/site-packages/airflow/example_dags/example_trigger_controller_dag.py
[2024-08-07T00:03:25.200-0300] {processor.py:830} INFO - Processing file /home/wilamy/PARA/1_projetos/Data_Lake_Football/Data_Lake_Football_Airflow/venv_airflow_data_lake/lib/python3.10/site-packages/airflow/example_dags/example_trigger_controller_dag.py for tasks to queue
[2024-08-07T00:03:25.201-0300] {logging_mixin.py:188} INFO - [2024-08-07T00:03:25.201-0300] {dagbag.py:545} INFO - Filling up the DagBag from /home/wilamy/PARA/1_projetos/Data_Lake_Football/Data_Lake_Football_Airflow/venv_airflow_data_lake/lib/python3.10/site-packages/airflow/example_dags/example_trigger_controller_dag.py
[2024-08-07T00:03:25.206-0300] {processor.py:840} INFO - DAG(s) 'example_trigger_controller_dag' retrieved from /home/wilamy/PARA/1_projetos/Data_Lake_Football/Data_Lake_Football_Airflow/venv_airflow_data_lake/lib/python3.10/site-packages/airflow/example_dags/example_trigger_controller_dag.py
[2024-08-07T00:03:25.302-0300] {logging_mixin.py:188} INFO - [2024-08-07T00:03:25.302-0300] {dag.py:3089} INFO - Sync 1 DAGs
[2024-08-07T00:03:25.322-0300] {logging_mixin.py:188} INFO - [2024-08-07T00:03:25.321-0300] {dag.py:3947} INFO - Setting next_dagrun for example_trigger_controller_dag to 2021-01-01 00:00:00+00:00, run_after=2021-01-01 00:00:00+00:00
[2024-08-07T00:03:25.340-0300] {processor.py:183} INFO - Processing /home/wilamy/PARA/1_projetos/Data_Lake_Football/Data_Lake_Football_Airflow/venv_airflow_data_lake/lib/python3.10/site-packages/airflow/example_dags/example_trigger_controller_dag.py took 0.149 seconds
