[2024-08-07T00:00:41.982-0300] {processor.py:161} INFO - Started process (PID=10766) to work on /home/wilamy/PARA/1_projetos/Data_Lake_Football/Data_Lake_Football_Airflow/venv_airflow_data_lake/lib/python3.10/site-packages/airflow/example_dags/example_short_circuit_operator.py
[2024-08-07T00:00:41.983-0300] {processor.py:830} INFO - Processing file /home/wilamy/PARA/1_projetos/Data_Lake_Football/Data_Lake_Football_Airflow/venv_airflow_data_lake/lib/python3.10/site-packages/airflow/example_dags/example_short_circuit_operator.py for tasks to queue
[2024-08-07T00:00:41.984-0300] {logging_mixin.py:188} INFO - [2024-08-07T00:00:41.984-0300] {dagbag.py:545} INFO - Filling up the DagBag from /home/wilamy/PARA/1_projetos/Data_Lake_Football/Data_Lake_Football_Airflow/venv_airflow_data_lake/lib/python3.10/site-packages/airflow/example_dags/example_short_circuit_operator.py
[2024-08-07T00:00:41.995-0300] {processor.py:840} INFO - DAG(s) 'example_short_circuit_operator' retrieved from /home/wilamy/PARA/1_projetos/Data_Lake_Football/Data_Lake_Football_Airflow/venv_airflow_data_lake/lib/python3.10/site-packages/airflow/example_dags/example_short_circuit_operator.py
[2024-08-07T00:00:42.077-0300] {logging_mixin.py:188} INFO - [2024-08-07T00:00:42.077-0300] {override.py:1858} INFO - Created Permission View: can delete on DAG:example_short_circuit_operator
[2024-08-07T00:00:42.085-0300] {logging_mixin.py:188} INFO - [2024-08-07T00:00:42.085-0300] {override.py:1858} INFO - Created Permission View: can edit on DAG:example_short_circuit_operator
[2024-08-07T00:00:42.090-0300] {logging_mixin.py:188} INFO - [2024-08-07T00:00:42.090-0300] {override.py:1858} INFO - Created Permission View: can read on DAG:example_short_circuit_operator
[2024-08-07T00:00:42.091-0300] {logging_mixin.py:188} INFO - [2024-08-07T00:00:42.091-0300] {dag.py:3089} INFO - Sync 1 DAGs
[2024-08-07T00:00:42.099-0300] {logging_mixin.py:188} INFO - [2024-08-07T00:00:42.098-0300] {dag.py:3111} INFO - Creating ORM DAG for example_short_circuit_operator
[2024-08-07T00:00:42.105-0300] {logging_mixin.py:188} INFO - [2024-08-07T00:00:42.105-0300] {dag.py:3947} INFO - Setting next_dagrun for example_short_circuit_operator to 2024-08-06 00:00:00+00:00, run_after=2024-08-07 00:00:00+00:00
[2024-08-07T00:00:42.119-0300] {processor.py:183} INFO - Processing /home/wilamy/PARA/1_projetos/Data_Lake_Football/Data_Lake_Football_Airflow/venv_airflow_data_lake/lib/python3.10/site-packages/airflow/example_dags/example_short_circuit_operator.py took 0.142 seconds
[2024-08-07T00:01:39.080-0300] {processor.py:161} INFO - Started process (PID=11070) to work on /home/wilamy/PARA/1_projetos/Data_Lake_Football/Data_Lake_Football_Airflow/venv_airflow_data_lake/lib/python3.10/site-packages/airflow/example_dags/example_short_circuit_operator.py
[2024-08-07T00:01:39.084-0300] {processor.py:830} INFO - Processing file /home/wilamy/PARA/1_projetos/Data_Lake_Football/Data_Lake_Football_Airflow/venv_airflow_data_lake/lib/python3.10/site-packages/airflow/example_dags/example_short_circuit_operator.py for tasks to queue
[2024-08-07T00:01:39.086-0300] {logging_mixin.py:188} INFO - [2024-08-07T00:01:39.085-0300] {dagbag.py:545} INFO - Filling up the DagBag from /home/wilamy/PARA/1_projetos/Data_Lake_Football/Data_Lake_Football_Airflow/venv_airflow_data_lake/lib/python3.10/site-packages/airflow/example_dags/example_short_circuit_operator.py
[2024-08-07T00:01:39.094-0300] {processor.py:840} INFO - DAG(s) 'example_short_circuit_operator' retrieved from /home/wilamy/PARA/1_projetos/Data_Lake_Football/Data_Lake_Football_Airflow/venv_airflow_data_lake/lib/python3.10/site-packages/airflow/example_dags/example_short_circuit_operator.py
[2024-08-07T00:01:39.111-0300] {logging_mixin.py:188} INFO - [2024-08-07T00:01:39.111-0300] {dag.py:3089} INFO - Sync 1 DAGs
[2024-08-07T00:01:39.128-0300] {logging_mixin.py:188} INFO - [2024-08-07T00:01:39.127-0300] {dag.py:3947} INFO - Setting next_dagrun for example_short_circuit_operator to 2024-08-06 00:00:00+00:00, run_after=2024-08-07 00:00:00+00:00
[2024-08-07T00:01:39.144-0300] {processor.py:183} INFO - Processing /home/wilamy/PARA/1_projetos/Data_Lake_Football/Data_Lake_Football_Airflow/venv_airflow_data_lake/lib/python3.10/site-packages/airflow/example_dags/example_short_circuit_operator.py took 0.071 seconds
[2024-08-07T00:02:25.724-0300] {processor.py:161} INFO - Started process (PID=11748) to work on /home/wilamy/PARA/1_projetos/Data_Lake_Football/Data_Lake_Football_Airflow/venv_airflow_data_lake/lib/python3.10/site-packages/airflow/example_dags/example_short_circuit_operator.py
[2024-08-07T00:02:25.729-0300] {processor.py:830} INFO - Processing file /home/wilamy/PARA/1_projetos/Data_Lake_Football/Data_Lake_Football_Airflow/venv_airflow_data_lake/lib/python3.10/site-packages/airflow/example_dags/example_short_circuit_operator.py for tasks to queue
[2024-08-07T00:02:25.734-0300] {logging_mixin.py:188} INFO - [2024-08-07T00:02:25.733-0300] {dagbag.py:545} INFO - Filling up the DagBag from /home/wilamy/PARA/1_projetos/Data_Lake_Football/Data_Lake_Football_Airflow/venv_airflow_data_lake/lib/python3.10/site-packages/airflow/example_dags/example_short_circuit_operator.py
[2024-08-07T00:02:25.747-0300] {processor.py:840} INFO - DAG(s) 'example_short_circuit_operator' retrieved from /home/wilamy/PARA/1_projetos/Data_Lake_Football/Data_Lake_Football_Airflow/venv_airflow_data_lake/lib/python3.10/site-packages/airflow/example_dags/example_short_circuit_operator.py
[2024-08-07T00:02:25.764-0300] {logging_mixin.py:188} INFO - [2024-08-07T00:02:25.764-0300] {dag.py:3089} INFO - Sync 1 DAGs
[2024-08-07T00:02:25.778-0300] {logging_mixin.py:188} INFO - [2024-08-07T00:02:25.778-0300] {dag.py:3947} INFO - Setting next_dagrun for example_short_circuit_operator to 2024-08-06 00:00:00+00:00, run_after=2024-08-07 00:00:00+00:00
[2024-08-07T00:02:25.794-0300] {processor.py:183} INFO - Processing /home/wilamy/PARA/1_projetos/Data_Lake_Football/Data_Lake_Football_Airflow/venv_airflow_data_lake/lib/python3.10/site-packages/airflow/example_dags/example_short_circuit_operator.py took 0.086 seconds
[2024-08-07T00:03:06.121-0300] {processor.py:161} INFO - Started process (PID=11996) to work on /home/wilamy/PARA/1_projetos/Data_Lake_Football/Data_Lake_Football_Airflow/venv_airflow_data_lake/lib/python3.10/site-packages/airflow/example_dags/example_short_circuit_operator.py
[2024-08-07T00:03:06.126-0300] {processor.py:830} INFO - Processing file /home/wilamy/PARA/1_projetos/Data_Lake_Football/Data_Lake_Football_Airflow/venv_airflow_data_lake/lib/python3.10/site-packages/airflow/example_dags/example_short_circuit_operator.py for tasks to queue
[2024-08-07T00:03:06.130-0300] {logging_mixin.py:188} INFO - [2024-08-07T00:03:06.129-0300] {dagbag.py:545} INFO - Filling up the DagBag from /home/wilamy/PARA/1_projetos/Data_Lake_Football/Data_Lake_Football_Airflow/venv_airflow_data_lake/lib/python3.10/site-packages/airflow/example_dags/example_short_circuit_operator.py
[2024-08-07T00:03:06.140-0300] {processor.py:840} INFO - DAG(s) 'example_short_circuit_operator' retrieved from /home/wilamy/PARA/1_projetos/Data_Lake_Football/Data_Lake_Football_Airflow/venv_airflow_data_lake/lib/python3.10/site-packages/airflow/example_dags/example_short_circuit_operator.py
[2024-08-07T00:03:06.157-0300] {logging_mixin.py:188} INFO - [2024-08-07T00:03:06.157-0300] {dag.py:3089} INFO - Sync 1 DAGs
[2024-08-07T00:03:06.249-0300] {logging_mixin.py:188} INFO - [2024-08-07T00:03:06.249-0300] {dag.py:3947} INFO - Setting next_dagrun for example_short_circuit_operator to 2024-08-06 00:00:00+00:00, run_after=2024-08-07 00:00:00+00:00
[2024-08-07T00:03:06.268-0300] {processor.py:183} INFO - Processing /home/wilamy/PARA/1_projetos/Data_Lake_Football/Data_Lake_Football_Airflow/venv_airflow_data_lake/lib/python3.10/site-packages/airflow/example_dags/example_short_circuit_operator.py took 0.164 seconds
[2024-08-07T00:03:53.009-0300] {processor.py:161} INFO - Started process (PID=12241) to work on /home/wilamy/PARA/1_projetos/Data_Lake_Football/Data_Lake_Football_Airflow/venv_airflow_data_lake/lib/python3.10/site-packages/airflow/example_dags/example_short_circuit_operator.py
[2024-08-07T00:03:53.013-0300] {processor.py:830} INFO - Processing file /home/wilamy/PARA/1_projetos/Data_Lake_Football/Data_Lake_Football_Airflow/venv_airflow_data_lake/lib/python3.10/site-packages/airflow/example_dags/example_short_circuit_operator.py for tasks to queue
[2024-08-07T00:03:53.014-0300] {logging_mixin.py:188} INFO - [2024-08-07T00:03:53.014-0300] {dagbag.py:545} INFO - Filling up the DagBag from /home/wilamy/PARA/1_projetos/Data_Lake_Football/Data_Lake_Football_Airflow/venv_airflow_data_lake/lib/python3.10/site-packages/airflow/example_dags/example_short_circuit_operator.py
[2024-08-07T00:03:53.021-0300] {processor.py:840} INFO - DAG(s) 'example_short_circuit_operator' retrieved from /home/wilamy/PARA/1_projetos/Data_Lake_Football/Data_Lake_Football_Airflow/venv_airflow_data_lake/lib/python3.10/site-packages/airflow/example_dags/example_short_circuit_operator.py
[2024-08-07T00:03:53.040-0300] {logging_mixin.py:188} INFO - [2024-08-07T00:03:53.039-0300] {dag.py:3089} INFO - Sync 1 DAGs
[2024-08-07T00:03:53.055-0300] {logging_mixin.py:188} INFO - [2024-08-07T00:03:53.055-0300] {dag.py:3947} INFO - Setting next_dagrun for example_short_circuit_operator to 2024-08-06 00:00:00+00:00, run_after=2024-08-07 00:00:00+00:00
[2024-08-07T00:03:53.071-0300] {processor.py:183} INFO - Processing /home/wilamy/PARA/1_projetos/Data_Lake_Football/Data_Lake_Football_Airflow/venv_airflow_data_lake/lib/python3.10/site-packages/airflow/example_dags/example_short_circuit_operator.py took 0.068 seconds
