[2024-08-07T00:01:08.806-0300] {processor.py:161} INFO - Started process (PID=10911) to work on /home/wilamy/PARA/1_projetos/Data_Lake_Football/Data_Lake_Football_Airflow/venv_airflow_data_lake/lib/python3.10/site-packages/airflow/example_dags/example_latest_only.py
[2024-08-07T00:01:08.807-0300] {processor.py:830} INFO - Processing file /home/wilamy/PARA/1_projetos/Data_Lake_Football/Data_Lake_Football_Airflow/venv_airflow_data_lake/lib/python3.10/site-packages/airflow/example_dags/example_latest_only.py for tasks to queue
[2024-08-07T00:01:08.808-0300] {logging_mixin.py:188} INFO - [2024-08-07T00:01:08.808-0300] {dagbag.py:545} INFO - Filling up the DagBag from /home/wilamy/PARA/1_projetos/Data_Lake_Football/Data_Lake_Football_Airflow/venv_airflow_data_lake/lib/python3.10/site-packages/airflow/example_dags/example_latest_only.py
[2024-08-07T00:01:08.813-0300] {processor.py:840} INFO - DAG(s) 'latest_only' retrieved from /home/wilamy/PARA/1_projetos/Data_Lake_Football/Data_Lake_Football_Airflow/venv_airflow_data_lake/lib/python3.10/site-packages/airflow/example_dags/example_latest_only.py
[2024-08-07T00:01:08.896-0300] {logging_mixin.py:188} INFO - [2024-08-07T00:01:08.896-0300] {override.py:1858} INFO - Created Permission View: can delete on DAG:latest_only
[2024-08-07T00:01:08.904-0300] {logging_mixin.py:188} INFO - [2024-08-07T00:01:08.904-0300] {override.py:1858} INFO - Created Permission View: can edit on DAG:latest_only
[2024-08-07T00:01:08.926-0300] {logging_mixin.py:188} INFO - [2024-08-07T00:01:08.926-0300] {override.py:1858} INFO - Created Permission View: can read on DAG:latest_only
[2024-08-07T00:01:08.926-0300] {logging_mixin.py:188} INFO - [2024-08-07T00:01:08.926-0300] {dag.py:3089} INFO - Sync 1 DAGs
[2024-08-07T00:01:08.934-0300] {logging_mixin.py:188} INFO - [2024-08-07T00:01:08.934-0300] {dag.py:3111} INFO - Creating ORM DAG for latest_only
[2024-08-07T00:01:08.940-0300] {logging_mixin.py:188} INFO - [2024-08-07T00:01:08.940-0300] {dag.py:3947} INFO - Setting next_dagrun for latest_only to 2024-08-06 20:00:00+00:00, run_after=2024-08-07 00:00:00+00:00
[2024-08-07T00:01:08.953-0300] {processor.py:183} INFO - Processing /home/wilamy/PARA/1_projetos/Data_Lake_Football/Data_Lake_Football_Airflow/venv_airflow_data_lake/lib/python3.10/site-packages/airflow/example_dags/example_latest_only.py took 0.153 seconds
[2024-08-07T00:02:02.654-0300] {processor.py:161} INFO - Started process (PID=11190) to work on /home/wilamy/PARA/1_projetos/Data_Lake_Football/Data_Lake_Football_Airflow/venv_airflow_data_lake/lib/python3.10/site-packages/airflow/example_dags/example_latest_only.py
[2024-08-07T00:02:02.658-0300] {processor.py:830} INFO - Processing file /home/wilamy/PARA/1_projetos/Data_Lake_Football/Data_Lake_Football_Airflow/venv_airflow_data_lake/lib/python3.10/site-packages/airflow/example_dags/example_latest_only.py for tasks to queue
[2024-08-07T00:02:02.660-0300] {logging_mixin.py:188} INFO - [2024-08-07T00:02:02.660-0300] {dagbag.py:545} INFO - Filling up the DagBag from /home/wilamy/PARA/1_projetos/Data_Lake_Football/Data_Lake_Football_Airflow/venv_airflow_data_lake/lib/python3.10/site-packages/airflow/example_dags/example_latest_only.py
[2024-08-07T00:02:02.665-0300] {processor.py:840} INFO - DAG(s) 'latest_only' retrieved from /home/wilamy/PARA/1_projetos/Data_Lake_Football/Data_Lake_Football_Airflow/venv_airflow_data_lake/lib/python3.10/site-packages/airflow/example_dags/example_latest_only.py
[2024-08-07T00:02:02.682-0300] {logging_mixin.py:188} INFO - [2024-08-07T00:02:02.682-0300] {dag.py:3089} INFO - Sync 1 DAGs
[2024-08-07T00:02:02.699-0300] {logging_mixin.py:188} INFO - [2024-08-07T00:02:02.699-0300] {dag.py:3947} INFO - Setting next_dagrun for latest_only to 2024-08-06 20:00:00+00:00, run_after=2024-08-07 00:00:00+00:00
[2024-08-07T00:02:02.714-0300] {processor.py:183} INFO - Processing /home/wilamy/PARA/1_projetos/Data_Lake_Football/Data_Lake_Football_Airflow/venv_airflow_data_lake/lib/python3.10/site-packages/airflow/example_dags/example_latest_only.py took 0.067 seconds
[2024-08-07T00:02:50.851-0300] {processor.py:161} INFO - Started process (PID=11923) to work on /home/wilamy/PARA/1_projetos/Data_Lake_Football/Data_Lake_Football_Airflow/venv_airflow_data_lake/lib/python3.10/site-packages/airflow/example_dags/example_latest_only.py
[2024-08-07T00:02:50.855-0300] {processor.py:830} INFO - Processing file /home/wilamy/PARA/1_projetos/Data_Lake_Football/Data_Lake_Football_Airflow/venv_airflow_data_lake/lib/python3.10/site-packages/airflow/example_dags/example_latest_only.py for tasks to queue
[2024-08-07T00:02:50.860-0300] {logging_mixin.py:188} INFO - [2024-08-07T00:02:50.859-0300] {dagbag.py:545} INFO - Filling up the DagBag from /home/wilamy/PARA/1_projetos/Data_Lake_Football/Data_Lake_Football_Airflow/venv_airflow_data_lake/lib/python3.10/site-packages/airflow/example_dags/example_latest_only.py
[2024-08-07T00:02:50.873-0300] {processor.py:840} INFO - DAG(s) 'latest_only' retrieved from /home/wilamy/PARA/1_projetos/Data_Lake_Football/Data_Lake_Football_Airflow/venv_airflow_data_lake/lib/python3.10/site-packages/airflow/example_dags/example_latest_only.py
[2024-08-07T00:02:50.895-0300] {logging_mixin.py:188} INFO - [2024-08-07T00:02:50.895-0300] {dag.py:3089} INFO - Sync 1 DAGs
[2024-08-07T00:02:50.993-0300] {logging_mixin.py:188} INFO - [2024-08-07T00:02:50.992-0300] {dag.py:3947} INFO - Setting next_dagrun for latest_only to 2024-08-06 20:00:00+00:00, run_after=2024-08-07 00:00:00+00:00
[2024-08-07T00:02:51.020-0300] {processor.py:183} INFO - Processing /home/wilamy/PARA/1_projetos/Data_Lake_Football/Data_Lake_Football_Airflow/venv_airflow_data_lake/lib/python3.10/site-packages/airflow/example_dags/example_latest_only.py took 0.175 seconds
[2024-08-07T00:03:40.920-0300] {processor.py:161} INFO - Started process (PID=12172) to work on /home/wilamy/PARA/1_projetos/Data_Lake_Football/Data_Lake_Football_Airflow/venv_airflow_data_lake/lib/python3.10/site-packages/airflow/example_dags/example_latest_only.py
[2024-08-07T00:03:40.924-0300] {processor.py:830} INFO - Processing file /home/wilamy/PARA/1_projetos/Data_Lake_Football/Data_Lake_Football_Airflow/venv_airflow_data_lake/lib/python3.10/site-packages/airflow/example_dags/example_latest_only.py for tasks to queue
[2024-08-07T00:03:40.925-0300] {logging_mixin.py:188} INFO - [2024-08-07T00:03:40.925-0300] {dagbag.py:545} INFO - Filling up the DagBag from /home/wilamy/PARA/1_projetos/Data_Lake_Football/Data_Lake_Football_Airflow/venv_airflow_data_lake/lib/python3.10/site-packages/airflow/example_dags/example_latest_only.py
[2024-08-07T00:03:40.929-0300] {processor.py:840} INFO - DAG(s) 'latest_only' retrieved from /home/wilamy/PARA/1_projetos/Data_Lake_Football/Data_Lake_Football_Airflow/venv_airflow_data_lake/lib/python3.10/site-packages/airflow/example_dags/example_latest_only.py
[2024-08-07T00:03:40.941-0300] {logging_mixin.py:188} INFO - [2024-08-07T00:03:40.941-0300] {dag.py:3089} INFO - Sync 1 DAGs
[2024-08-07T00:03:40.958-0300] {logging_mixin.py:188} INFO - [2024-08-07T00:03:40.958-0300] {dag.py:3947} INFO - Setting next_dagrun for latest_only to 2024-08-06 20:00:00+00:00, run_after=2024-08-07 00:00:00+00:00
[2024-08-07T00:03:40.974-0300] {processor.py:183} INFO - Processing /home/wilamy/PARA/1_projetos/Data_Lake_Football/Data_Lake_Football_Airflow/venv_airflow_data_lake/lib/python3.10/site-packages/airflow/example_dags/example_latest_only.py took 0.059 seconds
