[2024-08-07T00:00:44.507-0300] {processor.py:161} INFO - Started process (PID=10788) to work on /home/wilamy/PARA/1_projetos/Data_Lake_Football/Data_Lake_Football_Airflow/venv_airflow_data_lake/lib/python3.10/site-packages/airflow/example_dags/example_skip_dag.py
[2024-08-07T00:00:44.508-0300] {processor.py:830} INFO - Processing file /home/wilamy/PARA/1_projetos/Data_Lake_Football/Data_Lake_Football_Airflow/venv_airflow_data_lake/lib/python3.10/site-packages/airflow/example_dags/example_skip_dag.py for tasks to queue
[2024-08-07T00:00:44.511-0300] {logging_mixin.py:188} INFO - [2024-08-07T00:00:44.510-0300] {dagbag.py:545} INFO - Filling up the DagBag from /home/wilamy/PARA/1_projetos/Data_Lake_Football/Data_Lake_Football_Airflow/venv_airflow_data_lake/lib/python3.10/site-packages/airflow/example_dags/example_skip_dag.py
[2024-08-07T00:00:44.525-0300] {processor.py:840} INFO - DAG(s) 'example_skip_dag' retrieved from /home/wilamy/PARA/1_projetos/Data_Lake_Football/Data_Lake_Football_Airflow/venv_airflow_data_lake/lib/python3.10/site-packages/airflow/example_dags/example_skip_dag.py
[2024-08-07T00:00:44.605-0300] {logging_mixin.py:188} INFO - [2024-08-07T00:00:44.604-0300] {override.py:1858} INFO - Created Permission View: can delete on DAG:example_skip_dag
[2024-08-07T00:00:44.614-0300] {logging_mixin.py:188} INFO - [2024-08-07T00:00:44.613-0300] {override.py:1858} INFO - Created Permission View: can edit on DAG:example_skip_dag
[2024-08-07T00:00:44.627-0300] {logging_mixin.py:188} INFO - [2024-08-07T00:00:44.626-0300] {override.py:1858} INFO - Created Permission View: can read on DAG:example_skip_dag
[2024-08-07T00:00:44.627-0300] {logging_mixin.py:188} INFO - [2024-08-07T00:00:44.627-0300] {dag.py:3089} INFO - Sync 1 DAGs
[2024-08-07T00:00:44.638-0300] {logging_mixin.py:188} INFO - [2024-08-07T00:00:44.638-0300] {dag.py:3111} INFO - Creating ORM DAG for example_skip_dag
[2024-08-07T00:00:44.646-0300] {logging_mixin.py:188} INFO - [2024-08-07T00:00:44.646-0300] {dag.py:3947} INFO - Setting next_dagrun for example_skip_dag to 2024-08-06 00:00:00+00:00, run_after=2024-08-07 00:00:00+00:00
[2024-08-07T00:00:44.660-0300] {processor.py:183} INFO - Processing /home/wilamy/PARA/1_projetos/Data_Lake_Football/Data_Lake_Football_Airflow/venv_airflow_data_lake/lib/python3.10/site-packages/airflow/example_dags/example_skip_dag.py took 0.169 seconds
[2024-08-07T00:01:41.391-0300] {processor.py:161} INFO - Started process (PID=11082) to work on /home/wilamy/PARA/1_projetos/Data_Lake_Football/Data_Lake_Football_Airflow/venv_airflow_data_lake/lib/python3.10/site-packages/airflow/example_dags/example_skip_dag.py
[2024-08-07T00:01:41.397-0300] {processor.py:830} INFO - Processing file /home/wilamy/PARA/1_projetos/Data_Lake_Football/Data_Lake_Football_Airflow/venv_airflow_data_lake/lib/python3.10/site-packages/airflow/example_dags/example_skip_dag.py for tasks to queue
[2024-08-07T00:01:41.401-0300] {logging_mixin.py:188} INFO - [2024-08-07T00:01:41.400-0300] {dagbag.py:545} INFO - Filling up the DagBag from /home/wilamy/PARA/1_projetos/Data_Lake_Football/Data_Lake_Football_Airflow/venv_airflow_data_lake/lib/python3.10/site-packages/airflow/example_dags/example_skip_dag.py
[2024-08-07T00:01:41.412-0300] {processor.py:840} INFO - DAG(s) 'example_skip_dag' retrieved from /home/wilamy/PARA/1_projetos/Data_Lake_Football/Data_Lake_Football_Airflow/venv_airflow_data_lake/lib/python3.10/site-packages/airflow/example_dags/example_skip_dag.py
[2024-08-07T00:01:41.428-0300] {logging_mixin.py:188} INFO - [2024-08-07T00:01:41.428-0300] {dag.py:3089} INFO - Sync 1 DAGs
[2024-08-07T00:01:41.443-0300] {logging_mixin.py:188} INFO - [2024-08-07T00:01:41.443-0300] {dag.py:3947} INFO - Setting next_dagrun for example_skip_dag to 2024-08-06 00:00:00+00:00, run_after=2024-08-07 00:00:00+00:00
[2024-08-07T00:01:41.458-0300] {processor.py:183} INFO - Processing /home/wilamy/PARA/1_projetos/Data_Lake_Football/Data_Lake_Football_Airflow/venv_airflow_data_lake/lib/python3.10/site-packages/airflow/example_dags/example_skip_dag.py took 0.084 seconds
[2024-08-07T00:02:27.266-0300] {processor.py:161} INFO - Started process (PID=11751) to work on /home/wilamy/PARA/1_projetos/Data_Lake_Football/Data_Lake_Football_Airflow/venv_airflow_data_lake/lib/python3.10/site-packages/airflow/example_dags/example_skip_dag.py
[2024-08-07T00:02:27.270-0300] {processor.py:830} INFO - Processing file /home/wilamy/PARA/1_projetos/Data_Lake_Football/Data_Lake_Football_Airflow/venv_airflow_data_lake/lib/python3.10/site-packages/airflow/example_dags/example_skip_dag.py for tasks to queue
[2024-08-07T00:02:27.272-0300] {logging_mixin.py:188} INFO - [2024-08-07T00:02:27.272-0300] {dagbag.py:545} INFO - Filling up the DagBag from /home/wilamy/PARA/1_projetos/Data_Lake_Football/Data_Lake_Football_Airflow/venv_airflow_data_lake/lib/python3.10/site-packages/airflow/example_dags/example_skip_dag.py
[2024-08-07T00:02:27.280-0300] {processor.py:840} INFO - DAG(s) 'example_skip_dag' retrieved from /home/wilamy/PARA/1_projetos/Data_Lake_Football/Data_Lake_Football_Airflow/venv_airflow_data_lake/lib/python3.10/site-packages/airflow/example_dags/example_skip_dag.py
[2024-08-07T00:02:27.298-0300] {logging_mixin.py:188} INFO - [2024-08-07T00:02:27.298-0300] {dag.py:3089} INFO - Sync 1 DAGs
[2024-08-07T00:02:27.314-0300] {logging_mixin.py:188} INFO - [2024-08-07T00:02:27.314-0300] {dag.py:3947} INFO - Setting next_dagrun for example_skip_dag to 2024-08-06 00:00:00+00:00, run_after=2024-08-07 00:00:00+00:00
[2024-08-07T00:02:27.329-0300] {processor.py:183} INFO - Processing /home/wilamy/PARA/1_projetos/Data_Lake_Football/Data_Lake_Football_Airflow/venv_airflow_data_lake/lib/python3.10/site-packages/airflow/example_dags/example_skip_dag.py took 0.068 seconds
[2024-08-07T00:03:08.154-0300] {processor.py:161} INFO - Started process (PID=12006) to work on /home/wilamy/PARA/1_projetos/Data_Lake_Football/Data_Lake_Football_Airflow/venv_airflow_data_lake/lib/python3.10/site-packages/airflow/example_dags/example_skip_dag.py
[2024-08-07T00:03:08.159-0300] {processor.py:830} INFO - Processing file /home/wilamy/PARA/1_projetos/Data_Lake_Football/Data_Lake_Football_Airflow/venv_airflow_data_lake/lib/python3.10/site-packages/airflow/example_dags/example_skip_dag.py for tasks to queue
[2024-08-07T00:03:08.161-0300] {logging_mixin.py:188} INFO - [2024-08-07T00:03:08.161-0300] {dagbag.py:545} INFO - Filling up the DagBag from /home/wilamy/PARA/1_projetos/Data_Lake_Football/Data_Lake_Football_Airflow/venv_airflow_data_lake/lib/python3.10/site-packages/airflow/example_dags/example_skip_dag.py
[2024-08-07T00:03:08.169-0300] {processor.py:840} INFO - DAG(s) 'example_skip_dag' retrieved from /home/wilamy/PARA/1_projetos/Data_Lake_Football/Data_Lake_Football_Airflow/venv_airflow_data_lake/lib/python3.10/site-packages/airflow/example_dags/example_skip_dag.py
[2024-08-07T00:03:08.187-0300] {logging_mixin.py:188} INFO - [2024-08-07T00:03:08.186-0300] {dag.py:3089} INFO - Sync 1 DAGs
[2024-08-07T00:03:08.291-0300] {logging_mixin.py:188} INFO - [2024-08-07T00:03:08.290-0300] {dag.py:3947} INFO - Setting next_dagrun for example_skip_dag to 2024-08-06 00:00:00+00:00, run_after=2024-08-07 00:00:00+00:00
[2024-08-07T00:03:08.311-0300] {processor.py:183} INFO - Processing /home/wilamy/PARA/1_projetos/Data_Lake_Football/Data_Lake_Football_Airflow/venv_airflow_data_lake/lib/python3.10/site-packages/airflow/example_dags/example_skip_dag.py took 0.164 seconds
[2024-08-07T00:03:55.304-0300] {processor.py:161} INFO - Started process (PID=12255) to work on /home/wilamy/PARA/1_projetos/Data_Lake_Football/Data_Lake_Football_Airflow/venv_airflow_data_lake/lib/python3.10/site-packages/airflow/example_dags/example_skip_dag.py
[2024-08-07T00:03:55.305-0300] {processor.py:830} INFO - Processing file /home/wilamy/PARA/1_projetos/Data_Lake_Football/Data_Lake_Football_Airflow/venv_airflow_data_lake/lib/python3.10/site-packages/airflow/example_dags/example_skip_dag.py for tasks to queue
[2024-08-07T00:03:55.307-0300] {logging_mixin.py:188} INFO - [2024-08-07T00:03:55.306-0300] {dagbag.py:545} INFO - Filling up the DagBag from /home/wilamy/PARA/1_projetos/Data_Lake_Football/Data_Lake_Football_Airflow/venv_airflow_data_lake/lib/python3.10/site-packages/airflow/example_dags/example_skip_dag.py
[2024-08-07T00:03:55.315-0300] {processor.py:840} INFO - DAG(s) 'example_skip_dag' retrieved from /home/wilamy/PARA/1_projetos/Data_Lake_Football/Data_Lake_Football_Airflow/venv_airflow_data_lake/lib/python3.10/site-packages/airflow/example_dags/example_skip_dag.py
[2024-08-07T00:03:55.332-0300] {logging_mixin.py:188} INFO - [2024-08-07T00:03:55.332-0300] {dag.py:3089} INFO - Sync 1 DAGs
[2024-08-07T00:03:55.348-0300] {logging_mixin.py:188} INFO - [2024-08-07T00:03:55.348-0300] {dag.py:3947} INFO - Setting next_dagrun for example_skip_dag to 2024-08-06 00:00:00+00:00, run_after=2024-08-07 00:00:00+00:00
[2024-08-07T00:03:55.365-0300] {processor.py:183} INFO - Processing /home/wilamy/PARA/1_projetos/Data_Lake_Football/Data_Lake_Football_Airflow/venv_airflow_data_lake/lib/python3.10/site-packages/airflow/example_dags/example_skip_dag.py took 0.068 seconds
