[2024-08-07T00:01:19.378-0300] {processor.py:161} INFO - Started process (PID=10962) to work on /home/wilamy/PARA/1_projetos/Data_Lake_Football/Data_Lake_Football_Airflow/venv_airflow_data_lake/lib/python3.10/site-packages/airflow/example_dags/example_nested_branch_dag.py
[2024-08-07T00:01:19.379-0300] {processor.py:830} INFO - Processing file /home/wilamy/PARA/1_projetos/Data_Lake_Football/Data_Lake_Football_Airflow/venv_airflow_data_lake/lib/python3.10/site-packages/airflow/example_dags/example_nested_branch_dag.py for tasks to queue
[2024-08-07T00:01:19.381-0300] {logging_mixin.py:188} INFO - [2024-08-07T00:01:19.381-0300] {dagbag.py:545} INFO - Filling up the DagBag from /home/wilamy/PARA/1_projetos/Data_Lake_Football/Data_Lake_Football_Airflow/venv_airflow_data_lake/lib/python3.10/site-packages/airflow/example_dags/example_nested_branch_dag.py
[2024-08-07T00:01:19.396-0300] {processor.py:840} INFO - DAG(s) 'example_nested_branch_dag' retrieved from /home/wilamy/PARA/1_projetos/Data_Lake_Football/Data_Lake_Football_Airflow/venv_airflow_data_lake/lib/python3.10/site-packages/airflow/example_dags/example_nested_branch_dag.py
[2024-08-07T00:01:19.473-0300] {logging_mixin.py:188} INFO - [2024-08-07T00:01:19.472-0300] {override.py:1858} INFO - Created Permission View: can delete on DAG:example_nested_branch_dag
[2024-08-07T00:01:19.479-0300] {logging_mixin.py:188} INFO - [2024-08-07T00:01:19.479-0300] {override.py:1858} INFO - Created Permission View: can edit on DAG:example_nested_branch_dag
[2024-08-07T00:01:19.528-0300] {logging_mixin.py:188} INFO - [2024-08-07T00:01:19.528-0300] {override.py:1858} INFO - Created Permission View: can read on DAG:example_nested_branch_dag
[2024-08-07T00:01:19.529-0300] {logging_mixin.py:188} INFO - [2024-08-07T00:01:19.529-0300] {dag.py:3089} INFO - Sync 1 DAGs
[2024-08-07T00:01:19.539-0300] {logging_mixin.py:188} INFO - [2024-08-07T00:01:19.539-0300] {dag.py:3111} INFO - Creating ORM DAG for example_nested_branch_dag
[2024-08-07T00:01:19.549-0300] {logging_mixin.py:188} INFO - [2024-08-07T00:01:19.549-0300] {dag.py:3947} INFO - Setting next_dagrun for example_nested_branch_dag to 2024-08-06 00:00:00+00:00, run_after=2024-08-07 00:00:00+00:00
[2024-08-07T00:01:19.567-0300] {processor.py:183} INFO - Processing /home/wilamy/PARA/1_projetos/Data_Lake_Football/Data_Lake_Football_Airflow/venv_airflow_data_lake/lib/python3.10/site-packages/airflow/example_dags/example_nested_branch_dag.py took 0.197 seconds
[2024-08-07T00:02:11.374-0300] {processor.py:161} INFO - Started process (PID=11256) to work on /home/wilamy/PARA/1_projetos/Data_Lake_Football/Data_Lake_Football_Airflow/venv_airflow_data_lake/lib/python3.10/site-packages/airflow/example_dags/example_nested_branch_dag.py
[2024-08-07T00:02:11.375-0300] {processor.py:830} INFO - Processing file /home/wilamy/PARA/1_projetos/Data_Lake_Football/Data_Lake_Football_Airflow/venv_airflow_data_lake/lib/python3.10/site-packages/airflow/example_dags/example_nested_branch_dag.py for tasks to queue
[2024-08-07T00:02:11.377-0300] {logging_mixin.py:188} INFO - [2024-08-07T00:02:11.376-0300] {dagbag.py:545} INFO - Filling up the DagBag from /home/wilamy/PARA/1_projetos/Data_Lake_Football/Data_Lake_Football_Airflow/venv_airflow_data_lake/lib/python3.10/site-packages/airflow/example_dags/example_nested_branch_dag.py
[2024-08-07T00:02:11.386-0300] {processor.py:840} INFO - DAG(s) 'example_nested_branch_dag' retrieved from /home/wilamy/PARA/1_projetos/Data_Lake_Football/Data_Lake_Football_Airflow/venv_airflow_data_lake/lib/python3.10/site-packages/airflow/example_dags/example_nested_branch_dag.py
[2024-08-07T00:02:11.402-0300] {logging_mixin.py:188} INFO - [2024-08-07T00:02:11.402-0300] {dag.py:3089} INFO - Sync 1 DAGs
[2024-08-07T00:02:11.428-0300] {logging_mixin.py:188} INFO - [2024-08-07T00:02:11.428-0300] {dag.py:3947} INFO - Setting next_dagrun for example_nested_branch_dag to 2024-08-06 00:00:00+00:00, run_after=2024-08-07 00:00:00+00:00
[2024-08-07T00:02:11.449-0300] {processor.py:183} INFO - Processing /home/wilamy/PARA/1_projetos/Data_Lake_Football/Data_Lake_Football_Airflow/venv_airflow_data_lake/lib/python3.10/site-packages/airflow/example_dags/example_nested_branch_dag.py took 0.080 seconds
[2024-08-07T00:03:13.987-0300] {processor.py:161} INFO - Started process (PID=12040) to work on /home/wilamy/PARA/1_projetos/Data_Lake_Football/Data_Lake_Football_Airflow/venv_airflow_data_lake/lib/python3.10/site-packages/airflow/example_dags/example_nested_branch_dag.py
[2024-08-07T00:03:13.991-0300] {processor.py:830} INFO - Processing file /home/wilamy/PARA/1_projetos/Data_Lake_Football/Data_Lake_Football_Airflow/venv_airflow_data_lake/lib/python3.10/site-packages/airflow/example_dags/example_nested_branch_dag.py for tasks to queue
[2024-08-07T00:03:13.994-0300] {logging_mixin.py:188} INFO - [2024-08-07T00:03:13.993-0300] {dagbag.py:545} INFO - Filling up the DagBag from /home/wilamy/PARA/1_projetos/Data_Lake_Football/Data_Lake_Football_Airflow/venv_airflow_data_lake/lib/python3.10/site-packages/airflow/example_dags/example_nested_branch_dag.py
[2024-08-07T00:03:14.007-0300] {processor.py:840} INFO - DAG(s) 'example_nested_branch_dag' retrieved from /home/wilamy/PARA/1_projetos/Data_Lake_Football/Data_Lake_Football_Airflow/venv_airflow_data_lake/lib/python3.10/site-packages/airflow/example_dags/example_nested_branch_dag.py
[2024-08-07T00:03:14.022-0300] {logging_mixin.py:188} INFO - [2024-08-07T00:03:14.022-0300] {dag.py:3089} INFO - Sync 1 DAGs
[2024-08-07T00:03:14.124-0300] {logging_mixin.py:188} INFO - [2024-08-07T00:03:14.124-0300] {dag.py:3947} INFO - Setting next_dagrun for example_nested_branch_dag to 2024-08-06 00:00:00+00:00, run_after=2024-08-07 00:00:00+00:00
[2024-08-07T00:03:14.144-0300] {processor.py:183} INFO - Processing /home/wilamy/PARA/1_projetos/Data_Lake_Football/Data_Lake_Football_Airflow/venv_airflow_data_lake/lib/python3.10/site-packages/airflow/example_dags/example_nested_branch_dag.py took 0.173 seconds
