[2024-08-07T00:01:28.862-0300] {processor.py:161} INFO - Started process (PID=11005) to work on /home/wilamy/PARA/1_projetos/Data_Lake_Football/Data_Lake_Football_Airflow/venv_airflow_data_lake/lib/python3.10/site-packages/airflow/example_dags/example_params_trigger_ui.py
[2024-08-07T00:01:28.863-0300] {processor.py:830} INFO - Processing file /home/wilamy/PARA/1_projetos/Data_Lake_Football/Data_Lake_Football_Airflow/venv_airflow_data_lake/lib/python3.10/site-packages/airflow/example_dags/example_params_trigger_ui.py for tasks to queue
[2024-08-07T00:01:28.866-0300] {logging_mixin.py:188} INFO - [2024-08-07T00:01:28.865-0300] {dagbag.py:545} INFO - Filling up the DagBag from /home/wilamy/PARA/1_projetos/Data_Lake_Football/Data_Lake_Football_Airflow/venv_airflow_data_lake/lib/python3.10/site-packages/airflow/example_dags/example_params_trigger_ui.py
[2024-08-07T00:01:28.882-0300] {processor.py:840} INFO - DAG(s) 'example_params_trigger_ui' retrieved from /home/wilamy/PARA/1_projetos/Data_Lake_Football/Data_Lake_Football_Airflow/venv_airflow_data_lake/lib/python3.10/site-packages/airflow/example_dags/example_params_trigger_ui.py
[2024-08-07T00:01:28.982-0300] {logging_mixin.py:188} INFO - [2024-08-07T00:01:28.981-0300] {override.py:1858} INFO - Created Permission View: can delete on DAG:example_params_trigger_ui
[2024-08-07T00:01:28.995-0300] {logging_mixin.py:188} INFO - [2024-08-07T00:01:28.994-0300] {override.py:1858} INFO - Created Permission View: can edit on DAG:example_params_trigger_ui
[2024-08-07T00:01:29.004-0300] {logging_mixin.py:188} INFO - [2024-08-07T00:01:29.003-0300] {override.py:1858} INFO - Created Permission View: can read on DAG:example_params_trigger_ui
[2024-08-07T00:01:29.004-0300] {logging_mixin.py:188} INFO - [2024-08-07T00:01:29.004-0300] {dag.py:3089} INFO - Sync 1 DAGs
[2024-08-07T00:01:29.093-0300] {logging_mixin.py:188} INFO - [2024-08-07T00:01:29.093-0300] {dag.py:3111} INFO - Creating ORM DAG for example_params_trigger_ui
[2024-08-07T00:01:29.094-0300] {logging_mixin.py:188} INFO - [2024-08-07T00:01:29.094-0300] {dag.py:3947} INFO - Setting next_dagrun for example_params_trigger_ui to None, run_after=None
[2024-08-07T00:01:29.113-0300] {processor.py:183} INFO - Processing /home/wilamy/PARA/1_projetos/Data_Lake_Football/Data_Lake_Football_Airflow/venv_airflow_data_lake/lib/python3.10/site-packages/airflow/example_dags/example_params_trigger_ui.py took 0.261 seconds
[2024-08-07T00:02:34.526-0300] {processor.py:161} INFO - Started process (PID=11797) to work on /home/wilamy/PARA/1_projetos/Data_Lake_Football/Data_Lake_Football_Airflow/venv_airflow_data_lake/lib/python3.10/site-packages/airflow/example_dags/example_params_trigger_ui.py
[2024-08-07T00:02:34.531-0300] {processor.py:830} INFO - Processing file /home/wilamy/PARA/1_projetos/Data_Lake_Football/Data_Lake_Football_Airflow/venv_airflow_data_lake/lib/python3.10/site-packages/airflow/example_dags/example_params_trigger_ui.py for tasks to queue
[2024-08-07T00:02:34.532-0300] {logging_mixin.py:188} INFO - [2024-08-07T00:02:34.532-0300] {dagbag.py:545} INFO - Filling up the DagBag from /home/wilamy/PARA/1_projetos/Data_Lake_Football/Data_Lake_Football_Airflow/venv_airflow_data_lake/lib/python3.10/site-packages/airflow/example_dags/example_params_trigger_ui.py
[2024-08-07T00:02:34.542-0300] {processor.py:840} INFO - DAG(s) 'example_params_trigger_ui' retrieved from /home/wilamy/PARA/1_projetos/Data_Lake_Football/Data_Lake_Football_Airflow/venv_airflow_data_lake/lib/python3.10/site-packages/airflow/example_dags/example_params_trigger_ui.py
[2024-08-07T00:02:34.583-0300] {logging_mixin.py:188} INFO - [2024-08-07T00:02:34.583-0300] {dag.py:3089} INFO - Sync 1 DAGs
[2024-08-07T00:02:34.592-0300] {logging_mixin.py:188} INFO - [2024-08-07T00:02:34.592-0300] {dag.py:3947} INFO - Setting next_dagrun for example_params_trigger_ui to None, run_after=None
[2024-08-07T00:02:34.609-0300] {processor.py:183} INFO - Processing /home/wilamy/PARA/1_projetos/Data_Lake_Football/Data_Lake_Football_Airflow/venv_airflow_data_lake/lib/python3.10/site-packages/airflow/example_dags/example_params_trigger_ui.py took 0.092 seconds
[2024-08-07T00:03:41.554-0300] {processor.py:161} INFO - Started process (PID=12182) to work on /home/wilamy/PARA/1_projetos/Data_Lake_Football/Data_Lake_Football_Airflow/venv_airflow_data_lake/lib/python3.10/site-packages/airflow/example_dags/example_params_trigger_ui.py
[2024-08-07T00:03:41.559-0300] {processor.py:830} INFO - Processing file /home/wilamy/PARA/1_projetos/Data_Lake_Football/Data_Lake_Football_Airflow/venv_airflow_data_lake/lib/python3.10/site-packages/airflow/example_dags/example_params_trigger_ui.py for tasks to queue
[2024-08-07T00:03:41.561-0300] {logging_mixin.py:188} INFO - [2024-08-07T00:03:41.560-0300] {dagbag.py:545} INFO - Filling up the DagBag from /home/wilamy/PARA/1_projetos/Data_Lake_Football/Data_Lake_Football_Airflow/venv_airflow_data_lake/lib/python3.10/site-packages/airflow/example_dags/example_params_trigger_ui.py
[2024-08-07T00:03:41.575-0300] {processor.py:840} INFO - DAG(s) 'example_params_trigger_ui' retrieved from /home/wilamy/PARA/1_projetos/Data_Lake_Football/Data_Lake_Football_Airflow/venv_airflow_data_lake/lib/python3.10/site-packages/airflow/example_dags/example_params_trigger_ui.py
[2024-08-07T00:03:41.614-0300] {logging_mixin.py:188} INFO - [2024-08-07T00:03:41.614-0300] {dag.py:3089} INFO - Sync 1 DAGs
[2024-08-07T00:03:41.623-0300] {logging_mixin.py:188} INFO - [2024-08-07T00:03:41.623-0300] {dag.py:3947} INFO - Setting next_dagrun for example_params_trigger_ui to None, run_after=None
[2024-08-07T00:03:41.640-0300] {processor.py:183} INFO - Processing /home/wilamy/PARA/1_projetos/Data_Lake_Football/Data_Lake_Football_Airflow/venv_airflow_data_lake/lib/python3.10/site-packages/airflow/example_dags/example_params_trigger_ui.py took 0.095 seconds
