[2024-08-07T00:00:40.742-0300] {processor.py:161} INFO - Started process (PID=10758) to work on /home/wilamy/PARA/1_projetos/Data_Lake_Football/Data_Lake_Football_Airflow/venv_airflow_data_lake/lib/python3.10/site-packages/airflow/example_dags/example_sla_dag.py
[2024-08-07T00:00:40.742-0300] {processor.py:830} INFO - Processing file /home/wilamy/PARA/1_projetos/Data_Lake_Football/Data_Lake_Football_Airflow/venv_airflow_data_lake/lib/python3.10/site-packages/airflow/example_dags/example_sla_dag.py for tasks to queue
[2024-08-07T00:00:40.744-0300] {logging_mixin.py:188} INFO - [2024-08-07T00:00:40.743-0300] {dagbag.py:545} INFO - Filling up the DagBag from /home/wilamy/PARA/1_projetos/Data_Lake_Football/Data_Lake_Football_Airflow/venv_airflow_data_lake/lib/python3.10/site-packages/airflow/example_dags/example_sla_dag.py
[2024-08-07T00:00:40.754-0300] {processor.py:840} INFO - DAG(s) 'example_sla_dag' retrieved from /home/wilamy/PARA/1_projetos/Data_Lake_Football/Data_Lake_Football_Airflow/venv_airflow_data_lake/lib/python3.10/site-packages/airflow/example_dags/example_sla_dag.py
[2024-08-07T00:00:40.831-0300] {logging_mixin.py:188} INFO - [2024-08-07T00:00:40.831-0300] {override.py:1858} INFO - Created Permission View: can delete on DAG:example_sla_dag
[2024-08-07T00:00:40.839-0300] {logging_mixin.py:188} INFO - [2024-08-07T00:00:40.838-0300] {override.py:1858} INFO - Created Permission View: can edit on DAG:example_sla_dag
[2024-08-07T00:00:40.844-0300] {logging_mixin.py:188} INFO - [2024-08-07T00:00:40.844-0300] {override.py:1858} INFO - Created Permission View: can read on DAG:example_sla_dag
[2024-08-07T00:00:40.844-0300] {logging_mixin.py:188} INFO - [2024-08-07T00:00:40.844-0300] {dag.py:3089} INFO - Sync 1 DAGs
[2024-08-07T00:00:40.852-0300] {logging_mixin.py:188} INFO - [2024-08-07T00:00:40.852-0300] {dag.py:3111} INFO - Creating ORM DAG for example_sla_dag
[2024-08-07T00:00:40.860-0300] {logging_mixin.py:188} INFO - [2024-08-07T00:00:40.860-0300] {dag.py:3947} INFO - Setting next_dagrun for example_sla_dag to 2024-08-07 02:58:00+00:00, run_after=2024-08-07 03:00:00+00:00
[2024-08-07T00:00:40.872-0300] {processor.py:183} INFO - Processing /home/wilamy/PARA/1_projetos/Data_Lake_Football/Data_Lake_Football_Airflow/venv_airflow_data_lake/lib/python3.10/site-packages/airflow/example_dags/example_sla_dag.py took 0.136 seconds
[2024-08-07T00:01:37.933-0300] {processor.py:161} INFO - Started process (PID=11058) to work on /home/wilamy/PARA/1_projetos/Data_Lake_Football/Data_Lake_Football_Airflow/venv_airflow_data_lake/lib/python3.10/site-packages/airflow/example_dags/example_sla_dag.py
[2024-08-07T00:01:37.937-0300] {processor.py:830} INFO - Processing file /home/wilamy/PARA/1_projetos/Data_Lake_Football/Data_Lake_Football_Airflow/venv_airflow_data_lake/lib/python3.10/site-packages/airflow/example_dags/example_sla_dag.py for tasks to queue
[2024-08-07T00:01:37.938-0300] {logging_mixin.py:188} INFO - [2024-08-07T00:01:37.938-0300] {dagbag.py:545} INFO - Filling up the DagBag from /home/wilamy/PARA/1_projetos/Data_Lake_Football/Data_Lake_Football_Airflow/venv_airflow_data_lake/lib/python3.10/site-packages/airflow/example_dags/example_sla_dag.py
[2024-08-07T00:01:37.946-0300] {processor.py:840} INFO - DAG(s) 'example_sla_dag' retrieved from /home/wilamy/PARA/1_projetos/Data_Lake_Football/Data_Lake_Football_Airflow/venv_airflow_data_lake/lib/python3.10/site-packages/airflow/example_dags/example_sla_dag.py
[2024-08-07T00:01:37.958-0300] {logging_mixin.py:188} INFO - [2024-08-07T00:01:37.957-0300] {dag.py:3089} INFO - Sync 1 DAGs
[2024-08-07T00:01:37.975-0300] {logging_mixin.py:188} INFO - [2024-08-07T00:01:37.975-0300] {dag.py:3947} INFO - Setting next_dagrun for example_sla_dag to 2024-08-07 02:58:00+00:00, run_after=2024-08-07 03:00:00+00:00
[2024-08-07T00:01:37.991-0300] {processor.py:183} INFO - Processing /home/wilamy/PARA/1_projetos/Data_Lake_Football/Data_Lake_Football_Airflow/venv_airflow_data_lake/lib/python3.10/site-packages/airflow/example_dags/example_sla_dag.py took 0.066 seconds
[2024-08-07T00:02:24.557-0300] {processor.py:161} INFO - Started process (PID=11739) to work on /home/wilamy/PARA/1_projetos/Data_Lake_Football/Data_Lake_Football_Airflow/venv_airflow_data_lake/lib/python3.10/site-packages/airflow/example_dags/example_sla_dag.py
[2024-08-07T00:02:24.558-0300] {processor.py:830} INFO - Processing file /home/wilamy/PARA/1_projetos/Data_Lake_Football/Data_Lake_Football_Airflow/venv_airflow_data_lake/lib/python3.10/site-packages/airflow/example_dags/example_sla_dag.py for tasks to queue
[2024-08-07T00:02:24.559-0300] {logging_mixin.py:188} INFO - [2024-08-07T00:02:24.559-0300] {dagbag.py:545} INFO - Filling up the DagBag from /home/wilamy/PARA/1_projetos/Data_Lake_Football/Data_Lake_Football_Airflow/venv_airflow_data_lake/lib/python3.10/site-packages/airflow/example_dags/example_sla_dag.py
[2024-08-07T00:02:24.569-0300] {processor.py:840} INFO - DAG(s) 'example_sla_dag' retrieved from /home/wilamy/PARA/1_projetos/Data_Lake_Football/Data_Lake_Football_Airflow/venv_airflow_data_lake/lib/python3.10/site-packages/airflow/example_dags/example_sla_dag.py
[2024-08-07T00:02:24.584-0300] {logging_mixin.py:188} INFO - [2024-08-07T00:02:24.583-0300] {dag.py:3089} INFO - Sync 1 DAGs
[2024-08-07T00:02:24.603-0300] {logging_mixin.py:188} INFO - [2024-08-07T00:02:24.602-0300] {dag.py:3947} INFO - Setting next_dagrun for example_sla_dag to 2024-08-07 03:00:00+00:00, run_after=2024-08-07 03:02:00+00:00
[2024-08-07T00:02:24.618-0300] {processor.py:183} INFO - Processing /home/wilamy/PARA/1_projetos/Data_Lake_Football/Data_Lake_Football_Airflow/venv_airflow_data_lake/lib/python3.10/site-packages/airflow/example_dags/example_sla_dag.py took 0.067 seconds
[2024-08-07T00:03:04.911-0300] {processor.py:161} INFO - Started process (PID=11995) to work on /home/wilamy/PARA/1_projetos/Data_Lake_Football/Data_Lake_Football_Airflow/venv_airflow_data_lake/lib/python3.10/site-packages/airflow/example_dags/example_sla_dag.py
[2024-08-07T00:03:04.915-0300] {processor.py:830} INFO - Processing file /home/wilamy/PARA/1_projetos/Data_Lake_Football/Data_Lake_Football_Airflow/venv_airflow_data_lake/lib/python3.10/site-packages/airflow/example_dags/example_sla_dag.py for tasks to queue
[2024-08-07T00:03:04.917-0300] {logging_mixin.py:188} INFO - [2024-08-07T00:03:04.916-0300] {dagbag.py:545} INFO - Filling up the DagBag from /home/wilamy/PARA/1_projetos/Data_Lake_Football/Data_Lake_Football_Airflow/venv_airflow_data_lake/lib/python3.10/site-packages/airflow/example_dags/example_sla_dag.py
[2024-08-07T00:03:04.926-0300] {processor.py:840} INFO - DAG(s) 'example_sla_dag' retrieved from /home/wilamy/PARA/1_projetos/Data_Lake_Football/Data_Lake_Football_Airflow/venv_airflow_data_lake/lib/python3.10/site-packages/airflow/example_dags/example_sla_dag.py
[2024-08-07T00:03:04.942-0300] {logging_mixin.py:188} INFO - [2024-08-07T00:03:04.942-0300] {dag.py:3089} INFO - Sync 1 DAGs
[2024-08-07T00:03:05.070-0300] {logging_mixin.py:188} INFO - [2024-08-07T00:03:05.070-0300] {dag.py:3947} INFO - Setting next_dagrun for example_sla_dag to 2024-08-07 03:00:00+00:00, run_after=2024-08-07 03:02:00+00:00
[2024-08-07T00:03:05.091-0300] {processor.py:183} INFO - Processing /home/wilamy/PARA/1_projetos/Data_Lake_Football/Data_Lake_Football_Airflow/venv_airflow_data_lake/lib/python3.10/site-packages/airflow/example_dags/example_sla_dag.py took 0.187 seconds
[2024-08-07T00:03:51.850-0300] {processor.py:161} INFO - Started process (PID=12232) to work on /home/wilamy/PARA/1_projetos/Data_Lake_Football/Data_Lake_Football_Airflow/venv_airflow_data_lake/lib/python3.10/site-packages/airflow/example_dags/example_sla_dag.py
[2024-08-07T00:03:51.854-0300] {processor.py:830} INFO - Processing file /home/wilamy/PARA/1_projetos/Data_Lake_Football/Data_Lake_Football_Airflow/venv_airflow_data_lake/lib/python3.10/site-packages/airflow/example_dags/example_sla_dag.py for tasks to queue
[2024-08-07T00:03:51.856-0300] {logging_mixin.py:188} INFO - [2024-08-07T00:03:51.856-0300] {dagbag.py:545} INFO - Filling up the DagBag from /home/wilamy/PARA/1_projetos/Data_Lake_Football/Data_Lake_Football_Airflow/venv_airflow_data_lake/lib/python3.10/site-packages/airflow/example_dags/example_sla_dag.py
[2024-08-07T00:03:51.866-0300] {processor.py:840} INFO - DAG(s) 'example_sla_dag' retrieved from /home/wilamy/PARA/1_projetos/Data_Lake_Football/Data_Lake_Football_Airflow/venv_airflow_data_lake/lib/python3.10/site-packages/airflow/example_dags/example_sla_dag.py
[2024-08-07T00:03:51.879-0300] {logging_mixin.py:188} INFO - [2024-08-07T00:03:51.879-0300] {dag.py:3089} INFO - Sync 1 DAGs
[2024-08-07T00:03:51.896-0300] {logging_mixin.py:188} INFO - [2024-08-07T00:03:51.895-0300] {dag.py:3947} INFO - Setting next_dagrun for example_sla_dag to 2024-08-07 03:00:00+00:00, run_after=2024-08-07 03:02:00+00:00
[2024-08-07T00:03:51.912-0300] {processor.py:183} INFO - Processing /home/wilamy/PARA/1_projetos/Data_Lake_Football/Data_Lake_Football_Airflow/venv_airflow_data_lake/lib/python3.10/site-packages/airflow/example_dags/example_sla_dag.py took 0.070 seconds
