[2024-08-07T00:01:32.769-0300] {processor.py:161} INFO - Started process (PID=11027) to work on /home/wilamy/PARA/1_projetos/Data_Lake_Football/Data_Lake_Football_Airflow/venv_airflow_data_lake/lib/python3.10/site-packages/airflow/example_dags/example_display_name.py
[2024-08-07T00:01:32.770-0300] {processor.py:830} INFO - Processing file /home/wilamy/PARA/1_projetos/Data_Lake_Football/Data_Lake_Football_Airflow/venv_airflow_data_lake/lib/python3.10/site-packages/airflow/example_dags/example_display_name.py for tasks to queue
[2024-08-07T00:01:32.772-0300] {logging_mixin.py:188} INFO - [2024-08-07T00:01:32.772-0300] {dagbag.py:545} INFO - Filling up the DagBag from /home/wilamy/PARA/1_projetos/Data_Lake_Football/Data_Lake_Football_Airflow/venv_airflow_data_lake/lib/python3.10/site-packages/airflow/example_dags/example_display_name.py
[2024-08-07T00:01:32.780-0300] {processor.py:840} INFO - DAG(s) 'example_display_name' retrieved from /home/wilamy/PARA/1_projetos/Data_Lake_Football/Data_Lake_Football_Airflow/venv_airflow_data_lake/lib/python3.10/site-packages/airflow/example_dags/example_display_name.py
[2024-08-07T00:01:32.873-0300] {logging_mixin.py:188} INFO - [2024-08-07T00:01:32.872-0300] {override.py:1858} INFO - Created Permission View: can delete on DAG:example_display_name
[2024-08-07T00:01:32.885-0300] {logging_mixin.py:188} INFO - [2024-08-07T00:01:32.884-0300] {override.py:1858} INFO - Created Permission View: can edit on DAG:example_display_name
[2024-08-07T00:01:32.892-0300] {logging_mixin.py:188} INFO - [2024-08-07T00:01:32.892-0300] {override.py:1858} INFO - Created Permission View: can read on DAG:example_display_name
[2024-08-07T00:01:32.893-0300] {logging_mixin.py:188} INFO - [2024-08-07T00:01:32.893-0300] {dag.py:3089} INFO - Sync 1 DAGs
[2024-08-07T00:01:32.996-0300] {logging_mixin.py:188} INFO - [2024-08-07T00:01:32.996-0300] {dag.py:3111} INFO - Creating ORM DAG for example_display_name
[2024-08-07T00:01:32.997-0300] {logging_mixin.py:188} INFO - [2024-08-07T00:01:32.997-0300] {dag.py:3947} INFO - Setting next_dagrun for example_display_name to None, run_after=None
[2024-08-07T00:01:33.040-0300] {processor.py:183} INFO - Processing /home/wilamy/PARA/1_projetos/Data_Lake_Football/Data_Lake_Football_Airflow/venv_airflow_data_lake/lib/python3.10/site-packages/airflow/example_dags/example_display_name.py took 0.280 seconds
[2024-08-07T00:02:36.257-0300] {processor.py:161} INFO - Started process (PID=11822) to work on /home/wilamy/PARA/1_projetos/Data_Lake_Football/Data_Lake_Football_Airflow/venv_airflow_data_lake/lib/python3.10/site-packages/airflow/example_dags/example_display_name.py
[2024-08-07T00:02:36.261-0300] {processor.py:830} INFO - Processing file /home/wilamy/PARA/1_projetos/Data_Lake_Football/Data_Lake_Football_Airflow/venv_airflow_data_lake/lib/python3.10/site-packages/airflow/example_dags/example_display_name.py for tasks to queue
[2024-08-07T00:02:36.262-0300] {logging_mixin.py:188} INFO - [2024-08-07T00:02:36.262-0300] {dagbag.py:545} INFO - Filling up the DagBag from /home/wilamy/PARA/1_projetos/Data_Lake_Football/Data_Lake_Football_Airflow/venv_airflow_data_lake/lib/python3.10/site-packages/airflow/example_dags/example_display_name.py
[2024-08-07T00:02:36.267-0300] {processor.py:840} INFO - DAG(s) 'example_display_name' retrieved from /home/wilamy/PARA/1_projetos/Data_Lake_Football/Data_Lake_Football_Airflow/venv_airflow_data_lake/lib/python3.10/site-packages/airflow/example_dags/example_display_name.py
[2024-08-07T00:02:36.281-0300] {logging_mixin.py:188} INFO - [2024-08-07T00:02:36.280-0300] {dag.py:3089} INFO - Sync 1 DAGs
[2024-08-07T00:02:36.292-0300] {logging_mixin.py:188} INFO - [2024-08-07T00:02:36.292-0300] {dag.py:3947} INFO - Setting next_dagrun for example_display_name to None, run_after=None
[2024-08-07T00:02:36.358-0300] {processor.py:183} INFO - Processing /home/wilamy/PARA/1_projetos/Data_Lake_Football/Data_Lake_Football_Airflow/venv_airflow_data_lake/lib/python3.10/site-packages/airflow/example_dags/example_display_name.py took 0.106 seconds
[2024-08-07T00:03:45.114-0300] {processor.py:161} INFO - Started process (PID=12195) to work on /home/wilamy/PARA/1_projetos/Data_Lake_Football/Data_Lake_Football_Airflow/venv_airflow_data_lake/lib/python3.10/site-packages/airflow/example_dags/example_display_name.py
[2024-08-07T00:03:45.120-0300] {processor.py:830} INFO - Processing file /home/wilamy/PARA/1_projetos/Data_Lake_Football/Data_Lake_Football_Airflow/venv_airflow_data_lake/lib/python3.10/site-packages/airflow/example_dags/example_display_name.py for tasks to queue
[2024-08-07T00:03:45.124-0300] {logging_mixin.py:188} INFO - [2024-08-07T00:03:45.123-0300] {dagbag.py:545} INFO - Filling up the DagBag from /home/wilamy/PARA/1_projetos/Data_Lake_Football/Data_Lake_Football_Airflow/venv_airflow_data_lake/lib/python3.10/site-packages/airflow/example_dags/example_display_name.py
[2024-08-07T00:03:45.136-0300] {processor.py:840} INFO - DAG(s) 'example_display_name' retrieved from /home/wilamy/PARA/1_projetos/Data_Lake_Football/Data_Lake_Football_Airflow/venv_airflow_data_lake/lib/python3.10/site-packages/airflow/example_dags/example_display_name.py
[2024-08-07T00:03:45.152-0300] {logging_mixin.py:188} INFO - [2024-08-07T00:03:45.152-0300] {dag.py:3089} INFO - Sync 1 DAGs
[2024-08-07T00:03:45.163-0300] {logging_mixin.py:188} INFO - [2024-08-07T00:03:45.163-0300] {dag.py:3947} INFO - Setting next_dagrun for example_display_name to None, run_after=None
[2024-08-07T00:03:45.179-0300] {processor.py:183} INFO - Processing /home/wilamy/PARA/1_projetos/Data_Lake_Football/Data_Lake_Football_Airflow/venv_airflow_data_lake/lib/python3.10/site-packages/airflow/example_dags/example_display_name.py took 0.082 seconds
