[2024-08-07T00:01:31.411-0300] {processor.py:161} INFO - Started process (PID=11018) to work on /home/wilamy/PARA/1_projetos/Data_Lake_Football/Data_Lake_Football_Airflow/venv_airflow_data_lake/lib/python3.10/site-packages/airflow/example_dags/example_branch_day_of_week_operator.py
[2024-08-07T00:01:31.412-0300] {processor.py:830} INFO - Processing file /home/wilamy/PARA/1_projetos/Data_Lake_Football/Data_Lake_Football_Airflow/venv_airflow_data_lake/lib/python3.10/site-packages/airflow/example_dags/example_branch_day_of_week_operator.py for tasks to queue
[2024-08-07T00:01:31.414-0300] {logging_mixin.py:188} INFO - [2024-08-07T00:01:31.414-0300] {dagbag.py:545} INFO - Filling up the DagBag from /home/wilamy/PARA/1_projetos/Data_Lake_Football/Data_Lake_Football_Airflow/venv_airflow_data_lake/lib/python3.10/site-packages/airflow/example_dags/example_branch_day_of_week_operator.py
[2024-08-07T00:01:31.423-0300] {processor.py:840} INFO - DAG(s) 'example_weekday_branch_operator' retrieved from /home/wilamy/PARA/1_projetos/Data_Lake_Football/Data_Lake_Football_Airflow/venv_airflow_data_lake/lib/python3.10/site-packages/airflow/example_dags/example_branch_day_of_week_operator.py
[2024-08-07T00:01:31.506-0300] {logging_mixin.py:188} INFO - [2024-08-07T00:01:31.506-0300] {override.py:1858} INFO - Created Permission View: can delete on DAG:example_weekday_branch_operator
[2024-08-07T00:01:31.556-0300] {logging_mixin.py:188} INFO - [2024-08-07T00:01:31.556-0300] {override.py:1858} INFO - Created Permission View: can edit on DAG:example_weekday_branch_operator
[2024-08-07T00:01:31.562-0300] {logging_mixin.py:188} INFO - [2024-08-07T00:01:31.562-0300] {override.py:1858} INFO - Created Permission View: can read on DAG:example_weekday_branch_operator
[2024-08-07T00:01:31.562-0300] {logging_mixin.py:188} INFO - [2024-08-07T00:01:31.562-0300] {dag.py:3089} INFO - Sync 1 DAGs
[2024-08-07T00:01:31.653-0300] {logging_mixin.py:188} INFO - [2024-08-07T00:01:31.652-0300] {dag.py:3111} INFO - Creating ORM DAG for example_weekday_branch_operator
[2024-08-07T00:01:31.665-0300] {logging_mixin.py:188} INFO - [2024-08-07T00:01:31.665-0300] {dag.py:3947} INFO - Setting next_dagrun for example_weekday_branch_operator to 2024-08-06 00:00:00+00:00, run_after=2024-08-07 00:00:00+00:00
[2024-08-07T00:01:31.686-0300] {processor.py:183} INFO - Processing /home/wilamy/PARA/1_projetos/Data_Lake_Football/Data_Lake_Football_Airflow/venv_airflow_data_lake/lib/python3.10/site-packages/airflow/example_dags/example_branch_day_of_week_operator.py took 0.283 seconds
[2024-08-07T00:02:35.703-0300] {processor.py:161} INFO - Started process (PID=11802) to work on /home/wilamy/PARA/1_projetos/Data_Lake_Football/Data_Lake_Football_Airflow/venv_airflow_data_lake/lib/python3.10/site-packages/airflow/example_dags/example_branch_day_of_week_operator.py
[2024-08-07T00:02:35.704-0300] {processor.py:830} INFO - Processing file /home/wilamy/PARA/1_projetos/Data_Lake_Football/Data_Lake_Football_Airflow/venv_airflow_data_lake/lib/python3.10/site-packages/airflow/example_dags/example_branch_day_of_week_operator.py for tasks to queue
[2024-08-07T00:02:35.705-0300] {logging_mixin.py:188} INFO - [2024-08-07T00:02:35.705-0300] {dagbag.py:545} INFO - Filling up the DagBag from /home/wilamy/PARA/1_projetos/Data_Lake_Football/Data_Lake_Football_Airflow/venv_airflow_data_lake/lib/python3.10/site-packages/airflow/example_dags/example_branch_day_of_week_operator.py
[2024-08-07T00:02:35.712-0300] {processor.py:840} INFO - DAG(s) 'example_weekday_branch_operator' retrieved from /home/wilamy/PARA/1_projetos/Data_Lake_Football/Data_Lake_Football_Airflow/venv_airflow_data_lake/lib/python3.10/site-packages/airflow/example_dags/example_branch_day_of_week_operator.py
[2024-08-07T00:02:35.725-0300] {logging_mixin.py:188} INFO - [2024-08-07T00:02:35.725-0300] {dag.py:3089} INFO - Sync 1 DAGs
[2024-08-07T00:02:35.741-0300] {logging_mixin.py:188} INFO - [2024-08-07T00:02:35.741-0300] {dag.py:3947} INFO - Setting next_dagrun for example_weekday_branch_operator to 2024-08-06 00:00:00+00:00, run_after=2024-08-07 00:00:00+00:00
[2024-08-07T00:02:35.759-0300] {processor.py:183} INFO - Processing /home/wilamy/PARA/1_projetos/Data_Lake_Football/Data_Lake_Football_Airflow/venv_airflow_data_lake/lib/python3.10/site-packages/airflow/example_dags/example_branch_day_of_week_operator.py took 0.062 seconds
[2024-08-07T00:03:43.949-0300] {processor.py:161} INFO - Started process (PID=12193) to work on /home/wilamy/PARA/1_projetos/Data_Lake_Football/Data_Lake_Football_Airflow/venv_airflow_data_lake/lib/python3.10/site-packages/airflow/example_dags/example_branch_day_of_week_operator.py
[2024-08-07T00:03:43.953-0300] {processor.py:830} INFO - Processing file /home/wilamy/PARA/1_projetos/Data_Lake_Football/Data_Lake_Football_Airflow/venv_airflow_data_lake/lib/python3.10/site-packages/airflow/example_dags/example_branch_day_of_week_operator.py for tasks to queue
[2024-08-07T00:03:43.954-0300] {logging_mixin.py:188} INFO - [2024-08-07T00:03:43.953-0300] {dagbag.py:545} INFO - Filling up the DagBag from /home/wilamy/PARA/1_projetos/Data_Lake_Football/Data_Lake_Football_Airflow/venv_airflow_data_lake/lib/python3.10/site-packages/airflow/example_dags/example_branch_day_of_week_operator.py
[2024-08-07T00:03:43.960-0300] {processor.py:840} INFO - DAG(s) 'example_weekday_branch_operator' retrieved from /home/wilamy/PARA/1_projetos/Data_Lake_Football/Data_Lake_Football_Airflow/venv_airflow_data_lake/lib/python3.10/site-packages/airflow/example_dags/example_branch_day_of_week_operator.py
[2024-08-07T00:03:43.973-0300] {logging_mixin.py:188} INFO - [2024-08-07T00:03:43.973-0300] {dag.py:3089} INFO - Sync 1 DAGs
[2024-08-07T00:03:43.989-0300] {logging_mixin.py:188} INFO - [2024-08-07T00:03:43.989-0300] {dag.py:3947} INFO - Setting next_dagrun for example_weekday_branch_operator to 2024-08-06 00:00:00+00:00, run_after=2024-08-07 00:00:00+00:00
[2024-08-07T00:03:44.004-0300] {processor.py:183} INFO - Processing /home/wilamy/PARA/1_projetos/Data_Lake_Football/Data_Lake_Football_Airflow/venv_airflow_data_lake/lib/python3.10/site-packages/airflow/example_dags/example_branch_day_of_week_operator.py took 0.061 seconds
