[2024-08-07T00:00:53.301-0300] {processor.py:161} INFO - Started process (PID=10835) to work on /home/wilamy/PARA/1_projetos/Data_Lake_Football/Data_Lake_Football_Airflow/venv_airflow_data_lake/lib/python3.10/site-packages/airflow/example_dags/example_xcomargs.py
[2024-08-07T00:00:53.303-0300] {processor.py:830} INFO - Processing file /home/wilamy/PARA/1_projetos/Data_Lake_Football/Data_Lake_Football_Airflow/venv_airflow_data_lake/lib/python3.10/site-packages/airflow/example_dags/example_xcomargs.py for tasks to queue
[2024-08-07T00:00:53.307-0300] {logging_mixin.py:188} INFO - [2024-08-07T00:00:53.306-0300] {dagbag.py:545} INFO - Filling up the DagBag from /home/wilamy/PARA/1_projetos/Data_Lake_Football/Data_Lake_Football_Airflow/venv_airflow_data_lake/lib/python3.10/site-packages/airflow/example_dags/example_xcomargs.py
[2024-08-07T00:00:53.319-0300] {processor.py:840} INFO - DAG(s) 'example_xcom_args', 'example_xcom_args_with_operators' retrieved from /home/wilamy/PARA/1_projetos/Data_Lake_Football/Data_Lake_Football_Airflow/venv_airflow_data_lake/lib/python3.10/site-packages/airflow/example_dags/example_xcomargs.py
[2024-08-07T00:00:53.400-0300] {logging_mixin.py:188} INFO - [2024-08-07T00:00:53.399-0300] {override.py:1858} INFO - Created Permission View: can delete on DAG:example_xcom_args
[2024-08-07T00:00:53.407-0300] {logging_mixin.py:188} INFO - [2024-08-07T00:00:53.407-0300] {override.py:1858} INFO - Created Permission View: can edit on DAG:example_xcom_args
[2024-08-07T00:00:53.413-0300] {logging_mixin.py:188} INFO - [2024-08-07T00:00:53.412-0300] {override.py:1858} INFO - Created Permission View: can read on DAG:example_xcom_args
[2024-08-07T00:00:53.424-0300] {logging_mixin.py:188} INFO - [2024-08-07T00:00:53.423-0300] {override.py:1858} INFO - Created Permission View: can delete on DAG:example_xcom_args_with_operators
[2024-08-07T00:00:53.429-0300] {logging_mixin.py:188} INFO - [2024-08-07T00:00:53.428-0300] {override.py:1858} INFO - Created Permission View: can edit on DAG:example_xcom_args_with_operators
[2024-08-07T00:00:53.434-0300] {logging_mixin.py:188} INFO - [2024-08-07T00:00:53.433-0300] {override.py:1858} INFO - Created Permission View: can read on DAG:example_xcom_args_with_operators
[2024-08-07T00:00:53.434-0300] {logging_mixin.py:188} INFO - [2024-08-07T00:00:53.434-0300] {dag.py:3089} INFO - Sync 2 DAGs
[2024-08-07T00:00:53.442-0300] {logging_mixin.py:188} INFO - [2024-08-07T00:00:53.441-0300] {dag.py:3111} INFO - Creating ORM DAG for example_xcom_args
[2024-08-07T00:00:53.442-0300] {logging_mixin.py:188} INFO - [2024-08-07T00:00:53.442-0300] {dag.py:3111} INFO - Creating ORM DAG for example_xcom_args_with_operators
[2024-08-07T00:00:53.442-0300] {logging_mixin.py:188} INFO - [2024-08-07T00:00:53.442-0300] {dag.py:3947} INFO - Setting next_dagrun for example_xcom_args to None, run_after=None
[2024-08-07T00:00:53.443-0300] {logging_mixin.py:188} INFO - [2024-08-07T00:00:53.443-0300] {dag.py:3947} INFO - Setting next_dagrun for example_xcom_args_with_operators to None, run_after=None
[2024-08-07T00:00:53.455-0300] {processor.py:183} INFO - Processing /home/wilamy/PARA/1_projetos/Data_Lake_Football/Data_Lake_Football_Airflow/venv_airflow_data_lake/lib/python3.10/site-packages/airflow/example_dags/example_xcomargs.py took 0.171 seconds
[2024-08-07T00:01:48.234-0300] {processor.py:161} INFO - Started process (PID=11115) to work on /home/wilamy/PARA/1_projetos/Data_Lake_Football/Data_Lake_Football_Airflow/venv_airflow_data_lake/lib/python3.10/site-packages/airflow/example_dags/example_xcomargs.py
[2024-08-07T00:01:48.277-0300] {processor.py:830} INFO - Processing file /home/wilamy/PARA/1_projetos/Data_Lake_Football/Data_Lake_Football_Airflow/venv_airflow_data_lake/lib/python3.10/site-packages/airflow/example_dags/example_xcomargs.py for tasks to queue
[2024-08-07T00:01:48.283-0300] {logging_mixin.py:188} INFO - [2024-08-07T00:01:48.282-0300] {dagbag.py:545} INFO - Filling up the DagBag from /home/wilamy/PARA/1_projetos/Data_Lake_Football/Data_Lake_Football_Airflow/venv_airflow_data_lake/lib/python3.10/site-packages/airflow/example_dags/example_xcomargs.py
[2024-08-07T00:01:48.308-0300] {processor.py:840} INFO - DAG(s) 'example_xcom_args_with_operators', 'example_xcom_args' retrieved from /home/wilamy/PARA/1_projetos/Data_Lake_Football/Data_Lake_Football_Airflow/venv_airflow_data_lake/lib/python3.10/site-packages/airflow/example_dags/example_xcomargs.py
[2024-08-07T00:01:48.329-0300] {logging_mixin.py:188} INFO - [2024-08-07T00:01:48.329-0300] {dag.py:3089} INFO - Sync 2 DAGs
[2024-08-07T00:01:48.339-0300] {logging_mixin.py:188} INFO - [2024-08-07T00:01:48.339-0300] {dag.py:3947} INFO - Setting next_dagrun for example_xcom_args to None, run_after=None
[2024-08-07T00:01:48.342-0300] {logging_mixin.py:188} INFO - [2024-08-07T00:01:48.342-0300] {dag.py:3947} INFO - Setting next_dagrun for example_xcom_args_with_operators to None, run_after=None
[2024-08-07T00:01:48.356-0300] {processor.py:183} INFO - Processing /home/wilamy/PARA/1_projetos/Data_Lake_Football/Data_Lake_Football_Airflow/venv_airflow_data_lake/lib/python3.10/site-packages/airflow/example_dags/example_xcomargs.py took 0.128 seconds
[2024-08-07T00:02:33.706-0300] {processor.py:161} INFO - Started process (PID=11788) to work on /home/wilamy/PARA/1_projetos/Data_Lake_Football/Data_Lake_Football_Airflow/venv_airflow_data_lake/lib/python3.10/site-packages/airflow/example_dags/example_xcomargs.py
[2024-08-07T00:02:33.711-0300] {processor.py:830} INFO - Processing file /home/wilamy/PARA/1_projetos/Data_Lake_Football/Data_Lake_Football_Airflow/venv_airflow_data_lake/lib/python3.10/site-packages/airflow/example_dags/example_xcomargs.py for tasks to queue
[2024-08-07T00:02:33.712-0300] {logging_mixin.py:188} INFO - [2024-08-07T00:02:33.712-0300] {dagbag.py:545} INFO - Filling up the DagBag from /home/wilamy/PARA/1_projetos/Data_Lake_Football/Data_Lake_Football_Airflow/venv_airflow_data_lake/lib/python3.10/site-packages/airflow/example_dags/example_xcomargs.py
[2024-08-07T00:02:33.720-0300] {processor.py:840} INFO - DAG(s) 'example_xcom_args', 'example_xcom_args_with_operators' retrieved from /home/wilamy/PARA/1_projetos/Data_Lake_Football/Data_Lake_Football_Airflow/venv_airflow_data_lake/lib/python3.10/site-packages/airflow/example_dags/example_xcomargs.py
[2024-08-07T00:02:33.737-0300] {logging_mixin.py:188} INFO - [2024-08-07T00:02:33.737-0300] {dag.py:3089} INFO - Sync 2 DAGs
[2024-08-07T00:02:33.746-0300] {logging_mixin.py:188} INFO - [2024-08-07T00:02:33.746-0300] {dag.py:3947} INFO - Setting next_dagrun for example_xcom_args to None, run_after=None
[2024-08-07T00:02:33.749-0300] {logging_mixin.py:188} INFO - [2024-08-07T00:02:33.749-0300] {dag.py:3947} INFO - Setting next_dagrun for example_xcom_args_with_operators to None, run_after=None
[2024-08-07T00:02:33.762-0300] {processor.py:183} INFO - Processing /home/wilamy/PARA/1_projetos/Data_Lake_Football/Data_Lake_Football_Airflow/venv_airflow_data_lake/lib/python3.10/site-packages/airflow/example_dags/example_xcomargs.py took 0.061 seconds
[2024-08-07T00:03:25.954-0300] {processor.py:161} INFO - Started process (PID=12099) to work on /home/wilamy/PARA/1_projetos/Data_Lake_Football/Data_Lake_Football_Airflow/venv_airflow_data_lake/lib/python3.10/site-packages/airflow/example_dags/example_xcomargs.py
[2024-08-07T00:03:25.959-0300] {processor.py:830} INFO - Processing file /home/wilamy/PARA/1_projetos/Data_Lake_Football/Data_Lake_Football_Airflow/venv_airflow_data_lake/lib/python3.10/site-packages/airflow/example_dags/example_xcomargs.py for tasks to queue
[2024-08-07T00:03:25.962-0300] {logging_mixin.py:188} INFO - [2024-08-07T00:03:25.961-0300] {dagbag.py:545} INFO - Filling up the DagBag from /home/wilamy/PARA/1_projetos/Data_Lake_Football/Data_Lake_Football_Airflow/venv_airflow_data_lake/lib/python3.10/site-packages/airflow/example_dags/example_xcomargs.py
[2024-08-07T00:03:25.974-0300] {processor.py:840} INFO - DAG(s) 'example_xcom_args_with_operators', 'example_xcom_args' retrieved from /home/wilamy/PARA/1_projetos/Data_Lake_Football/Data_Lake_Football_Airflow/venv_airflow_data_lake/lib/python3.10/site-packages/airflow/example_dags/example_xcomargs.py
[2024-08-07T00:03:26.065-0300] {logging_mixin.py:188} INFO - [2024-08-07T00:03:26.064-0300] {dag.py:3089} INFO - Sync 2 DAGs
[2024-08-07T00:03:26.073-0300] {logging_mixin.py:188} INFO - [2024-08-07T00:03:26.073-0300] {dag.py:3947} INFO - Setting next_dagrun for example_xcom_args to None, run_after=None
[2024-08-07T00:03:26.076-0300] {logging_mixin.py:188} INFO - [2024-08-07T00:03:26.076-0300] {dag.py:3947} INFO - Setting next_dagrun for example_xcom_args_with_operators to None, run_after=None
[2024-08-07T00:03:26.090-0300] {processor.py:183} INFO - Processing /home/wilamy/PARA/1_projetos/Data_Lake_Football/Data_Lake_Football_Airflow/venv_airflow_data_lake/lib/python3.10/site-packages/airflow/example_dags/example_xcomargs.py took 0.152 seconds
