[2024-08-07T00:01:13.150-0300] {processor.py:161} INFO - Started process (PID=10930) to work on /home/wilamy/PARA/1_projetos/Data_Lake_Football/Data_Lake_Football_Airflow/venv_airflow_data_lake/lib/python3.10/site-packages/airflow/example_dags/example_external_task_marker_dag.py
[2024-08-07T00:01:13.150-0300] {processor.py:830} INFO - Processing file /home/wilamy/PARA/1_projetos/Data_Lake_Football/Data_Lake_Football_Airflow/venv_airflow_data_lake/lib/python3.10/site-packages/airflow/example_dags/example_external_task_marker_dag.py for tasks to queue
[2024-08-07T00:01:13.152-0300] {logging_mixin.py:188} INFO - [2024-08-07T00:01:13.152-0300] {dagbag.py:545} INFO - Filling up the DagBag from /home/wilamy/PARA/1_projetos/Data_Lake_Football/Data_Lake_Football_Airflow/venv_airflow_data_lake/lib/python3.10/site-packages/airflow/example_dags/example_external_task_marker_dag.py
[2024-08-07T00:01:13.159-0300] {processor.py:840} INFO - DAG(s) 'example_external_task_marker_child', 'example_external_task_marker_parent' retrieved from /home/wilamy/PARA/1_projetos/Data_Lake_Football/Data_Lake_Football_Airflow/venv_airflow_data_lake/lib/python3.10/site-packages/airflow/example_dags/example_external_task_marker_dag.py
[2024-08-07T00:01:13.291-0300] {logging_mixin.py:188} INFO - [2024-08-07T00:01:13.289-0300] {override.py:1858} INFO - Created Permission View: can delete on DAG:example_external_task_marker_child
[2024-08-07T00:01:13.321-0300] {logging_mixin.py:188} INFO - [2024-08-07T00:01:13.320-0300] {override.py:1858} INFO - Created Permission View: can edit on DAG:example_external_task_marker_child
[2024-08-07T00:01:13.332-0300] {logging_mixin.py:188} INFO - [2024-08-07T00:01:13.331-0300] {override.py:1858} INFO - Created Permission View: can read on DAG:example_external_task_marker_child
[2024-08-07T00:01:13.346-0300] {logging_mixin.py:188} INFO - [2024-08-07T00:01:13.346-0300] {override.py:1858} INFO - Created Permission View: can delete on DAG:example_external_task_marker_parent
[2024-08-07T00:01:13.353-0300] {logging_mixin.py:188} INFO - [2024-08-07T00:01:13.353-0300] {override.py:1858} INFO - Created Permission View: can edit on DAG:example_external_task_marker_parent
[2024-08-07T00:01:13.360-0300] {logging_mixin.py:188} INFO - [2024-08-07T00:01:13.359-0300] {override.py:1858} INFO - Created Permission View: can read on DAG:example_external_task_marker_parent
[2024-08-07T00:01:13.360-0300] {logging_mixin.py:188} INFO - [2024-08-07T00:01:13.360-0300] {dag.py:3089} INFO - Sync 2 DAGs
[2024-08-07T00:01:13.368-0300] {logging_mixin.py:188} INFO - [2024-08-07T00:01:13.368-0300] {dag.py:3111} INFO - Creating ORM DAG for example_external_task_marker_child
[2024-08-07T00:01:13.368-0300] {logging_mixin.py:188} INFO - [2024-08-07T00:01:13.368-0300] {dag.py:3111} INFO - Creating ORM DAG for example_external_task_marker_parent
[2024-08-07T00:01:13.369-0300] {logging_mixin.py:188} INFO - [2024-08-07T00:01:13.369-0300] {dag.py:3947} INFO - Setting next_dagrun for example_external_task_marker_child to None, run_after=None
[2024-08-07T00:01:13.369-0300] {logging_mixin.py:188} INFO - [2024-08-07T00:01:13.369-0300] {dag.py:3947} INFO - Setting next_dagrun for example_external_task_marker_parent to None, run_after=None
[2024-08-07T00:01:13.384-0300] {processor.py:183} INFO - Processing /home/wilamy/PARA/1_projetos/Data_Lake_Football/Data_Lake_Football_Airflow/venv_airflow_data_lake/lib/python3.10/site-packages/airflow/example_dags/example_external_task_marker_dag.py took 0.240 seconds
[2024-08-07T00:02:05.433-0300] {processor.py:161} INFO - Started process (PID=11201) to work on /home/wilamy/PARA/1_projetos/Data_Lake_Football/Data_Lake_Football_Airflow/venv_airflow_data_lake/lib/python3.10/site-packages/airflow/example_dags/example_external_task_marker_dag.py
[2024-08-07T00:02:05.438-0300] {processor.py:830} INFO - Processing file /home/wilamy/PARA/1_projetos/Data_Lake_Football/Data_Lake_Football_Airflow/venv_airflow_data_lake/lib/python3.10/site-packages/airflow/example_dags/example_external_task_marker_dag.py for tasks to queue
[2024-08-07T00:02:05.441-0300] {logging_mixin.py:188} INFO - [2024-08-07T00:02:05.440-0300] {dagbag.py:545} INFO - Filling up the DagBag from /home/wilamy/PARA/1_projetos/Data_Lake_Football/Data_Lake_Football_Airflow/venv_airflow_data_lake/lib/python3.10/site-packages/airflow/example_dags/example_external_task_marker_dag.py
[2024-08-07T00:02:05.450-0300] {processor.py:840} INFO - DAG(s) 'example_external_task_marker_child', 'example_external_task_marker_parent' retrieved from /home/wilamy/PARA/1_projetos/Data_Lake_Football/Data_Lake_Football_Airflow/venv_airflow_data_lake/lib/python3.10/site-packages/airflow/example_dags/example_external_task_marker_dag.py
[2024-08-07T00:02:05.475-0300] {logging_mixin.py:188} INFO - [2024-08-07T00:02:05.474-0300] {dag.py:3089} INFO - Sync 2 DAGs
[2024-08-07T00:02:05.484-0300] {logging_mixin.py:188} INFO - [2024-08-07T00:02:05.484-0300] {dag.py:3947} INFO - Setting next_dagrun for example_external_task_marker_child to None, run_after=None
[2024-08-07T00:02:05.487-0300] {logging_mixin.py:188} INFO - [2024-08-07T00:02:05.487-0300] {dag.py:3947} INFO - Setting next_dagrun for example_external_task_marker_parent to None, run_after=None
[2024-08-07T00:02:05.502-0300] {processor.py:183} INFO - Processing /home/wilamy/PARA/1_projetos/Data_Lake_Football/Data_Lake_Football_Airflow/venv_airflow_data_lake/lib/python3.10/site-packages/airflow/example_dags/example_external_task_marker_dag.py took 0.086 seconds
[2024-08-07T00:02:54.504-0300] {processor.py:161} INFO - Started process (PID=11942) to work on /home/wilamy/PARA/1_projetos/Data_Lake_Football/Data_Lake_Football_Airflow/venv_airflow_data_lake/lib/python3.10/site-packages/airflow/example_dags/example_external_task_marker_dag.py
[2024-08-07T00:02:54.508-0300] {processor.py:830} INFO - Processing file /home/wilamy/PARA/1_projetos/Data_Lake_Football/Data_Lake_Football_Airflow/venv_airflow_data_lake/lib/python3.10/site-packages/airflow/example_dags/example_external_task_marker_dag.py for tasks to queue
[2024-08-07T00:02:54.510-0300] {logging_mixin.py:188} INFO - [2024-08-07T00:02:54.510-0300] {dagbag.py:545} INFO - Filling up the DagBag from /home/wilamy/PARA/1_projetos/Data_Lake_Football/Data_Lake_Football_Airflow/venv_airflow_data_lake/lib/python3.10/site-packages/airflow/example_dags/example_external_task_marker_dag.py
[2024-08-07T00:02:54.517-0300] {processor.py:840} INFO - DAG(s) 'example_external_task_marker_parent', 'example_external_task_marker_child' retrieved from /home/wilamy/PARA/1_projetos/Data_Lake_Football/Data_Lake_Football_Airflow/venv_airflow_data_lake/lib/python3.10/site-packages/airflow/example_dags/example_external_task_marker_dag.py
[2024-08-07T00:02:54.536-0300] {logging_mixin.py:188} INFO - [2024-08-07T00:02:54.536-0300] {dag.py:3089} INFO - Sync 2 DAGs
[2024-08-07T00:02:54.625-0300] {logging_mixin.py:188} INFO - [2024-08-07T00:02:54.625-0300] {dag.py:3947} INFO - Setting next_dagrun for example_external_task_marker_child to None, run_after=None
[2024-08-07T00:02:54.630-0300] {logging_mixin.py:188} INFO - [2024-08-07T00:02:54.629-0300] {dag.py:3947} INFO - Setting next_dagrun for example_external_task_marker_parent to None, run_after=None
[2024-08-07T00:02:54.712-0300] {processor.py:183} INFO - Processing /home/wilamy/PARA/1_projetos/Data_Lake_Football/Data_Lake_Football_Airflow/venv_airflow_data_lake/lib/python3.10/site-packages/airflow/example_dags/example_external_task_marker_dag.py took 0.215 seconds
[2024-08-07T00:04:00.301-0300] {processor.py:161} INFO - Started process (PID=12282) to work on /home/wilamy/PARA/1_projetos/Data_Lake_Football/Data_Lake_Football_Airflow/venv_airflow_data_lake/lib/python3.10/site-packages/airflow/example_dags/example_external_task_marker_dag.py
[2024-08-07T00:04:00.306-0300] {processor.py:830} INFO - Processing file /home/wilamy/PARA/1_projetos/Data_Lake_Football/Data_Lake_Football_Airflow/venv_airflow_data_lake/lib/python3.10/site-packages/airflow/example_dags/example_external_task_marker_dag.py for tasks to queue
[2024-08-07T00:04:00.310-0300] {logging_mixin.py:188} INFO - [2024-08-07T00:04:00.309-0300] {dagbag.py:545} INFO - Filling up the DagBag from /home/wilamy/PARA/1_projetos/Data_Lake_Football/Data_Lake_Football_Airflow/venv_airflow_data_lake/lib/python3.10/site-packages/airflow/example_dags/example_external_task_marker_dag.py
[2024-08-07T00:04:00.326-0300] {processor.py:840} INFO - DAG(s) 'example_external_task_marker_child', 'example_external_task_marker_parent' retrieved from /home/wilamy/PARA/1_projetos/Data_Lake_Football/Data_Lake_Football_Airflow/venv_airflow_data_lake/lib/python3.10/site-packages/airflow/example_dags/example_external_task_marker_dag.py
[2024-08-07T00:04:00.347-0300] {logging_mixin.py:188} INFO - [2024-08-07T00:04:00.347-0300] {dag.py:3089} INFO - Sync 2 DAGs
[2024-08-07T00:04:00.357-0300] {logging_mixin.py:188} INFO - [2024-08-07T00:04:00.357-0300] {dag.py:3947} INFO - Setting next_dagrun for example_external_task_marker_child to None, run_after=None
[2024-08-07T00:04:00.360-0300] {logging_mixin.py:188} INFO - [2024-08-07T00:04:00.359-0300] {dag.py:3947} INFO - Setting next_dagrun for example_external_task_marker_parent to None, run_after=None
[2024-08-07T00:04:00.374-0300] {processor.py:183} INFO - Processing /home/wilamy/PARA/1_projetos/Data_Lake_Football/Data_Lake_Football_Airflow/venv_airflow_data_lake/lib/python3.10/site-packages/airflow/example_dags/example_external_task_marker_dag.py took 0.083 seconds
