[2024-08-07T00:00:36.939-0300] {processor.py:161} INFO - Started process (PID=10731) to work on /home/wilamy/PARA/1_projetos/Data_Lake_Football/Data_Lake_Football_Airflow/venv_airflow_data_lake/lib/python3.10/site-packages/airflow/example_dags/example_xcom.py
[2024-08-07T00:00:36.939-0300] {processor.py:830} INFO - Processing file /home/wilamy/PARA/1_projetos/Data_Lake_Football/Data_Lake_Football_Airflow/venv_airflow_data_lake/lib/python3.10/site-packages/airflow/example_dags/example_xcom.py for tasks to queue
[2024-08-07T00:00:36.940-0300] {logging_mixin.py:188} INFO - [2024-08-07T00:00:36.940-0300] {dagbag.py:545} INFO - Filling up the DagBag from /home/wilamy/PARA/1_projetos/Data_Lake_Football/Data_Lake_Football_Airflow/venv_airflow_data_lake/lib/python3.10/site-packages/airflow/example_dags/example_xcom.py
[2024-08-07T00:00:36.947-0300] {processor.py:840} INFO - DAG(s) 'example_xcom' retrieved from /home/wilamy/PARA/1_projetos/Data_Lake_Football/Data_Lake_Football_Airflow/venv_airflow_data_lake/lib/python3.10/site-packages/airflow/example_dags/example_xcom.py
[2024-08-07T00:00:37.028-0300] {logging_mixin.py:188} INFO - [2024-08-07T00:00:37.028-0300] {override.py:1858} INFO - Created Permission View: can delete on DAG:example_xcom
[2024-08-07T00:00:37.036-0300] {logging_mixin.py:188} INFO - [2024-08-07T00:00:37.036-0300] {override.py:1858} INFO - Created Permission View: can edit on DAG:example_xcom
[2024-08-07T00:00:37.041-0300] {logging_mixin.py:188} INFO - [2024-08-07T00:00:37.041-0300] {override.py:1858} INFO - Created Permission View: can read on DAG:example_xcom
[2024-08-07T00:00:37.041-0300] {logging_mixin.py:188} INFO - [2024-08-07T00:00:37.041-0300] {dag.py:3089} INFO - Sync 1 DAGs
[2024-08-07T00:00:37.049-0300] {logging_mixin.py:188} INFO - [2024-08-07T00:00:37.049-0300] {dag.py:3111} INFO - Creating ORM DAG for example_xcom
[2024-08-07T00:00:37.056-0300] {logging_mixin.py:188} INFO - [2024-08-07T00:00:37.056-0300] {dag.py:3947} INFO - Setting next_dagrun for example_xcom to 2021-01-01 00:00:00+00:00, run_after=2021-01-01 00:00:00+00:00
[2024-08-07T00:00:37.078-0300] {processor.py:183} INFO - Processing /home/wilamy/PARA/1_projetos/Data_Lake_Football/Data_Lake_Football_Airflow/venv_airflow_data_lake/lib/python3.10/site-packages/airflow/example_dags/example_xcom.py took 0.143 seconds
[2024-08-07T00:01:35.296-0300] {processor.py:161} INFO - Started process (PID=11039) to work on /home/wilamy/PARA/1_projetos/Data_Lake_Football/Data_Lake_Football_Airflow/venv_airflow_data_lake/lib/python3.10/site-packages/airflow/example_dags/example_xcom.py
[2024-08-07T00:01:35.301-0300] {processor.py:830} INFO - Processing file /home/wilamy/PARA/1_projetos/Data_Lake_Football/Data_Lake_Football_Airflow/venv_airflow_data_lake/lib/python3.10/site-packages/airflow/example_dags/example_xcom.py for tasks to queue
[2024-08-07T00:01:35.304-0300] {logging_mixin.py:188} INFO - [2024-08-07T00:01:35.304-0300] {dagbag.py:545} INFO - Filling up the DagBag from /home/wilamy/PARA/1_projetos/Data_Lake_Football/Data_Lake_Football_Airflow/venv_airflow_data_lake/lib/python3.10/site-packages/airflow/example_dags/example_xcom.py
[2024-08-07T00:01:35.318-0300] {processor.py:840} INFO - DAG(s) 'example_xcom' retrieved from /home/wilamy/PARA/1_projetos/Data_Lake_Football/Data_Lake_Football_Airflow/venv_airflow_data_lake/lib/python3.10/site-packages/airflow/example_dags/example_xcom.py
[2024-08-07T00:01:35.336-0300] {logging_mixin.py:188} INFO - [2024-08-07T00:01:35.336-0300] {dag.py:3089} INFO - Sync 1 DAGs
[2024-08-07T00:01:35.354-0300] {logging_mixin.py:188} INFO - [2024-08-07T00:01:35.353-0300] {dag.py:3947} INFO - Setting next_dagrun for example_xcom to 2021-01-01 00:00:00+00:00, run_after=2021-01-01 00:00:00+00:00
[2024-08-07T00:01:35.369-0300] {processor.py:183} INFO - Processing /home/wilamy/PARA/1_projetos/Data_Lake_Football/Data_Lake_Football_Airflow/venv_airflow_data_lake/lib/python3.10/site-packages/airflow/example_dags/example_xcom.py took 0.086 seconds
[2024-08-07T00:02:21.705-0300] {processor.py:161} INFO - Started process (PID=11724) to work on /home/wilamy/PARA/1_projetos/Data_Lake_Football/Data_Lake_Football_Airflow/venv_airflow_data_lake/lib/python3.10/site-packages/airflow/example_dags/example_xcom.py
[2024-08-07T00:02:21.709-0300] {processor.py:830} INFO - Processing file /home/wilamy/PARA/1_projetos/Data_Lake_Football/Data_Lake_Football_Airflow/venv_airflow_data_lake/lib/python3.10/site-packages/airflow/example_dags/example_xcom.py for tasks to queue
[2024-08-07T00:02:21.711-0300] {logging_mixin.py:188} INFO - [2024-08-07T00:02:21.710-0300] {dagbag.py:545} INFO - Filling up the DagBag from /home/wilamy/PARA/1_projetos/Data_Lake_Football/Data_Lake_Football_Airflow/venv_airflow_data_lake/lib/python3.10/site-packages/airflow/example_dags/example_xcom.py
[2024-08-07T00:02:21.718-0300] {processor.py:840} INFO - DAG(s) 'example_xcom' retrieved from /home/wilamy/PARA/1_projetos/Data_Lake_Football/Data_Lake_Football_Airflow/venv_airflow_data_lake/lib/python3.10/site-packages/airflow/example_dags/example_xcom.py
[2024-08-07T00:02:21.733-0300] {logging_mixin.py:188} INFO - [2024-08-07T00:02:21.733-0300] {dag.py:3089} INFO - Sync 1 DAGs
[2024-08-07T00:02:21.753-0300] {logging_mixin.py:188} INFO - [2024-08-07T00:02:21.753-0300] {dag.py:3947} INFO - Setting next_dagrun for example_xcom to 2021-01-01 00:00:00+00:00, run_after=2021-01-01 00:00:00+00:00
[2024-08-07T00:02:21.778-0300] {processor.py:183} INFO - Processing /home/wilamy/PARA/1_projetos/Data_Lake_Football/Data_Lake_Football_Airflow/venv_airflow_data_lake/lib/python3.10/site-packages/airflow/example_dags/example_xcom.py took 0.079 seconds
[2024-08-07T00:03:01.062-0300] {processor.py:161} INFO - Started process (PID=11975) to work on /home/wilamy/PARA/1_projetos/Data_Lake_Football/Data_Lake_Football_Airflow/venv_airflow_data_lake/lib/python3.10/site-packages/airflow/example_dags/example_xcom.py
[2024-08-07T00:03:01.063-0300] {processor.py:830} INFO - Processing file /home/wilamy/PARA/1_projetos/Data_Lake_Football/Data_Lake_Football_Airflow/venv_airflow_data_lake/lib/python3.10/site-packages/airflow/example_dags/example_xcom.py for tasks to queue
[2024-08-07T00:03:01.064-0300] {logging_mixin.py:188} INFO - [2024-08-07T00:03:01.064-0300] {dagbag.py:545} INFO - Filling up the DagBag from /home/wilamy/PARA/1_projetos/Data_Lake_Football/Data_Lake_Football_Airflow/venv_airflow_data_lake/lib/python3.10/site-packages/airflow/example_dags/example_xcom.py
[2024-08-07T00:03:01.069-0300] {processor.py:840} INFO - DAG(s) 'example_xcom' retrieved from /home/wilamy/PARA/1_projetos/Data_Lake_Football/Data_Lake_Football_Airflow/venv_airflow_data_lake/lib/python3.10/site-packages/airflow/example_dags/example_xcom.py
[2024-08-07T00:03:01.080-0300] {logging_mixin.py:188} INFO - [2024-08-07T00:03:01.080-0300] {dag.py:3089} INFO - Sync 1 DAGs
[2024-08-07T00:03:01.171-0300] {logging_mixin.py:188} INFO - [2024-08-07T00:03:01.170-0300] {dag.py:3947} INFO - Setting next_dagrun for example_xcom to 2021-01-01 00:00:00+00:00, run_after=2021-01-01 00:00:00+00:00
[2024-08-07T00:03:01.190-0300] {processor.py:183} INFO - Processing /home/wilamy/PARA/1_projetos/Data_Lake_Football/Data_Lake_Football_Airflow/venv_airflow_data_lake/lib/python3.10/site-packages/airflow/example_dags/example_xcom.py took 0.131 seconds
[2024-08-07T00:03:48.746-0300] {processor.py:161} INFO - Started process (PID=12216) to work on /home/wilamy/PARA/1_projetos/Data_Lake_Football/Data_Lake_Football_Airflow/venv_airflow_data_lake/lib/python3.10/site-packages/airflow/example_dags/example_xcom.py
[2024-08-07T00:03:48.750-0300] {processor.py:830} INFO - Processing file /home/wilamy/PARA/1_projetos/Data_Lake_Football/Data_Lake_Football_Airflow/venv_airflow_data_lake/lib/python3.10/site-packages/airflow/example_dags/example_xcom.py for tasks to queue
[2024-08-07T00:03:48.752-0300] {logging_mixin.py:188} INFO - [2024-08-07T00:03:48.751-0300] {dagbag.py:545} INFO - Filling up the DagBag from /home/wilamy/PARA/1_projetos/Data_Lake_Football/Data_Lake_Football_Airflow/venv_airflow_data_lake/lib/python3.10/site-packages/airflow/example_dags/example_xcom.py
[2024-08-07T00:03:48.760-0300] {processor.py:840} INFO - DAG(s) 'example_xcom' retrieved from /home/wilamy/PARA/1_projetos/Data_Lake_Football/Data_Lake_Football_Airflow/venv_airflow_data_lake/lib/python3.10/site-packages/airflow/example_dags/example_xcom.py
[2024-08-07T00:03:48.777-0300] {logging_mixin.py:188} INFO - [2024-08-07T00:03:48.777-0300] {dag.py:3089} INFO - Sync 1 DAGs
[2024-08-07T00:03:48.793-0300] {logging_mixin.py:188} INFO - [2024-08-07T00:03:48.793-0300] {dag.py:3947} INFO - Setting next_dagrun for example_xcom to 2021-01-01 00:00:00+00:00, run_after=2021-01-01 00:00:00+00:00
[2024-08-07T00:03:48.808-0300] {processor.py:183} INFO - Processing /home/wilamy/PARA/1_projetos/Data_Lake_Football/Data_Lake_Football_Airflow/venv_airflow_data_lake/lib/python3.10/site-packages/airflow/example_dags/example_xcom.py took 0.067 seconds
