[2024-08-07T00:01:03.476-0300] {processor.py:161} INFO - Started process (PID=10882) to work on /home/wilamy/PARA/1_projetos/Data_Lake_Football/Data_Lake_Football_Airflow/venv_airflow_data_lake/lib/python3.10/site-packages/airflow/example_dags/example_branch_operator_decorator.py
[2024-08-07T00:01:03.478-0300] {processor.py:830} INFO - Processing file /home/wilamy/PARA/1_projetos/Data_Lake_Football/Data_Lake_Football_Airflow/venv_airflow_data_lake/lib/python3.10/site-packages/airflow/example_dags/example_branch_operator_decorator.py for tasks to queue
[2024-08-07T00:01:03.481-0300] {logging_mixin.py:188} INFO - [2024-08-07T00:01:03.480-0300] {dagbag.py:545} INFO - Filling up the DagBag from /home/wilamy/PARA/1_projetos/Data_Lake_Football/Data_Lake_Football_Airflow/venv_airflow_data_lake/lib/python3.10/site-packages/airflow/example_dags/example_branch_operator_decorator.py
[2024-08-07T00:01:03.485-0300] {processor.py:842} WARNING - No viable dags retrieved from /home/wilamy/PARA/1_projetos/Data_Lake_Football/Data_Lake_Football_Airflow/venv_airflow_data_lake/lib/python3.10/site-packages/airflow/example_dags/example_branch_operator_decorator.py
[2024-08-07T00:01:03.496-0300] {processor.py:183} INFO - Processing /home/wilamy/PARA/1_projetos/Data_Lake_Football/Data_Lake_Football_Airflow/venv_airflow_data_lake/lib/python3.10/site-packages/airflow/example_dags/example_branch_operator_decorator.py took 0.036 seconds
[2024-08-07T00:01:57.419-0300] {processor.py:161} INFO - Started process (PID=11167) to work on /home/wilamy/PARA/1_projetos/Data_Lake_Football/Data_Lake_Football_Airflow/venv_airflow_data_lake/lib/python3.10/site-packages/airflow/example_dags/example_branch_operator_decorator.py
[2024-08-07T00:01:57.423-0300] {processor.py:830} INFO - Processing file /home/wilamy/PARA/1_projetos/Data_Lake_Football/Data_Lake_Football_Airflow/venv_airflow_data_lake/lib/python3.10/site-packages/airflow/example_dags/example_branch_operator_decorator.py for tasks to queue
[2024-08-07T00:01:57.424-0300] {logging_mixin.py:188} INFO - [2024-08-07T00:01:57.423-0300] {dagbag.py:545} INFO - Filling up the DagBag from /home/wilamy/PARA/1_projetos/Data_Lake_Football/Data_Lake_Football_Airflow/venv_airflow_data_lake/lib/python3.10/site-packages/airflow/example_dags/example_branch_operator_decorator.py
[2024-08-07T00:01:57.425-0300] {processor.py:842} WARNING - No viable dags retrieved from /home/wilamy/PARA/1_projetos/Data_Lake_Football/Data_Lake_Football_Airflow/venv_airflow_data_lake/lib/python3.10/site-packages/airflow/example_dags/example_branch_operator_decorator.py
[2024-08-07T00:01:57.432-0300] {processor.py:183} INFO - Processing /home/wilamy/PARA/1_projetos/Data_Lake_Football/Data_Lake_Football_Airflow/venv_airflow_data_lake/lib/python3.10/site-packages/airflow/example_dags/example_branch_operator_decorator.py took 0.017 seconds
[2024-08-07T00:02:46.478-0300] {processor.py:161} INFO - Started process (PID=11902) to work on /home/wilamy/PARA/1_projetos/Data_Lake_Football/Data_Lake_Football_Airflow/venv_airflow_data_lake/lib/python3.10/site-packages/airflow/example_dags/example_branch_operator_decorator.py
[2024-08-07T00:02:46.482-0300] {processor.py:830} INFO - Processing file /home/wilamy/PARA/1_projetos/Data_Lake_Football/Data_Lake_Football_Airflow/venv_airflow_data_lake/lib/python3.10/site-packages/airflow/example_dags/example_branch_operator_decorator.py for tasks to queue
[2024-08-07T00:02:46.483-0300] {logging_mixin.py:188} INFO - [2024-08-07T00:02:46.483-0300] {dagbag.py:545} INFO - Filling up the DagBag from /home/wilamy/PARA/1_projetos/Data_Lake_Football/Data_Lake_Football_Airflow/venv_airflow_data_lake/lib/python3.10/site-packages/airflow/example_dags/example_branch_operator_decorator.py
[2024-08-07T00:02:46.485-0300] {processor.py:842} WARNING - No viable dags retrieved from /home/wilamy/PARA/1_projetos/Data_Lake_Football/Data_Lake_Football_Airflow/venv_airflow_data_lake/lib/python3.10/site-packages/airflow/example_dags/example_branch_operator_decorator.py
[2024-08-07T00:02:46.493-0300] {processor.py:183} INFO - Processing /home/wilamy/PARA/1_projetos/Data_Lake_Football/Data_Lake_Football_Airflow/venv_airflow_data_lake/lib/python3.10/site-packages/airflow/example_dags/example_branch_operator_decorator.py took 0.020 seconds
[2024-08-07T00:03:36.354-0300] {processor.py:161} INFO - Started process (PID=12150) to work on /home/wilamy/PARA/1_projetos/Data_Lake_Football/Data_Lake_Football_Airflow/venv_airflow_data_lake/lib/python3.10/site-packages/airflow/example_dags/example_branch_operator_decorator.py
[2024-08-07T00:03:36.358-0300] {processor.py:830} INFO - Processing file /home/wilamy/PARA/1_projetos/Data_Lake_Football/Data_Lake_Football_Airflow/venv_airflow_data_lake/lib/python3.10/site-packages/airflow/example_dags/example_branch_operator_decorator.py for tasks to queue
[2024-08-07T00:03:36.360-0300] {logging_mixin.py:188} INFO - [2024-08-07T00:03:36.359-0300] {dagbag.py:545} INFO - Filling up the DagBag from /home/wilamy/PARA/1_projetos/Data_Lake_Football/Data_Lake_Football_Airflow/venv_airflow_data_lake/lib/python3.10/site-packages/airflow/example_dags/example_branch_operator_decorator.py
[2024-08-07T00:03:36.363-0300] {processor.py:842} WARNING - No viable dags retrieved from /home/wilamy/PARA/1_projetos/Data_Lake_Football/Data_Lake_Football_Airflow/venv_airflow_data_lake/lib/python3.10/site-packages/airflow/example_dags/example_branch_operator_decorator.py
[2024-08-07T00:03:36.373-0300] {processor.py:183} INFO - Processing /home/wilamy/PARA/1_projetos/Data_Lake_Football/Data_Lake_Football_Airflow/venv_airflow_data_lake/lib/python3.10/site-packages/airflow/example_dags/example_branch_operator_decorator.py took 0.026 seconds
