[2024-08-07T00:01:14.861-0300] {processor.py:161} INFO - Started process (PID=10941) to work on /home/wilamy/PARA/1_projetos/Data_Lake_Football/Data_Lake_Football_Airflow/venv_airflow_data_lake/lib/python3.10/site-packages/airflow/example_dags/example_python_operator.py
[2024-08-07T00:01:14.862-0300] {processor.py:830} INFO - Processing file /home/wilamy/PARA/1_projetos/Data_Lake_Football/Data_Lake_Football_Airflow/venv_airflow_data_lake/lib/python3.10/site-packages/airflow/example_dags/example_python_operator.py for tasks to queue
[2024-08-07T00:01:14.864-0300] {logging_mixin.py:188} INFO - [2024-08-07T00:01:14.863-0300] {dagbag.py:545} INFO - Filling up the DagBag from /home/wilamy/PARA/1_projetos/Data_Lake_Football/Data_Lake_Football_Airflow/venv_airflow_data_lake/lib/python3.10/site-packages/airflow/example_dags/example_python_operator.py
[2024-08-07T00:01:14.872-0300] {logging_mixin.py:188} INFO - [2024-08-07T00:01:14.872-0300] {example_python_operator.py:93} WARNING - The virtalenv_python example task requires virtualenv, please install it.
[2024-08-07T00:01:14.873-0300] {processor.py:840} INFO - DAG(s) 'example_python_operator' retrieved from /home/wilamy/PARA/1_projetos/Data_Lake_Football/Data_Lake_Football_Airflow/venv_airflow_data_lake/lib/python3.10/site-packages/airflow/example_dags/example_python_operator.py
[2024-08-07T00:01:14.954-0300] {logging_mixin.py:188} INFO - [2024-08-07T00:01:14.953-0300] {override.py:1858} INFO - Created Permission View: can delete on DAG:example_python_operator
[2024-08-07T00:01:14.962-0300] {logging_mixin.py:188} INFO - [2024-08-07T00:01:14.961-0300] {override.py:1858} INFO - Created Permission View: can edit on DAG:example_python_operator
[2024-08-07T00:01:15.015-0300] {logging_mixin.py:188} INFO - [2024-08-07T00:01:15.015-0300] {override.py:1858} INFO - Created Permission View: can read on DAG:example_python_operator
[2024-08-07T00:01:15.016-0300] {logging_mixin.py:188} INFO - [2024-08-07T00:01:15.016-0300] {dag.py:3089} INFO - Sync 1 DAGs
[2024-08-07T00:01:15.044-0300] {logging_mixin.py:188} INFO - [2024-08-07T00:01:15.044-0300] {dag.py:3111} INFO - Creating ORM DAG for example_python_operator
[2024-08-07T00:01:15.045-0300] {logging_mixin.py:188} INFO - [2024-08-07T00:01:15.045-0300] {dag.py:3947} INFO - Setting next_dagrun for example_python_operator to None, run_after=None
[2024-08-07T00:01:15.066-0300] {processor.py:183} INFO - Processing /home/wilamy/PARA/1_projetos/Data_Lake_Football/Data_Lake_Football_Airflow/venv_airflow_data_lake/lib/python3.10/site-packages/airflow/example_dags/example_python_operator.py took 0.210 seconds
[2024-08-07T00:02:06.851-0300] {processor.py:161} INFO - Started process (PID=11211) to work on /home/wilamy/PARA/1_projetos/Data_Lake_Football/Data_Lake_Football_Airflow/venv_airflow_data_lake/lib/python3.10/site-packages/airflow/example_dags/example_python_operator.py
[2024-08-07T00:02:06.856-0300] {processor.py:830} INFO - Processing file /home/wilamy/PARA/1_projetos/Data_Lake_Football/Data_Lake_Football_Airflow/venv_airflow_data_lake/lib/python3.10/site-packages/airflow/example_dags/example_python_operator.py for tasks to queue
[2024-08-07T00:02:06.858-0300] {logging_mixin.py:188} INFO - [2024-08-07T00:02:06.857-0300] {dagbag.py:545} INFO - Filling up the DagBag from /home/wilamy/PARA/1_projetos/Data_Lake_Football/Data_Lake_Football_Airflow/venv_airflow_data_lake/lib/python3.10/site-packages/airflow/example_dags/example_python_operator.py
[2024-08-07T00:02:06.865-0300] {logging_mixin.py:188} INFO - [2024-08-07T00:02:06.865-0300] {example_python_operator.py:93} WARNING - The virtalenv_python example task requires virtualenv, please install it.
[2024-08-07T00:02:06.866-0300] {processor.py:840} INFO - DAG(s) 'example_python_operator' retrieved from /home/wilamy/PARA/1_projetos/Data_Lake_Football/Data_Lake_Football_Airflow/venv_airflow_data_lake/lib/python3.10/site-packages/airflow/example_dags/example_python_operator.py
[2024-08-07T00:02:06.884-0300] {logging_mixin.py:188} INFO - [2024-08-07T00:02:06.883-0300] {dag.py:3089} INFO - Sync 1 DAGs
[2024-08-07T00:02:06.894-0300] {logging_mixin.py:188} INFO - [2024-08-07T00:02:06.894-0300] {dag.py:3947} INFO - Setting next_dagrun for example_python_operator to None, run_after=None
[2024-08-07T00:02:06.911-0300] {processor.py:183} INFO - Processing /home/wilamy/PARA/1_projetos/Data_Lake_Football/Data_Lake_Football_Airflow/venv_airflow_data_lake/lib/python3.10/site-packages/airflow/example_dags/example_python_operator.py took 0.067 seconds
[2024-08-07T00:02:56.653-0300] {processor.py:161} INFO - Started process (PID=11953) to work on /home/wilamy/PARA/1_projetos/Data_Lake_Football/Data_Lake_Football_Airflow/venv_airflow_data_lake/lib/python3.10/site-packages/airflow/example_dags/example_python_operator.py
[2024-08-07T00:02:56.657-0300] {processor.py:830} INFO - Processing file /home/wilamy/PARA/1_projetos/Data_Lake_Football/Data_Lake_Football_Airflow/venv_airflow_data_lake/lib/python3.10/site-packages/airflow/example_dags/example_python_operator.py for tasks to queue
[2024-08-07T00:02:56.659-0300] {logging_mixin.py:188} INFO - [2024-08-07T00:02:56.658-0300] {dagbag.py:545} INFO - Filling up the DagBag from /home/wilamy/PARA/1_projetos/Data_Lake_Football/Data_Lake_Football_Airflow/venv_airflow_data_lake/lib/python3.10/site-packages/airflow/example_dags/example_python_operator.py
[2024-08-07T00:02:56.665-0300] {logging_mixin.py:188} INFO - [2024-08-07T00:02:56.665-0300] {example_python_operator.py:93} WARNING - The virtalenv_python example task requires virtualenv, please install it.
[2024-08-07T00:02:56.666-0300] {processor.py:840} INFO - DAG(s) 'example_python_operator' retrieved from /home/wilamy/PARA/1_projetos/Data_Lake_Football/Data_Lake_Football_Airflow/venv_airflow_data_lake/lib/python3.10/site-packages/airflow/example_dags/example_python_operator.py
[2024-08-07T00:02:56.683-0300] {logging_mixin.py:188} INFO - [2024-08-07T00:02:56.682-0300] {dag.py:3089} INFO - Sync 1 DAGs
[2024-08-07T00:02:56.770-0300] {logging_mixin.py:188} INFO - [2024-08-07T00:02:56.770-0300] {dag.py:3947} INFO - Setting next_dagrun for example_python_operator to None, run_after=None
[2024-08-07T00:02:56.832-0300] {processor.py:183} INFO - Processing /home/wilamy/PARA/1_projetos/Data_Lake_Football/Data_Lake_Football_Airflow/venv_airflow_data_lake/lib/python3.10/site-packages/airflow/example_dags/example_python_operator.py took 0.185 seconds
[2024-08-07T00:04:02.135-0300] {processor.py:161} INFO - Started process (PID=12294) to work on /home/wilamy/PARA/1_projetos/Data_Lake_Football/Data_Lake_Football_Airflow/venv_airflow_data_lake/lib/python3.10/site-packages/airflow/example_dags/example_python_operator.py
[2024-08-07T00:04:02.140-0300] {processor.py:830} INFO - Processing file /home/wilamy/PARA/1_projetos/Data_Lake_Football/Data_Lake_Football_Airflow/venv_airflow_data_lake/lib/python3.10/site-packages/airflow/example_dags/example_python_operator.py for tasks to queue
[2024-08-07T00:04:02.144-0300] {logging_mixin.py:188} INFO - [2024-08-07T00:04:02.143-0300] {dagbag.py:545} INFO - Filling up the DagBag from /home/wilamy/PARA/1_projetos/Data_Lake_Football/Data_Lake_Football_Airflow/venv_airflow_data_lake/lib/python3.10/site-packages/airflow/example_dags/example_python_operator.py
[2024-08-07T00:04:02.162-0300] {logging_mixin.py:188} INFO - [2024-08-07T00:04:02.162-0300] {example_python_operator.py:93} WARNING - The virtalenv_python example task requires virtualenv, please install it.
[2024-08-07T00:04:02.163-0300] {processor.py:840} INFO - DAG(s) 'example_python_operator' retrieved from /home/wilamy/PARA/1_projetos/Data_Lake_Football/Data_Lake_Football_Airflow/venv_airflow_data_lake/lib/python3.10/site-packages/airflow/example_dags/example_python_operator.py
[2024-08-07T00:04:02.182-0300] {logging_mixin.py:188} INFO - [2024-08-07T00:04:02.182-0300] {dag.py:3089} INFO - Sync 1 DAGs
[2024-08-07T00:04:02.191-0300] {logging_mixin.py:188} INFO - [2024-08-07T00:04:02.191-0300] {dag.py:3947} INFO - Setting next_dagrun for example_python_operator to None, run_after=None
[2024-08-07T00:04:02.208-0300] {processor.py:183} INFO - Processing /home/wilamy/PARA/1_projetos/Data_Lake_Football/Data_Lake_Football_Airflow/venv_airflow_data_lake/lib/python3.10/site-packages/airflow/example_dags/example_python_operator.py took 0.078 seconds
