[2024-08-07T00:01:17.915-0300] {processor.py:161} INFO - Started process (PID=10953) to work on /home/wilamy/PARA/1_projetos/Data_Lake_Football/Data_Lake_Football_Airflow/venv_airflow_data_lake/lib/python3.10/site-packages/airflow/example_dags/example_branch_datetime_operator.py
[2024-08-07T00:01:17.916-0300] {processor.py:830} INFO - Processing file /home/wilamy/PARA/1_projetos/Data_Lake_Football/Data_Lake_Football_Airflow/venv_airflow_data_lake/lib/python3.10/site-packages/airflow/example_dags/example_branch_datetime_operator.py for tasks to queue
[2024-08-07T00:01:17.917-0300] {logging_mixin.py:188} INFO - [2024-08-07T00:01:17.917-0300] {dagbag.py:545} INFO - Filling up the DagBag from /home/wilamy/PARA/1_projetos/Data_Lake_Football/Data_Lake_Football_Airflow/venv_airflow_data_lake/lib/python3.10/site-packages/airflow/example_dags/example_branch_datetime_operator.py
[2024-08-07T00:01:17.927-0300] {processor.py:840} INFO - DAG(s) 'example_branch_datetime_operator_3', 'example_branch_datetime_operator', 'example_branch_datetime_operator_2' retrieved from /home/wilamy/PARA/1_projetos/Data_Lake_Football/Data_Lake_Football_Airflow/venv_airflow_data_lake/lib/python3.10/site-packages/airflow/example_dags/example_branch_datetime_operator.py
[2024-08-07T00:01:18.090-0300] {logging_mixin.py:188} INFO - [2024-08-07T00:01:18.089-0300] {override.py:1858} INFO - Created Permission View: can delete on DAG:example_branch_datetime_operator_3
[2024-08-07T00:01:18.102-0300] {logging_mixin.py:188} INFO - [2024-08-07T00:01:18.102-0300] {override.py:1858} INFO - Created Permission View: can edit on DAG:example_branch_datetime_operator_3
[2024-08-07T00:01:18.110-0300] {logging_mixin.py:188} INFO - [2024-08-07T00:01:18.110-0300] {override.py:1858} INFO - Created Permission View: can read on DAG:example_branch_datetime_operator_3
[2024-08-07T00:01:18.125-0300] {logging_mixin.py:188} INFO - [2024-08-07T00:01:18.125-0300] {override.py:1858} INFO - Created Permission View: can delete on DAG:example_branch_datetime_operator
[2024-08-07T00:01:18.132-0300] {logging_mixin.py:188} INFO - [2024-08-07T00:01:18.132-0300] {override.py:1858} INFO - Created Permission View: can edit on DAG:example_branch_datetime_operator
[2024-08-07T00:01:18.139-0300] {logging_mixin.py:188} INFO - [2024-08-07T00:01:18.138-0300] {override.py:1858} INFO - Created Permission View: can read on DAG:example_branch_datetime_operator
[2024-08-07T00:01:18.151-0300] {logging_mixin.py:188} INFO - [2024-08-07T00:01:18.150-0300] {override.py:1858} INFO - Created Permission View: can delete on DAG:example_branch_datetime_operator_2
[2024-08-07T00:01:18.156-0300] {logging_mixin.py:188} INFO - [2024-08-07T00:01:18.156-0300] {override.py:1858} INFO - Created Permission View: can edit on DAG:example_branch_datetime_operator_2
[2024-08-07T00:01:18.161-0300] {logging_mixin.py:188} INFO - [2024-08-07T00:01:18.161-0300] {override.py:1858} INFO - Created Permission View: can read on DAG:example_branch_datetime_operator_2
[2024-08-07T00:01:18.161-0300] {logging_mixin.py:188} INFO - [2024-08-07T00:01:18.161-0300] {dag.py:3089} INFO - Sync 3 DAGs
[2024-08-07T00:01:18.169-0300] {logging_mixin.py:188} INFO - [2024-08-07T00:01:18.169-0300] {dag.py:3111} INFO - Creating ORM DAG for example_branch_datetime_operator
[2024-08-07T00:01:18.170-0300] {logging_mixin.py:188} INFO - [2024-08-07T00:01:18.169-0300] {dag.py:3111} INFO - Creating ORM DAG for example_branch_datetime_operator_2
[2024-08-07T00:01:18.170-0300] {logging_mixin.py:188} INFO - [2024-08-07T00:01:18.170-0300] {dag.py:3111} INFO - Creating ORM DAG for example_branch_datetime_operator_3
[2024-08-07T00:01:18.177-0300] {logging_mixin.py:188} INFO - [2024-08-07T00:01:18.177-0300] {dag.py:3947} INFO - Setting next_dagrun for example_branch_datetime_operator to 2024-08-06 00:00:00+00:00, run_after=2024-08-07 00:00:00+00:00
[2024-08-07T00:01:18.178-0300] {logging_mixin.py:188} INFO - [2024-08-07T00:01:18.178-0300] {dag.py:3947} INFO - Setting next_dagrun for example_branch_datetime_operator_2 to 2024-08-06 00:00:00+00:00, run_after=2024-08-07 00:00:00+00:00
[2024-08-07T00:01:18.180-0300] {logging_mixin.py:188} INFO - [2024-08-07T00:01:18.180-0300] {dag.py:3947} INFO - Setting next_dagrun for example_branch_datetime_operator_3 to 2024-08-06 00:00:00+00:00, run_after=2024-08-07 00:00:00+00:00
[2024-08-07T00:01:18.274-0300] {processor.py:183} INFO - Processing /home/wilamy/PARA/1_projetos/Data_Lake_Football/Data_Lake_Football_Airflow/venv_airflow_data_lake/lib/python3.10/site-packages/airflow/example_dags/example_branch_datetime_operator.py took 0.364 seconds
[2024-08-07T00:02:10.245-0300] {processor.py:161} INFO - Started process (PID=11223) to work on /home/wilamy/PARA/1_projetos/Data_Lake_Football/Data_Lake_Football_Airflow/venv_airflow_data_lake/lib/python3.10/site-packages/airflow/example_dags/example_branch_datetime_operator.py
[2024-08-07T00:02:10.249-0300] {processor.py:830} INFO - Processing file /home/wilamy/PARA/1_projetos/Data_Lake_Football/Data_Lake_Football_Airflow/venv_airflow_data_lake/lib/python3.10/site-packages/airflow/example_dags/example_branch_datetime_operator.py for tasks to queue
[2024-08-07T00:02:10.251-0300] {logging_mixin.py:188} INFO - [2024-08-07T00:02:10.250-0300] {dagbag.py:545} INFO - Filling up the DagBag from /home/wilamy/PARA/1_projetos/Data_Lake_Football/Data_Lake_Football_Airflow/venv_airflow_data_lake/lib/python3.10/site-packages/airflow/example_dags/example_branch_datetime_operator.py
[2024-08-07T00:02:10.260-0300] {processor.py:840} INFO - DAG(s) 'example_branch_datetime_operator_2', 'example_branch_datetime_operator_3', 'example_branch_datetime_operator' retrieved from /home/wilamy/PARA/1_projetos/Data_Lake_Football/Data_Lake_Football_Airflow/venv_airflow_data_lake/lib/python3.10/site-packages/airflow/example_dags/example_branch_datetime_operator.py
[2024-08-07T00:02:10.277-0300] {logging_mixin.py:188} INFO - [2024-08-07T00:02:10.276-0300] {dag.py:3089} INFO - Sync 3 DAGs
[2024-08-07T00:02:10.292-0300] {logging_mixin.py:188} INFO - [2024-08-07T00:02:10.292-0300] {dag.py:3947} INFO - Setting next_dagrun for example_branch_datetime_operator to 2024-08-06 00:00:00+00:00, run_after=2024-08-07 00:00:00+00:00
[2024-08-07T00:02:10.296-0300] {logging_mixin.py:188} INFO - [2024-08-07T00:02:10.296-0300] {dag.py:3947} INFO - Setting next_dagrun for example_branch_datetime_operator_2 to 2024-08-06 00:00:00+00:00, run_after=2024-08-07 00:00:00+00:00
[2024-08-07T00:02:10.298-0300] {logging_mixin.py:188} INFO - [2024-08-07T00:02:10.298-0300] {dag.py:3947} INFO - Setting next_dagrun for example_branch_datetime_operator_3 to 2024-08-06 00:00:00+00:00, run_after=2024-08-07 00:00:00+00:00
[2024-08-07T00:02:10.312-0300] {processor.py:183} INFO - Processing /home/wilamy/PARA/1_projetos/Data_Lake_Football/Data_Lake_Football_Airflow/venv_airflow_data_lake/lib/python3.10/site-packages/airflow/example_dags/example_branch_datetime_operator.py took 0.072 seconds
[2024-08-07T00:03:12.734-0300] {processor.py:161} INFO - Started process (PID=12030) to work on /home/wilamy/PARA/1_projetos/Data_Lake_Football/Data_Lake_Football_Airflow/venv_airflow_data_lake/lib/python3.10/site-packages/airflow/example_dags/example_branch_datetime_operator.py
[2024-08-07T00:03:12.740-0300] {processor.py:830} INFO - Processing file /home/wilamy/PARA/1_projetos/Data_Lake_Football/Data_Lake_Football_Airflow/venv_airflow_data_lake/lib/python3.10/site-packages/airflow/example_dags/example_branch_datetime_operator.py for tasks to queue
[2024-08-07T00:03:12.744-0300] {logging_mixin.py:188} INFO - [2024-08-07T00:03:12.743-0300] {dagbag.py:545} INFO - Filling up the DagBag from /home/wilamy/PARA/1_projetos/Data_Lake_Football/Data_Lake_Football_Airflow/venv_airflow_data_lake/lib/python3.10/site-packages/airflow/example_dags/example_branch_datetime_operator.py
[2024-08-07T00:03:12.763-0300] {processor.py:840} INFO - DAG(s) 'example_branch_datetime_operator_3', 'example_branch_datetime_operator', 'example_branch_datetime_operator_2' retrieved from /home/wilamy/PARA/1_projetos/Data_Lake_Football/Data_Lake_Football_Airflow/venv_airflow_data_lake/lib/python3.10/site-packages/airflow/example_dags/example_branch_datetime_operator.py
[2024-08-07T00:03:12.782-0300] {logging_mixin.py:188} INFO - [2024-08-07T00:03:12.782-0300] {dag.py:3089} INFO - Sync 3 DAGs
[2024-08-07T00:03:12.881-0300] {logging_mixin.py:188} INFO - [2024-08-07T00:03:12.881-0300] {dag.py:3947} INFO - Setting next_dagrun for example_branch_datetime_operator to 2024-08-06 00:00:00+00:00, run_after=2024-08-07 00:00:00+00:00
[2024-08-07T00:03:12.887-0300] {logging_mixin.py:188} INFO - [2024-08-07T00:03:12.887-0300] {dag.py:3947} INFO - Setting next_dagrun for example_branch_datetime_operator_2 to 2024-08-06 00:00:00+00:00, run_after=2024-08-07 00:00:00+00:00
[2024-08-07T00:03:12.890-0300] {logging_mixin.py:188} INFO - [2024-08-07T00:03:12.889-0300] {dag.py:3947} INFO - Setting next_dagrun for example_branch_datetime_operator_3 to 2024-08-06 00:00:00+00:00, run_after=2024-08-07 00:00:00+00:00
[2024-08-07T00:03:12.906-0300] {processor.py:183} INFO - Processing /home/wilamy/PARA/1_projetos/Data_Lake_Football/Data_Lake_Football_Airflow/venv_airflow_data_lake/lib/python3.10/site-packages/airflow/example_dags/example_branch_datetime_operator.py took 0.189 seconds
[2024-08-07T00:04:05.704-0300] {processor.py:161} INFO - Started process (PID=12315) to work on /home/wilamy/PARA/1_projetos/Data_Lake_Football/Data_Lake_Football_Airflow/venv_airflow_data_lake/lib/python3.10/site-packages/airflow/example_dags/example_branch_datetime_operator.py
[2024-08-07T00:04:05.708-0300] {processor.py:830} INFO - Processing file /home/wilamy/PARA/1_projetos/Data_Lake_Football/Data_Lake_Football_Airflow/venv_airflow_data_lake/lib/python3.10/site-packages/airflow/example_dags/example_branch_datetime_operator.py for tasks to queue
[2024-08-07T00:04:05.709-0300] {logging_mixin.py:188} INFO - [2024-08-07T00:04:05.709-0300] {dagbag.py:545} INFO - Filling up the DagBag from /home/wilamy/PARA/1_projetos/Data_Lake_Football/Data_Lake_Football_Airflow/venv_airflow_data_lake/lib/python3.10/site-packages/airflow/example_dags/example_branch_datetime_operator.py
[2024-08-07T00:04:05.720-0300] {processor.py:840} INFO - DAG(s) 'example_branch_datetime_operator_2', 'example_branch_datetime_operator', 'example_branch_datetime_operator_3' retrieved from /home/wilamy/PARA/1_projetos/Data_Lake_Football/Data_Lake_Football_Airflow/venv_airflow_data_lake/lib/python3.10/site-packages/airflow/example_dags/example_branch_datetime_operator.py
[2024-08-07T00:04:05.740-0300] {logging_mixin.py:188} INFO - [2024-08-07T00:04:05.740-0300] {dag.py:3089} INFO - Sync 3 DAGs
[2024-08-07T00:04:05.756-0300] {logging_mixin.py:188} INFO - [2024-08-07T00:04:05.756-0300] {dag.py:3947} INFO - Setting next_dagrun for example_branch_datetime_operator to 2024-08-06 00:00:00+00:00, run_after=2024-08-07 00:00:00+00:00
[2024-08-07T00:04:05.761-0300] {logging_mixin.py:188} INFO - [2024-08-07T00:04:05.760-0300] {dag.py:3947} INFO - Setting next_dagrun for example_branch_datetime_operator_2 to 2024-08-06 00:00:00+00:00, run_after=2024-08-07 00:00:00+00:00
[2024-08-07T00:04:05.762-0300] {logging_mixin.py:188} INFO - [2024-08-07T00:04:05.762-0300] {dag.py:3947} INFO - Setting next_dagrun for example_branch_datetime_operator_3 to 2024-08-06 00:00:00+00:00, run_after=2024-08-07 00:00:00+00:00
[2024-08-07T00:04:05.776-0300] {processor.py:183} INFO - Processing /home/wilamy/PARA/1_projetos/Data_Lake_Football/Data_Lake_Football_Airflow/venv_airflow_data_lake/lib/python3.10/site-packages/airflow/example_dags/example_branch_datetime_operator.py took 0.078 seconds
