[2024-08-07T00:01:23.435-0300] {processor.py:161} INFO - Started process (PID=10982) to work on /home/wilamy/PARA/1_projetos/Data_Lake_Football/Data_Lake_Football_Airflow/venv_airflow_data_lake/lib/python3.10/site-packages/airflow/example_dags/example_dynamic_task_mapping.py
[2024-08-07T00:01:23.437-0300] {processor.py:830} INFO - Processing file /home/wilamy/PARA/1_projetos/Data_Lake_Football/Data_Lake_Football_Airflow/venv_airflow_data_lake/lib/python3.10/site-packages/airflow/example_dags/example_dynamic_task_mapping.py for tasks to queue
[2024-08-07T00:01:23.439-0300] {logging_mixin.py:188} INFO - [2024-08-07T00:01:23.438-0300] {dagbag.py:545} INFO - Filling up the DagBag from /home/wilamy/PARA/1_projetos/Data_Lake_Football/Data_Lake_Football_Airflow/venv_airflow_data_lake/lib/python3.10/site-packages/airflow/example_dags/example_dynamic_task_mapping.py
[2024-08-07T00:01:23.445-0300] {processor.py:840} INFO - DAG(s) 'example_dynamic_task_mapping' retrieved from /home/wilamy/PARA/1_projetos/Data_Lake_Football/Data_Lake_Football_Airflow/venv_airflow_data_lake/lib/python3.10/site-packages/airflow/example_dags/example_dynamic_task_mapping.py
[2024-08-07T00:01:23.589-0300] {logging_mixin.py:188} INFO - [2024-08-07T00:01:23.588-0300] {override.py:1858} INFO - Created Permission View: can delete on DAG:example_dynamic_task_mapping
[2024-08-07T00:01:23.601-0300] {logging_mixin.py:188} INFO - [2024-08-07T00:01:23.600-0300] {override.py:1858} INFO - Created Permission View: can edit on DAG:example_dynamic_task_mapping
[2024-08-07T00:01:23.610-0300] {logging_mixin.py:188} INFO - [2024-08-07T00:01:23.609-0300] {override.py:1858} INFO - Created Permission View: can read on DAG:example_dynamic_task_mapping
[2024-08-07T00:01:23.610-0300] {logging_mixin.py:188} INFO - [2024-08-07T00:01:23.610-0300] {dag.py:3089} INFO - Sync 1 DAGs
[2024-08-07T00:01:23.625-0300] {logging_mixin.py:188} INFO - [2024-08-07T00:01:23.625-0300] {dag.py:3111} INFO - Creating ORM DAG for example_dynamic_task_mapping
[2024-08-07T00:01:23.637-0300] {logging_mixin.py:188} INFO - [2024-08-07T00:01:23.637-0300] {dag.py:3947} INFO - Setting next_dagrun for example_dynamic_task_mapping to 2022-03-04 00:00:00+00:00, run_after=2022-03-05 00:00:00+00:00
[2024-08-07T00:01:23.762-0300] {processor.py:183} INFO - Processing /home/wilamy/PARA/1_projetos/Data_Lake_Football/Data_Lake_Football_Airflow/venv_airflow_data_lake/lib/python3.10/site-packages/airflow/example_dags/example_dynamic_task_mapping.py took 0.337 seconds
[2024-08-07T00:02:15.559-0300] {processor.py:161} INFO - Started process (PID=11405) to work on /home/wilamy/PARA/1_projetos/Data_Lake_Football/Data_Lake_Football_Airflow/venv_airflow_data_lake/lib/python3.10/site-packages/airflow/example_dags/example_dynamic_task_mapping.py
[2024-08-07T00:02:15.565-0300] {processor.py:830} INFO - Processing file /home/wilamy/PARA/1_projetos/Data_Lake_Football/Data_Lake_Football_Airflow/venv_airflow_data_lake/lib/python3.10/site-packages/airflow/example_dags/example_dynamic_task_mapping.py for tasks to queue
[2024-08-07T00:02:15.569-0300] {logging_mixin.py:188} INFO - [2024-08-07T00:02:15.568-0300] {dagbag.py:545} INFO - Filling up the DagBag from /home/wilamy/PARA/1_projetos/Data_Lake_Football/Data_Lake_Football_Airflow/venv_airflow_data_lake/lib/python3.10/site-packages/airflow/example_dags/example_dynamic_task_mapping.py
[2024-08-07T00:02:15.582-0300] {processor.py:840} INFO - DAG(s) 'example_dynamic_task_mapping' retrieved from /home/wilamy/PARA/1_projetos/Data_Lake_Football/Data_Lake_Football_Airflow/venv_airflow_data_lake/lib/python3.10/site-packages/airflow/example_dags/example_dynamic_task_mapping.py
[2024-08-07T00:02:15.596-0300] {logging_mixin.py:188} INFO - [2024-08-07T00:02:15.596-0300] {dag.py:3089} INFO - Sync 1 DAGs
[2024-08-07T00:02:15.612-0300] {logging_mixin.py:188} INFO - [2024-08-07T00:02:15.612-0300] {dag.py:3947} INFO - Setting next_dagrun for example_dynamic_task_mapping to 2022-03-04 00:00:00+00:00, run_after=2022-03-05 00:00:00+00:00
[2024-08-07T00:02:15.628-0300] {processor.py:183} INFO - Processing /home/wilamy/PARA/1_projetos/Data_Lake_Football/Data_Lake_Football_Airflow/venv_airflow_data_lake/lib/python3.10/site-packages/airflow/example_dags/example_dynamic_task_mapping.py took 0.085 seconds
[2024-08-07T00:03:17.147-0300] {processor.py:161} INFO - Started process (PID=12055) to work on /home/wilamy/PARA/1_projetos/Data_Lake_Football/Data_Lake_Football_Airflow/venv_airflow_data_lake/lib/python3.10/site-packages/airflow/example_dags/example_dynamic_task_mapping.py
[2024-08-07T00:03:17.148-0300] {processor.py:830} INFO - Processing file /home/wilamy/PARA/1_projetos/Data_Lake_Football/Data_Lake_Football_Airflow/venv_airflow_data_lake/lib/python3.10/site-packages/airflow/example_dags/example_dynamic_task_mapping.py for tasks to queue
[2024-08-07T00:03:17.149-0300] {logging_mixin.py:188} INFO - [2024-08-07T00:03:17.149-0300] {dagbag.py:545} INFO - Filling up the DagBag from /home/wilamy/PARA/1_projetos/Data_Lake_Football/Data_Lake_Football_Airflow/venv_airflow_data_lake/lib/python3.10/site-packages/airflow/example_dags/example_dynamic_task_mapping.py
[2024-08-07T00:03:17.154-0300] {processor.py:840} INFO - DAG(s) 'example_dynamic_task_mapping' retrieved from /home/wilamy/PARA/1_projetos/Data_Lake_Football/Data_Lake_Football_Airflow/venv_airflow_data_lake/lib/python3.10/site-packages/airflow/example_dags/example_dynamic_task_mapping.py
[2024-08-07T00:03:17.167-0300] {logging_mixin.py:188} INFO - [2024-08-07T00:03:17.166-0300] {dag.py:3089} INFO - Sync 1 DAGs
[2024-08-07T00:03:17.268-0300] {logging_mixin.py:188} INFO - [2024-08-07T00:03:17.268-0300] {dag.py:3947} INFO - Setting next_dagrun for example_dynamic_task_mapping to 2022-03-04 00:00:00+00:00, run_after=2022-03-05 00:00:00+00:00
[2024-08-07T00:03:17.286-0300] {processor.py:183} INFO - Processing /home/wilamy/PARA/1_projetos/Data_Lake_Football/Data_Lake_Football_Airflow/venv_airflow_data_lake/lib/python3.10/site-packages/airflow/example_dags/example_dynamic_task_mapping.py took 0.143 seconds
