[2024-08-07T00:00:54.542-0300] {processor.py:161} INFO - Started process (PID=10836) to work on /home/wilamy/PARA/1_projetos/Data_Lake_Football/Data_Lake_Football_Airflow/venv_airflow_data_lake/lib/python3.10/site-packages/airflow/example_dags/example_time_delta_sensor_async.py
[2024-08-07T00:00:54.543-0300] {processor.py:830} INFO - Processing file /home/wilamy/PARA/1_projetos/Data_Lake_Football/Data_Lake_Football_Airflow/venv_airflow_data_lake/lib/python3.10/site-packages/airflow/example_dags/example_time_delta_sensor_async.py for tasks to queue
[2024-08-07T00:00:54.545-0300] {logging_mixin.py:188} INFO - [2024-08-07T00:00:54.545-0300] {dagbag.py:545} INFO - Filling up the DagBag from /home/wilamy/PARA/1_projetos/Data_Lake_Football/Data_Lake_Football_Airflow/venv_airflow_data_lake/lib/python3.10/site-packages/airflow/example_dags/example_time_delta_sensor_async.py
[2024-08-07T00:00:54.549-0300] {processor.py:840} INFO - DAG(s) 'example_time_delta_sensor_async' retrieved from /home/wilamy/PARA/1_projetos/Data_Lake_Football/Data_Lake_Football_Airflow/venv_airflow_data_lake/lib/python3.10/site-packages/airflow/example_dags/example_time_delta_sensor_async.py
[2024-08-07T00:00:54.655-0300] {logging_mixin.py:188} INFO - [2024-08-07T00:00:54.654-0300] {override.py:1858} INFO - Created Permission View: can delete on DAG:example_time_delta_sensor_async
[2024-08-07T00:00:54.667-0300] {logging_mixin.py:188} INFO - [2024-08-07T00:00:54.667-0300] {override.py:1858} INFO - Created Permission View: can edit on DAG:example_time_delta_sensor_async
[2024-08-07T00:00:54.673-0300] {logging_mixin.py:188} INFO - [2024-08-07T00:00:54.673-0300] {override.py:1858} INFO - Created Permission View: can read on DAG:example_time_delta_sensor_async
[2024-08-07T00:00:54.674-0300] {logging_mixin.py:188} INFO - [2024-08-07T00:00:54.674-0300] {dag.py:3089} INFO - Sync 1 DAGs
[2024-08-07T00:00:54.681-0300] {logging_mixin.py:188} INFO - [2024-08-07T00:00:54.681-0300] {dag.py:3111} INFO - Creating ORM DAG for example_time_delta_sensor_async
[2024-08-07T00:00:54.682-0300] {logging_mixin.py:188} INFO - [2024-08-07T00:00:54.682-0300] {dag.py:3947} INFO - Setting next_dagrun for example_time_delta_sensor_async to None, run_after=None
[2024-08-07T00:00:54.697-0300] {processor.py:183} INFO - Processing /home/wilamy/PARA/1_projetos/Data_Lake_Football/Data_Lake_Football_Airflow/venv_airflow_data_lake/lib/python3.10/site-packages/airflow/example_dags/example_time_delta_sensor_async.py took 0.160 seconds
[2024-08-07T00:01:49.518-0300] {processor.py:161} INFO - Started process (PID=11124) to work on /home/wilamy/PARA/1_projetos/Data_Lake_Football/Data_Lake_Football_Airflow/venv_airflow_data_lake/lib/python3.10/site-packages/airflow/example_dags/example_time_delta_sensor_async.py
[2024-08-07T00:01:49.522-0300] {processor.py:830} INFO - Processing file /home/wilamy/PARA/1_projetos/Data_Lake_Football/Data_Lake_Football_Airflow/venv_airflow_data_lake/lib/python3.10/site-packages/airflow/example_dags/example_time_delta_sensor_async.py for tasks to queue
[2024-08-07T00:01:49.527-0300] {logging_mixin.py:188} INFO - [2024-08-07T00:01:49.526-0300] {dagbag.py:545} INFO - Filling up the DagBag from /home/wilamy/PARA/1_projetos/Data_Lake_Football/Data_Lake_Football_Airflow/venv_airflow_data_lake/lib/python3.10/site-packages/airflow/example_dags/example_time_delta_sensor_async.py
[2024-08-07T00:01:49.539-0300] {processor.py:840} INFO - DAG(s) 'example_time_delta_sensor_async' retrieved from /home/wilamy/PARA/1_projetos/Data_Lake_Football/Data_Lake_Football_Airflow/venv_airflow_data_lake/lib/python3.10/site-packages/airflow/example_dags/example_time_delta_sensor_async.py
[2024-08-07T00:01:49.561-0300] {logging_mixin.py:188} INFO - [2024-08-07T00:01:49.561-0300] {dag.py:3089} INFO - Sync 1 DAGs
[2024-08-07T00:01:49.572-0300] {logging_mixin.py:188} INFO - [2024-08-07T00:01:49.571-0300] {dag.py:3947} INFO - Setting next_dagrun for example_time_delta_sensor_async to None, run_after=None
[2024-08-07T00:01:49.586-0300] {processor.py:183} INFO - Processing /home/wilamy/PARA/1_projetos/Data_Lake_Football/Data_Lake_Football_Airflow/venv_airflow_data_lake/lib/python3.10/site-packages/airflow/example_dags/example_time_delta_sensor_async.py took 0.075 seconds
[2024-08-07T00:02:38.695-0300] {processor.py:161} INFO - Started process (PID=11861) to work on /home/wilamy/PARA/1_projetos/Data_Lake_Football/Data_Lake_Football_Airflow/venv_airflow_data_lake/lib/python3.10/site-packages/airflow/example_dags/example_time_delta_sensor_async.py
[2024-08-07T00:02:38.700-0300] {processor.py:830} INFO - Processing file /home/wilamy/PARA/1_projetos/Data_Lake_Football/Data_Lake_Football_Airflow/venv_airflow_data_lake/lib/python3.10/site-packages/airflow/example_dags/example_time_delta_sensor_async.py for tasks to queue
[2024-08-07T00:02:38.703-0300] {logging_mixin.py:188} INFO - [2024-08-07T00:02:38.702-0300] {dagbag.py:545} INFO - Filling up the DagBag from /home/wilamy/PARA/1_projetos/Data_Lake_Football/Data_Lake_Football_Airflow/venv_airflow_data_lake/lib/python3.10/site-packages/airflow/example_dags/example_time_delta_sensor_async.py
[2024-08-07T00:02:38.712-0300] {processor.py:840} INFO - DAG(s) 'example_time_delta_sensor_async' retrieved from /home/wilamy/PARA/1_projetos/Data_Lake_Football/Data_Lake_Football_Airflow/venv_airflow_data_lake/lib/python3.10/site-packages/airflow/example_dags/example_time_delta_sensor_async.py
[2024-08-07T00:02:38.731-0300] {logging_mixin.py:188} INFO - [2024-08-07T00:02:38.731-0300] {dag.py:3089} INFO - Sync 1 DAGs
[2024-08-07T00:02:38.742-0300] {logging_mixin.py:188} INFO - [2024-08-07T00:02:38.742-0300] {dag.py:3947} INFO - Setting next_dagrun for example_time_delta_sensor_async to None, run_after=None
[2024-08-07T00:02:38.760-0300] {processor.py:183} INFO - Processing /home/wilamy/PARA/1_projetos/Data_Lake_Football/Data_Lake_Football_Airflow/venv_airflow_data_lake/lib/python3.10/site-packages/airflow/example_dags/example_time_delta_sensor_async.py took 0.074 seconds
[2024-08-07T00:03:27.192-0300] {processor.py:161} INFO - Started process (PID=12109) to work on /home/wilamy/PARA/1_projetos/Data_Lake_Football/Data_Lake_Football_Airflow/venv_airflow_data_lake/lib/python3.10/site-packages/airflow/example_dags/example_time_delta_sensor_async.py
[2024-08-07T00:03:27.196-0300] {processor.py:830} INFO - Processing file /home/wilamy/PARA/1_projetos/Data_Lake_Football/Data_Lake_Football_Airflow/venv_airflow_data_lake/lib/python3.10/site-packages/airflow/example_dags/example_time_delta_sensor_async.py for tasks to queue
[2024-08-07T00:03:27.197-0300] {logging_mixin.py:188} INFO - [2024-08-07T00:03:27.197-0300] {dagbag.py:545} INFO - Filling up the DagBag from /home/wilamy/PARA/1_projetos/Data_Lake_Football/Data_Lake_Football_Airflow/venv_airflow_data_lake/lib/python3.10/site-packages/airflow/example_dags/example_time_delta_sensor_async.py
[2024-08-07T00:03:27.201-0300] {processor.py:840} INFO - DAG(s) 'example_time_delta_sensor_async' retrieved from /home/wilamy/PARA/1_projetos/Data_Lake_Football/Data_Lake_Football_Airflow/venv_airflow_data_lake/lib/python3.10/site-packages/airflow/example_dags/example_time_delta_sensor_async.py
[2024-08-07T00:03:27.299-0300] {logging_mixin.py:188} INFO - [2024-08-07T00:03:27.299-0300] {dag.py:3089} INFO - Sync 1 DAGs
[2024-08-07T00:03:27.311-0300] {logging_mixin.py:188} INFO - [2024-08-07T00:03:27.311-0300] {dag.py:3947} INFO - Setting next_dagrun for example_time_delta_sensor_async to None, run_after=None
[2024-08-07T00:03:27.330-0300] {processor.py:183} INFO - Processing /home/wilamy/PARA/1_projetos/Data_Lake_Football/Data_Lake_Football_Airflow/venv_airflow_data_lake/lib/python3.10/site-packages/airflow/example_dags/example_time_delta_sensor_async.py took 0.144 seconds
