[2024-08-07T00:00:50.751-0300] {processor.py:161} INFO - Started process (PID=10824) to work on /home/wilamy/PARA/1_projetos/Data_Lake_Football/Data_Lake_Football_Airflow/venv_airflow_data_lake/lib/python3.10/site-packages/airflow/example_dags/example_task_group_decorator.py
[2024-08-07T00:00:50.752-0300] {processor.py:830} INFO - Processing file /home/wilamy/PARA/1_projetos/Data_Lake_Football/Data_Lake_Football_Airflow/venv_airflow_data_lake/lib/python3.10/site-packages/airflow/example_dags/example_task_group_decorator.py for tasks to queue
[2024-08-07T00:00:50.753-0300] {logging_mixin.py:188} INFO - [2024-08-07T00:00:50.753-0300] {dagbag.py:545} INFO - Filling up the DagBag from /home/wilamy/PARA/1_projetos/Data_Lake_Football/Data_Lake_Football_Airflow/venv_airflow_data_lake/lib/python3.10/site-packages/airflow/example_dags/example_task_group_decorator.py
[2024-08-07T00:00:50.764-0300] {processor.py:840} INFO - DAG(s) 'example_task_group_decorator' retrieved from /home/wilamy/PARA/1_projetos/Data_Lake_Football/Data_Lake_Football_Airflow/venv_airflow_data_lake/lib/python3.10/site-packages/airflow/example_dags/example_task_group_decorator.py
[2024-08-07T00:00:50.844-0300] {logging_mixin.py:188} INFO - [2024-08-07T00:00:50.843-0300] {override.py:1858} INFO - Created Permission View: can delete on DAG:example_task_group_decorator
[2024-08-07T00:00:50.855-0300] {logging_mixin.py:188} INFO - [2024-08-07T00:00:50.855-0300] {override.py:1858} INFO - Created Permission View: can edit on DAG:example_task_group_decorator
[2024-08-07T00:00:50.862-0300] {logging_mixin.py:188} INFO - [2024-08-07T00:00:50.861-0300] {override.py:1858} INFO - Created Permission View: can read on DAG:example_task_group_decorator
[2024-08-07T00:00:50.862-0300] {logging_mixin.py:188} INFO - [2024-08-07T00:00:50.862-0300] {dag.py:3089} INFO - Sync 1 DAGs
[2024-08-07T00:00:50.869-0300] {logging_mixin.py:188} INFO - [2024-08-07T00:00:50.869-0300] {dag.py:3111} INFO - Creating ORM DAG for example_task_group_decorator
[2024-08-07T00:00:50.875-0300] {logging_mixin.py:188} INFO - [2024-08-07T00:00:50.875-0300] {dag.py:3947} INFO - Setting next_dagrun for example_task_group_decorator to 2024-08-06 00:00:00+00:00, run_after=2024-08-07 00:00:00+00:00
[2024-08-07T00:00:50.887-0300] {processor.py:183} INFO - Processing /home/wilamy/PARA/1_projetos/Data_Lake_Football/Data_Lake_Football_Airflow/venv_airflow_data_lake/lib/python3.10/site-packages/airflow/example_dags/example_task_group_decorator.py took 0.140 seconds
[2024-08-07T00:01:46.534-0300] {processor.py:161} INFO - Started process (PID=11105) to work on /home/wilamy/PARA/1_projetos/Data_Lake_Football/Data_Lake_Football_Airflow/venv_airflow_data_lake/lib/python3.10/site-packages/airflow/example_dags/example_task_group_decorator.py
[2024-08-07T00:01:46.539-0300] {processor.py:830} INFO - Processing file /home/wilamy/PARA/1_projetos/Data_Lake_Football/Data_Lake_Football_Airflow/venv_airflow_data_lake/lib/python3.10/site-packages/airflow/example_dags/example_task_group_decorator.py for tasks to queue
[2024-08-07T00:01:46.545-0300] {logging_mixin.py:188} INFO - [2024-08-07T00:01:46.544-0300] {dagbag.py:545} INFO - Filling up the DagBag from /home/wilamy/PARA/1_projetos/Data_Lake_Football/Data_Lake_Football_Airflow/venv_airflow_data_lake/lib/python3.10/site-packages/airflow/example_dags/example_task_group_decorator.py
[2024-08-07T00:01:46.566-0300] {processor.py:840} INFO - DAG(s) 'example_task_group_decorator' retrieved from /home/wilamy/PARA/1_projetos/Data_Lake_Football/Data_Lake_Football_Airflow/venv_airflow_data_lake/lib/python3.10/site-packages/airflow/example_dags/example_task_group_decorator.py
[2024-08-07T00:01:46.583-0300] {logging_mixin.py:188} INFO - [2024-08-07T00:01:46.583-0300] {dag.py:3089} INFO - Sync 1 DAGs
[2024-08-07T00:01:46.598-0300] {logging_mixin.py:188} INFO - [2024-08-07T00:01:46.598-0300] {dag.py:3947} INFO - Setting next_dagrun for example_task_group_decorator to 2024-08-06 00:00:00+00:00, run_after=2024-08-07 00:00:00+00:00
[2024-08-07T00:01:46.614-0300] {processor.py:183} INFO - Processing /home/wilamy/PARA/1_projetos/Data_Lake_Football/Data_Lake_Football_Airflow/venv_airflow_data_lake/lib/python3.10/site-packages/airflow/example_dags/example_task_group_decorator.py took 0.097 seconds
[2024-08-07T00:02:32.013-0300] {processor.py:161} INFO - Started process (PID=11786) to work on /home/wilamy/PARA/1_projetos/Data_Lake_Football/Data_Lake_Football_Airflow/venv_airflow_data_lake/lib/python3.10/site-packages/airflow/example_dags/example_task_group_decorator.py
[2024-08-07T00:02:32.017-0300] {processor.py:830} INFO - Processing file /home/wilamy/PARA/1_projetos/Data_Lake_Football/Data_Lake_Football_Airflow/venv_airflow_data_lake/lib/python3.10/site-packages/airflow/example_dags/example_task_group_decorator.py for tasks to queue
[2024-08-07T00:02:32.018-0300] {logging_mixin.py:188} INFO - [2024-08-07T00:02:32.018-0300] {dagbag.py:545} INFO - Filling up the DagBag from /home/wilamy/PARA/1_projetos/Data_Lake_Football/Data_Lake_Football_Airflow/venv_airflow_data_lake/lib/python3.10/site-packages/airflow/example_dags/example_task_group_decorator.py
[2024-08-07T00:02:32.034-0300] {processor.py:840} INFO - DAG(s) 'example_task_group_decorator' retrieved from /home/wilamy/PARA/1_projetos/Data_Lake_Football/Data_Lake_Football_Airflow/venv_airflow_data_lake/lib/python3.10/site-packages/airflow/example_dags/example_task_group_decorator.py
[2024-08-07T00:02:32.055-0300] {logging_mixin.py:188} INFO - [2024-08-07T00:02:32.054-0300] {dag.py:3089} INFO - Sync 1 DAGs
[2024-08-07T00:02:32.073-0300] {logging_mixin.py:188} INFO - [2024-08-07T00:02:32.073-0300] {dag.py:3947} INFO - Setting next_dagrun for example_task_group_decorator to 2024-08-06 00:00:00+00:00, run_after=2024-08-07 00:00:00+00:00
[2024-08-07T00:02:32.142-0300] {processor.py:183} INFO - Processing /home/wilamy/PARA/1_projetos/Data_Lake_Football/Data_Lake_Football_Airflow/venv_airflow_data_lake/lib/python3.10/site-packages/airflow/example_dags/example_task_group_decorator.py took 0.134 seconds
[2024-08-07T00:03:23.955-0300] {processor.py:161} INFO - Started process (PID=12096) to work on /home/wilamy/PARA/1_projetos/Data_Lake_Football/Data_Lake_Football_Airflow/venv_airflow_data_lake/lib/python3.10/site-packages/airflow/example_dags/example_task_group_decorator.py
[2024-08-07T00:03:23.959-0300] {processor.py:830} INFO - Processing file /home/wilamy/PARA/1_projetos/Data_Lake_Football/Data_Lake_Football_Airflow/venv_airflow_data_lake/lib/python3.10/site-packages/airflow/example_dags/example_task_group_decorator.py for tasks to queue
[2024-08-07T00:03:23.960-0300] {logging_mixin.py:188} INFO - [2024-08-07T00:03:23.959-0300] {dagbag.py:545} INFO - Filling up the DagBag from /home/wilamy/PARA/1_projetos/Data_Lake_Football/Data_Lake_Football_Airflow/venv_airflow_data_lake/lib/python3.10/site-packages/airflow/example_dags/example_task_group_decorator.py
[2024-08-07T00:03:24.053-0300] {processor.py:840} INFO - DAG(s) 'example_task_group_decorator' retrieved from /home/wilamy/PARA/1_projetos/Data_Lake_Football/Data_Lake_Football_Airflow/venv_airflow_data_lake/lib/python3.10/site-packages/airflow/example_dags/example_task_group_decorator.py
[2024-08-07T00:03:24.072-0300] {logging_mixin.py:188} INFO - [2024-08-07T00:03:24.071-0300] {dag.py:3089} INFO - Sync 1 DAGs
[2024-08-07T00:03:24.087-0300] {logging_mixin.py:188} INFO - [2024-08-07T00:03:24.087-0300] {dag.py:3947} INFO - Setting next_dagrun for example_task_group_decorator to 2024-08-06 00:00:00+00:00, run_after=2024-08-07 00:00:00+00:00
[2024-08-07T00:03:24.102-0300] {processor.py:183} INFO - Processing /home/wilamy/PARA/1_projetos/Data_Lake_Football/Data_Lake_Football_Airflow/venv_airflow_data_lake/lib/python3.10/site-packages/airflow/example_dags/example_task_group_decorator.py took 0.151 seconds
