[2024-08-07T00:01:34.128-0300] {processor.py:161} INFO - Started process (PID=11036) to work on /home/wilamy/PARA/1_projetos/Data_Lake_Football/Data_Lake_Football_Airflow/venv_airflow_data_lake/lib/python3.10/site-packages/airflow/example_dags/example_branch_python_dop_operator_3.py
[2024-08-07T00:01:34.130-0300] {processor.py:830} INFO - Processing file /home/wilamy/PARA/1_projetos/Data_Lake_Football/Data_Lake_Football_Airflow/venv_airflow_data_lake/lib/python3.10/site-packages/airflow/example_dags/example_branch_python_dop_operator_3.py for tasks to queue
[2024-08-07T00:01:34.133-0300] {logging_mixin.py:188} INFO - [2024-08-07T00:01:34.132-0300] {dagbag.py:545} INFO - Filling up the DagBag from /home/wilamy/PARA/1_projetos/Data_Lake_Football/Data_Lake_Football_Airflow/venv_airflow_data_lake/lib/python3.10/site-packages/airflow/example_dags/example_branch_python_dop_operator_3.py
[2024-08-07T00:01:34.144-0300] {processor.py:840} INFO - DAG(s) 'example_branch_dop_operator_v3' retrieved from /home/wilamy/PARA/1_projetos/Data_Lake_Football/Data_Lake_Football_Airflow/venv_airflow_data_lake/lib/python3.10/site-packages/airflow/example_dags/example_branch_python_dop_operator_3.py
[2024-08-07T00:01:34.227-0300] {logging_mixin.py:188} INFO - [2024-08-07T00:01:34.226-0300] {override.py:1858} INFO - Created Permission View: can delete on DAG:example_branch_dop_operator_v3
[2024-08-07T00:01:34.235-0300] {logging_mixin.py:188} INFO - [2024-08-07T00:01:34.234-0300] {override.py:1858} INFO - Created Permission View: can edit on DAG:example_branch_dop_operator_v3
[2024-08-07T00:01:34.241-0300] {logging_mixin.py:188} INFO - [2024-08-07T00:01:34.240-0300] {override.py:1858} INFO - Created Permission View: can read on DAG:example_branch_dop_operator_v3
[2024-08-07T00:01:34.241-0300] {logging_mixin.py:188} INFO - [2024-08-07T00:01:34.241-0300] {dag.py:3089} INFO - Sync 1 DAGs
[2024-08-07T00:01:34.334-0300] {logging_mixin.py:188} INFO - [2024-08-07T00:01:34.333-0300] {dag.py:3111} INFO - Creating ORM DAG for example_branch_dop_operator_v3
[2024-08-07T00:01:34.349-0300] {logging_mixin.py:188} INFO - [2024-08-07T00:01:34.349-0300] {dag.py:3947} INFO - Setting next_dagrun for example_branch_dop_operator_v3 to 2024-08-07 03:00:00+00:00, run_after=2024-08-07 03:01:00+00:00
[2024-08-07T00:01:34.394-0300] {processor.py:183} INFO - Processing /home/wilamy/PARA/1_projetos/Data_Lake_Football/Data_Lake_Football_Airflow/venv_airflow_data_lake/lib/python3.10/site-packages/airflow/example_dags/example_branch_python_dop_operator_3.py took 0.277 seconds
[2024-08-07T00:02:37.532-0300] {processor.py:161} INFO - Started process (PID=11852) to work on /home/wilamy/PARA/1_projetos/Data_Lake_Football/Data_Lake_Football_Airflow/venv_airflow_data_lake/lib/python3.10/site-packages/airflow/example_dags/example_branch_python_dop_operator_3.py
[2024-08-07T00:02:37.538-0300] {processor.py:830} INFO - Processing file /home/wilamy/PARA/1_projetos/Data_Lake_Football/Data_Lake_Football_Airflow/venv_airflow_data_lake/lib/python3.10/site-packages/airflow/example_dags/example_branch_python_dop_operator_3.py for tasks to queue
[2024-08-07T00:02:37.540-0300] {logging_mixin.py:188} INFO - [2024-08-07T00:02:37.540-0300] {dagbag.py:545} INFO - Filling up the DagBag from /home/wilamy/PARA/1_projetos/Data_Lake_Football/Data_Lake_Football_Airflow/venv_airflow_data_lake/lib/python3.10/site-packages/airflow/example_dags/example_branch_python_dop_operator_3.py
[2024-08-07T00:02:37.550-0300] {processor.py:840} INFO - DAG(s) 'example_branch_dop_operator_v3' retrieved from /home/wilamy/PARA/1_projetos/Data_Lake_Football/Data_Lake_Football_Airflow/venv_airflow_data_lake/lib/python3.10/site-packages/airflow/example_dags/example_branch_python_dop_operator_3.py
[2024-08-07T00:02:37.566-0300] {logging_mixin.py:188} INFO - [2024-08-07T00:02:37.566-0300] {dag.py:3089} INFO - Sync 1 DAGs
[2024-08-07T00:02:37.586-0300] {logging_mixin.py:188} INFO - [2024-08-07T00:02:37.585-0300] {dag.py:3947} INFO - Setting next_dagrun for example_branch_dop_operator_v3 to 2024-08-07 03:01:00+00:00, run_after=2024-08-07 03:02:00+00:00
[2024-08-07T00:02:37.601-0300] {processor.py:183} INFO - Processing /home/wilamy/PARA/1_projetos/Data_Lake_Football/Data_Lake_Football_Airflow/venv_airflow_data_lake/lib/python3.10/site-packages/airflow/example_dags/example_branch_python_dop_operator_3.py took 0.075 seconds
[2024-08-07T00:03:46.241-0300] {processor.py:161} INFO - Started process (PID=12204) to work on /home/wilamy/PARA/1_projetos/Data_Lake_Football/Data_Lake_Football_Airflow/venv_airflow_data_lake/lib/python3.10/site-packages/airflow/example_dags/example_branch_python_dop_operator_3.py
[2024-08-07T00:03:46.245-0300] {processor.py:830} INFO - Processing file /home/wilamy/PARA/1_projetos/Data_Lake_Football/Data_Lake_Football_Airflow/venv_airflow_data_lake/lib/python3.10/site-packages/airflow/example_dags/example_branch_python_dop_operator_3.py for tasks to queue
[2024-08-07T00:03:46.247-0300] {logging_mixin.py:188} INFO - [2024-08-07T00:03:46.247-0300] {dagbag.py:545} INFO - Filling up the DagBag from /home/wilamy/PARA/1_projetos/Data_Lake_Football/Data_Lake_Football_Airflow/venv_airflow_data_lake/lib/python3.10/site-packages/airflow/example_dags/example_branch_python_dop_operator_3.py
[2024-08-07T00:03:46.257-0300] {processor.py:840} INFO - DAG(s) 'example_branch_dop_operator_v3' retrieved from /home/wilamy/PARA/1_projetos/Data_Lake_Football/Data_Lake_Football_Airflow/venv_airflow_data_lake/lib/python3.10/site-packages/airflow/example_dags/example_branch_python_dop_operator_3.py
[2024-08-07T00:03:46.272-0300] {logging_mixin.py:188} INFO - [2024-08-07T00:03:46.271-0300] {dag.py:3089} INFO - Sync 1 DAGs
[2024-08-07T00:03:46.292-0300] {logging_mixin.py:188} INFO - [2024-08-07T00:03:46.292-0300] {dag.py:3947} INFO - Setting next_dagrun for example_branch_dop_operator_v3 to 2024-08-07 03:02:00+00:00, run_after=2024-08-07 03:03:00+00:00
[2024-08-07T00:03:46.309-0300] {processor.py:183} INFO - Processing /home/wilamy/PARA/1_projetos/Data_Lake_Football/Data_Lake_Football_Airflow/venv_airflow_data_lake/lib/python3.10/site-packages/airflow/example_dags/example_branch_python_dop_operator_3.py took 0.074 seconds
