[2024-08-07T00:01:06.190-0300] {processor.py:161} INFO - Started process (PID=10901) to work on /home/wilamy/PARA/1_projetos/Data_Lake_Football/Data_Lake_Football_Airflow/venv_airflow_data_lake/lib/python3.10/site-packages/airflow/example_dags/example_python_decorator.py
[2024-08-07T00:01:06.191-0300] {processor.py:830} INFO - Processing file /home/wilamy/PARA/1_projetos/Data_Lake_Football/Data_Lake_Football_Airflow/venv_airflow_data_lake/lib/python3.10/site-packages/airflow/example_dags/example_python_decorator.py for tasks to queue
[2024-08-07T00:01:06.192-0300] {logging_mixin.py:188} INFO - [2024-08-07T00:01:06.192-0300] {dagbag.py:545} INFO - Filling up the DagBag from /home/wilamy/PARA/1_projetos/Data_Lake_Football/Data_Lake_Football_Airflow/venv_airflow_data_lake/lib/python3.10/site-packages/airflow/example_dags/example_python_decorator.py
[2024-08-07T00:01:06.201-0300] {logging_mixin.py:188} INFO - [2024-08-07T00:01:06.200-0300] {example_python_decorator.py:80} WARNING - The virtalenv_python example task requires virtualenv, please install it.
[2024-08-07T00:01:06.201-0300] {processor.py:840} INFO - DAG(s) 'example_python_decorator' retrieved from /home/wilamy/PARA/1_projetos/Data_Lake_Football/Data_Lake_Football_Airflow/venv_airflow_data_lake/lib/python3.10/site-packages/airflow/example_dags/example_python_decorator.py
[2024-08-07T00:01:06.281-0300] {logging_mixin.py:188} INFO - [2024-08-07T00:01:06.280-0300] {override.py:1858} INFO - Created Permission View: can delete on DAG:example_python_decorator
[2024-08-07T00:01:06.289-0300] {logging_mixin.py:188} INFO - [2024-08-07T00:01:06.289-0300] {override.py:1858} INFO - Created Permission View: can edit on DAG:example_python_decorator
[2024-08-07T00:01:06.296-0300] {logging_mixin.py:188} INFO - [2024-08-07T00:01:06.296-0300] {override.py:1858} INFO - Created Permission View: can read on DAG:example_python_decorator
[2024-08-07T00:01:06.296-0300] {logging_mixin.py:188} INFO - [2024-08-07T00:01:06.296-0300] {dag.py:3089} INFO - Sync 1 DAGs
[2024-08-07T00:01:06.304-0300] {logging_mixin.py:188} INFO - [2024-08-07T00:01:06.304-0300] {dag.py:3111} INFO - Creating ORM DAG for example_python_decorator
[2024-08-07T00:01:06.305-0300] {logging_mixin.py:188} INFO - [2024-08-07T00:01:06.304-0300] {dag.py:3947} INFO - Setting next_dagrun for example_python_decorator to None, run_after=None
[2024-08-07T00:01:06.345-0300] {processor.py:183} INFO - Processing /home/wilamy/PARA/1_projetos/Data_Lake_Football/Data_Lake_Football_Airflow/venv_airflow_data_lake/lib/python3.10/site-packages/airflow/example_dags/example_python_decorator.py took 0.160 seconds
[2024-08-07T00:02:00.991-0300] {processor.py:161} INFO - Started process (PID=11179) to work on /home/wilamy/PARA/1_projetos/Data_Lake_Football/Data_Lake_Football_Airflow/venv_airflow_data_lake/lib/python3.10/site-packages/airflow/example_dags/example_python_decorator.py
[2024-08-07T00:02:00.995-0300] {processor.py:830} INFO - Processing file /home/wilamy/PARA/1_projetos/Data_Lake_Football/Data_Lake_Football_Airflow/venv_airflow_data_lake/lib/python3.10/site-packages/airflow/example_dags/example_python_decorator.py for tasks to queue
[2024-08-07T00:02:00.997-0300] {logging_mixin.py:188} INFO - [2024-08-07T00:02:00.996-0300] {dagbag.py:545} INFO - Filling up the DagBag from /home/wilamy/PARA/1_projetos/Data_Lake_Football/Data_Lake_Football_Airflow/venv_airflow_data_lake/lib/python3.10/site-packages/airflow/example_dags/example_python_decorator.py
[2024-08-07T00:02:01.005-0300] {logging_mixin.py:188} INFO - [2024-08-07T00:02:01.005-0300] {example_python_decorator.py:80} WARNING - The virtalenv_python example task requires virtualenv, please install it.
[2024-08-07T00:02:01.006-0300] {processor.py:840} INFO - DAG(s) 'example_python_decorator' retrieved from /home/wilamy/PARA/1_projetos/Data_Lake_Football/Data_Lake_Football_Airflow/venv_airflow_data_lake/lib/python3.10/site-packages/airflow/example_dags/example_python_decorator.py
[2024-08-07T00:02:01.021-0300] {logging_mixin.py:188} INFO - [2024-08-07T00:02:01.021-0300] {dag.py:3089} INFO - Sync 1 DAGs
[2024-08-07T00:02:01.030-0300] {logging_mixin.py:188} INFO - [2024-08-07T00:02:01.030-0300] {dag.py:3947} INFO - Setting next_dagrun for example_python_decorator to None, run_after=None
[2024-08-07T00:02:01.045-0300] {processor.py:183} INFO - Processing /home/wilamy/PARA/1_projetos/Data_Lake_Football/Data_Lake_Football_Airflow/venv_airflow_data_lake/lib/python3.10/site-packages/airflow/example_dags/example_python_decorator.py took 0.060 seconds
[2024-08-07T00:02:49.238-0300] {processor.py:161} INFO - Started process (PID=11914) to work on /home/wilamy/PARA/1_projetos/Data_Lake_Football/Data_Lake_Football_Airflow/venv_airflow_data_lake/lib/python3.10/site-packages/airflow/example_dags/example_python_decorator.py
[2024-08-07T00:02:49.242-0300] {processor.py:830} INFO - Processing file /home/wilamy/PARA/1_projetos/Data_Lake_Football/Data_Lake_Football_Airflow/venv_airflow_data_lake/lib/python3.10/site-packages/airflow/example_dags/example_python_decorator.py for tasks to queue
[2024-08-07T00:02:49.244-0300] {logging_mixin.py:188} INFO - [2024-08-07T00:02:49.244-0300] {dagbag.py:545} INFO - Filling up the DagBag from /home/wilamy/PARA/1_projetos/Data_Lake_Football/Data_Lake_Football_Airflow/venv_airflow_data_lake/lib/python3.10/site-packages/airflow/example_dags/example_python_decorator.py
[2024-08-07T00:02:49.254-0300] {logging_mixin.py:188} INFO - [2024-08-07T00:02:49.254-0300] {example_python_decorator.py:80} WARNING - The virtalenv_python example task requires virtualenv, please install it.
[2024-08-07T00:02:49.255-0300] {processor.py:840} INFO - DAG(s) 'example_python_decorator' retrieved from /home/wilamy/PARA/1_projetos/Data_Lake_Football/Data_Lake_Football_Airflow/venv_airflow_data_lake/lib/python3.10/site-packages/airflow/example_dags/example_python_decorator.py
[2024-08-07T00:02:49.277-0300] {logging_mixin.py:188} INFO - [2024-08-07T00:02:49.276-0300] {dag.py:3089} INFO - Sync 1 DAGs
[2024-08-07T00:02:49.293-0300] {logging_mixin.py:188} INFO - [2024-08-07T00:02:49.293-0300] {dag.py:3947} INFO - Setting next_dagrun for example_python_decorator to None, run_after=None
[2024-08-07T00:02:49.409-0300] {processor.py:183} INFO - Processing /home/wilamy/PARA/1_projetos/Data_Lake_Football/Data_Lake_Football_Airflow/venv_airflow_data_lake/lib/python3.10/site-packages/airflow/example_dags/example_python_decorator.py took 0.178 seconds
[2024-08-07T00:03:38.646-0300] {processor.py:161} INFO - Started process (PID=12162) to work on /home/wilamy/PARA/1_projetos/Data_Lake_Football/Data_Lake_Football_Airflow/venv_airflow_data_lake/lib/python3.10/site-packages/airflow/example_dags/example_python_decorator.py
[2024-08-07T00:03:38.651-0300] {processor.py:830} INFO - Processing file /home/wilamy/PARA/1_projetos/Data_Lake_Football/Data_Lake_Football_Airflow/venv_airflow_data_lake/lib/python3.10/site-packages/airflow/example_dags/example_python_decorator.py for tasks to queue
[2024-08-07T00:03:38.654-0300] {logging_mixin.py:188} INFO - [2024-08-07T00:03:38.653-0300] {dagbag.py:545} INFO - Filling up the DagBag from /home/wilamy/PARA/1_projetos/Data_Lake_Football/Data_Lake_Football_Airflow/venv_airflow_data_lake/lib/python3.10/site-packages/airflow/example_dags/example_python_decorator.py
[2024-08-07T00:03:38.667-0300] {logging_mixin.py:188} INFO - [2024-08-07T00:03:38.667-0300] {example_python_decorator.py:80} WARNING - The virtalenv_python example task requires virtualenv, please install it.
[2024-08-07T00:03:38.667-0300] {processor.py:840} INFO - DAG(s) 'example_python_decorator' retrieved from /home/wilamy/PARA/1_projetos/Data_Lake_Football/Data_Lake_Football_Airflow/venv_airflow_data_lake/lib/python3.10/site-packages/airflow/example_dags/example_python_decorator.py
[2024-08-07T00:03:38.682-0300] {logging_mixin.py:188} INFO - [2024-08-07T00:03:38.682-0300] {dag.py:3089} INFO - Sync 1 DAGs
[2024-08-07T00:03:38.692-0300] {logging_mixin.py:188} INFO - [2024-08-07T00:03:38.691-0300] {dag.py:3947} INFO - Setting next_dagrun for example_python_decorator to None, run_after=None
[2024-08-07T00:03:38.707-0300] {processor.py:183} INFO - Processing /home/wilamy/PARA/1_projetos/Data_Lake_Football/Data_Lake_Football_Airflow/venv_airflow_data_lake/lib/python3.10/site-packages/airflow/example_dags/example_python_decorator.py took 0.078 seconds
