[2024-08-07T00:01:15.316-0300] {processor.py:161} INFO - Started process (PID=10942) to work on /home/wilamy/PARA/1_projetos/Data_Lake_Football/Data_Lake_Football_Airflow/venv_airflow_data_lake/lib/python3.10/site-packages/airflow/example_dags/example_bash_operator.py
[2024-08-07T00:01:15.318-0300] {processor.py:830} INFO - Processing file /home/wilamy/PARA/1_projetos/Data_Lake_Football/Data_Lake_Football_Airflow/venv_airflow_data_lake/lib/python3.10/site-packages/airflow/example_dags/example_bash_operator.py for tasks to queue
[2024-08-07T00:01:15.322-0300] {logging_mixin.py:188} INFO - [2024-08-07T00:01:15.321-0300] {dagbag.py:545} INFO - Filling up the DagBag from /home/wilamy/PARA/1_projetos/Data_Lake_Football/Data_Lake_Football_Airflow/venv_airflow_data_lake/lib/python3.10/site-packages/airflow/example_dags/example_bash_operator.py
[2024-08-07T00:01:15.337-0300] {processor.py:840} INFO - DAG(s) 'example_bash_operator' retrieved from /home/wilamy/PARA/1_projetos/Data_Lake_Football/Data_Lake_Football_Airflow/venv_airflow_data_lake/lib/python3.10/site-packages/airflow/example_dags/example_bash_operator.py
[2024-08-07T00:01:15.415-0300] {logging_mixin.py:188} INFO - [2024-08-07T00:01:15.415-0300] {override.py:1858} INFO - Created Permission View: can delete on DAG:example_bash_operator
[2024-08-07T00:01:15.422-0300] {logging_mixin.py:188} INFO - [2024-08-07T00:01:15.422-0300] {override.py:1858} INFO - Created Permission View: can edit on DAG:example_bash_operator
[2024-08-07T00:01:15.429-0300] {logging_mixin.py:188} INFO - [2024-08-07T00:01:15.429-0300] {override.py:1858} INFO - Created Permission View: can read on DAG:example_bash_operator
[2024-08-07T00:01:15.429-0300] {logging_mixin.py:188} INFO - [2024-08-07T00:01:15.429-0300] {dag.py:3089} INFO - Sync 1 DAGs
[2024-08-07T00:01:15.437-0300] {logging_mixin.py:188} INFO - [2024-08-07T00:01:15.437-0300] {dag.py:3111} INFO - Creating ORM DAG for example_bash_operator
[2024-08-07T00:01:15.448-0300] {logging_mixin.py:188} INFO - [2024-08-07T00:01:15.447-0300] {dag.py:3947} INFO - Setting next_dagrun for example_bash_operator to 2024-08-06 00:00:00+00:00, run_after=2024-08-07 00:00:00+00:00
[2024-08-07T00:01:15.539-0300] {processor.py:183} INFO - Processing /home/wilamy/PARA/1_projetos/Data_Lake_Football/Data_Lake_Football_Airflow/venv_airflow_data_lake/lib/python3.10/site-packages/airflow/example_dags/example_bash_operator.py took 0.239 seconds
[2024-08-07T00:02:07.825-0300] {processor.py:161} INFO - Started process (PID=11212) to work on /home/wilamy/PARA/1_projetos/Data_Lake_Football/Data_Lake_Football_Airflow/venv_airflow_data_lake/lib/python3.10/site-packages/airflow/example_dags/example_bash_operator.py
[2024-08-07T00:02:07.829-0300] {processor.py:830} INFO - Processing file /home/wilamy/PARA/1_projetos/Data_Lake_Football/Data_Lake_Football_Airflow/venv_airflow_data_lake/lib/python3.10/site-packages/airflow/example_dags/example_bash_operator.py for tasks to queue
[2024-08-07T00:02:07.832-0300] {logging_mixin.py:188} INFO - [2024-08-07T00:02:07.831-0300] {dagbag.py:545} INFO - Filling up the DagBag from /home/wilamy/PARA/1_projetos/Data_Lake_Football/Data_Lake_Football_Airflow/venv_airflow_data_lake/lib/python3.10/site-packages/airflow/example_dags/example_bash_operator.py
[2024-08-07T00:02:07.845-0300] {processor.py:840} INFO - DAG(s) 'example_bash_operator' retrieved from /home/wilamy/PARA/1_projetos/Data_Lake_Football/Data_Lake_Football_Airflow/venv_airflow_data_lake/lib/python3.10/site-packages/airflow/example_dags/example_bash_operator.py
[2024-08-07T00:02:07.872-0300] {logging_mixin.py:188} INFO - [2024-08-07T00:02:07.872-0300] {dag.py:3089} INFO - Sync 1 DAGs
[2024-08-07T00:02:07.891-0300] {logging_mixin.py:188} INFO - [2024-08-07T00:02:07.891-0300] {dag.py:3947} INFO - Setting next_dagrun for example_bash_operator to 2024-08-06 00:00:00+00:00, run_after=2024-08-07 00:00:00+00:00
[2024-08-07T00:02:07.908-0300] {processor.py:183} INFO - Processing /home/wilamy/PARA/1_projetos/Data_Lake_Football/Data_Lake_Football_Airflow/venv_airflow_data_lake/lib/python3.10/site-packages/airflow/example_dags/example_bash_operator.py took 0.094 seconds
[2024-08-07T00:02:57.923-0300] {processor.py:161} INFO - Started process (PID=11957) to work on /home/wilamy/PARA/1_projetos/Data_Lake_Football/Data_Lake_Football_Airflow/venv_airflow_data_lake/lib/python3.10/site-packages/airflow/example_dags/example_bash_operator.py
[2024-08-07T00:02:57.927-0300] {processor.py:830} INFO - Processing file /home/wilamy/PARA/1_projetos/Data_Lake_Football/Data_Lake_Football_Airflow/venv_airflow_data_lake/lib/python3.10/site-packages/airflow/example_dags/example_bash_operator.py for tasks to queue
[2024-08-07T00:02:57.928-0300] {logging_mixin.py:188} INFO - [2024-08-07T00:02:57.928-0300] {dagbag.py:545} INFO - Filling up the DagBag from /home/wilamy/PARA/1_projetos/Data_Lake_Football/Data_Lake_Football_Airflow/venv_airflow_data_lake/lib/python3.10/site-packages/airflow/example_dags/example_bash_operator.py
[2024-08-07T00:02:57.939-0300] {processor.py:840} INFO - DAG(s) 'example_bash_operator' retrieved from /home/wilamy/PARA/1_projetos/Data_Lake_Football/Data_Lake_Football_Airflow/venv_airflow_data_lake/lib/python3.10/site-packages/airflow/example_dags/example_bash_operator.py
[2024-08-07T00:02:57.959-0300] {logging_mixin.py:188} INFO - [2024-08-07T00:02:57.959-0300] {dag.py:3089} INFO - Sync 1 DAGs
[2024-08-07T00:02:58.052-0300] {logging_mixin.py:188} INFO - [2024-08-07T00:02:58.052-0300] {dag.py:3947} INFO - Setting next_dagrun for example_bash_operator to 2024-08-06 00:00:00+00:00, run_after=2024-08-07 00:00:00+00:00
[2024-08-07T00:02:58.069-0300] {processor.py:183} INFO - Processing /home/wilamy/PARA/1_projetos/Data_Lake_Football/Data_Lake_Football_Airflow/venv_airflow_data_lake/lib/python3.10/site-packages/airflow/example_dags/example_bash_operator.py took 0.154 seconds
[2024-08-07T00:04:03.317-0300] {processor.py:161} INFO - Started process (PID=12304) to work on /home/wilamy/PARA/1_projetos/Data_Lake_Football/Data_Lake_Football_Airflow/venv_airflow_data_lake/lib/python3.10/site-packages/airflow/example_dags/example_bash_operator.py
[2024-08-07T00:04:03.323-0300] {processor.py:830} INFO - Processing file /home/wilamy/PARA/1_projetos/Data_Lake_Football/Data_Lake_Football_Airflow/venv_airflow_data_lake/lib/python3.10/site-packages/airflow/example_dags/example_bash_operator.py for tasks to queue
[2024-08-07T00:04:03.327-0300] {logging_mixin.py:188} INFO - [2024-08-07T00:04:03.326-0300] {dagbag.py:545} INFO - Filling up the DagBag from /home/wilamy/PARA/1_projetos/Data_Lake_Football/Data_Lake_Football_Airflow/venv_airflow_data_lake/lib/python3.10/site-packages/airflow/example_dags/example_bash_operator.py
[2024-08-07T00:04:03.343-0300] {processor.py:840} INFO - DAG(s) 'example_bash_operator' retrieved from /home/wilamy/PARA/1_projetos/Data_Lake_Football/Data_Lake_Football_Airflow/venv_airflow_data_lake/lib/python3.10/site-packages/airflow/example_dags/example_bash_operator.py
[2024-08-07T00:04:03.369-0300] {logging_mixin.py:188} INFO - [2024-08-07T00:04:03.369-0300] {dag.py:3089} INFO - Sync 1 DAGs
[2024-08-07T00:04:03.393-0300] {logging_mixin.py:188} INFO - [2024-08-07T00:04:03.393-0300] {dag.py:3947} INFO - Setting next_dagrun for example_bash_operator to 2024-08-06 00:00:00+00:00, run_after=2024-08-07 00:00:00+00:00
[2024-08-07T00:04:03.412-0300] {processor.py:183} INFO - Processing /home/wilamy/PARA/1_projetos/Data_Lake_Football/Data_Lake_Football_Airflow/venv_airflow_data_lake/lib/python3.10/site-packages/airflow/example_dags/example_bash_operator.py took 0.113 seconds
