[2024-08-07T00:00:49.504-0300] {processor.py:161} INFO - Started process (PID=10815) to work on /home/wilamy/PARA/1_projetos/Data_Lake_Football/Data_Lake_Football_Airflow/venv_airflow_data_lake/lib/python3.10/site-packages/airflow/example_dags/example_trigger_target_dag.py
[2024-08-07T00:00:49.504-0300] {processor.py:830} INFO - Processing file /home/wilamy/PARA/1_projetos/Data_Lake_Football/Data_Lake_Football_Airflow/venv_airflow_data_lake/lib/python3.10/site-packages/airflow/example_dags/example_trigger_target_dag.py for tasks to queue
[2024-08-07T00:00:49.506-0300] {logging_mixin.py:188} INFO - [2024-08-07T00:00:49.505-0300] {dagbag.py:545} INFO - Filling up the DagBag from /home/wilamy/PARA/1_projetos/Data_Lake_Football/Data_Lake_Football_Airflow/venv_airflow_data_lake/lib/python3.10/site-packages/airflow/example_dags/example_trigger_target_dag.py
[2024-08-07T00:00:49.510-0300] {processor.py:840} INFO - DAG(s) 'example_trigger_target_dag' retrieved from /home/wilamy/PARA/1_projetos/Data_Lake_Football/Data_Lake_Football_Airflow/venv_airflow_data_lake/lib/python3.10/site-packages/airflow/example_dags/example_trigger_target_dag.py
[2024-08-07T00:00:49.588-0300] {logging_mixin.py:188} INFO - [2024-08-07T00:00:49.588-0300] {override.py:1858} INFO - Created Permission View: can delete on DAG:example_trigger_target_dag
[2024-08-07T00:00:49.596-0300] {logging_mixin.py:188} INFO - [2024-08-07T00:00:49.596-0300] {override.py:1858} INFO - Created Permission View: can edit on DAG:example_trigger_target_dag
[2024-08-07T00:00:49.601-0300] {logging_mixin.py:188} INFO - [2024-08-07T00:00:49.601-0300] {override.py:1858} INFO - Created Permission View: can read on DAG:example_trigger_target_dag
[2024-08-07T00:00:49.602-0300] {logging_mixin.py:188} INFO - [2024-08-07T00:00:49.601-0300] {dag.py:3089} INFO - Sync 1 DAGs
[2024-08-07T00:00:49.609-0300] {logging_mixin.py:188} INFO - [2024-08-07T00:00:49.609-0300] {dag.py:3111} INFO - Creating ORM DAG for example_trigger_target_dag
[2024-08-07T00:00:49.609-0300] {logging_mixin.py:188} INFO - [2024-08-07T00:00:49.609-0300] {dag.py:3947} INFO - Setting next_dagrun for example_trigger_target_dag to None, run_after=None
[2024-08-07T00:00:49.621-0300] {processor.py:183} INFO - Processing /home/wilamy/PARA/1_projetos/Data_Lake_Football/Data_Lake_Football_Airflow/venv_airflow_data_lake/lib/python3.10/site-packages/airflow/example_dags/example_trigger_target_dag.py took 0.123 seconds
[2024-08-07T00:01:45.349-0300] {processor.py:161} INFO - Started process (PID=11104) to work on /home/wilamy/PARA/1_projetos/Data_Lake_Football/Data_Lake_Football_Airflow/venv_airflow_data_lake/lib/python3.10/site-packages/airflow/example_dags/example_trigger_target_dag.py
[2024-08-07T00:01:45.351-0300] {processor.py:830} INFO - Processing file /home/wilamy/PARA/1_projetos/Data_Lake_Football/Data_Lake_Football_Airflow/venv_airflow_data_lake/lib/python3.10/site-packages/airflow/example_dags/example_trigger_target_dag.py for tasks to queue
[2024-08-07T00:01:45.353-0300] {logging_mixin.py:188} INFO - [2024-08-07T00:01:45.352-0300] {dagbag.py:545} INFO - Filling up the DagBag from /home/wilamy/PARA/1_projetos/Data_Lake_Football/Data_Lake_Football_Airflow/venv_airflow_data_lake/lib/python3.10/site-packages/airflow/example_dags/example_trigger_target_dag.py
[2024-08-07T00:01:45.358-0300] {processor.py:840} INFO - DAG(s) 'example_trigger_target_dag' retrieved from /home/wilamy/PARA/1_projetos/Data_Lake_Football/Data_Lake_Football_Airflow/venv_airflow_data_lake/lib/python3.10/site-packages/airflow/example_dags/example_trigger_target_dag.py
[2024-08-07T00:01:45.372-0300] {logging_mixin.py:188} INFO - [2024-08-07T00:01:45.371-0300] {dag.py:3089} INFO - Sync 1 DAGs
[2024-08-07T00:01:45.382-0300] {logging_mixin.py:188} INFO - [2024-08-07T00:01:45.382-0300] {dag.py:3947} INFO - Setting next_dagrun for example_trigger_target_dag to None, run_after=None
[2024-08-07T00:01:45.401-0300] {processor.py:183} INFO - Processing /home/wilamy/PARA/1_projetos/Data_Lake_Football/Data_Lake_Football_Airflow/venv_airflow_data_lake/lib/python3.10/site-packages/airflow/example_dags/example_trigger_target_dag.py took 0.057 seconds
[2024-08-07T00:02:30.878-0300] {processor.py:161} INFO - Started process (PID=11776) to work on /home/wilamy/PARA/1_projetos/Data_Lake_Football/Data_Lake_Football_Airflow/venv_airflow_data_lake/lib/python3.10/site-packages/airflow/example_dags/example_trigger_target_dag.py
[2024-08-07T00:02:30.882-0300] {processor.py:830} INFO - Processing file /home/wilamy/PARA/1_projetos/Data_Lake_Football/Data_Lake_Football_Airflow/venv_airflow_data_lake/lib/python3.10/site-packages/airflow/example_dags/example_trigger_target_dag.py for tasks to queue
[2024-08-07T00:02:30.884-0300] {logging_mixin.py:188} INFO - [2024-08-07T00:02:30.883-0300] {dagbag.py:545} INFO - Filling up the DagBag from /home/wilamy/PARA/1_projetos/Data_Lake_Football/Data_Lake_Football_Airflow/venv_airflow_data_lake/lib/python3.10/site-packages/airflow/example_dags/example_trigger_target_dag.py
[2024-08-07T00:02:30.889-0300] {processor.py:840} INFO - DAG(s) 'example_trigger_target_dag' retrieved from /home/wilamy/PARA/1_projetos/Data_Lake_Football/Data_Lake_Football_Airflow/venv_airflow_data_lake/lib/python3.10/site-packages/airflow/example_dags/example_trigger_target_dag.py
[2024-08-07T00:02:30.903-0300] {logging_mixin.py:188} INFO - [2024-08-07T00:02:30.903-0300] {dag.py:3089} INFO - Sync 1 DAGs
[2024-08-07T00:02:30.912-0300] {logging_mixin.py:188} INFO - [2024-08-07T00:02:30.912-0300] {dag.py:3947} INFO - Setting next_dagrun for example_trigger_target_dag to None, run_after=None
[2024-08-07T00:02:30.929-0300] {processor.py:183} INFO - Processing /home/wilamy/PARA/1_projetos/Data_Lake_Football/Data_Lake_Football_Airflow/venv_airflow_data_lake/lib/python3.10/site-packages/airflow/example_dags/example_trigger_target_dag.py took 0.056 seconds
[2024-08-07T00:03:22.726-0300] {processor.py:161} INFO - Started process (PID=12087) to work on /home/wilamy/PARA/1_projetos/Data_Lake_Football/Data_Lake_Football_Airflow/venv_airflow_data_lake/lib/python3.10/site-packages/airflow/example_dags/example_trigger_target_dag.py
[2024-08-07T00:03:22.730-0300] {processor.py:830} INFO - Processing file /home/wilamy/PARA/1_projetos/Data_Lake_Football/Data_Lake_Football_Airflow/venv_airflow_data_lake/lib/python3.10/site-packages/airflow/example_dags/example_trigger_target_dag.py for tasks to queue
[2024-08-07T00:03:22.732-0300] {logging_mixin.py:188} INFO - [2024-08-07T00:03:22.731-0300] {dagbag.py:545} INFO - Filling up the DagBag from /home/wilamy/PARA/1_projetos/Data_Lake_Football/Data_Lake_Football_Airflow/venv_airflow_data_lake/lib/python3.10/site-packages/airflow/example_dags/example_trigger_target_dag.py
[2024-08-07T00:03:22.737-0300] {processor.py:840} INFO - DAG(s) 'example_trigger_target_dag' retrieved from /home/wilamy/PARA/1_projetos/Data_Lake_Football/Data_Lake_Football_Airflow/venv_airflow_data_lake/lib/python3.10/site-packages/airflow/example_dags/example_trigger_target_dag.py
[2024-08-07T00:03:22.840-0300] {logging_mixin.py:188} INFO - [2024-08-07T00:03:22.839-0300] {dag.py:3089} INFO - Sync 1 DAGs
[2024-08-07T00:03:22.852-0300] {logging_mixin.py:188} INFO - [2024-08-07T00:03:22.852-0300] {dag.py:3947} INFO - Setting next_dagrun for example_trigger_target_dag to None, run_after=None
[2024-08-07T00:03:22.880-0300] {processor.py:183} INFO - Processing /home/wilamy/PARA/1_projetos/Data_Lake_Football/Data_Lake_Football_Airflow/venv_airflow_data_lake/lib/python3.10/site-packages/airflow/example_dags/example_trigger_target_dag.py took 0.159 seconds
