[2024-08-07T00:01:14.529-0300] {processor.py:161} INFO - Started process (PID=10940) to work on /home/wilamy/PARA/1_projetos/Data_Lake_Football/Data_Lake_Football_Airflow/venv_airflow_data_lake/lib/python3.10/site-packages/airflow/example_dags/example_sensor_decorator.py
[2024-08-07T00:01:14.530-0300] {processor.py:830} INFO - Processing file /home/wilamy/PARA/1_projetos/Data_Lake_Football/Data_Lake_Football_Airflow/venv_airflow_data_lake/lib/python3.10/site-packages/airflow/example_dags/example_sensor_decorator.py for tasks to queue
[2024-08-07T00:01:14.531-0300] {logging_mixin.py:188} INFO - [2024-08-07T00:01:14.531-0300] {dagbag.py:545} INFO - Filling up the DagBag from /home/wilamy/PARA/1_projetos/Data_Lake_Football/Data_Lake_Football_Airflow/venv_airflow_data_lake/lib/python3.10/site-packages/airflow/example_dags/example_sensor_decorator.py
[2024-08-07T00:01:14.538-0300] {processor.py:840} INFO - DAG(s) 'example_sensor_decorator' retrieved from /home/wilamy/PARA/1_projetos/Data_Lake_Football/Data_Lake_Football_Airflow/venv_airflow_data_lake/lib/python3.10/site-packages/airflow/example_dags/example_sensor_decorator.py
[2024-08-07T00:01:14.614-0300] {logging_mixin.py:188} INFO - [2024-08-07T00:01:14.613-0300] {override.py:1858} INFO - Created Permission View: can delete on DAG:example_sensor_decorator
[2024-08-07T00:01:14.621-0300] {logging_mixin.py:188} INFO - [2024-08-07T00:01:14.621-0300] {override.py:1858} INFO - Created Permission View: can edit on DAG:example_sensor_decorator
[2024-08-07T00:01:14.626-0300] {logging_mixin.py:188} INFO - [2024-08-07T00:01:14.626-0300] {override.py:1858} INFO - Created Permission View: can read on DAG:example_sensor_decorator
[2024-08-07T00:01:14.626-0300] {logging_mixin.py:188} INFO - [2024-08-07T00:01:14.626-0300] {dag.py:3089} INFO - Sync 1 DAGs
[2024-08-07T00:01:14.632-0300] {logging_mixin.py:188} INFO - [2024-08-07T00:01:14.632-0300] {dag.py:3111} INFO - Creating ORM DAG for example_sensor_decorator
[2024-08-07T00:01:14.633-0300] {logging_mixin.py:188} INFO - [2024-08-07T00:01:14.633-0300] {dag.py:3947} INFO - Setting next_dagrun for example_sensor_decorator to None, run_after=None
[2024-08-07T00:01:14.655-0300] {processor.py:183} INFO - Processing /home/wilamy/PARA/1_projetos/Data_Lake_Football/Data_Lake_Football_Airflow/venv_airflow_data_lake/lib/python3.10/site-packages/airflow/example_dags/example_sensor_decorator.py took 0.131 seconds
[2024-08-07T00:02:05.680-0300] {processor.py:161} INFO - Started process (PID=11202) to work on /home/wilamy/PARA/1_projetos/Data_Lake_Football/Data_Lake_Football_Airflow/venv_airflow_data_lake/lib/python3.10/site-packages/airflow/example_dags/example_sensor_decorator.py
[2024-08-07T00:02:05.684-0300] {processor.py:830} INFO - Processing file /home/wilamy/PARA/1_projetos/Data_Lake_Football/Data_Lake_Football_Airflow/venv_airflow_data_lake/lib/python3.10/site-packages/airflow/example_dags/example_sensor_decorator.py for tasks to queue
[2024-08-07T00:02:05.686-0300] {logging_mixin.py:188} INFO - [2024-08-07T00:02:05.686-0300] {dagbag.py:545} INFO - Filling up the DagBag from /home/wilamy/PARA/1_projetos/Data_Lake_Football/Data_Lake_Football_Airflow/venv_airflow_data_lake/lib/python3.10/site-packages/airflow/example_dags/example_sensor_decorator.py
[2024-08-07T00:02:05.695-0300] {processor.py:840} INFO - DAG(s) 'example_sensor_decorator' retrieved from /home/wilamy/PARA/1_projetos/Data_Lake_Football/Data_Lake_Football_Airflow/venv_airflow_data_lake/lib/python3.10/site-packages/airflow/example_dags/example_sensor_decorator.py
[2024-08-07T00:02:05.712-0300] {logging_mixin.py:188} INFO - [2024-08-07T00:02:05.712-0300] {dag.py:3089} INFO - Sync 1 DAGs
[2024-08-07T00:02:05.722-0300] {logging_mixin.py:188} INFO - [2024-08-07T00:02:05.722-0300] {dag.py:3947} INFO - Setting next_dagrun for example_sensor_decorator to None, run_after=None
[2024-08-07T00:02:05.738-0300] {processor.py:183} INFO - Processing /home/wilamy/PARA/1_projetos/Data_Lake_Football/Data_Lake_Football_Airflow/venv_airflow_data_lake/lib/python3.10/site-packages/airflow/example_dags/example_sensor_decorator.py took 0.066 seconds
[2024-08-07T00:02:55.878-0300] {processor.py:161} INFO - Started process (PID=11952) to work on /home/wilamy/PARA/1_projetos/Data_Lake_Football/Data_Lake_Football_Airflow/venv_airflow_data_lake/lib/python3.10/site-packages/airflow/example_dags/example_sensor_decorator.py
[2024-08-07T00:02:55.882-0300] {processor.py:830} INFO - Processing file /home/wilamy/PARA/1_projetos/Data_Lake_Football/Data_Lake_Football_Airflow/venv_airflow_data_lake/lib/python3.10/site-packages/airflow/example_dags/example_sensor_decorator.py for tasks to queue
[2024-08-07T00:02:55.883-0300] {logging_mixin.py:188} INFO - [2024-08-07T00:02:55.882-0300] {dagbag.py:545} INFO - Filling up the DagBag from /home/wilamy/PARA/1_projetos/Data_Lake_Football/Data_Lake_Football_Airflow/venv_airflow_data_lake/lib/python3.10/site-packages/airflow/example_dags/example_sensor_decorator.py
[2024-08-07T00:02:55.887-0300] {processor.py:840} INFO - DAG(s) 'example_sensor_decorator' retrieved from /home/wilamy/PARA/1_projetos/Data_Lake_Football/Data_Lake_Football_Airflow/venv_airflow_data_lake/lib/python3.10/site-packages/airflow/example_dags/example_sensor_decorator.py
[2024-08-07T00:02:55.897-0300] {logging_mixin.py:188} INFO - [2024-08-07T00:02:55.897-0300] {dag.py:3089} INFO - Sync 1 DAGs
[2024-08-07T00:02:55.905-0300] {logging_mixin.py:188} INFO - [2024-08-07T00:02:55.905-0300] {dag.py:3947} INFO - Setting next_dagrun for example_sensor_decorator to None, run_after=None
[2024-08-07T00:02:56.003-0300] {processor.py:183} INFO - Processing /home/wilamy/PARA/1_projetos/Data_Lake_Football/Data_Lake_Football_Airflow/venv_airflow_data_lake/lib/python3.10/site-packages/airflow/example_dags/example_sensor_decorator.py took 0.129 seconds
[2024-08-07T00:04:01.434-0300] {processor.py:161} INFO - Started process (PID=12292) to work on /home/wilamy/PARA/1_projetos/Data_Lake_Football/Data_Lake_Football_Airflow/venv_airflow_data_lake/lib/python3.10/site-packages/airflow/example_dags/example_sensor_decorator.py
[2024-08-07T00:04:01.438-0300] {processor.py:830} INFO - Processing file /home/wilamy/PARA/1_projetos/Data_Lake_Football/Data_Lake_Football_Airflow/venv_airflow_data_lake/lib/python3.10/site-packages/airflow/example_dags/example_sensor_decorator.py for tasks to queue
[2024-08-07T00:04:01.440-0300] {logging_mixin.py:188} INFO - [2024-08-07T00:04:01.439-0300] {dagbag.py:545} INFO - Filling up the DagBag from /home/wilamy/PARA/1_projetos/Data_Lake_Football/Data_Lake_Football_Airflow/venv_airflow_data_lake/lib/python3.10/site-packages/airflow/example_dags/example_sensor_decorator.py
[2024-08-07T00:04:01.446-0300] {processor.py:840} INFO - DAG(s) 'example_sensor_decorator' retrieved from /home/wilamy/PARA/1_projetos/Data_Lake_Football/Data_Lake_Football_Airflow/venv_airflow_data_lake/lib/python3.10/site-packages/airflow/example_dags/example_sensor_decorator.py
[2024-08-07T00:04:01.461-0300] {logging_mixin.py:188} INFO - [2024-08-07T00:04:01.460-0300] {dag.py:3089} INFO - Sync 1 DAGs
[2024-08-07T00:04:01.471-0300] {logging_mixin.py:188} INFO - [2024-08-07T00:04:01.471-0300] {dag.py:3947} INFO - Setting next_dagrun for example_sensor_decorator to None, run_after=None
[2024-08-07T00:04:01.491-0300] {processor.py:183} INFO - Processing /home/wilamy/PARA/1_projetos/Data_Lake_Football/Data_Lake_Football_Airflow/venv_airflow_data_lake/lib/python3.10/site-packages/airflow/example_dags/example_sensor_decorator.py took 0.063 seconds
