[2024-08-07T00:01:10.037-0300] {processor.py:161} INFO - Started process (PID=10920) to work on /home/wilamy/PARA/1_projetos/Data_Lake_Football/Data_Lake_Football_Airflow/venv_airflow_data_lake/lib/python3.10/site-packages/airflow/example_dags/example_branch_labels.py
[2024-08-07T00:01:10.038-0300] {processor.py:830} INFO - Processing file /home/wilamy/PARA/1_projetos/Data_Lake_Football/Data_Lake_Football_Airflow/venv_airflow_data_lake/lib/python3.10/site-packages/airflow/example_dags/example_branch_labels.py for tasks to queue
[2024-08-07T00:01:10.039-0300] {logging_mixin.py:188} INFO - [2024-08-07T00:01:10.039-0300] {dagbag.py:545} INFO - Filling up the DagBag from /home/wilamy/PARA/1_projetos/Data_Lake_Football/Data_Lake_Football_Airflow/venv_airflow_data_lake/lib/python3.10/site-packages/airflow/example_dags/example_branch_labels.py
[2024-08-07T00:01:10.044-0300] {processor.py:840} INFO - DAG(s) 'example_branch_labels' retrieved from /home/wilamy/PARA/1_projetos/Data_Lake_Football/Data_Lake_Football_Airflow/venv_airflow_data_lake/lib/python3.10/site-packages/airflow/example_dags/example_branch_labels.py
[2024-08-07T00:01:10.132-0300] {logging_mixin.py:188} INFO - [2024-08-07T00:01:10.130-0300] {override.py:1858} INFO - Created Permission View: can delete on DAG:example_branch_labels
[2024-08-07T00:01:10.153-0300] {logging_mixin.py:188} INFO - [2024-08-07T00:01:10.152-0300] {override.py:1858} INFO - Created Permission View: can edit on DAG:example_branch_labels
[2024-08-07T00:01:10.161-0300] {logging_mixin.py:188} INFO - [2024-08-07T00:01:10.161-0300] {override.py:1858} INFO - Created Permission View: can read on DAG:example_branch_labels
[2024-08-07T00:01:10.162-0300] {logging_mixin.py:188} INFO - [2024-08-07T00:01:10.162-0300] {dag.py:3089} INFO - Sync 1 DAGs
[2024-08-07T00:01:10.171-0300] {logging_mixin.py:188} INFO - [2024-08-07T00:01:10.171-0300] {dag.py:3111} INFO - Creating ORM DAG for example_branch_labels
[2024-08-07T00:01:10.179-0300] {logging_mixin.py:188} INFO - [2024-08-07T00:01:10.178-0300] {dag.py:3947} INFO - Setting next_dagrun for example_branch_labels to 2024-08-06 00:00:00+00:00, run_after=2024-08-07 00:00:00+00:00
[2024-08-07T00:01:10.192-0300] {processor.py:183} INFO - Processing /home/wilamy/PARA/1_projetos/Data_Lake_Football/Data_Lake_Football_Airflow/venv_airflow_data_lake/lib/python3.10/site-packages/airflow/example_dags/example_branch_labels.py took 0.159 seconds
[2024-08-07T00:02:03.798-0300] {processor.py:161} INFO - Started process (PID=11192) to work on /home/wilamy/PARA/1_projetos/Data_Lake_Football/Data_Lake_Football_Airflow/venv_airflow_data_lake/lib/python3.10/site-packages/airflow/example_dags/example_branch_labels.py
[2024-08-07T00:02:03.802-0300] {processor.py:830} INFO - Processing file /home/wilamy/PARA/1_projetos/Data_Lake_Football/Data_Lake_Football_Airflow/venv_airflow_data_lake/lib/python3.10/site-packages/airflow/example_dags/example_branch_labels.py for tasks to queue
[2024-08-07T00:02:03.803-0300] {logging_mixin.py:188} INFO - [2024-08-07T00:02:03.803-0300] {dagbag.py:545} INFO - Filling up the DagBag from /home/wilamy/PARA/1_projetos/Data_Lake_Football/Data_Lake_Football_Airflow/venv_airflow_data_lake/lib/python3.10/site-packages/airflow/example_dags/example_branch_labels.py
[2024-08-07T00:02:03.810-0300] {processor.py:840} INFO - DAG(s) 'example_branch_labels' retrieved from /home/wilamy/PARA/1_projetos/Data_Lake_Football/Data_Lake_Football_Airflow/venv_airflow_data_lake/lib/python3.10/site-packages/airflow/example_dags/example_branch_labels.py
[2024-08-07T00:02:03.822-0300] {logging_mixin.py:188} INFO - [2024-08-07T00:02:03.822-0300] {dag.py:3089} INFO - Sync 1 DAGs
[2024-08-07T00:02:03.837-0300] {logging_mixin.py:188} INFO - [2024-08-07T00:02:03.837-0300] {dag.py:3947} INFO - Setting next_dagrun for example_branch_labels to 2024-08-06 00:00:00+00:00, run_after=2024-08-07 00:00:00+00:00
[2024-08-07T00:02:03.855-0300] {processor.py:183} INFO - Processing /home/wilamy/PARA/1_projetos/Data_Lake_Football/Data_Lake_Football_Airflow/venv_airflow_data_lake/lib/python3.10/site-packages/airflow/example_dags/example_branch_labels.py took 0.062 seconds
[2024-08-07T00:02:52.125-0300] {processor.py:161} INFO - Started process (PID=11932) to work on /home/wilamy/PARA/1_projetos/Data_Lake_Football/Data_Lake_Football_Airflow/venv_airflow_data_lake/lib/python3.10/site-packages/airflow/example_dags/example_branch_labels.py
[2024-08-07T00:02:52.127-0300] {processor.py:830} INFO - Processing file /home/wilamy/PARA/1_projetos/Data_Lake_Football/Data_Lake_Football_Airflow/venv_airflow_data_lake/lib/python3.10/site-packages/airflow/example_dags/example_branch_labels.py for tasks to queue
[2024-08-07T00:02:52.130-0300] {logging_mixin.py:188} INFO - [2024-08-07T00:02:52.129-0300] {dagbag.py:545} INFO - Filling up the DagBag from /home/wilamy/PARA/1_projetos/Data_Lake_Football/Data_Lake_Football_Airflow/venv_airflow_data_lake/lib/python3.10/site-packages/airflow/example_dags/example_branch_labels.py
[2024-08-07T00:02:52.139-0300] {processor.py:840} INFO - DAG(s) 'example_branch_labels' retrieved from /home/wilamy/PARA/1_projetos/Data_Lake_Football/Data_Lake_Football_Airflow/venv_airflow_data_lake/lib/python3.10/site-packages/airflow/example_dags/example_branch_labels.py
[2024-08-07T00:02:52.153-0300] {logging_mixin.py:188} INFO - [2024-08-07T00:02:52.153-0300] {dag.py:3089} INFO - Sync 1 DAGs
[2024-08-07T00:02:52.252-0300] {logging_mixin.py:188} INFO - [2024-08-07T00:02:52.252-0300] {dag.py:3947} INFO - Setting next_dagrun for example_branch_labels to 2024-08-06 00:00:00+00:00, run_after=2024-08-07 00:00:00+00:00
[2024-08-07T00:02:52.273-0300] {processor.py:183} INFO - Processing /home/wilamy/PARA/1_projetos/Data_Lake_Football/Data_Lake_Football_Airflow/venv_airflow_data_lake/lib/python3.10/site-packages/airflow/example_dags/example_branch_labels.py took 0.164 seconds
[2024-08-07T00:03:57.776-0300] {processor.py:161} INFO - Started process (PID=12272) to work on /home/wilamy/PARA/1_projetos/Data_Lake_Football/Data_Lake_Football_Airflow/venv_airflow_data_lake/lib/python3.10/site-packages/airflow/example_dags/example_branch_labels.py
[2024-08-07T00:03:57.782-0300] {processor.py:830} INFO - Processing file /home/wilamy/PARA/1_projetos/Data_Lake_Football/Data_Lake_Football_Airflow/venv_airflow_data_lake/lib/python3.10/site-packages/airflow/example_dags/example_branch_labels.py for tasks to queue
[2024-08-07T00:03:57.786-0300] {logging_mixin.py:188} INFO - [2024-08-07T00:03:57.785-0300] {dagbag.py:545} INFO - Filling up the DagBag from /home/wilamy/PARA/1_projetos/Data_Lake_Football/Data_Lake_Football_Airflow/venv_airflow_data_lake/lib/python3.10/site-packages/airflow/example_dags/example_branch_labels.py
[2024-08-07T00:03:57.800-0300] {processor.py:840} INFO - DAG(s) 'example_branch_labels' retrieved from /home/wilamy/PARA/1_projetos/Data_Lake_Football/Data_Lake_Football_Airflow/venv_airflow_data_lake/lib/python3.10/site-packages/airflow/example_dags/example_branch_labels.py
[2024-08-07T00:03:57.818-0300] {logging_mixin.py:188} INFO - [2024-08-07T00:03:57.817-0300] {dag.py:3089} INFO - Sync 1 DAGs
[2024-08-07T00:03:57.836-0300] {logging_mixin.py:188} INFO - [2024-08-07T00:03:57.836-0300] {dag.py:3947} INFO - Setting next_dagrun for example_branch_labels to 2024-08-06 00:00:00+00:00, run_after=2024-08-07 00:00:00+00:00
[2024-08-07T00:03:57.853-0300] {processor.py:183} INFO - Processing /home/wilamy/PARA/1_projetos/Data_Lake_Football/Data_Lake_Football_Airflow/venv_airflow_data_lake/lib/python3.10/site-packages/airflow/example_dags/example_branch_labels.py took 0.094 seconds
