[2024-08-07T00:01:26.047-0300] {processor.py:161} INFO - Started process (PID=10992) to work on /home/wilamy/PARA/1_projetos/Data_Lake_Football/Data_Lake_Football_Airflow/venv_airflow_data_lake/lib/python3.10/site-packages/airflow/example_dags/example_params_ui_tutorial.py
[2024-08-07T00:01:26.048-0300] {processor.py:830} INFO - Processing file /home/wilamy/PARA/1_projetos/Data_Lake_Football/Data_Lake_Football_Airflow/venv_airflow_data_lake/lib/python3.10/site-packages/airflow/example_dags/example_params_ui_tutorial.py for tasks to queue
[2024-08-07T00:01:26.049-0300] {logging_mixin.py:188} INFO - [2024-08-07T00:01:26.049-0300] {dagbag.py:545} INFO - Filling up the DagBag from /home/wilamy/PARA/1_projetos/Data_Lake_Football/Data_Lake_Football_Airflow/venv_airflow_data_lake/lib/python3.10/site-packages/airflow/example_dags/example_params_ui_tutorial.py
[2024-08-07T00:01:26.057-0300] {processor.py:840} INFO - DAG(s) 'example_params_ui_tutorial' retrieved from /home/wilamy/PARA/1_projetos/Data_Lake_Football/Data_Lake_Football_Airflow/venv_airflow_data_lake/lib/python3.10/site-packages/airflow/example_dags/example_params_ui_tutorial.py
[2024-08-07T00:01:26.176-0300] {logging_mixin.py:188} INFO - [2024-08-07T00:01:26.175-0300] {override.py:1858} INFO - Created Permission View: can delete on DAG:example_params_ui_tutorial
[2024-08-07T00:01:26.188-0300] {logging_mixin.py:188} INFO - [2024-08-07T00:01:26.188-0300] {override.py:1858} INFO - Created Permission View: can edit on DAG:example_params_ui_tutorial
[2024-08-07T00:01:26.196-0300] {logging_mixin.py:188} INFO - [2024-08-07T00:01:26.196-0300] {override.py:1858} INFO - Created Permission View: can read on DAG:example_params_ui_tutorial
[2024-08-07T00:01:26.196-0300] {logging_mixin.py:188} INFO - [2024-08-07T00:01:26.196-0300] {dag.py:3089} INFO - Sync 1 DAGs
[2024-08-07T00:01:26.292-0300] {logging_mixin.py:188} INFO - [2024-08-07T00:01:26.291-0300] {dag.py:3111} INFO - Creating ORM DAG for example_params_ui_tutorial
[2024-08-07T00:01:26.293-0300] {logging_mixin.py:188} INFO - [2024-08-07T00:01:26.292-0300] {dag.py:3947} INFO - Setting next_dagrun for example_params_ui_tutorial to None, run_after=None
[2024-08-07T00:01:26.317-0300] {processor.py:183} INFO - Processing /home/wilamy/PARA/1_projetos/Data_Lake_Football/Data_Lake_Football_Airflow/venv_airflow_data_lake/lib/python3.10/site-packages/airflow/example_dags/example_params_ui_tutorial.py took 0.276 seconds
[2024-08-07T00:02:17.106-0300] {processor.py:161} INFO - Started process (PID=11530) to work on /home/wilamy/PARA/1_projetos/Data_Lake_Football/Data_Lake_Football_Airflow/venv_airflow_data_lake/lib/python3.10/site-packages/airflow/example_dags/example_params_ui_tutorial.py
[2024-08-07T00:02:17.110-0300] {processor.py:830} INFO - Processing file /home/wilamy/PARA/1_projetos/Data_Lake_Football/Data_Lake_Football_Airflow/venv_airflow_data_lake/lib/python3.10/site-packages/airflow/example_dags/example_params_ui_tutorial.py for tasks to queue
[2024-08-07T00:02:17.112-0300] {logging_mixin.py:188} INFO - [2024-08-07T00:02:17.111-0300] {dagbag.py:545} INFO - Filling up the DagBag from /home/wilamy/PARA/1_projetos/Data_Lake_Football/Data_Lake_Football_Airflow/venv_airflow_data_lake/lib/python3.10/site-packages/airflow/example_dags/example_params_ui_tutorial.py
[2024-08-07T00:02:17.121-0300] {processor.py:840} INFO - DAG(s) 'example_params_ui_tutorial' retrieved from /home/wilamy/PARA/1_projetos/Data_Lake_Football/Data_Lake_Football_Airflow/venv_airflow_data_lake/lib/python3.10/site-packages/airflow/example_dags/example_params_ui_tutorial.py
[2024-08-07T00:02:17.175-0300] {logging_mixin.py:188} INFO - [2024-08-07T00:02:17.175-0300] {dag.py:3089} INFO - Sync 1 DAGs
[2024-08-07T00:02:17.190-0300] {logging_mixin.py:188} INFO - [2024-08-07T00:02:17.190-0300] {dag.py:3947} INFO - Setting next_dagrun for example_params_ui_tutorial to None, run_after=None
[2024-08-07T00:02:17.223-0300] {processor.py:183} INFO - Processing /home/wilamy/PARA/1_projetos/Data_Lake_Football/Data_Lake_Football_Airflow/venv_airflow_data_lake/lib/python3.10/site-packages/airflow/example_dags/example_params_ui_tutorial.py took 0.124 seconds
[2024-08-07T00:03:19.656-0300] {processor.py:161} INFO - Started process (PID=12073) to work on /home/wilamy/PARA/1_projetos/Data_Lake_Football/Data_Lake_Football_Airflow/venv_airflow_data_lake/lib/python3.10/site-packages/airflow/example_dags/example_params_ui_tutorial.py
[2024-08-07T00:03:19.659-0300] {processor.py:830} INFO - Processing file /home/wilamy/PARA/1_projetos/Data_Lake_Football/Data_Lake_Football_Airflow/venv_airflow_data_lake/lib/python3.10/site-packages/airflow/example_dags/example_params_ui_tutorial.py for tasks to queue
[2024-08-07T00:03:19.660-0300] {logging_mixin.py:188} INFO - [2024-08-07T00:03:19.660-0300] {dagbag.py:545} INFO - Filling up the DagBag from /home/wilamy/PARA/1_projetos/Data_Lake_Football/Data_Lake_Football_Airflow/venv_airflow_data_lake/lib/python3.10/site-packages/airflow/example_dags/example_params_ui_tutorial.py
[2024-08-07T00:03:19.666-0300] {processor.py:840} INFO - DAG(s) 'example_params_ui_tutorial' retrieved from /home/wilamy/PARA/1_projetos/Data_Lake_Football/Data_Lake_Football_Airflow/venv_airflow_data_lake/lib/python3.10/site-packages/airflow/example_dags/example_params_ui_tutorial.py
[2024-08-07T00:03:19.788-0300] {logging_mixin.py:188} INFO - [2024-08-07T00:03:19.788-0300] {dag.py:3089} INFO - Sync 1 DAGs
[2024-08-07T00:03:19.796-0300] {logging_mixin.py:188} INFO - [2024-08-07T00:03:19.796-0300] {dag.py:3947} INFO - Setting next_dagrun for example_params_ui_tutorial to None, run_after=None
[2024-08-07T00:03:19.810-0300] {processor.py:183} INFO - Processing /home/wilamy/PARA/1_projetos/Data_Lake_Football/Data_Lake_Football_Airflow/venv_airflow_data_lake/lib/python3.10/site-packages/airflow/example_dags/example_params_ui_tutorial.py took 0.159 seconds
