[2024-08-07T00:00:47.031-0300] {processor.py:161} INFO - Started process (PID=10802) to work on /home/wilamy/PARA/1_projetos/Data_Lake_Football/Data_Lake_Football_Airflow/venv_airflow_data_lake/lib/python3.10/site-packages/airflow/example_dags/example_task_group.py
[2024-08-07T00:00:47.032-0300] {processor.py:830} INFO - Processing file /home/wilamy/PARA/1_projetos/Data_Lake_Football/Data_Lake_Football_Airflow/venv_airflow_data_lake/lib/python3.10/site-packages/airflow/example_dags/example_task_group.py for tasks to queue
[2024-08-07T00:00:47.034-0300] {logging_mixin.py:188} INFO - [2024-08-07T00:00:47.034-0300] {dagbag.py:545} INFO - Filling up the DagBag from /home/wilamy/PARA/1_projetos/Data_Lake_Football/Data_Lake_Football_Airflow/venv_airflow_data_lake/lib/python3.10/site-packages/airflow/example_dags/example_task_group.py
[2024-08-07T00:00:47.045-0300] {processor.py:840} INFO - DAG(s) 'example_task_group' retrieved from /home/wilamy/PARA/1_projetos/Data_Lake_Football/Data_Lake_Football_Airflow/venv_airflow_data_lake/lib/python3.10/site-packages/airflow/example_dags/example_task_group.py
[2024-08-07T00:00:47.127-0300] {logging_mixin.py:188} INFO - [2024-08-07T00:00:47.127-0300] {override.py:1858} INFO - Created Permission View: can delete on DAG:example_task_group
[2024-08-07T00:00:47.134-0300] {logging_mixin.py:188} INFO - [2024-08-07T00:00:47.134-0300] {override.py:1858} INFO - Created Permission View: can edit on DAG:example_task_group
[2024-08-07T00:00:47.140-0300] {logging_mixin.py:188} INFO - [2024-08-07T00:00:47.139-0300] {override.py:1858} INFO - Created Permission View: can read on DAG:example_task_group
[2024-08-07T00:00:47.140-0300] {logging_mixin.py:188} INFO - [2024-08-07T00:00:47.140-0300] {dag.py:3089} INFO - Sync 1 DAGs
[2024-08-07T00:00:47.147-0300] {logging_mixin.py:188} INFO - [2024-08-07T00:00:47.147-0300] {dag.py:3111} INFO - Creating ORM DAG for example_task_group
[2024-08-07T00:00:47.153-0300] {logging_mixin.py:188} INFO - [2024-08-07T00:00:47.152-0300] {dag.py:3947} INFO - Setting next_dagrun for example_task_group to 2024-08-06 00:00:00+00:00, run_after=2024-08-07 00:00:00+00:00
[2024-08-07T00:00:47.164-0300] {processor.py:183} INFO - Processing /home/wilamy/PARA/1_projetos/Data_Lake_Football/Data_Lake_Football_Airflow/venv_airflow_data_lake/lib/python3.10/site-packages/airflow/example_dags/example_task_group.py took 0.139 seconds
[2024-08-07T00:01:43.077-0300] {processor.py:161} INFO - Started process (PID=11094) to work on /home/wilamy/PARA/1_projetos/Data_Lake_Football/Data_Lake_Football_Airflow/venv_airflow_data_lake/lib/python3.10/site-packages/airflow/example_dags/example_task_group.py
[2024-08-07T00:01:43.082-0300] {processor.py:830} INFO - Processing file /home/wilamy/PARA/1_projetos/Data_Lake_Football/Data_Lake_Football_Airflow/venv_airflow_data_lake/lib/python3.10/site-packages/airflow/example_dags/example_task_group.py for tasks to queue
[2024-08-07T00:01:43.085-0300] {logging_mixin.py:188} INFO - [2024-08-07T00:01:43.084-0300] {dagbag.py:545} INFO - Filling up the DagBag from /home/wilamy/PARA/1_projetos/Data_Lake_Football/Data_Lake_Football_Airflow/venv_airflow_data_lake/lib/python3.10/site-packages/airflow/example_dags/example_task_group.py
[2024-08-07T00:01:43.098-0300] {processor.py:840} INFO - DAG(s) 'example_task_group' retrieved from /home/wilamy/PARA/1_projetos/Data_Lake_Football/Data_Lake_Football_Airflow/venv_airflow_data_lake/lib/python3.10/site-packages/airflow/example_dags/example_task_group.py
[2024-08-07T00:01:43.122-0300] {logging_mixin.py:188} INFO - [2024-08-07T00:01:43.121-0300] {dag.py:3089} INFO - Sync 1 DAGs
[2024-08-07T00:01:43.137-0300] {logging_mixin.py:188} INFO - [2024-08-07T00:01:43.137-0300] {dag.py:3947} INFO - Setting next_dagrun for example_task_group to 2024-08-06 00:00:00+00:00, run_after=2024-08-07 00:00:00+00:00
[2024-08-07T00:01:43.151-0300] {processor.py:183} INFO - Processing /home/wilamy/PARA/1_projetos/Data_Lake_Football/Data_Lake_Football_Airflow/venv_airflow_data_lake/lib/python3.10/site-packages/airflow/example_dags/example_task_group.py took 0.080 seconds
[2024-08-07T00:02:28.572-0300] {processor.py:161} INFO - Started process (PID=11761) to work on /home/wilamy/PARA/1_projetos/Data_Lake_Football/Data_Lake_Football_Airflow/venv_airflow_data_lake/lib/python3.10/site-packages/airflow/example_dags/example_task_group.py
[2024-08-07T00:02:28.577-0300] {processor.py:830} INFO - Processing file /home/wilamy/PARA/1_projetos/Data_Lake_Football/Data_Lake_Football_Airflow/venv_airflow_data_lake/lib/python3.10/site-packages/airflow/example_dags/example_task_group.py for tasks to queue
[2024-08-07T00:02:28.582-0300] {logging_mixin.py:188} INFO - [2024-08-07T00:02:28.581-0300] {dagbag.py:545} INFO - Filling up the DagBag from /home/wilamy/PARA/1_projetos/Data_Lake_Football/Data_Lake_Football_Airflow/venv_airflow_data_lake/lib/python3.10/site-packages/airflow/example_dags/example_task_group.py
[2024-08-07T00:02:28.598-0300] {processor.py:840} INFO - DAG(s) 'example_task_group' retrieved from /home/wilamy/PARA/1_projetos/Data_Lake_Football/Data_Lake_Football_Airflow/venv_airflow_data_lake/lib/python3.10/site-packages/airflow/example_dags/example_task_group.py
[2024-08-07T00:02:28.616-0300] {logging_mixin.py:188} INFO - [2024-08-07T00:02:28.616-0300] {dag.py:3089} INFO - Sync 1 DAGs
[2024-08-07T00:02:28.630-0300] {logging_mixin.py:188} INFO - [2024-08-07T00:02:28.630-0300] {dag.py:3947} INFO - Setting next_dagrun for example_task_group to 2024-08-06 00:00:00+00:00, run_after=2024-08-07 00:00:00+00:00
[2024-08-07T00:02:28.645-0300] {processor.py:183} INFO - Processing /home/wilamy/PARA/1_projetos/Data_Lake_Football/Data_Lake_Football_Airflow/venv_airflow_data_lake/lib/python3.10/site-packages/airflow/example_dags/example_task_group.py took 0.087 seconds
[2024-08-07T00:03:10.173-0300] {processor.py:161} INFO - Started process (PID=12018) to work on /home/wilamy/PARA/1_projetos/Data_Lake_Football/Data_Lake_Football_Airflow/venv_airflow_data_lake/lib/python3.10/site-packages/airflow/example_dags/example_task_group.py
[2024-08-07T00:03:10.176-0300] {processor.py:830} INFO - Processing file /home/wilamy/PARA/1_projetos/Data_Lake_Football/Data_Lake_Football_Airflow/venv_airflow_data_lake/lib/python3.10/site-packages/airflow/example_dags/example_task_group.py for tasks to queue
[2024-08-07T00:03:10.178-0300] {logging_mixin.py:188} INFO - [2024-08-07T00:03:10.178-0300] {dagbag.py:545} INFO - Filling up the DagBag from /home/wilamy/PARA/1_projetos/Data_Lake_Football/Data_Lake_Football_Airflow/venv_airflow_data_lake/lib/python3.10/site-packages/airflow/example_dags/example_task_group.py
[2024-08-07T00:03:10.186-0300] {processor.py:840} INFO - DAG(s) 'example_task_group' retrieved from /home/wilamy/PARA/1_projetos/Data_Lake_Football/Data_Lake_Football_Airflow/venv_airflow_data_lake/lib/python3.10/site-packages/airflow/example_dags/example_task_group.py
[2024-08-07T00:03:10.202-0300] {logging_mixin.py:188} INFO - [2024-08-07T00:03:10.202-0300] {dag.py:3089} INFO - Sync 1 DAGs
[2024-08-07T00:03:10.313-0300] {logging_mixin.py:188} INFO - [2024-08-07T00:03:10.312-0300] {dag.py:3947} INFO - Setting next_dagrun for example_task_group to 2024-08-06 00:00:00+00:00, run_after=2024-08-07 00:00:00+00:00
[2024-08-07T00:03:10.335-0300] {processor.py:183} INFO - Processing /home/wilamy/PARA/1_projetos/Data_Lake_Football/Data_Lake_Football_Airflow/venv_airflow_data_lake/lib/python3.10/site-packages/airflow/example_dags/example_task_group.py took 0.168 seconds
[2024-08-07T00:03:56.993-0300] {processor.py:161} INFO - Started process (PID=12268) to work on /home/wilamy/PARA/1_projetos/Data_Lake_Football/Data_Lake_Football_Airflow/venv_airflow_data_lake/lib/python3.10/site-packages/airflow/example_dags/example_task_group.py
[2024-08-07T00:03:56.997-0300] {processor.py:830} INFO - Processing file /home/wilamy/PARA/1_projetos/Data_Lake_Football/Data_Lake_Football_Airflow/venv_airflow_data_lake/lib/python3.10/site-packages/airflow/example_dags/example_task_group.py for tasks to queue
[2024-08-07T00:03:57.002-0300] {logging_mixin.py:188} INFO - [2024-08-07T00:03:57.001-0300] {dagbag.py:545} INFO - Filling up the DagBag from /home/wilamy/PARA/1_projetos/Data_Lake_Football/Data_Lake_Football_Airflow/venv_airflow_data_lake/lib/python3.10/site-packages/airflow/example_dags/example_task_group.py
[2024-08-07T00:03:57.022-0300] {processor.py:840} INFO - DAG(s) 'example_task_group' retrieved from /home/wilamy/PARA/1_projetos/Data_Lake_Football/Data_Lake_Football_Airflow/venv_airflow_data_lake/lib/python3.10/site-packages/airflow/example_dags/example_task_group.py
[2024-08-07T00:03:57.042-0300] {logging_mixin.py:188} INFO - [2024-08-07T00:03:57.042-0300] {dag.py:3089} INFO - Sync 1 DAGs
[2024-08-07T00:03:57.057-0300] {logging_mixin.py:188} INFO - [2024-08-07T00:03:57.056-0300] {dag.py:3947} INFO - Setting next_dagrun for example_task_group to 2024-08-06 00:00:00+00:00, run_after=2024-08-07 00:00:00+00:00
[2024-08-07T00:03:57.071-0300] {processor.py:183} INFO - Processing /home/wilamy/PARA/1_projetos/Data_Lake_Football/Data_Lake_Football_Airflow/venv_airflow_data_lake/lib/python3.10/site-packages/airflow/example_dags/example_task_group.py took 0.084 seconds
