[2024-08-07T00:01:27.423-0300] {processor.py:161} INFO - Started process (PID=11003) to work on /home/wilamy/PARA/1_projetos/Data_Lake_Football/Data_Lake_Football_Airflow/venv_airflow_data_lake/lib/python3.10/site-packages/airflow/example_dags/example_latest_only_with_trigger.py
[2024-08-07T00:01:27.425-0300] {processor.py:830} INFO - Processing file /home/wilamy/PARA/1_projetos/Data_Lake_Football/Data_Lake_Football_Airflow/venv_airflow_data_lake/lib/python3.10/site-packages/airflow/example_dags/example_latest_only_with_trigger.py for tasks to queue
[2024-08-07T00:01:27.429-0300] {logging_mixin.py:188} INFO - [2024-08-07T00:01:27.428-0300] {dagbag.py:545} INFO - Filling up the DagBag from /home/wilamy/PARA/1_projetos/Data_Lake_Football/Data_Lake_Football_Airflow/venv_airflow_data_lake/lib/python3.10/site-packages/airflow/example_dags/example_latest_only_with_trigger.py
[2024-08-07T00:01:27.440-0300] {processor.py:840} INFO - DAG(s) 'latest_only_with_trigger' retrieved from /home/wilamy/PARA/1_projetos/Data_Lake_Football/Data_Lake_Football_Airflow/venv_airflow_data_lake/lib/python3.10/site-packages/airflow/example_dags/example_latest_only_with_trigger.py
[2024-08-07T00:01:27.517-0300] {logging_mixin.py:188} INFO - [2024-08-07T00:01:27.517-0300] {override.py:1858} INFO - Created Permission View: can delete on DAG:latest_only_with_trigger
[2024-08-07T00:01:27.523-0300] {logging_mixin.py:188} INFO - [2024-08-07T00:01:27.523-0300] {override.py:1858} INFO - Created Permission View: can edit on DAG:latest_only_with_trigger
[2024-08-07T00:01:27.583-0300] {logging_mixin.py:188} INFO - [2024-08-07T00:01:27.581-0300] {override.py:1858} INFO - Created Permission View: can read on DAG:latest_only_with_trigger
[2024-08-07T00:01:27.584-0300] {logging_mixin.py:188} INFO - [2024-08-07T00:01:27.584-0300] {dag.py:3089} INFO - Sync 1 DAGs
[2024-08-07T00:01:27.618-0300] {logging_mixin.py:188} INFO - [2024-08-07T00:01:27.617-0300] {dag.py:3111} INFO - Creating ORM DAG for latest_only_with_trigger
[2024-08-07T00:01:27.711-0300] {logging_mixin.py:188} INFO - [2024-08-07T00:01:27.711-0300] {dag.py:3947} INFO - Setting next_dagrun for latest_only_with_trigger to 2024-08-06 20:00:00+00:00, run_after=2024-08-07 00:00:00+00:00
[2024-08-07T00:01:27.733-0300] {processor.py:183} INFO - Processing /home/wilamy/PARA/1_projetos/Data_Lake_Football/Data_Lake_Football_Airflow/venv_airflow_data_lake/lib/python3.10/site-packages/airflow/example_dags/example_latest_only_with_trigger.py took 0.326 seconds
[2024-08-07T00:02:18.249-0300] {processor.py:161} INFO - Started process (PID=11598) to work on /home/wilamy/PARA/1_projetos/Data_Lake_Football/Data_Lake_Football_Airflow/venv_airflow_data_lake/lib/python3.10/site-packages/airflow/example_dags/example_latest_only_with_trigger.py
[2024-08-07T00:02:18.250-0300] {processor.py:830} INFO - Processing file /home/wilamy/PARA/1_projetos/Data_Lake_Football/Data_Lake_Football_Airflow/venv_airflow_data_lake/lib/python3.10/site-packages/airflow/example_dags/example_latest_only_with_trigger.py for tasks to queue
[2024-08-07T00:02:18.252-0300] {logging_mixin.py:188} INFO - [2024-08-07T00:02:18.252-0300] {dagbag.py:545} INFO - Filling up the DagBag from /home/wilamy/PARA/1_projetos/Data_Lake_Football/Data_Lake_Football_Airflow/venv_airflow_data_lake/lib/python3.10/site-packages/airflow/example_dags/example_latest_only_with_trigger.py
[2024-08-07T00:02:18.260-0300] {processor.py:840} INFO - DAG(s) 'latest_only_with_trigger' retrieved from /home/wilamy/PARA/1_projetos/Data_Lake_Football/Data_Lake_Football_Airflow/venv_airflow_data_lake/lib/python3.10/site-packages/airflow/example_dags/example_latest_only_with_trigger.py
[2024-08-07T00:02:18.280-0300] {logging_mixin.py:188} INFO - [2024-08-07T00:02:18.280-0300] {dag.py:3089} INFO - Sync 1 DAGs
[2024-08-07T00:02:18.300-0300] {logging_mixin.py:188} INFO - [2024-08-07T00:02:18.300-0300] {dag.py:3947} INFO - Setting next_dagrun for latest_only_with_trigger to 2024-08-06 20:00:00+00:00, run_after=2024-08-07 00:00:00+00:00
[2024-08-07T00:02:18.324-0300] {processor.py:183} INFO - Processing /home/wilamy/PARA/1_projetos/Data_Lake_Football/Data_Lake_Football_Airflow/venv_airflow_data_lake/lib/python3.10/site-packages/airflow/example_dags/example_latest_only_with_trigger.py took 0.083 seconds
[2024-08-07T00:03:20.677-0300] {processor.py:161} INFO - Started process (PID=12075) to work on /home/wilamy/PARA/1_projetos/Data_Lake_Football/Data_Lake_Football_Airflow/venv_airflow_data_lake/lib/python3.10/site-packages/airflow/example_dags/example_latest_only_with_trigger.py
[2024-08-07T00:03:20.681-0300] {processor.py:830} INFO - Processing file /home/wilamy/PARA/1_projetos/Data_Lake_Football/Data_Lake_Football_Airflow/venv_airflow_data_lake/lib/python3.10/site-packages/airflow/example_dags/example_latest_only_with_trigger.py for tasks to queue
[2024-08-07T00:03:20.686-0300] {logging_mixin.py:188} INFO - [2024-08-07T00:03:20.685-0300] {dagbag.py:545} INFO - Filling up the DagBag from /home/wilamy/PARA/1_projetos/Data_Lake_Football/Data_Lake_Football_Airflow/venv_airflow_data_lake/lib/python3.10/site-packages/airflow/example_dags/example_latest_only_with_trigger.py
[2024-08-07T00:03:20.704-0300] {processor.py:840} INFO - DAG(s) 'latest_only_with_trigger' retrieved from /home/wilamy/PARA/1_projetos/Data_Lake_Football/Data_Lake_Football_Airflow/venv_airflow_data_lake/lib/python3.10/site-packages/airflow/example_dags/example_latest_only_with_trigger.py
[2024-08-07T00:03:20.812-0300] {logging_mixin.py:188} INFO - [2024-08-07T00:03:20.812-0300] {dag.py:3089} INFO - Sync 1 DAGs
[2024-08-07T00:03:20.831-0300] {logging_mixin.py:188} INFO - [2024-08-07T00:03:20.831-0300] {dag.py:3947} INFO - Setting next_dagrun for latest_only_with_trigger to 2024-08-06 20:00:00+00:00, run_after=2024-08-07 00:00:00+00:00
[2024-08-07T00:03:20.849-0300] {processor.py:183} INFO - Processing /home/wilamy/PARA/1_projetos/Data_Lake_Football/Data_Lake_Football_Airflow/venv_airflow_data_lake/lib/python3.10/site-packages/airflow/example_dags/example_latest_only_with_trigger.py took 0.179 seconds
