[2024-08-07T00:01:07.473-0300] {processor.py:161} INFO - Started process (PID=10902) to work on /home/wilamy/PARA/1_projetos/Data_Lake_Football/Data_Lake_Football_Airflow/venv_airflow_data_lake/lib/python3.10/site-packages/airflow/example_dags/example_setup_teardown_taskflow.py
[2024-08-07T00:01:07.475-0300] {processor.py:830} INFO - Processing file /home/wilamy/PARA/1_projetos/Data_Lake_Football/Data_Lake_Football_Airflow/venv_airflow_data_lake/lib/python3.10/site-packages/airflow/example_dags/example_setup_teardown_taskflow.py for tasks to queue
[2024-08-07T00:01:07.479-0300] {logging_mixin.py:188} INFO - [2024-08-07T00:01:07.478-0300] {dagbag.py:545} INFO - Filling up the DagBag from /home/wilamy/PARA/1_projetos/Data_Lake_Football/Data_Lake_Football_Airflow/venv_airflow_data_lake/lib/python3.10/site-packages/airflow/example_dags/example_setup_teardown_taskflow.py
[2024-08-07T00:01:07.493-0300] {processor.py:840} INFO - DAG(s) 'example_setup_teardown_taskflow' retrieved from /home/wilamy/PARA/1_projetos/Data_Lake_Football/Data_Lake_Football_Airflow/venv_airflow_data_lake/lib/python3.10/site-packages/airflow/example_dags/example_setup_teardown_taskflow.py
[2024-08-07T00:01:07.575-0300] {logging_mixin.py:188} INFO - [2024-08-07T00:01:07.574-0300] {override.py:1858} INFO - Created Permission View: can delete on DAG:example_setup_teardown_taskflow
[2024-08-07T00:01:07.586-0300] {logging_mixin.py:188} INFO - [2024-08-07T00:01:07.586-0300] {override.py:1858} INFO - Created Permission View: can edit on DAG:example_setup_teardown_taskflow
[2024-08-07T00:01:07.609-0300] {logging_mixin.py:188} INFO - [2024-08-07T00:01:07.608-0300] {override.py:1858} INFO - Created Permission View: can read on DAG:example_setup_teardown_taskflow
[2024-08-07T00:01:07.611-0300] {logging_mixin.py:188} INFO - [2024-08-07T00:01:07.610-0300] {dag.py:3089} INFO - Sync 1 DAGs
[2024-08-07T00:01:07.632-0300] {logging_mixin.py:188} INFO - [2024-08-07T00:01:07.632-0300] {dag.py:3111} INFO - Creating ORM DAG for example_setup_teardown_taskflow
[2024-08-07T00:01:07.641-0300] {logging_mixin.py:188} INFO - [2024-08-07T00:01:07.641-0300] {dag.py:3947} INFO - Setting next_dagrun for example_setup_teardown_taskflow to 2024-08-06 00:00:00+00:00, run_after=2024-08-07 00:00:00+00:00
[2024-08-07T00:01:07.656-0300] {processor.py:183} INFO - Processing /home/wilamy/PARA/1_projetos/Data_Lake_Football/Data_Lake_Football_Airflow/venv_airflow_data_lake/lib/python3.10/site-packages/airflow/example_dags/example_setup_teardown_taskflow.py took 0.199 seconds
[2024-08-07T00:02:02.162-0300] {processor.py:161} INFO - Started process (PID=11188) to work on /home/wilamy/PARA/1_projetos/Data_Lake_Football/Data_Lake_Football_Airflow/venv_airflow_data_lake/lib/python3.10/site-packages/airflow/example_dags/example_setup_teardown_taskflow.py
[2024-08-07T00:02:02.168-0300] {processor.py:830} INFO - Processing file /home/wilamy/PARA/1_projetos/Data_Lake_Football/Data_Lake_Football_Airflow/venv_airflow_data_lake/lib/python3.10/site-packages/airflow/example_dags/example_setup_teardown_taskflow.py for tasks to queue
[2024-08-07T00:02:02.172-0300] {logging_mixin.py:188} INFO - [2024-08-07T00:02:02.171-0300] {dagbag.py:545} INFO - Filling up the DagBag from /home/wilamy/PARA/1_projetos/Data_Lake_Football/Data_Lake_Football_Airflow/venv_airflow_data_lake/lib/python3.10/site-packages/airflow/example_dags/example_setup_teardown_taskflow.py
[2024-08-07T00:02:02.189-0300] {processor.py:840} INFO - DAG(s) 'example_setup_teardown_taskflow' retrieved from /home/wilamy/PARA/1_projetos/Data_Lake_Football/Data_Lake_Football_Airflow/venv_airflow_data_lake/lib/python3.10/site-packages/airflow/example_dags/example_setup_teardown_taskflow.py
[2024-08-07T00:02:02.205-0300] {logging_mixin.py:188} INFO - [2024-08-07T00:02:02.205-0300] {dag.py:3089} INFO - Sync 1 DAGs
[2024-08-07T00:02:02.220-0300] {logging_mixin.py:188} INFO - [2024-08-07T00:02:02.220-0300] {dag.py:3947} INFO - Setting next_dagrun for example_setup_teardown_taskflow to 2024-08-06 00:00:00+00:00, run_after=2024-08-07 00:00:00+00:00
[2024-08-07T00:02:02.235-0300] {processor.py:183} INFO - Processing /home/wilamy/PARA/1_projetos/Data_Lake_Football/Data_Lake_Football_Airflow/venv_airflow_data_lake/lib/python3.10/site-packages/airflow/example_dags/example_setup_teardown_taskflow.py took 0.089 seconds
[2024-08-07T00:02:50.506-0300] {processor.py:161} INFO - Started process (PID=11922) to work on /home/wilamy/PARA/1_projetos/Data_Lake_Football/Data_Lake_Football_Airflow/venv_airflow_data_lake/lib/python3.10/site-packages/airflow/example_dags/example_setup_teardown_taskflow.py
[2024-08-07T00:02:50.507-0300] {processor.py:830} INFO - Processing file /home/wilamy/PARA/1_projetos/Data_Lake_Football/Data_Lake_Football_Airflow/venv_airflow_data_lake/lib/python3.10/site-packages/airflow/example_dags/example_setup_teardown_taskflow.py for tasks to queue
[2024-08-07T00:02:50.509-0300] {logging_mixin.py:188} INFO - [2024-08-07T00:02:50.508-0300] {dagbag.py:545} INFO - Filling up the DagBag from /home/wilamy/PARA/1_projetos/Data_Lake_Football/Data_Lake_Football_Airflow/venv_airflow_data_lake/lib/python3.10/site-packages/airflow/example_dags/example_setup_teardown_taskflow.py
[2024-08-07T00:02:50.518-0300] {processor.py:840} INFO - DAG(s) 'example_setup_teardown_taskflow' retrieved from /home/wilamy/PARA/1_projetos/Data_Lake_Football/Data_Lake_Football_Airflow/venv_airflow_data_lake/lib/python3.10/site-packages/airflow/example_dags/example_setup_teardown_taskflow.py
[2024-08-07T00:02:50.534-0300] {logging_mixin.py:188} INFO - [2024-08-07T00:02:50.534-0300] {dag.py:3089} INFO - Sync 1 DAGs
[2024-08-07T00:02:50.630-0300] {logging_mixin.py:188} INFO - [2024-08-07T00:02:50.630-0300] {dag.py:3947} INFO - Setting next_dagrun for example_setup_teardown_taskflow to 2024-08-06 00:00:00+00:00, run_after=2024-08-07 00:00:00+00:00
[2024-08-07T00:02:50.650-0300] {processor.py:183} INFO - Processing /home/wilamy/PARA/1_projetos/Data_Lake_Football/Data_Lake_Football_Airflow/venv_airflow_data_lake/lib/python3.10/site-packages/airflow/example_dags/example_setup_teardown_taskflow.py took 0.150 seconds
[2024-08-07T00:03:39.786-0300] {processor.py:161} INFO - Started process (PID=12171) to work on /home/wilamy/PARA/1_projetos/Data_Lake_Football/Data_Lake_Football_Airflow/venv_airflow_data_lake/lib/python3.10/site-packages/airflow/example_dags/example_setup_teardown_taskflow.py
[2024-08-07T00:03:39.790-0300] {processor.py:830} INFO - Processing file /home/wilamy/PARA/1_projetos/Data_Lake_Football/Data_Lake_Football_Airflow/venv_airflow_data_lake/lib/python3.10/site-packages/airflow/example_dags/example_setup_teardown_taskflow.py for tasks to queue
[2024-08-07T00:03:39.791-0300] {logging_mixin.py:188} INFO - [2024-08-07T00:03:39.791-0300] {dagbag.py:545} INFO - Filling up the DagBag from /home/wilamy/PARA/1_projetos/Data_Lake_Football/Data_Lake_Football_Airflow/venv_airflow_data_lake/lib/python3.10/site-packages/airflow/example_dags/example_setup_teardown_taskflow.py
[2024-08-07T00:03:39.801-0300] {processor.py:840} INFO - DAG(s) 'example_setup_teardown_taskflow' retrieved from /home/wilamy/PARA/1_projetos/Data_Lake_Football/Data_Lake_Football_Airflow/venv_airflow_data_lake/lib/python3.10/site-packages/airflow/example_dags/example_setup_teardown_taskflow.py
[2024-08-07T00:03:39.817-0300] {logging_mixin.py:188} INFO - [2024-08-07T00:03:39.817-0300] {dag.py:3089} INFO - Sync 1 DAGs
[2024-08-07T00:03:39.832-0300] {logging_mixin.py:188} INFO - [2024-08-07T00:03:39.832-0300] {dag.py:3947} INFO - Setting next_dagrun for example_setup_teardown_taskflow to 2024-08-06 00:00:00+00:00, run_after=2024-08-07 00:00:00+00:00
[2024-08-07T00:03:39.846-0300] {processor.py:183} INFO - Processing /home/wilamy/PARA/1_projetos/Data_Lake_Football/Data_Lake_Football_Airflow/venv_airflow_data_lake/lib/python3.10/site-packages/airflow/example_dags/example_setup_teardown_taskflow.py took 0.066 seconds
