[2024-08-07T00:00:43.220-0300] {processor.py:161} INFO - Started process (PID=10777) to work on /home/wilamy/PARA/1_projetos/Data_Lake_Football/Data_Lake_Football_Airflow/venv_airflow_data_lake/lib/python3.10/site-packages/airflow/example_dags/example_short_circuit_decorator.py
[2024-08-07T00:00:43.221-0300] {processor.py:830} INFO - Processing file /home/wilamy/PARA/1_projetos/Data_Lake_Football/Data_Lake_Football_Airflow/venv_airflow_data_lake/lib/python3.10/site-packages/airflow/example_dags/example_short_circuit_decorator.py for tasks to queue
[2024-08-07T00:00:43.222-0300] {logging_mixin.py:188} INFO - [2024-08-07T00:00:43.222-0300] {dagbag.py:545} INFO - Filling up the DagBag from /home/wilamy/PARA/1_projetos/Data_Lake_Football/Data_Lake_Football_Airflow/venv_airflow_data_lake/lib/python3.10/site-packages/airflow/example_dags/example_short_circuit_decorator.py
[2024-08-07T00:00:43.236-0300] {processor.py:840} INFO - DAG(s) 'example_short_circuit_decorator' retrieved from /home/wilamy/PARA/1_projetos/Data_Lake_Football/Data_Lake_Football_Airflow/venv_airflow_data_lake/lib/python3.10/site-packages/airflow/example_dags/example_short_circuit_decorator.py
[2024-08-07T00:00:43.317-0300] {logging_mixin.py:188} INFO - [2024-08-07T00:00:43.317-0300] {override.py:1858} INFO - Created Permission View: can delete on DAG:example_short_circuit_decorator
[2024-08-07T00:00:43.324-0300] {logging_mixin.py:188} INFO - [2024-08-07T00:00:43.324-0300] {override.py:1858} INFO - Created Permission View: can edit on DAG:example_short_circuit_decorator
[2024-08-07T00:00:43.329-0300] {logging_mixin.py:188} INFO - [2024-08-07T00:00:43.329-0300] {override.py:1858} INFO - Created Permission View: can read on DAG:example_short_circuit_decorator
[2024-08-07T00:00:43.330-0300] {logging_mixin.py:188} INFO - [2024-08-07T00:00:43.330-0300] {dag.py:3089} INFO - Sync 1 DAGs
[2024-08-07T00:00:43.337-0300] {logging_mixin.py:188} INFO - [2024-08-07T00:00:43.337-0300] {dag.py:3111} INFO - Creating ORM DAG for example_short_circuit_decorator
[2024-08-07T00:00:43.343-0300] {logging_mixin.py:188} INFO - [2024-08-07T00:00:43.343-0300] {dag.py:3947} INFO - Setting next_dagrun for example_short_circuit_decorator to 2024-08-06 00:00:00+00:00, run_after=2024-08-07 00:00:00+00:00
[2024-08-07T00:00:43.356-0300] {processor.py:183} INFO - Processing /home/wilamy/PARA/1_projetos/Data_Lake_Football/Data_Lake_Football_Airflow/venv_airflow_data_lake/lib/python3.10/site-packages/airflow/example_dags/example_short_circuit_decorator.py took 0.142 seconds
[2024-08-07T00:01:40.208-0300] {processor.py:161} INFO - Started process (PID=11079) to work on /home/wilamy/PARA/1_projetos/Data_Lake_Football/Data_Lake_Football_Airflow/venv_airflow_data_lake/lib/python3.10/site-packages/airflow/example_dags/example_short_circuit_decorator.py
[2024-08-07T00:01:40.212-0300] {processor.py:830} INFO - Processing file /home/wilamy/PARA/1_projetos/Data_Lake_Football/Data_Lake_Football_Airflow/venv_airflow_data_lake/lib/python3.10/site-packages/airflow/example_dags/example_short_circuit_decorator.py for tasks to queue
[2024-08-07T00:01:40.213-0300] {logging_mixin.py:188} INFO - [2024-08-07T00:01:40.212-0300] {dagbag.py:545} INFO - Filling up the DagBag from /home/wilamy/PARA/1_projetos/Data_Lake_Football/Data_Lake_Football_Airflow/venv_airflow_data_lake/lib/python3.10/site-packages/airflow/example_dags/example_short_circuit_decorator.py
[2024-08-07T00:01:40.219-0300] {processor.py:840} INFO - DAG(s) 'example_short_circuit_decorator' retrieved from /home/wilamy/PARA/1_projetos/Data_Lake_Football/Data_Lake_Football_Airflow/venv_airflow_data_lake/lib/python3.10/site-packages/airflow/example_dags/example_short_circuit_decorator.py
[2024-08-07T00:01:40.231-0300] {logging_mixin.py:188} INFO - [2024-08-07T00:01:40.231-0300] {dag.py:3089} INFO - Sync 1 DAGs
[2024-08-07T00:01:40.243-0300] {logging_mixin.py:188} INFO - [2024-08-07T00:01:40.242-0300] {dag.py:3947} INFO - Setting next_dagrun for example_short_circuit_decorator to 2024-08-06 00:00:00+00:00, run_after=2024-08-07 00:00:00+00:00
[2024-08-07T00:01:40.255-0300] {processor.py:183} INFO - Processing /home/wilamy/PARA/1_projetos/Data_Lake_Football/Data_Lake_Football_Airflow/venv_airflow_data_lake/lib/python3.10/site-packages/airflow/example_dags/example_short_circuit_decorator.py took 0.051 seconds
[2024-08-07T00:02:26.113-0300] {processor.py:161} INFO - Started process (PID=11749) to work on /home/wilamy/PARA/1_projetos/Data_Lake_Football/Data_Lake_Football_Airflow/venv_airflow_data_lake/lib/python3.10/site-packages/airflow/example_dags/example_short_circuit_decorator.py
[2024-08-07T00:02:26.114-0300] {processor.py:830} INFO - Processing file /home/wilamy/PARA/1_projetos/Data_Lake_Football/Data_Lake_Football_Airflow/venv_airflow_data_lake/lib/python3.10/site-packages/airflow/example_dags/example_short_circuit_decorator.py for tasks to queue
[2024-08-07T00:02:26.115-0300] {logging_mixin.py:188} INFO - [2024-08-07T00:02:26.115-0300] {dagbag.py:545} INFO - Filling up the DagBag from /home/wilamy/PARA/1_projetos/Data_Lake_Football/Data_Lake_Football_Airflow/venv_airflow_data_lake/lib/python3.10/site-packages/airflow/example_dags/example_short_circuit_decorator.py
[2024-08-07T00:02:26.123-0300] {processor.py:840} INFO - DAG(s) 'example_short_circuit_decorator' retrieved from /home/wilamy/PARA/1_projetos/Data_Lake_Football/Data_Lake_Football_Airflow/venv_airflow_data_lake/lib/python3.10/site-packages/airflow/example_dags/example_short_circuit_decorator.py
[2024-08-07T00:02:26.139-0300] {logging_mixin.py:188} INFO - [2024-08-07T00:02:26.139-0300] {dag.py:3089} INFO - Sync 1 DAGs
[2024-08-07T00:02:26.153-0300] {logging_mixin.py:188} INFO - [2024-08-07T00:02:26.153-0300] {dag.py:3947} INFO - Setting next_dagrun for example_short_circuit_decorator to 2024-08-06 00:00:00+00:00, run_after=2024-08-07 00:00:00+00:00
[2024-08-07T00:02:26.170-0300] {processor.py:183} INFO - Processing /home/wilamy/PARA/1_projetos/Data_Lake_Football/Data_Lake_Football_Airflow/venv_airflow_data_lake/lib/python3.10/site-packages/airflow/example_dags/example_short_circuit_decorator.py took 0.062 seconds
[2024-08-07T00:03:06.926-0300] {processor.py:161} INFO - Started process (PID=12005) to work on /home/wilamy/PARA/1_projetos/Data_Lake_Football/Data_Lake_Football_Airflow/venv_airflow_data_lake/lib/python3.10/site-packages/airflow/example_dags/example_short_circuit_decorator.py
[2024-08-07T00:03:06.928-0300] {processor.py:830} INFO - Processing file /home/wilamy/PARA/1_projetos/Data_Lake_Football/Data_Lake_Football_Airflow/venv_airflow_data_lake/lib/python3.10/site-packages/airflow/example_dags/example_short_circuit_decorator.py for tasks to queue
[2024-08-07T00:03:06.934-0300] {logging_mixin.py:188} INFO - [2024-08-07T00:03:06.933-0300] {dagbag.py:545} INFO - Filling up the DagBag from /home/wilamy/PARA/1_projetos/Data_Lake_Football/Data_Lake_Football_Airflow/venv_airflow_data_lake/lib/python3.10/site-packages/airflow/example_dags/example_short_circuit_decorator.py
[2024-08-07T00:03:06.947-0300] {processor.py:840} INFO - DAG(s) 'example_short_circuit_decorator' retrieved from /home/wilamy/PARA/1_projetos/Data_Lake_Football/Data_Lake_Football_Airflow/venv_airflow_data_lake/lib/python3.10/site-packages/airflow/example_dags/example_short_circuit_decorator.py
[2024-08-07T00:03:06.964-0300] {logging_mixin.py:188} INFO - [2024-08-07T00:03:06.964-0300] {dag.py:3089} INFO - Sync 1 DAGs
[2024-08-07T00:03:07.057-0300] {logging_mixin.py:188} INFO - [2024-08-07T00:03:07.056-0300] {dag.py:3947} INFO - Setting next_dagrun for example_short_circuit_decorator to 2024-08-06 00:00:00+00:00, run_after=2024-08-07 00:00:00+00:00
[2024-08-07T00:03:07.076-0300] {processor.py:183} INFO - Processing /home/wilamy/PARA/1_projetos/Data_Lake_Football/Data_Lake_Football_Airflow/venv_airflow_data_lake/lib/python3.10/site-packages/airflow/example_dags/example_short_circuit_decorator.py took 0.166 seconds
[2024-08-07T00:03:54.136-0300] {processor.py:161} INFO - Started process (PID=12250) to work on /home/wilamy/PARA/1_projetos/Data_Lake_Football/Data_Lake_Football_Airflow/venv_airflow_data_lake/lib/python3.10/site-packages/airflow/example_dags/example_short_circuit_decorator.py
[2024-08-07T00:03:54.140-0300] {processor.py:830} INFO - Processing file /home/wilamy/PARA/1_projetos/Data_Lake_Football/Data_Lake_Football_Airflow/venv_airflow_data_lake/lib/python3.10/site-packages/airflow/example_dags/example_short_circuit_decorator.py for tasks to queue
[2024-08-07T00:03:54.141-0300] {logging_mixin.py:188} INFO - [2024-08-07T00:03:54.141-0300] {dagbag.py:545} INFO - Filling up the DagBag from /home/wilamy/PARA/1_projetos/Data_Lake_Football/Data_Lake_Football_Airflow/venv_airflow_data_lake/lib/python3.10/site-packages/airflow/example_dags/example_short_circuit_decorator.py
[2024-08-07T00:03:54.148-0300] {processor.py:840} INFO - DAG(s) 'example_short_circuit_decorator' retrieved from /home/wilamy/PARA/1_projetos/Data_Lake_Football/Data_Lake_Football_Airflow/venv_airflow_data_lake/lib/python3.10/site-packages/airflow/example_dags/example_short_circuit_decorator.py
[2024-08-07T00:03:54.161-0300] {logging_mixin.py:188} INFO - [2024-08-07T00:03:54.161-0300] {dag.py:3089} INFO - Sync 1 DAGs
[2024-08-07T00:03:54.176-0300] {logging_mixin.py:188} INFO - [2024-08-07T00:03:54.175-0300] {dag.py:3947} INFO - Setting next_dagrun for example_short_circuit_decorator to 2024-08-06 00:00:00+00:00, run_after=2024-08-07 00:00:00+00:00
[2024-08-07T00:03:54.192-0300] {processor.py:183} INFO - Processing /home/wilamy/PARA/1_projetos/Data_Lake_Football/Data_Lake_Football_Airflow/venv_airflow_data_lake/lib/python3.10/site-packages/airflow/example_dags/example_short_circuit_decorator.py took 0.060 seconds
