[2024-08-07T00:01:30.197-0300] {processor.py:161} INFO - Started process (PID=11016) to work on /home/wilamy/PARA/1_projetos/Data_Lake_Football/Data_Lake_Football_Airflow/venv_airflow_data_lake/lib/python3.10/site-packages/airflow/example_dags/example_dag_decorator.py
[2024-08-07T00:01:30.198-0300] {processor.py:830} INFO - Processing file /home/wilamy/PARA/1_projetos/Data_Lake_Football/Data_Lake_Football_Airflow/venv_airflow_data_lake/lib/python3.10/site-packages/airflow/example_dags/example_dag_decorator.py for tasks to queue
[2024-08-07T00:01:30.199-0300] {logging_mixin.py:188} INFO - [2024-08-07T00:01:30.199-0300] {dagbag.py:545} INFO - Filling up the DagBag from /home/wilamy/PARA/1_projetos/Data_Lake_Football/Data_Lake_Football_Airflow/venv_airflow_data_lake/lib/python3.10/site-packages/airflow/example_dags/example_dag_decorator.py
[2024-08-07T00:01:30.264-0300] {processor.py:840} INFO - DAG(s) 'example_dag_decorator' retrieved from /home/wilamy/PARA/1_projetos/Data_Lake_Football/Data_Lake_Football_Airflow/venv_airflow_data_lake/lib/python3.10/site-packages/airflow/example_dags/example_dag_decorator.py
[2024-08-07T00:01:30.436-0300] {logging_mixin.py:188} INFO - [2024-08-07T00:01:30.435-0300] {override.py:1858} INFO - Created Permission View: can delete on DAG:example_dag_decorator
[2024-08-07T00:01:30.500-0300] {logging_mixin.py:188} INFO - [2024-08-07T00:01:30.499-0300] {override.py:1858} INFO - Created Permission View: can edit on DAG:example_dag_decorator
[2024-08-07T00:01:30.521-0300] {logging_mixin.py:188} INFO - [2024-08-07T00:01:30.520-0300] {override.py:1858} INFO - Created Permission View: can read on DAG:example_dag_decorator
[2024-08-07T00:01:30.523-0300] {logging_mixin.py:188} INFO - [2024-08-07T00:01:30.522-0300] {dag.py:3089} INFO - Sync 1 DAGs
[2024-08-07T00:01:30.544-0300] {logging_mixin.py:188} INFO - [2024-08-07T00:01:30.543-0300] {dag.py:3111} INFO - Creating ORM DAG for example_dag_decorator
[2024-08-07T00:01:30.544-0300] {logging_mixin.py:188} INFO - [2024-08-07T00:01:30.544-0300] {dag.py:3947} INFO - Setting next_dagrun for example_dag_decorator to None, run_after=None
[2024-08-07T00:01:30.562-0300] {processor.py:183} INFO - Processing /home/wilamy/PARA/1_projetos/Data_Lake_Football/Data_Lake_Football_Airflow/venv_airflow_data_lake/lib/python3.10/site-packages/airflow/example_dags/example_dag_decorator.py took 0.370 seconds
[2024-08-07T00:02:34.658-0300] {processor.py:161} INFO - Started process (PID=11798) to work on /home/wilamy/PARA/1_projetos/Data_Lake_Football/Data_Lake_Football_Airflow/venv_airflow_data_lake/lib/python3.10/site-packages/airflow/example_dags/example_dag_decorator.py
[2024-08-07T00:02:34.659-0300] {processor.py:830} INFO - Processing file /home/wilamy/PARA/1_projetos/Data_Lake_Football/Data_Lake_Football_Airflow/venv_airflow_data_lake/lib/python3.10/site-packages/airflow/example_dags/example_dag_decorator.py for tasks to queue
[2024-08-07T00:02:34.661-0300] {logging_mixin.py:188} INFO - [2024-08-07T00:02:34.660-0300] {dagbag.py:545} INFO - Filling up the DagBag from /home/wilamy/PARA/1_projetos/Data_Lake_Football/Data_Lake_Football_Airflow/venv_airflow_data_lake/lib/python3.10/site-packages/airflow/example_dags/example_dag_decorator.py
[2024-08-07T00:02:34.815-0300] {processor.py:840} INFO - DAG(s) 'example_dag_decorator' retrieved from /home/wilamy/PARA/1_projetos/Data_Lake_Football/Data_Lake_Football_Airflow/venv_airflow_data_lake/lib/python3.10/site-packages/airflow/example_dags/example_dag_decorator.py
[2024-08-07T00:02:34.881-0300] {logging_mixin.py:188} INFO - [2024-08-07T00:02:34.881-0300] {dag.py:3089} INFO - Sync 1 DAGs
[2024-08-07T00:02:34.886-0300] {logging_mixin.py:188} INFO - [2024-08-07T00:02:34.886-0300] {dag.py:3947} INFO - Setting next_dagrun for example_dag_decorator to None, run_after=None
[2024-08-07T00:02:34.899-0300] {processor.py:183} INFO - Processing /home/wilamy/PARA/1_projetos/Data_Lake_Football/Data_Lake_Football_Airflow/venv_airflow_data_lake/lib/python3.10/site-packages/airflow/example_dags/example_dag_decorator.py took 0.246 seconds
[2024-08-07T00:03:42.697-0300] {processor.py:161} INFO - Started process (PID=12184) to work on /home/wilamy/PARA/1_projetos/Data_Lake_Football/Data_Lake_Football_Airflow/venv_airflow_data_lake/lib/python3.10/site-packages/airflow/example_dags/example_dag_decorator.py
[2024-08-07T00:03:42.701-0300] {processor.py:830} INFO - Processing file /home/wilamy/PARA/1_projetos/Data_Lake_Football/Data_Lake_Football_Airflow/venv_airflow_data_lake/lib/python3.10/site-packages/airflow/example_dags/example_dag_decorator.py for tasks to queue
[2024-08-07T00:03:42.702-0300] {logging_mixin.py:188} INFO - [2024-08-07T00:03:42.702-0300] {dagbag.py:545} INFO - Filling up the DagBag from /home/wilamy/PARA/1_projetos/Data_Lake_Football/Data_Lake_Football_Airflow/venv_airflow_data_lake/lib/python3.10/site-packages/airflow/example_dags/example_dag_decorator.py
[2024-08-07T00:03:42.771-0300] {processor.py:840} INFO - DAG(s) 'example_dag_decorator' retrieved from /home/wilamy/PARA/1_projetos/Data_Lake_Football/Data_Lake_Football_Airflow/venv_airflow_data_lake/lib/python3.10/site-packages/airflow/example_dags/example_dag_decorator.py
[2024-08-07T00:03:42.829-0300] {logging_mixin.py:188} INFO - [2024-08-07T00:03:42.829-0300] {dag.py:3089} INFO - Sync 1 DAGs
[2024-08-07T00:03:42.835-0300] {logging_mixin.py:188} INFO - [2024-08-07T00:03:42.835-0300] {dag.py:3947} INFO - Setting next_dagrun for example_dag_decorator to None, run_after=None
[2024-08-07T00:03:42.848-0300] {processor.py:183} INFO - Processing /home/wilamy/PARA/1_projetos/Data_Lake_Football/Data_Lake_Football_Airflow/venv_airflow_data_lake/lib/python3.10/site-packages/airflow/example_dags/example_dag_decorator.py took 0.157 seconds
