[2024-08-07T00:01:24.921-0300] {processor.py:161} INFO - Started process (PID=10983) to work on /home/wilamy/PARA/1_projetos/Data_Lake_Football/Data_Lake_Football_Airflow/venv_airflow_data_lake/lib/python3.10/site-packages/airflow/example_dags/example_complex.py
[2024-08-07T00:01:24.922-0300] {processor.py:830} INFO - Processing file /home/wilamy/PARA/1_projetos/Data_Lake_Football/Data_Lake_Football_Airflow/venv_airflow_data_lake/lib/python3.10/site-packages/airflow/example_dags/example_complex.py for tasks to queue
[2024-08-07T00:01:24.925-0300] {logging_mixin.py:188} INFO - [2024-08-07T00:01:24.924-0300] {dagbag.py:545} INFO - Filling up the DagBag from /home/wilamy/PARA/1_projetos/Data_Lake_Football/Data_Lake_Football_Airflow/venv_airflow_data_lake/lib/python3.10/site-packages/airflow/example_dags/example_complex.py
[2024-08-07T00:01:24.944-0300] {processor.py:840} INFO - DAG(s) 'example_complex' retrieved from /home/wilamy/PARA/1_projetos/Data_Lake_Football/Data_Lake_Football_Airflow/venv_airflow_data_lake/lib/python3.10/site-packages/airflow/example_dags/example_complex.py
[2024-08-07T00:01:25.028-0300] {logging_mixin.py:188} INFO - [2024-08-07T00:01:25.028-0300] {override.py:1858} INFO - Created Permission View: can delete on DAG:example_complex
[2024-08-07T00:01:25.036-0300] {logging_mixin.py:188} INFO - [2024-08-07T00:01:25.036-0300] {override.py:1858} INFO - Created Permission View: can edit on DAG:example_complex
[2024-08-07T00:01:25.042-0300] {logging_mixin.py:188} INFO - [2024-08-07T00:01:25.042-0300] {override.py:1858} INFO - Created Permission View: can read on DAG:example_complex
[2024-08-07T00:01:25.043-0300] {logging_mixin.py:188} INFO - [2024-08-07T00:01:25.042-0300] {dag.py:3089} INFO - Sync 1 DAGs
[2024-08-07T00:01:25.051-0300] {logging_mixin.py:188} INFO - [2024-08-07T00:01:25.051-0300] {dag.py:3111} INFO - Creating ORM DAG for example_complex
[2024-08-07T00:01:25.052-0300] {logging_mixin.py:188} INFO - [2024-08-07T00:01:25.052-0300] {dag.py:3947} INFO - Setting next_dagrun for example_complex to None, run_after=None
[2024-08-07T00:01:25.150-0300] {processor.py:183} INFO - Processing /home/wilamy/PARA/1_projetos/Data_Lake_Football/Data_Lake_Football_Airflow/venv_airflow_data_lake/lib/python3.10/site-packages/airflow/example_dags/example_complex.py took 0.241 seconds
[2024-08-07T00:02:15.868-0300] {processor.py:161} INFO - Started process (PID=11406) to work on /home/wilamy/PARA/1_projetos/Data_Lake_Football/Data_Lake_Football_Airflow/venv_airflow_data_lake/lib/python3.10/site-packages/airflow/example_dags/example_complex.py
[2024-08-07T00:02:15.873-0300] {processor.py:830} INFO - Processing file /home/wilamy/PARA/1_projetos/Data_Lake_Football/Data_Lake_Football_Airflow/venv_airflow_data_lake/lib/python3.10/site-packages/airflow/example_dags/example_complex.py for tasks to queue
[2024-08-07T00:02:15.878-0300] {logging_mixin.py:188} INFO - [2024-08-07T00:02:15.877-0300] {dagbag.py:545} INFO - Filling up the DagBag from /home/wilamy/PARA/1_projetos/Data_Lake_Football/Data_Lake_Football_Airflow/venv_airflow_data_lake/lib/python3.10/site-packages/airflow/example_dags/example_complex.py
[2024-08-07T00:02:15.895-0300] {processor.py:840} INFO - DAG(s) 'example_complex' retrieved from /home/wilamy/PARA/1_projetos/Data_Lake_Football/Data_Lake_Football_Airflow/venv_airflow_data_lake/lib/python3.10/site-packages/airflow/example_dags/example_complex.py
[2024-08-07T00:02:15.921-0300] {logging_mixin.py:188} INFO - [2024-08-07T00:02:15.921-0300] {dag.py:3089} INFO - Sync 1 DAGs
[2024-08-07T00:02:15.935-0300] {logging_mixin.py:188} INFO - [2024-08-07T00:02:15.934-0300] {dag.py:3947} INFO - Setting next_dagrun for example_complex to None, run_after=None
[2024-08-07T00:02:15.963-0300] {processor.py:183} INFO - Processing /home/wilamy/PARA/1_projetos/Data_Lake_Football/Data_Lake_Football_Airflow/venv_airflow_data_lake/lib/python3.10/site-packages/airflow/example_dags/example_complex.py took 0.113 seconds
[2024-08-07T00:03:18.429-0300] {processor.py:161} INFO - Started process (PID=12064) to work on /home/wilamy/PARA/1_projetos/Data_Lake_Football/Data_Lake_Football_Airflow/venv_airflow_data_lake/lib/python3.10/site-packages/airflow/example_dags/example_complex.py
[2024-08-07T00:03:18.434-0300] {processor.py:830} INFO - Processing file /home/wilamy/PARA/1_projetos/Data_Lake_Football/Data_Lake_Football_Airflow/venv_airflow_data_lake/lib/python3.10/site-packages/airflow/example_dags/example_complex.py for tasks to queue
[2024-08-07T00:03:18.435-0300] {logging_mixin.py:188} INFO - [2024-08-07T00:03:18.435-0300] {dagbag.py:545} INFO - Filling up the DagBag from /home/wilamy/PARA/1_projetos/Data_Lake_Football/Data_Lake_Football_Airflow/venv_airflow_data_lake/lib/python3.10/site-packages/airflow/example_dags/example_complex.py
[2024-08-07T00:03:18.447-0300] {processor.py:840} INFO - DAG(s) 'example_complex' retrieved from /home/wilamy/PARA/1_projetos/Data_Lake_Football/Data_Lake_Football_Airflow/venv_airflow_data_lake/lib/python3.10/site-packages/airflow/example_dags/example_complex.py
[2024-08-07T00:03:18.555-0300] {logging_mixin.py:188} INFO - [2024-08-07T00:03:18.555-0300] {dag.py:3089} INFO - Sync 1 DAGs
[2024-08-07T00:03:18.565-0300] {logging_mixin.py:188} INFO - [2024-08-07T00:03:18.565-0300] {dag.py:3947} INFO - Setting next_dagrun for example_complex to None, run_after=None
[2024-08-07T00:03:18.581-0300] {processor.py:183} INFO - Processing /home/wilamy/PARA/1_projetos/Data_Lake_Football/Data_Lake_Football_Airflow/venv_airflow_data_lake/lib/python3.10/site-packages/airflow/example_dags/example_complex.py took 0.163 seconds
