[2024-08-07T00:01:11.309-0300] {processor.py:161} INFO - Started process (PID=10921) to work on /home/wilamy/PARA/1_projetos/Data_Lake_Football/Data_Lake_Football_Airflow/venv_airflow_data_lake/lib/python3.10/site-packages/airflow/example_dags/example_datasets.py
[2024-08-07T00:01:11.310-0300] {processor.py:830} INFO - Processing file /home/wilamy/PARA/1_projetos/Data_Lake_Football/Data_Lake_Football_Airflow/venv_airflow_data_lake/lib/python3.10/site-packages/airflow/example_dags/example_datasets.py for tasks to queue
[2024-08-07T00:01:11.311-0300] {logging_mixin.py:188} INFO - [2024-08-07T00:01:11.311-0300] {dagbag.py:545} INFO - Filling up the DagBag from /home/wilamy/PARA/1_projetos/Data_Lake_Football/Data_Lake_Football_Airflow/venv_airflow_data_lake/lib/python3.10/site-packages/airflow/example_dags/example_datasets.py
[2024-08-07T00:01:11.325-0300] {processor.py:840} INFO - DAG(s) 'dataset_produces_1', 'dataset_consumes_1', 'conditional_dataset_and_time_based_timetable', 'dataset_consumes_1_and_2', 'dataset_consumes_1_never_scheduled', 'dataset_consumes_unknown_never_scheduled', 'consume_1_or_both_2_and_3_with_dataset_expressions', 'dataset_produces_2', 'consume_1_or_2_with_dataset_expressions', 'consume_1_and_2_with_dataset_expressions' retrieved from /home/wilamy/PARA/1_projetos/Data_Lake_Football/Data_Lake_Football_Airflow/venv_airflow_data_lake/lib/python3.10/site-packages/airflow/example_dags/example_datasets.py
[2024-08-07T00:01:11.418-0300] {logging_mixin.py:188} INFO - [2024-08-07T00:01:11.417-0300] {override.py:1858} INFO - Created Permission View: can delete on DAG:dataset_produces_1
[2024-08-07T00:01:11.432-0300] {logging_mixin.py:188} INFO - [2024-08-07T00:01:11.432-0300] {override.py:1858} INFO - Created Permission View: can edit on DAG:dataset_produces_1
[2024-08-07T00:01:11.439-0300] {logging_mixin.py:188} INFO - [2024-08-07T00:01:11.438-0300] {override.py:1858} INFO - Created Permission View: can read on DAG:dataset_produces_1
[2024-08-07T00:01:11.466-0300] {logging_mixin.py:188} INFO - [2024-08-07T00:01:11.465-0300] {override.py:1858} INFO - Created Permission View: can delete on DAG:dataset_consumes_1
[2024-08-07T00:01:11.485-0300] {logging_mixin.py:188} INFO - [2024-08-07T00:01:11.484-0300] {override.py:1858} INFO - Created Permission View: can edit on DAG:dataset_consumes_1
[2024-08-07T00:01:11.496-0300] {logging_mixin.py:188} INFO - [2024-08-07T00:01:11.496-0300] {override.py:1858} INFO - Created Permission View: can read on DAG:dataset_consumes_1
[2024-08-07T00:01:11.511-0300] {logging_mixin.py:188} INFO - [2024-08-07T00:01:11.510-0300] {override.py:1858} INFO - Created Permission View: can delete on DAG:conditional_dataset_and_time_based_timetable
[2024-08-07T00:01:11.517-0300] {logging_mixin.py:188} INFO - [2024-08-07T00:01:11.516-0300] {override.py:1858} INFO - Created Permission View: can edit on DAG:conditional_dataset_and_time_based_timetable
[2024-08-07T00:01:11.537-0300] {logging_mixin.py:188} INFO - [2024-08-07T00:01:11.537-0300] {override.py:1858} INFO - Created Permission View: can read on DAG:conditional_dataset_and_time_based_timetable
[2024-08-07T00:01:11.551-0300] {logging_mixin.py:188} INFO - [2024-08-07T00:01:11.550-0300] {override.py:1858} INFO - Created Permission View: can delete on DAG:dataset_consumes_1_and_2
[2024-08-07T00:01:11.557-0300] {logging_mixin.py:188} INFO - [2024-08-07T00:01:11.557-0300] {override.py:1858} INFO - Created Permission View: can edit on DAG:dataset_consumes_1_and_2
[2024-08-07T00:01:11.563-0300] {logging_mixin.py:188} INFO - [2024-08-07T00:01:11.562-0300] {override.py:1858} INFO - Created Permission View: can read on DAG:dataset_consumes_1_and_2
[2024-08-07T00:01:11.641-0300] {logging_mixin.py:188} INFO - [2024-08-07T00:01:11.640-0300] {override.py:1858} INFO - Created Permission View: can delete on DAG:dataset_consumes_1_never_scheduled
[2024-08-07T00:01:11.651-0300] {logging_mixin.py:188} INFO - [2024-08-07T00:01:11.650-0300] {override.py:1858} INFO - Created Permission View: can edit on DAG:dataset_consumes_1_never_scheduled
[2024-08-07T00:01:11.657-0300] {logging_mixin.py:188} INFO - [2024-08-07T00:01:11.657-0300] {override.py:1858} INFO - Created Permission View: can read on DAG:dataset_consumes_1_never_scheduled
[2024-08-07T00:01:11.670-0300] {logging_mixin.py:188} INFO - [2024-08-07T00:01:11.670-0300] {override.py:1858} INFO - Created Permission View: can delete on DAG:dataset_consumes_unknown_never_scheduled
[2024-08-07T00:01:11.724-0300] {logging_mixin.py:188} INFO - [2024-08-07T00:01:11.723-0300] {override.py:1858} INFO - Created Permission View: can edit on DAG:dataset_consumes_unknown_never_scheduled
[2024-08-07T00:01:11.745-0300] {logging_mixin.py:188} INFO - [2024-08-07T00:01:11.744-0300] {override.py:1858} INFO - Created Permission View: can read on DAG:dataset_consumes_unknown_never_scheduled
[2024-08-07T00:01:11.770-0300] {logging_mixin.py:188} INFO - [2024-08-07T00:01:11.770-0300] {override.py:1858} INFO - Created Permission View: can delete on DAG:consume_1_or_both_2_and_3_with_dataset_expressions
[2024-08-07T00:01:11.777-0300] {logging_mixin.py:188} INFO - [2024-08-07T00:01:11.777-0300] {override.py:1858} INFO - Created Permission View: can edit on DAG:consume_1_or_both_2_and_3_with_dataset_expressions
[2024-08-07T00:01:11.783-0300] {logging_mixin.py:188} INFO - [2024-08-07T00:01:11.783-0300] {override.py:1858} INFO - Created Permission View: can read on DAG:consume_1_or_both_2_and_3_with_dataset_expressions
[2024-08-07T00:01:11.846-0300] {logging_mixin.py:188} INFO - [2024-08-07T00:01:11.845-0300] {override.py:1858} INFO - Created Permission View: can delete on DAG:dataset_produces_2
[2024-08-07T00:01:11.861-0300] {logging_mixin.py:188} INFO - [2024-08-07T00:01:11.860-0300] {override.py:1858} INFO - Created Permission View: can edit on DAG:dataset_produces_2
[2024-08-07T00:01:11.876-0300] {logging_mixin.py:188} INFO - [2024-08-07T00:01:11.875-0300] {override.py:1858} INFO - Created Permission View: can read on DAG:dataset_produces_2
[2024-08-07T00:01:11.892-0300] {logging_mixin.py:188} INFO - [2024-08-07T00:01:11.892-0300] {override.py:1858} INFO - Created Permission View: can delete on DAG:consume_1_or_2_with_dataset_expressions
[2024-08-07T00:01:11.897-0300] {logging_mixin.py:188} INFO - [2024-08-07T00:01:11.897-0300] {override.py:1858} INFO - Created Permission View: can edit on DAG:consume_1_or_2_with_dataset_expressions
[2024-08-07T00:01:11.902-0300] {logging_mixin.py:188} INFO - [2024-08-07T00:01:11.902-0300] {override.py:1858} INFO - Created Permission View: can read on DAG:consume_1_or_2_with_dataset_expressions
[2024-08-07T00:01:11.913-0300] {logging_mixin.py:188} INFO - [2024-08-07T00:01:11.913-0300] {override.py:1858} INFO - Created Permission View: can delete on DAG:consume_1_and_2_with_dataset_expressions
[2024-08-07T00:01:11.919-0300] {logging_mixin.py:188} INFO - [2024-08-07T00:01:11.918-0300] {override.py:1858} INFO - Created Permission View: can edit on DAG:consume_1_and_2_with_dataset_expressions
[2024-08-07T00:01:11.928-0300] {logging_mixin.py:188} INFO - [2024-08-07T00:01:11.928-0300] {override.py:1858} INFO - Created Permission View: can read on DAG:consume_1_and_2_with_dataset_expressions
[2024-08-07T00:01:11.929-0300] {logging_mixin.py:188} INFO - [2024-08-07T00:01:11.928-0300] {dag.py:3089} INFO - Sync 10 DAGs
[2024-08-07T00:01:11.936-0300] {logging_mixin.py:188} INFO - [2024-08-07T00:01:11.936-0300] {dag.py:3111} INFO - Creating ORM DAG for dataset_produces_2
[2024-08-07T00:01:11.937-0300] {logging_mixin.py:188} INFO - [2024-08-07T00:01:11.937-0300] {dag.py:3111} INFO - Creating ORM DAG for dataset_consumes_1_never_scheduled
[2024-08-07T00:01:11.937-0300] {logging_mixin.py:188} INFO - [2024-08-07T00:01:11.937-0300] {dag.py:3111} INFO - Creating ORM DAG for consume_1_or_both_2_and_3_with_dataset_expressions
[2024-08-07T00:01:11.938-0300] {logging_mixin.py:188} INFO - [2024-08-07T00:01:11.937-0300] {dag.py:3111} INFO - Creating ORM DAG for dataset_consumes_unknown_never_scheduled
[2024-08-07T00:01:11.938-0300] {logging_mixin.py:188} INFO - [2024-08-07T00:01:11.938-0300] {dag.py:3111} INFO - Creating ORM DAG for conditional_dataset_and_time_based_timetable
[2024-08-07T00:01:11.938-0300] {logging_mixin.py:188} INFO - [2024-08-07T00:01:11.938-0300] {dag.py:3111} INFO - Creating ORM DAG for consume_1_and_2_with_dataset_expressions
[2024-08-07T00:01:11.939-0300] {logging_mixin.py:188} INFO - [2024-08-07T00:01:11.939-0300] {dag.py:3111} INFO - Creating ORM DAG for dataset_consumes_1_and_2
[2024-08-07T00:01:11.939-0300] {logging_mixin.py:188} INFO - [2024-08-07T00:01:11.939-0300] {dag.py:3111} INFO - Creating ORM DAG for consume_1_or_2_with_dataset_expressions
[2024-08-07T00:01:11.940-0300] {logging_mixin.py:188} INFO - [2024-08-07T00:01:11.940-0300] {dag.py:3111} INFO - Creating ORM DAG for dataset_produces_1
[2024-08-07T00:01:11.940-0300] {logging_mixin.py:188} INFO - [2024-08-07T00:01:11.940-0300] {dag.py:3111} INFO - Creating ORM DAG for dataset_consumes_1
[2024-08-07T00:01:11.948-0300] {logging_mixin.py:188} INFO - [2024-08-07T00:01:11.947-0300] {dag.py:3947} INFO - Setting next_dagrun for conditional_dataset_and_time_based_timetable to 2024-08-07 01:00:00+00:00, run_after=2024-08-07 01:00:00+00:00
[2024-08-07T00:01:11.948-0300] {logging_mixin.py:188} INFO - [2024-08-07T00:01:11.948-0300] {dag.py:3947} INFO - Setting next_dagrun for consume_1_and_2_with_dataset_expressions to None, run_after=None
[2024-08-07T00:01:11.948-0300] {logging_mixin.py:188} INFO - [2024-08-07T00:01:11.948-0300] {dag.py:3947} INFO - Setting next_dagrun for consume_1_or_2_with_dataset_expressions to None, run_after=None
[2024-08-07T00:01:11.949-0300] {logging_mixin.py:188} INFO - [2024-08-07T00:01:11.949-0300] {dag.py:3947} INFO - Setting next_dagrun for consume_1_or_both_2_and_3_with_dataset_expressions to None, run_after=None
[2024-08-07T00:01:11.949-0300] {logging_mixin.py:188} INFO - [2024-08-07T00:01:11.949-0300] {dag.py:3947} INFO - Setting next_dagrun for dataset_consumes_1 to None, run_after=None
[2024-08-07T00:01:11.949-0300] {logging_mixin.py:188} INFO - [2024-08-07T00:01:11.949-0300] {dag.py:3947} INFO - Setting next_dagrun for dataset_consumes_1_and_2 to None, run_after=None
[2024-08-07T00:01:11.950-0300] {logging_mixin.py:188} INFO - [2024-08-07T00:01:11.950-0300] {dag.py:3947} INFO - Setting next_dagrun for dataset_consumes_1_never_scheduled to None, run_after=None
[2024-08-07T00:01:11.950-0300] {logging_mixin.py:188} INFO - [2024-08-07T00:01:11.950-0300] {dag.py:3947} INFO - Setting next_dagrun for dataset_consumes_unknown_never_scheduled to None, run_after=None
[2024-08-07T00:01:11.952-0300] {logging_mixin.py:188} INFO - [2024-08-07T00:01:11.952-0300] {dag.py:3947} INFO - Setting next_dagrun for dataset_produces_1 to 2024-08-06 00:00:00+00:00, run_after=2024-08-07 00:00:00+00:00
[2024-08-07T00:01:11.952-0300] {logging_mixin.py:188} INFO - [2024-08-07T00:01:11.952-0300] {dag.py:3947} INFO - Setting next_dagrun for dataset_produces_2 to None, run_after=None
[2024-08-07T00:01:12.067-0300] {processor.py:183} INFO - Processing /home/wilamy/PARA/1_projetos/Data_Lake_Football/Data_Lake_Football_Airflow/venv_airflow_data_lake/lib/python3.10/site-packages/airflow/example_dags/example_datasets.py took 0.763 seconds
[2024-08-07T00:02:04.954-0300] {processor.py:161} INFO - Started process (PID=11200) to work on /home/wilamy/PARA/1_projetos/Data_Lake_Football/Data_Lake_Football_Airflow/venv_airflow_data_lake/lib/python3.10/site-packages/airflow/example_dags/example_datasets.py
[2024-08-07T00:02:04.993-0300] {processor.py:830} INFO - Processing file /home/wilamy/PARA/1_projetos/Data_Lake_Football/Data_Lake_Football_Airflow/venv_airflow_data_lake/lib/python3.10/site-packages/airflow/example_dags/example_datasets.py for tasks to queue
[2024-08-07T00:02:04.998-0300] {logging_mixin.py:188} INFO - [2024-08-07T00:02:04.997-0300] {dagbag.py:545} INFO - Filling up the DagBag from /home/wilamy/PARA/1_projetos/Data_Lake_Football/Data_Lake_Football_Airflow/venv_airflow_data_lake/lib/python3.10/site-packages/airflow/example_dags/example_datasets.py
[2024-08-07T00:02:05.032-0300] {processor.py:840} INFO - DAG(s) 'dataset_consumes_1_never_scheduled', 'dataset_produces_2', 'dataset_consumes_unknown_never_scheduled', 'consume_1_or_both_2_and_3_with_dataset_expressions', 'consume_1_and_2_with_dataset_expressions', 'conditional_dataset_and_time_based_timetable', 'consume_1_or_2_with_dataset_expressions', 'dataset_consumes_1_and_2', 'dataset_consumes_1', 'dataset_produces_1' retrieved from /home/wilamy/PARA/1_projetos/Data_Lake_Football/Data_Lake_Football_Airflow/venv_airflow_data_lake/lib/python3.10/site-packages/airflow/example_dags/example_datasets.py
[2024-08-07T00:02:05.066-0300] {logging_mixin.py:188} INFO - [2024-08-07T00:02:05.066-0300] {dag.py:3089} INFO - Sync 10 DAGs
[2024-08-07T00:02:05.081-0300] {logging_mixin.py:188} INFO - [2024-08-07T00:02:05.081-0300] {dag.py:3947} INFO - Setting next_dagrun for conditional_dataset_and_time_based_timetable to 2024-08-07 01:00:00+00:00, run_after=2024-08-07 01:00:00+00:00
[2024-08-07T00:02:05.084-0300] {logging_mixin.py:188} INFO - [2024-08-07T00:02:05.083-0300] {dag.py:3947} INFO - Setting next_dagrun for consume_1_and_2_with_dataset_expressions to None, run_after=None
[2024-08-07T00:02:05.084-0300] {logging_mixin.py:188} INFO - [2024-08-07T00:02:05.084-0300] {dag.py:3947} INFO - Setting next_dagrun for consume_1_or_2_with_dataset_expressions to None, run_after=None
[2024-08-07T00:02:05.085-0300] {logging_mixin.py:188} INFO - [2024-08-07T00:02:05.085-0300] {dag.py:3947} INFO - Setting next_dagrun for consume_1_or_both_2_and_3_with_dataset_expressions to None, run_after=None
[2024-08-07T00:02:05.085-0300] {logging_mixin.py:188} INFO - [2024-08-07T00:02:05.085-0300] {dag.py:3947} INFO - Setting next_dagrun for dataset_consumes_1 to None, run_after=None
[2024-08-07T00:02:05.086-0300] {logging_mixin.py:188} INFO - [2024-08-07T00:02:05.086-0300] {dag.py:3947} INFO - Setting next_dagrun for dataset_consumes_1_and_2 to None, run_after=None
[2024-08-07T00:02:05.087-0300] {logging_mixin.py:188} INFO - [2024-08-07T00:02:05.087-0300] {dag.py:3947} INFO - Setting next_dagrun for dataset_consumes_1_never_scheduled to None, run_after=None
[2024-08-07T00:02:05.087-0300] {logging_mixin.py:188} INFO - [2024-08-07T00:02:05.087-0300] {dag.py:3947} INFO - Setting next_dagrun for dataset_consumes_unknown_never_scheduled to None, run_after=None
[2024-08-07T00:02:05.089-0300] {logging_mixin.py:188} INFO - [2024-08-07T00:02:05.089-0300] {dag.py:3947} INFO - Setting next_dagrun for dataset_produces_1 to 2024-08-06 00:00:00+00:00, run_after=2024-08-07 00:00:00+00:00
[2024-08-07T00:02:05.089-0300] {logging_mixin.py:188} INFO - [2024-08-07T00:02:05.089-0300] {dag.py:3947} INFO - Setting next_dagrun for dataset_produces_2 to None, run_after=None
[2024-08-07T00:02:05.164-0300] {processor.py:183} INFO - Processing /home/wilamy/PARA/1_projetos/Data_Lake_Football/Data_Lake_Football_Airflow/venv_airflow_data_lake/lib/python3.10/site-packages/airflow/example_dags/example_datasets.py took 0.215 seconds
[2024-08-07T00:02:53.376-0300] {processor.py:161} INFO - Started process (PID=11933) to work on /home/wilamy/PARA/1_projetos/Data_Lake_Football/Data_Lake_Football_Airflow/venv_airflow_data_lake/lib/python3.10/site-packages/airflow/example_dags/example_datasets.py
[2024-08-07T00:02:53.381-0300] {processor.py:830} INFO - Processing file /home/wilamy/PARA/1_projetos/Data_Lake_Football/Data_Lake_Football_Airflow/venv_airflow_data_lake/lib/python3.10/site-packages/airflow/example_dags/example_datasets.py for tasks to queue
[2024-08-07T00:02:53.386-0300] {logging_mixin.py:188} INFO - [2024-08-07T00:02:53.385-0300] {dagbag.py:545} INFO - Filling up the DagBag from /home/wilamy/PARA/1_projetos/Data_Lake_Football/Data_Lake_Football_Airflow/venv_airflow_data_lake/lib/python3.10/site-packages/airflow/example_dags/example_datasets.py
[2024-08-07T00:02:53.410-0300] {processor.py:840} INFO - DAG(s) 'dataset_produces_2', 'dataset_produces_1', 'consume_1_or_both_2_and_3_with_dataset_expressions', 'dataset_consumes_1_never_scheduled', 'dataset_consumes_unknown_never_scheduled', 'conditional_dataset_and_time_based_timetable', 'dataset_consumes_1', 'consume_1_or_2_with_dataset_expressions', 'consume_1_and_2_with_dataset_expressions', 'dataset_consumes_1_and_2' retrieved from /home/wilamy/PARA/1_projetos/Data_Lake_Football/Data_Lake_Football_Airflow/venv_airflow_data_lake/lib/python3.10/site-packages/airflow/example_dags/example_datasets.py
[2024-08-07T00:02:53.448-0300] {logging_mixin.py:188} INFO - [2024-08-07T00:02:53.448-0300] {dag.py:3089} INFO - Sync 10 DAGs
[2024-08-07T00:02:53.560-0300] {logging_mixin.py:188} INFO - [2024-08-07T00:02:53.559-0300] {dag.py:3947} INFO - Setting next_dagrun for conditional_dataset_and_time_based_timetable to 2024-08-07 01:00:00+00:00, run_after=2024-08-07 01:00:00+00:00
[2024-08-07T00:02:53.563-0300] {logging_mixin.py:188} INFO - [2024-08-07T00:02:53.563-0300] {dag.py:3947} INFO - Setting next_dagrun for consume_1_and_2_with_dataset_expressions to None, run_after=None
[2024-08-07T00:02:53.564-0300] {logging_mixin.py:188} INFO - [2024-08-07T00:02:53.564-0300] {dag.py:3947} INFO - Setting next_dagrun for consume_1_or_2_with_dataset_expressions to None, run_after=None
[2024-08-07T00:02:53.565-0300] {logging_mixin.py:188} INFO - [2024-08-07T00:02:53.565-0300] {dag.py:3947} INFO - Setting next_dagrun for consume_1_or_both_2_and_3_with_dataset_expressions to None, run_after=None
[2024-08-07T00:02:53.566-0300] {logging_mixin.py:188} INFO - [2024-08-07T00:02:53.566-0300] {dag.py:3947} INFO - Setting next_dagrun for dataset_consumes_1 to None, run_after=None
[2024-08-07T00:02:53.567-0300] {logging_mixin.py:188} INFO - [2024-08-07T00:02:53.567-0300] {dag.py:3947} INFO - Setting next_dagrun for dataset_consumes_1_and_2 to None, run_after=None
[2024-08-07T00:02:53.568-0300] {logging_mixin.py:188} INFO - [2024-08-07T00:02:53.568-0300] {dag.py:3947} INFO - Setting next_dagrun for dataset_consumes_1_never_scheduled to None, run_after=None
[2024-08-07T00:02:53.570-0300] {logging_mixin.py:188} INFO - [2024-08-07T00:02:53.569-0300] {dag.py:3947} INFO - Setting next_dagrun for dataset_consumes_unknown_never_scheduled to None, run_after=None
[2024-08-07T00:02:53.572-0300] {logging_mixin.py:188} INFO - [2024-08-07T00:02:53.572-0300] {dag.py:3947} INFO - Setting next_dagrun for dataset_produces_1 to 2024-08-06 00:00:00+00:00, run_after=2024-08-07 00:00:00+00:00
[2024-08-07T00:02:53.573-0300] {logging_mixin.py:188} INFO - [2024-08-07T00:02:53.573-0300] {dag.py:3947} INFO - Setting next_dagrun for dataset_produces_2 to None, run_after=None
[2024-08-07T00:02:53.603-0300] {processor.py:183} INFO - Processing /home/wilamy/PARA/1_projetos/Data_Lake_Football/Data_Lake_Football_Airflow/venv_airflow_data_lake/lib/python3.10/site-packages/airflow/example_dags/example_datasets.py took 0.239 seconds
[2024-08-07T00:03:59.028-0300] {processor.py:161} INFO - Started process (PID=12281) to work on /home/wilamy/PARA/1_projetos/Data_Lake_Football/Data_Lake_Football_Airflow/venv_airflow_data_lake/lib/python3.10/site-packages/airflow/example_dags/example_datasets.py
[2024-08-07T00:03:59.032-0300] {processor.py:830} INFO - Processing file /home/wilamy/PARA/1_projetos/Data_Lake_Football/Data_Lake_Football_Airflow/venv_airflow_data_lake/lib/python3.10/site-packages/airflow/example_dags/example_datasets.py for tasks to queue
[2024-08-07T00:03:59.034-0300] {logging_mixin.py:188} INFO - [2024-08-07T00:03:59.033-0300] {dagbag.py:545} INFO - Filling up the DagBag from /home/wilamy/PARA/1_projetos/Data_Lake_Football/Data_Lake_Football_Airflow/venv_airflow_data_lake/lib/python3.10/site-packages/airflow/example_dags/example_datasets.py
[2024-08-07T00:03:59.050-0300] {processor.py:840} INFO - DAG(s) 'dataset_produces_1', 'dataset_consumes_1', 'consume_1_or_both_2_and_3_with_dataset_expressions', 'dataset_produces_2', 'dataset_consumes_1_and_2', 'consume_1_and_2_with_dataset_expressions', 'conditional_dataset_and_time_based_timetable', 'dataset_consumes_unknown_never_scheduled', 'dataset_consumes_1_never_scheduled', 'consume_1_or_2_with_dataset_expressions' retrieved from /home/wilamy/PARA/1_projetos/Data_Lake_Football/Data_Lake_Football_Airflow/venv_airflow_data_lake/lib/python3.10/site-packages/airflow/example_dags/example_datasets.py
[2024-08-07T00:03:59.085-0300] {logging_mixin.py:188} INFO - [2024-08-07T00:03:59.085-0300] {dag.py:3089} INFO - Sync 10 DAGs
[2024-08-07T00:03:59.102-0300] {logging_mixin.py:188} INFO - [2024-08-07T00:03:59.102-0300] {dag.py:3947} INFO - Setting next_dagrun for conditional_dataset_and_time_based_timetable to 2024-08-07 01:00:00+00:00, run_after=2024-08-07 01:00:00+00:00
[2024-08-07T00:03:59.104-0300] {logging_mixin.py:188} INFO - [2024-08-07T00:03:59.104-0300] {dag.py:3947} INFO - Setting next_dagrun for consume_1_and_2_with_dataset_expressions to None, run_after=None
[2024-08-07T00:03:59.105-0300] {logging_mixin.py:188} INFO - [2024-08-07T00:03:59.105-0300] {dag.py:3947} INFO - Setting next_dagrun for consume_1_or_2_with_dataset_expressions to None, run_after=None
[2024-08-07T00:03:59.106-0300] {logging_mixin.py:188} INFO - [2024-08-07T00:03:59.106-0300] {dag.py:3947} INFO - Setting next_dagrun for consume_1_or_both_2_and_3_with_dataset_expressions to None, run_after=None
[2024-08-07T00:03:59.107-0300] {logging_mixin.py:188} INFO - [2024-08-07T00:03:59.107-0300] {dag.py:3947} INFO - Setting next_dagrun for dataset_consumes_1 to None, run_after=None
[2024-08-07T00:03:59.107-0300] {logging_mixin.py:188} INFO - [2024-08-07T00:03:59.107-0300] {dag.py:3947} INFO - Setting next_dagrun for dataset_consumes_1_and_2 to None, run_after=None
[2024-08-07T00:03:59.108-0300] {logging_mixin.py:188} INFO - [2024-08-07T00:03:59.108-0300] {dag.py:3947} INFO - Setting next_dagrun for dataset_consumes_1_never_scheduled to None, run_after=None
[2024-08-07T00:03:59.109-0300] {logging_mixin.py:188} INFO - [2024-08-07T00:03:59.109-0300] {dag.py:3947} INFO - Setting next_dagrun for dataset_consumes_unknown_never_scheduled to None, run_after=None
[2024-08-07T00:03:59.110-0300] {logging_mixin.py:188} INFO - [2024-08-07T00:03:59.110-0300] {dag.py:3947} INFO - Setting next_dagrun for dataset_produces_1 to 2024-08-06 00:00:00+00:00, run_after=2024-08-07 00:00:00+00:00
[2024-08-07T00:03:59.111-0300] {logging_mixin.py:188} INFO - [2024-08-07T00:03:59.111-0300] {dag.py:3947} INFO - Setting next_dagrun for dataset_produces_2 to None, run_after=None
[2024-08-07T00:03:59.132-0300] {processor.py:183} INFO - Processing /home/wilamy/PARA/1_projetos/Data_Lake_Football/Data_Lake_Football_Airflow/venv_airflow_data_lake/lib/python3.10/site-packages/airflow/example_dags/example_datasets.py took 0.110 seconds
