[2024-08-07T00:00:34.539-0300] {processor.py:161} INFO - Started process (PID=10720) to work on /home/wilamy/PARA/1_projetos/Data_Lake_Football/Data_Lake_Football_Airflow/venv_airflow_data_lake/lib/python3.10/site-packages/airflow/example_dags/tutorial_dag.py
[2024-08-07T00:00:34.539-0300] {processor.py:830} INFO - Processing file /home/wilamy/PARA/1_projetos/Data_Lake_Football/Data_Lake_Football_Airflow/venv_airflow_data_lake/lib/python3.10/site-packages/airflow/example_dags/tutorial_dag.py for tasks to queue
[2024-08-07T00:00:34.540-0300] {logging_mixin.py:188} INFO - [2024-08-07T00:00:34.540-0300] {dagbag.py:545} INFO - Filling up the DagBag from /home/wilamy/PARA/1_projetos/Data_Lake_Football/Data_Lake_Football_Airflow/venv_airflow_data_lake/lib/python3.10/site-packages/airflow/example_dags/tutorial_dag.py
[2024-08-07T00:00:34.547-0300] {processor.py:840} INFO - DAG(s) 'tutorial_dag' retrieved from /home/wilamy/PARA/1_projetos/Data_Lake_Football/Data_Lake_Football_Airflow/venv_airflow_data_lake/lib/python3.10/site-packages/airflow/example_dags/tutorial_dag.py
[2024-08-07T00:00:34.629-0300] {logging_mixin.py:188} INFO - [2024-08-07T00:00:34.628-0300] {override.py:1858} INFO - Created Permission View: can delete on DAG:tutorial_dag
[2024-08-07T00:00:34.638-0300] {logging_mixin.py:188} INFO - [2024-08-07T00:00:34.638-0300] {override.py:1858} INFO - Created Permission View: can edit on DAG:tutorial_dag
[2024-08-07T00:00:34.644-0300] {logging_mixin.py:188} INFO - [2024-08-07T00:00:34.644-0300] {override.py:1858} INFO - Created Permission View: can read on DAG:tutorial_dag
[2024-08-07T00:00:34.644-0300] {logging_mixin.py:188} INFO - [2024-08-07T00:00:34.644-0300] {dag.py:3089} INFO - Sync 1 DAGs
[2024-08-07T00:00:34.652-0300] {logging_mixin.py:188} INFO - [2024-08-07T00:00:34.652-0300] {dag.py:3111} INFO - Creating ORM DAG for tutorial_dag
[2024-08-07T00:00:34.652-0300] {logging_mixin.py:188} INFO - [2024-08-07T00:00:34.652-0300] {dag.py:3947} INFO - Setting next_dagrun for tutorial_dag to None, run_after=None
[2024-08-07T00:00:34.666-0300] {processor.py:183} INFO - Processing /home/wilamy/PARA/1_projetos/Data_Lake_Football/Data_Lake_Football_Airflow/venv_airflow_data_lake/lib/python3.10/site-packages/airflow/example_dags/tutorial_dag.py took 0.132 seconds
[2024-08-07T00:01:34.520-0300] {processor.py:161} INFO - Started process (PID=11037) to work on /home/wilamy/PARA/1_projetos/Data_Lake_Football/Data_Lake_Football_Airflow/venv_airflow_data_lake/lib/python3.10/site-packages/airflow/example_dags/tutorial_dag.py
[2024-08-07T00:01:34.525-0300] {processor.py:830} INFO - Processing file /home/wilamy/PARA/1_projetos/Data_Lake_Football/Data_Lake_Football_Airflow/venv_airflow_data_lake/lib/python3.10/site-packages/airflow/example_dags/tutorial_dag.py for tasks to queue
[2024-08-07T00:01:34.529-0300] {logging_mixin.py:188} INFO - [2024-08-07T00:01:34.528-0300] {dagbag.py:545} INFO - Filling up the DagBag from /home/wilamy/PARA/1_projetos/Data_Lake_Football/Data_Lake_Football_Airflow/venv_airflow_data_lake/lib/python3.10/site-packages/airflow/example_dags/tutorial_dag.py
[2024-08-07T00:01:34.542-0300] {processor.py:840} INFO - DAG(s) 'tutorial_dag' retrieved from /home/wilamy/PARA/1_projetos/Data_Lake_Football/Data_Lake_Football_Airflow/venv_airflow_data_lake/lib/python3.10/site-packages/airflow/example_dags/tutorial_dag.py
[2024-08-07T00:01:34.560-0300] {logging_mixin.py:188} INFO - [2024-08-07T00:01:34.560-0300] {dag.py:3089} INFO - Sync 1 DAGs
[2024-08-07T00:01:34.570-0300] {logging_mixin.py:188} INFO - [2024-08-07T00:01:34.570-0300] {dag.py:3947} INFO - Setting next_dagrun for tutorial_dag to None, run_after=None
[2024-08-07T00:01:34.588-0300] {processor.py:183} INFO - Processing /home/wilamy/PARA/1_projetos/Data_Lake_Football/Data_Lake_Football_Airflow/venv_airflow_data_lake/lib/python3.10/site-packages/airflow/example_dags/tutorial_dag.py took 0.076 seconds
[2024-08-07T00:02:19.414-0300] {processor.py:161} INFO - Started process (PID=11648) to work on /home/wilamy/PARA/1_projetos/Data_Lake_Football/Data_Lake_Football_Airflow/venv_airflow_data_lake/lib/python3.10/site-packages/airflow/example_dags/tutorial_dag.py
[2024-08-07T00:02:19.425-0300] {processor.py:830} INFO - Processing file /home/wilamy/PARA/1_projetos/Data_Lake_Football/Data_Lake_Football_Airflow/venv_airflow_data_lake/lib/python3.10/site-packages/airflow/example_dags/tutorial_dag.py for tasks to queue
[2024-08-07T00:02:19.428-0300] {logging_mixin.py:188} INFO - [2024-08-07T00:02:19.427-0300] {dagbag.py:545} INFO - Filling up the DagBag from /home/wilamy/PARA/1_projetos/Data_Lake_Football/Data_Lake_Football_Airflow/venv_airflow_data_lake/lib/python3.10/site-packages/airflow/example_dags/tutorial_dag.py
[2024-08-07T00:02:19.435-0300] {processor.py:840} INFO - DAG(s) 'tutorial_dag' retrieved from /home/wilamy/PARA/1_projetos/Data_Lake_Football/Data_Lake_Football_Airflow/venv_airflow_data_lake/lib/python3.10/site-packages/airflow/example_dags/tutorial_dag.py
[2024-08-07T00:02:19.451-0300] {logging_mixin.py:188} INFO - [2024-08-07T00:02:19.451-0300] {dag.py:3089} INFO - Sync 1 DAGs
[2024-08-07T00:02:19.460-0300] {logging_mixin.py:188} INFO - [2024-08-07T00:02:19.460-0300] {dag.py:3947} INFO - Setting next_dagrun for tutorial_dag to None, run_after=None
[2024-08-07T00:02:19.477-0300] {processor.py:183} INFO - Processing /home/wilamy/PARA/1_projetos/Data_Lake_Football/Data_Lake_Football_Airflow/venv_airflow_data_lake/lib/python3.10/site-packages/airflow/example_dags/tutorial_dag.py took 0.069 seconds
[2024-08-07T00:02:59.195-0300] {processor.py:161} INFO - Started process (PID=11965) to work on /home/wilamy/PARA/1_projetos/Data_Lake_Football/Data_Lake_Football_Airflow/venv_airflow_data_lake/lib/python3.10/site-packages/airflow/example_dags/tutorial_dag.py
[2024-08-07T00:02:59.200-0300] {processor.py:830} INFO - Processing file /home/wilamy/PARA/1_projetos/Data_Lake_Football/Data_Lake_Football_Airflow/venv_airflow_data_lake/lib/python3.10/site-packages/airflow/example_dags/tutorial_dag.py for tasks to queue
[2024-08-07T00:02:59.203-0300] {logging_mixin.py:188} INFO - [2024-08-07T00:02:59.202-0300] {dagbag.py:545} INFO - Filling up the DagBag from /home/wilamy/PARA/1_projetos/Data_Lake_Football/Data_Lake_Football_Airflow/venv_airflow_data_lake/lib/python3.10/site-packages/airflow/example_dags/tutorial_dag.py
[2024-08-07T00:02:59.209-0300] {processor.py:840} INFO - DAG(s) 'tutorial_dag' retrieved from /home/wilamy/PARA/1_projetos/Data_Lake_Football/Data_Lake_Football_Airflow/venv_airflow_data_lake/lib/python3.10/site-packages/airflow/example_dags/tutorial_dag.py
[2024-08-07T00:02:59.226-0300] {logging_mixin.py:188} INFO - [2024-08-07T00:02:59.226-0300] {dag.py:3089} INFO - Sync 1 DAGs
[2024-08-07T00:02:59.239-0300] {logging_mixin.py:188} INFO - [2024-08-07T00:02:59.239-0300] {dag.py:3947} INFO - Setting next_dagrun for tutorial_dag to None, run_after=None
[2024-08-07T00:02:59.356-0300] {processor.py:183} INFO - Processing /home/wilamy/PARA/1_projetos/Data_Lake_Football/Data_Lake_Football_Airflow/venv_airflow_data_lake/lib/python3.10/site-packages/airflow/example_dags/tutorial_dag.py took 0.182 seconds
[2024-08-07T00:03:46.700-0300] {processor.py:161} INFO - Started process (PID=12205) to work on /home/wilamy/PARA/1_projetos/Data_Lake_Football/Data_Lake_Football_Airflow/venv_airflow_data_lake/lib/python3.10/site-packages/airflow/example_dags/tutorial_dag.py
[2024-08-07T00:03:46.705-0300] {processor.py:830} INFO - Processing file /home/wilamy/PARA/1_projetos/Data_Lake_Football/Data_Lake_Football_Airflow/venv_airflow_data_lake/lib/python3.10/site-packages/airflow/example_dags/tutorial_dag.py for tasks to queue
[2024-08-07T00:03:46.706-0300] {logging_mixin.py:188} INFO - [2024-08-07T00:03:46.706-0300] {dagbag.py:545} INFO - Filling up the DagBag from /home/wilamy/PARA/1_projetos/Data_Lake_Football/Data_Lake_Football_Airflow/venv_airflow_data_lake/lib/python3.10/site-packages/airflow/example_dags/tutorial_dag.py
[2024-08-07T00:03:46.712-0300] {processor.py:840} INFO - DAG(s) 'tutorial_dag' retrieved from /home/wilamy/PARA/1_projetos/Data_Lake_Football/Data_Lake_Football_Airflow/venv_airflow_data_lake/lib/python3.10/site-packages/airflow/example_dags/tutorial_dag.py
[2024-08-07T00:03:46.730-0300] {logging_mixin.py:188} INFO - [2024-08-07T00:03:46.729-0300] {dag.py:3089} INFO - Sync 1 DAGs
[2024-08-07T00:03:46.740-0300] {logging_mixin.py:188} INFO - [2024-08-07T00:03:46.739-0300] {dag.py:3947} INFO - Setting next_dagrun for tutorial_dag to None, run_after=None
[2024-08-07T00:03:46.755-0300] {processor.py:183} INFO - Processing /home/wilamy/PARA/1_projetos/Data_Lake_Football/Data_Lake_Football_Airflow/venv_airflow_data_lake/lib/python3.10/site-packages/airflow/example_dags/tutorial_dag.py took 0.062 seconds
