[2024-08-07T00:00:39.463-0300] {processor.py:161} INFO - Started process (PID=10748) to work on /home/wilamy/PARA/1_projetos/Data_Lake_Football/Data_Lake_Football_Airflow/venv_airflow_data_lake/lib/python3.10/site-packages/airflow/example_dags/tutorial_taskflow_api.py
[2024-08-07T00:00:39.465-0300] {processor.py:830} INFO - Processing file /home/wilamy/PARA/1_projetos/Data_Lake_Football/Data_Lake_Football_Airflow/venv_airflow_data_lake/lib/python3.10/site-packages/airflow/example_dags/tutorial_taskflow_api.py for tasks to queue
[2024-08-07T00:00:39.467-0300] {logging_mixin.py:188} INFO - [2024-08-07T00:00:39.466-0300] {dagbag.py:545} INFO - Filling up the DagBag from /home/wilamy/PARA/1_projetos/Data_Lake_Football/Data_Lake_Football_Airflow/venv_airflow_data_lake/lib/python3.10/site-packages/airflow/example_dags/tutorial_taskflow_api.py
[2024-08-07T00:00:39.477-0300] {processor.py:840} INFO - DAG(s) 'tutorial_taskflow_api' retrieved from /home/wilamy/PARA/1_projetos/Data_Lake_Football/Data_Lake_Football_Airflow/venv_airflow_data_lake/lib/python3.10/site-packages/airflow/example_dags/tutorial_taskflow_api.py
[2024-08-07T00:00:39.556-0300] {logging_mixin.py:188} INFO - [2024-08-07T00:00:39.555-0300] {override.py:1858} INFO - Created Permission View: can delete on DAG:tutorial_taskflow_api
[2024-08-07T00:00:39.566-0300] {logging_mixin.py:188} INFO - [2024-08-07T00:00:39.565-0300] {override.py:1858} INFO - Created Permission View: can edit on DAG:tutorial_taskflow_api
[2024-08-07T00:00:39.571-0300] {logging_mixin.py:188} INFO - [2024-08-07T00:00:39.571-0300] {override.py:1858} INFO - Created Permission View: can read on DAG:tutorial_taskflow_api
[2024-08-07T00:00:39.571-0300] {logging_mixin.py:188} INFO - [2024-08-07T00:00:39.571-0300] {dag.py:3089} INFO - Sync 1 DAGs
[2024-08-07T00:00:39.579-0300] {logging_mixin.py:188} INFO - [2024-08-07T00:00:39.579-0300] {dag.py:3111} INFO - Creating ORM DAG for tutorial_taskflow_api
[2024-08-07T00:00:39.579-0300] {logging_mixin.py:188} INFO - [2024-08-07T00:00:39.579-0300] {dag.py:3947} INFO - Setting next_dagrun for tutorial_taskflow_api to None, run_after=None
[2024-08-07T00:00:39.597-0300] {processor.py:183} INFO - Processing /home/wilamy/PARA/1_projetos/Data_Lake_Football/Data_Lake_Football_Airflow/venv_airflow_data_lake/lib/python3.10/site-packages/airflow/example_dags/tutorial_taskflow_api.py took 0.147 seconds
[2024-08-07T00:01:36.779-0300] {processor.py:161} INFO - Started process (PID=11049) to work on /home/wilamy/PARA/1_projetos/Data_Lake_Football/Data_Lake_Football_Airflow/venv_airflow_data_lake/lib/python3.10/site-packages/airflow/example_dags/tutorial_taskflow_api.py
[2024-08-07T00:01:36.783-0300] {processor.py:830} INFO - Processing file /home/wilamy/PARA/1_projetos/Data_Lake_Football/Data_Lake_Football_Airflow/venv_airflow_data_lake/lib/python3.10/site-packages/airflow/example_dags/tutorial_taskflow_api.py for tasks to queue
[2024-08-07T00:01:36.786-0300] {logging_mixin.py:188} INFO - [2024-08-07T00:01:36.785-0300] {dagbag.py:545} INFO - Filling up the DagBag from /home/wilamy/PARA/1_projetos/Data_Lake_Football/Data_Lake_Football_Airflow/venv_airflow_data_lake/lib/python3.10/site-packages/airflow/example_dags/tutorial_taskflow_api.py
[2024-08-07T00:01:36.797-0300] {processor.py:840} INFO - DAG(s) 'tutorial_taskflow_api' retrieved from /home/wilamy/PARA/1_projetos/Data_Lake_Football/Data_Lake_Football_Airflow/venv_airflow_data_lake/lib/python3.10/site-packages/airflow/example_dags/tutorial_taskflow_api.py
[2024-08-07T00:01:36.813-0300] {logging_mixin.py:188} INFO - [2024-08-07T00:01:36.813-0300] {dag.py:3089} INFO - Sync 1 DAGs
[2024-08-07T00:01:36.823-0300] {logging_mixin.py:188} INFO - [2024-08-07T00:01:36.823-0300] {dag.py:3947} INFO - Setting next_dagrun for tutorial_taskflow_api to None, run_after=None
[2024-08-07T00:01:36.859-0300] {processor.py:183} INFO - Processing /home/wilamy/PARA/1_projetos/Data_Lake_Football/Data_Lake_Football_Airflow/venv_airflow_data_lake/lib/python3.10/site-packages/airflow/example_dags/tutorial_taskflow_api.py took 0.093 seconds
[2024-08-07T00:02:23.410-0300] {processor.py:161} INFO - Started process (PID=11736) to work on /home/wilamy/PARA/1_projetos/Data_Lake_Football/Data_Lake_Football_Airflow/venv_airflow_data_lake/lib/python3.10/site-packages/airflow/example_dags/tutorial_taskflow_api.py
[2024-08-07T00:02:23.414-0300] {processor.py:830} INFO - Processing file /home/wilamy/PARA/1_projetos/Data_Lake_Football/Data_Lake_Football_Airflow/venv_airflow_data_lake/lib/python3.10/site-packages/airflow/example_dags/tutorial_taskflow_api.py for tasks to queue
[2024-08-07T00:02:23.415-0300] {logging_mixin.py:188} INFO - [2024-08-07T00:02:23.415-0300] {dagbag.py:545} INFO - Filling up the DagBag from /home/wilamy/PARA/1_projetos/Data_Lake_Football/Data_Lake_Football_Airflow/venv_airflow_data_lake/lib/python3.10/site-packages/airflow/example_dags/tutorial_taskflow_api.py
[2024-08-07T00:02:23.422-0300] {processor.py:840} INFO - DAG(s) 'tutorial_taskflow_api' retrieved from /home/wilamy/PARA/1_projetos/Data_Lake_Football/Data_Lake_Football_Airflow/venv_airflow_data_lake/lib/python3.10/site-packages/airflow/example_dags/tutorial_taskflow_api.py
[2024-08-07T00:02:23.436-0300] {logging_mixin.py:188} INFO - [2024-08-07T00:02:23.436-0300] {dag.py:3089} INFO - Sync 1 DAGs
[2024-08-07T00:02:23.446-0300] {logging_mixin.py:188} INFO - [2024-08-07T00:02:23.446-0300] {dag.py:3947} INFO - Setting next_dagrun for tutorial_taskflow_api to None, run_after=None
[2024-08-07T00:02:23.463-0300] {processor.py:183} INFO - Processing /home/wilamy/PARA/1_projetos/Data_Lake_Football/Data_Lake_Football_Airflow/venv_airflow_data_lake/lib/python3.10/site-packages/airflow/example_dags/tutorial_taskflow_api.py took 0.060 seconds
[2024-08-07T00:03:03.666-0300] {processor.py:161} INFO - Started process (PID=11986) to work on /home/wilamy/PARA/1_projetos/Data_Lake_Football/Data_Lake_Football_Airflow/venv_airflow_data_lake/lib/python3.10/site-packages/airflow/example_dags/tutorial_taskflow_api.py
[2024-08-07T00:03:03.671-0300] {processor.py:830} INFO - Processing file /home/wilamy/PARA/1_projetos/Data_Lake_Football/Data_Lake_Football_Airflow/venv_airflow_data_lake/lib/python3.10/site-packages/airflow/example_dags/tutorial_taskflow_api.py for tasks to queue
[2024-08-07T00:03:03.672-0300] {logging_mixin.py:188} INFO - [2024-08-07T00:03:03.672-0300] {dagbag.py:545} INFO - Filling up the DagBag from /home/wilamy/PARA/1_projetos/Data_Lake_Football/Data_Lake_Football_Airflow/venv_airflow_data_lake/lib/python3.10/site-packages/airflow/example_dags/tutorial_taskflow_api.py
[2024-08-07T00:03:03.680-0300] {processor.py:840} INFO - DAG(s) 'tutorial_taskflow_api' retrieved from /home/wilamy/PARA/1_projetos/Data_Lake_Football/Data_Lake_Football_Airflow/venv_airflow_data_lake/lib/python3.10/site-packages/airflow/example_dags/tutorial_taskflow_api.py
[2024-08-07T00:03:03.698-0300] {logging_mixin.py:188} INFO - [2024-08-07T00:03:03.698-0300] {dag.py:3089} INFO - Sync 1 DAGs
[2024-08-07T00:03:03.818-0300] {logging_mixin.py:188} INFO - [2024-08-07T00:03:03.817-0300] {dag.py:3947} INFO - Setting next_dagrun for tutorial_taskflow_api to None, run_after=None
[2024-08-07T00:03:03.847-0300] {processor.py:183} INFO - Processing /home/wilamy/PARA/1_projetos/Data_Lake_Football/Data_Lake_Football_Airflow/venv_airflow_data_lake/lib/python3.10/site-packages/airflow/example_dags/tutorial_taskflow_api.py took 0.187 seconds
[2024-08-07T00:03:51.041-0300] {processor.py:161} INFO - Started process (PID=12226) to work on /home/wilamy/PARA/1_projetos/Data_Lake_Football/Data_Lake_Football_Airflow/venv_airflow_data_lake/lib/python3.10/site-packages/airflow/example_dags/tutorial_taskflow_api.py
[2024-08-07T00:03:51.046-0300] {processor.py:830} INFO - Processing file /home/wilamy/PARA/1_projetos/Data_Lake_Football/Data_Lake_Football_Airflow/venv_airflow_data_lake/lib/python3.10/site-packages/airflow/example_dags/tutorial_taskflow_api.py for tasks to queue
[2024-08-07T00:03:51.048-0300] {logging_mixin.py:188} INFO - [2024-08-07T00:03:51.048-0300] {dagbag.py:545} INFO - Filling up the DagBag from /home/wilamy/PARA/1_projetos/Data_Lake_Football/Data_Lake_Football_Airflow/venv_airflow_data_lake/lib/python3.10/site-packages/airflow/example_dags/tutorial_taskflow_api.py
[2024-08-07T00:03:51.056-0300] {processor.py:840} INFO - DAG(s) 'tutorial_taskflow_api' retrieved from /home/wilamy/PARA/1_projetos/Data_Lake_Football/Data_Lake_Football_Airflow/venv_airflow_data_lake/lib/python3.10/site-packages/airflow/example_dags/tutorial_taskflow_api.py
[2024-08-07T00:03:51.073-0300] {logging_mixin.py:188} INFO - [2024-08-07T00:03:51.073-0300] {dag.py:3089} INFO - Sync 1 DAGs
[2024-08-07T00:03:51.083-0300] {logging_mixin.py:188} INFO - [2024-08-07T00:03:51.083-0300] {dag.py:3947} INFO - Setting next_dagrun for tutorial_taskflow_api to None, run_after=None
[2024-08-07T00:03:51.099-0300] {processor.py:183} INFO - Processing /home/wilamy/PARA/1_projetos/Data_Lake_Football/Data_Lake_Football_Airflow/venv_airflow_data_lake/lib/python3.10/site-packages/airflow/example_dags/tutorial_taskflow_api.py took 0.064 seconds
