[2024-08-07T00:00:45.773-0300] {processor.py:161} INFO - Started process (PID=10791) to work on /home/wilamy/PARA/1_projetos/Data_Lake_Football/Data_Lake_Football_Airflow/venv_airflow_data_lake/lib/python3.10/site-packages/airflow/example_dags/tutorial_objectstorage.py
[2024-08-07T00:00:45.774-0300] {processor.py:830} INFO - Processing file /home/wilamy/PARA/1_projetos/Data_Lake_Football/Data_Lake_Football_Airflow/venv_airflow_data_lake/lib/python3.10/site-packages/airflow/example_dags/tutorial_objectstorage.py for tasks to queue
[2024-08-07T00:00:45.775-0300] {logging_mixin.py:188} INFO - [2024-08-07T00:00:45.774-0300] {dagbag.py:545} INFO - Filling up the DagBag from /home/wilamy/PARA/1_projetos/Data_Lake_Football/Data_Lake_Football_Airflow/venv_airflow_data_lake/lib/python3.10/site-packages/airflow/example_dags/tutorial_objectstorage.py
[2024-08-07T00:00:45.781-0300] {processor.py:840} INFO - DAG(s) 'tutorial_objectstorage' retrieved from /home/wilamy/PARA/1_projetos/Data_Lake_Football/Data_Lake_Football_Airflow/venv_airflow_data_lake/lib/python3.10/site-packages/airflow/example_dags/tutorial_objectstorage.py
[2024-08-07T00:00:45.867-0300] {logging_mixin.py:188} INFO - [2024-08-07T00:00:45.866-0300] {override.py:1858} INFO - Created Permission View: can delete on DAG:tutorial_objectstorage
[2024-08-07T00:00:45.879-0300] {logging_mixin.py:188} INFO - [2024-08-07T00:00:45.878-0300] {override.py:1858} INFO - Created Permission View: can edit on DAG:tutorial_objectstorage
[2024-08-07T00:00:45.885-0300] {logging_mixin.py:188} INFO - [2024-08-07T00:00:45.885-0300] {override.py:1858} INFO - Created Permission View: can read on DAG:tutorial_objectstorage
[2024-08-07T00:00:45.885-0300] {logging_mixin.py:188} INFO - [2024-08-07T00:00:45.885-0300] {dag.py:3089} INFO - Sync 1 DAGs
[2024-08-07T00:00:45.893-0300] {logging_mixin.py:188} INFO - [2024-08-07T00:00:45.893-0300] {dag.py:3111} INFO - Creating ORM DAG for tutorial_objectstorage
[2024-08-07T00:00:45.893-0300] {logging_mixin.py:188} INFO - [2024-08-07T00:00:45.893-0300] {dag.py:3947} INFO - Setting next_dagrun for tutorial_objectstorage to None, run_after=None
[2024-08-07T00:00:45.906-0300] {processor.py:183} INFO - Processing /home/wilamy/PARA/1_projetos/Data_Lake_Football/Data_Lake_Football_Airflow/venv_airflow_data_lake/lib/python3.10/site-packages/airflow/example_dags/tutorial_objectstorage.py took 0.137 seconds
[2024-08-07T00:01:41.921-0300] {processor.py:161} INFO - Started process (PID=11083) to work on /home/wilamy/PARA/1_projetos/Data_Lake_Football/Data_Lake_Football_Airflow/venv_airflow_data_lake/lib/python3.10/site-packages/airflow/example_dags/tutorial_objectstorage.py
[2024-08-07T00:01:41.925-0300] {processor.py:830} INFO - Processing file /home/wilamy/PARA/1_projetos/Data_Lake_Football/Data_Lake_Football_Airflow/venv_airflow_data_lake/lib/python3.10/site-packages/airflow/example_dags/tutorial_objectstorage.py for tasks to queue
[2024-08-07T00:01:41.927-0300] {logging_mixin.py:188} INFO - [2024-08-07T00:01:41.926-0300] {dagbag.py:545} INFO - Filling up the DagBag from /home/wilamy/PARA/1_projetos/Data_Lake_Football/Data_Lake_Football_Airflow/venv_airflow_data_lake/lib/python3.10/site-packages/airflow/example_dags/tutorial_objectstorage.py
[2024-08-07T00:01:41.934-0300] {processor.py:840} INFO - DAG(s) 'tutorial_objectstorage' retrieved from /home/wilamy/PARA/1_projetos/Data_Lake_Football/Data_Lake_Football_Airflow/venv_airflow_data_lake/lib/python3.10/site-packages/airflow/example_dags/tutorial_objectstorage.py
[2024-08-07T00:01:41.951-0300] {logging_mixin.py:188} INFO - [2024-08-07T00:01:41.950-0300] {dag.py:3089} INFO - Sync 1 DAGs
[2024-08-07T00:01:41.962-0300] {logging_mixin.py:188} INFO - [2024-08-07T00:01:41.961-0300] {dag.py:3947} INFO - Setting next_dagrun for tutorial_objectstorage to None, run_after=None
[2024-08-07T00:01:41.976-0300] {processor.py:183} INFO - Processing /home/wilamy/PARA/1_projetos/Data_Lake_Football/Data_Lake_Football_Airflow/venv_airflow_data_lake/lib/python3.10/site-packages/airflow/example_dags/tutorial_objectstorage.py took 0.061 seconds
[2024-08-07T00:02:28.408-0300] {processor.py:161} INFO - Started process (PID=11760) to work on /home/wilamy/PARA/1_projetos/Data_Lake_Football/Data_Lake_Football_Airflow/venv_airflow_data_lake/lib/python3.10/site-packages/airflow/example_dags/tutorial_objectstorage.py
[2024-08-07T00:02:28.412-0300] {processor.py:830} INFO - Processing file /home/wilamy/PARA/1_projetos/Data_Lake_Football/Data_Lake_Football_Airflow/venv_airflow_data_lake/lib/python3.10/site-packages/airflow/example_dags/tutorial_objectstorage.py for tasks to queue
[2024-08-07T00:02:28.417-0300] {logging_mixin.py:188} INFO - [2024-08-07T00:02:28.416-0300] {dagbag.py:545} INFO - Filling up the DagBag from /home/wilamy/PARA/1_projetos/Data_Lake_Football/Data_Lake_Football_Airflow/venv_airflow_data_lake/lib/python3.10/site-packages/airflow/example_dags/tutorial_objectstorage.py
[2024-08-07T00:02:28.436-0300] {processor.py:840} INFO - DAG(s) 'tutorial_objectstorage' retrieved from /home/wilamy/PARA/1_projetos/Data_Lake_Football/Data_Lake_Football_Airflow/venv_airflow_data_lake/lib/python3.10/site-packages/airflow/example_dags/tutorial_objectstorage.py
[2024-08-07T00:02:28.454-0300] {logging_mixin.py:188} INFO - [2024-08-07T00:02:28.453-0300] {dag.py:3089} INFO - Sync 1 DAGs
[2024-08-07T00:02:28.463-0300] {logging_mixin.py:188} INFO - [2024-08-07T00:02:28.463-0300] {dag.py:3947} INFO - Setting next_dagrun for tutorial_objectstorage to None, run_after=None
[2024-08-07T00:02:28.478-0300] {processor.py:183} INFO - Processing /home/wilamy/PARA/1_projetos/Data_Lake_Football/Data_Lake_Football_Airflow/venv_airflow_data_lake/lib/python3.10/site-packages/airflow/example_dags/tutorial_objectstorage.py took 0.077 seconds
[2024-08-07T00:03:09.429-0300] {processor.py:161} INFO - Started process (PID=12015) to work on /home/wilamy/PARA/1_projetos/Data_Lake_Football/Data_Lake_Football_Airflow/venv_airflow_data_lake/lib/python3.10/site-packages/airflow/example_dags/tutorial_objectstorage.py
[2024-08-07T00:03:09.434-0300] {processor.py:830} INFO - Processing file /home/wilamy/PARA/1_projetos/Data_Lake_Football/Data_Lake_Football_Airflow/venv_airflow_data_lake/lib/python3.10/site-packages/airflow/example_dags/tutorial_objectstorage.py for tasks to queue
[2024-08-07T00:03:09.438-0300] {logging_mixin.py:188} INFO - [2024-08-07T00:03:09.437-0300] {dagbag.py:545} INFO - Filling up the DagBag from /home/wilamy/PARA/1_projetos/Data_Lake_Football/Data_Lake_Football_Airflow/venv_airflow_data_lake/lib/python3.10/site-packages/airflow/example_dags/tutorial_objectstorage.py
[2024-08-07T00:03:09.451-0300] {processor.py:840} INFO - DAG(s) 'tutorial_objectstorage' retrieved from /home/wilamy/PARA/1_projetos/Data_Lake_Football/Data_Lake_Football_Airflow/venv_airflow_data_lake/lib/python3.10/site-packages/airflow/example_dags/tutorial_objectstorage.py
[2024-08-07T00:03:09.466-0300] {logging_mixin.py:188} INFO - [2024-08-07T00:03:09.465-0300] {dag.py:3089} INFO - Sync 1 DAGs
[2024-08-07T00:03:09.557-0300] {logging_mixin.py:188} INFO - [2024-08-07T00:03:09.556-0300] {dag.py:3947} INFO - Setting next_dagrun for tutorial_objectstorage to None, run_after=None
[2024-08-07T00:03:09.577-0300] {processor.py:183} INFO - Processing /home/wilamy/PARA/1_projetos/Data_Lake_Football/Data_Lake_Football_Airflow/venv_airflow_data_lake/lib/python3.10/site-packages/airflow/example_dags/tutorial_objectstorage.py took 0.165 seconds
[2024-08-07T00:03:56.470-0300] {processor.py:161} INFO - Started process (PID=12266) to work on /home/wilamy/PARA/1_projetos/Data_Lake_Football/Data_Lake_Football_Airflow/venv_airflow_data_lake/lib/python3.10/site-packages/airflow/example_dags/tutorial_objectstorage.py
[2024-08-07T00:03:56.475-0300] {processor.py:830} INFO - Processing file /home/wilamy/PARA/1_projetos/Data_Lake_Football/Data_Lake_Football_Airflow/venv_airflow_data_lake/lib/python3.10/site-packages/airflow/example_dags/tutorial_objectstorage.py for tasks to queue
[2024-08-07T00:03:56.479-0300] {logging_mixin.py:188} INFO - [2024-08-07T00:03:56.478-0300] {dagbag.py:545} INFO - Filling up the DagBag from /home/wilamy/PARA/1_projetos/Data_Lake_Football/Data_Lake_Football_Airflow/venv_airflow_data_lake/lib/python3.10/site-packages/airflow/example_dags/tutorial_objectstorage.py
[2024-08-07T00:03:56.491-0300] {processor.py:840} INFO - DAG(s) 'tutorial_objectstorage' retrieved from /home/wilamy/PARA/1_projetos/Data_Lake_Football/Data_Lake_Football_Airflow/venv_airflow_data_lake/lib/python3.10/site-packages/airflow/example_dags/tutorial_objectstorage.py
[2024-08-07T00:03:56.505-0300] {logging_mixin.py:188} INFO - [2024-08-07T00:03:56.505-0300] {dag.py:3089} INFO - Sync 1 DAGs
[2024-08-07T00:03:56.514-0300] {logging_mixin.py:188} INFO - [2024-08-07T00:03:56.514-0300] {dag.py:3947} INFO - Setting next_dagrun for tutorial_objectstorage to None, run_after=None
[2024-08-07T00:03:56.529-0300] {processor.py:183} INFO - Processing /home/wilamy/PARA/1_projetos/Data_Lake_Football/Data_Lake_Football_Airflow/venv_airflow_data_lake/lib/python3.10/site-packages/airflow/example_dags/tutorial_objectstorage.py took 0.076 seconds
