[2024-08-07T00:00:38.196-0300] {processor.py:161} INFO - Started process (PID=10746) to work on /home/wilamy/PARA/1_projetos/Data_Lake_Football/Data_Lake_Football_Airflow/venv_airflow_data_lake/lib/python3.10/site-packages/airflow/example_dags/tutorial.py
[2024-08-07T00:00:38.196-0300] {processor.py:830} INFO - Processing file /home/wilamy/PARA/1_projetos/Data_Lake_Football/Data_Lake_Football_Airflow/venv_airflow_data_lake/lib/python3.10/site-packages/airflow/example_dags/tutorial.py for tasks to queue
[2024-08-07T00:00:38.198-0300] {logging_mixin.py:188} INFO - [2024-08-07T00:00:38.197-0300] {dagbag.py:545} INFO - Filling up the DagBag from /home/wilamy/PARA/1_projetos/Data_Lake_Football/Data_Lake_Football_Airflow/venv_airflow_data_lake/lib/python3.10/site-packages/airflow/example_dags/tutorial.py
[2024-08-07T00:00:38.204-0300] {processor.py:840} INFO - DAG(s) 'tutorial' retrieved from /home/wilamy/PARA/1_projetos/Data_Lake_Football/Data_Lake_Football_Airflow/venv_airflow_data_lake/lib/python3.10/site-packages/airflow/example_dags/tutorial.py
[2024-08-07T00:00:38.281-0300] {logging_mixin.py:188} INFO - [2024-08-07T00:00:38.281-0300] {override.py:1858} INFO - Created Permission View: can delete on DAG:tutorial
[2024-08-07T00:00:38.289-0300] {logging_mixin.py:188} INFO - [2024-08-07T00:00:38.289-0300] {override.py:1858} INFO - Created Permission View: can edit on DAG:tutorial
[2024-08-07T00:00:38.296-0300] {logging_mixin.py:188} INFO - [2024-08-07T00:00:38.296-0300] {override.py:1858} INFO - Created Permission View: can read on DAG:tutorial
[2024-08-07T00:00:38.296-0300] {logging_mixin.py:188} INFO - [2024-08-07T00:00:38.296-0300] {dag.py:3089} INFO - Sync 1 DAGs
[2024-08-07T00:00:38.304-0300] {logging_mixin.py:188} INFO - [2024-08-07T00:00:38.304-0300] {dag.py:3111} INFO - Creating ORM DAG for tutorial
[2024-08-07T00:00:38.310-0300] {logging_mixin.py:188} INFO - [2024-08-07T00:00:38.310-0300] {dag.py:3947} INFO - Setting next_dagrun for tutorial to 2024-08-06 00:00:00+00:00, run_after=2024-08-07 00:00:00+00:00
[2024-08-07T00:00:38.324-0300] {processor.py:183} INFO - Processing /home/wilamy/PARA/1_projetos/Data_Lake_Football/Data_Lake_Football_Airflow/venv_airflow_data_lake/lib/python3.10/site-packages/airflow/example_dags/tutorial.py took 0.132 seconds
[2024-08-07T00:01:36.461-0300] {processor.py:161} INFO - Started process (PID=11048) to work on /home/wilamy/PARA/1_projetos/Data_Lake_Football/Data_Lake_Football_Airflow/venv_airflow_data_lake/lib/python3.10/site-packages/airflow/example_dags/tutorial.py
[2024-08-07T00:01:36.466-0300] {processor.py:830} INFO - Processing file /home/wilamy/PARA/1_projetos/Data_Lake_Football/Data_Lake_Football_Airflow/venv_airflow_data_lake/lib/python3.10/site-packages/airflow/example_dags/tutorial.py for tasks to queue
[2024-08-07T00:01:36.470-0300] {logging_mixin.py:188} INFO - [2024-08-07T00:01:36.469-0300] {dagbag.py:545} INFO - Filling up the DagBag from /home/wilamy/PARA/1_projetos/Data_Lake_Football/Data_Lake_Football_Airflow/venv_airflow_data_lake/lib/python3.10/site-packages/airflow/example_dags/tutorial.py
[2024-08-07T00:01:36.482-0300] {processor.py:840} INFO - DAG(s) 'tutorial' retrieved from /home/wilamy/PARA/1_projetos/Data_Lake_Football/Data_Lake_Football_Airflow/venv_airflow_data_lake/lib/python3.10/site-packages/airflow/example_dags/tutorial.py
[2024-08-07T00:01:36.498-0300] {logging_mixin.py:188} INFO - [2024-08-07T00:01:36.498-0300] {dag.py:3089} INFO - Sync 1 DAGs
[2024-08-07T00:01:36.513-0300] {logging_mixin.py:188} INFO - [2024-08-07T00:01:36.513-0300] {dag.py:3947} INFO - Setting next_dagrun for tutorial to 2024-08-06 00:00:00+00:00, run_after=2024-08-07 00:00:00+00:00
[2024-08-07T00:01:36.527-0300] {processor.py:183} INFO - Processing /home/wilamy/PARA/1_projetos/Data_Lake_Football/Data_Lake_Football_Airflow/venv_airflow_data_lake/lib/python3.10/site-packages/airflow/example_dags/tutorial.py took 0.084 seconds
[2024-08-07T00:02:22.859-0300] {processor.py:161} INFO - Started process (PID=11726) to work on /home/wilamy/PARA/1_projetos/Data_Lake_Football/Data_Lake_Football_Airflow/venv_airflow_data_lake/lib/python3.10/site-packages/airflow/example_dags/tutorial.py
[2024-08-07T00:02:22.884-0300] {processor.py:830} INFO - Processing file /home/wilamy/PARA/1_projetos/Data_Lake_Football/Data_Lake_Football_Airflow/venv_airflow_data_lake/lib/python3.10/site-packages/airflow/example_dags/tutorial.py for tasks to queue
[2024-08-07T00:02:22.889-0300] {logging_mixin.py:188} INFO - [2024-08-07T00:02:22.888-0300] {dagbag.py:545} INFO - Filling up the DagBag from /home/wilamy/PARA/1_projetos/Data_Lake_Football/Data_Lake_Football_Airflow/venv_airflow_data_lake/lib/python3.10/site-packages/airflow/example_dags/tutorial.py
[2024-08-07T00:02:22.904-0300] {processor.py:840} INFO - DAG(s) 'tutorial' retrieved from /home/wilamy/PARA/1_projetos/Data_Lake_Football/Data_Lake_Football_Airflow/venv_airflow_data_lake/lib/python3.10/site-packages/airflow/example_dags/tutorial.py
[2024-08-07T00:02:22.923-0300] {logging_mixin.py:188} INFO - [2024-08-07T00:02:22.923-0300] {dag.py:3089} INFO - Sync 1 DAGs
[2024-08-07T00:02:22.940-0300] {logging_mixin.py:188} INFO - [2024-08-07T00:02:22.939-0300] {dag.py:3947} INFO - Setting next_dagrun for tutorial to 2024-08-06 00:00:00+00:00, run_after=2024-08-07 00:00:00+00:00
[2024-08-07T00:02:22.955-0300] {processor.py:183} INFO - Processing /home/wilamy/PARA/1_projetos/Data_Lake_Football/Data_Lake_Football_Airflow/venv_airflow_data_lake/lib/python3.10/site-packages/airflow/example_dags/tutorial.py took 0.103 seconds
[2024-08-07T00:03:02.312-0300] {processor.py:161} INFO - Started process (PID=11977) to work on /home/wilamy/PARA/1_projetos/Data_Lake_Football/Data_Lake_Football_Airflow/venv_airflow_data_lake/lib/python3.10/site-packages/airflow/example_dags/tutorial.py
[2024-08-07T00:03:02.313-0300] {processor.py:830} INFO - Processing file /home/wilamy/PARA/1_projetos/Data_Lake_Football/Data_Lake_Football_Airflow/venv_airflow_data_lake/lib/python3.10/site-packages/airflow/example_dags/tutorial.py for tasks to queue
[2024-08-07T00:03:02.315-0300] {logging_mixin.py:188} INFO - [2024-08-07T00:03:02.315-0300] {dagbag.py:545} INFO - Filling up the DagBag from /home/wilamy/PARA/1_projetos/Data_Lake_Football/Data_Lake_Football_Airflow/venv_airflow_data_lake/lib/python3.10/site-packages/airflow/example_dags/tutorial.py
[2024-08-07T00:03:02.322-0300] {processor.py:840} INFO - DAG(s) 'tutorial' retrieved from /home/wilamy/PARA/1_projetos/Data_Lake_Football/Data_Lake_Football_Airflow/venv_airflow_data_lake/lib/python3.10/site-packages/airflow/example_dags/tutorial.py
[2024-08-07T00:03:02.343-0300] {logging_mixin.py:188} INFO - [2024-08-07T00:03:02.343-0300] {dag.py:3089} INFO - Sync 1 DAGs
[2024-08-07T00:03:02.501-0300] {logging_mixin.py:188} INFO - [2024-08-07T00:03:02.500-0300] {dag.py:3947} INFO - Setting next_dagrun for tutorial to 2024-08-06 00:00:00+00:00, run_after=2024-08-07 00:00:00+00:00
[2024-08-07T00:03:02.533-0300] {processor.py:183} INFO - Processing /home/wilamy/PARA/1_projetos/Data_Lake_Football/Data_Lake_Football_Airflow/venv_airflow_data_lake/lib/python3.10/site-packages/airflow/example_dags/tutorial.py took 0.227 seconds
[2024-08-07T00:03:49.917-0300] {processor.py:161} INFO - Started process (PID=12225) to work on /home/wilamy/PARA/1_projetos/Data_Lake_Football/Data_Lake_Football_Airflow/venv_airflow_data_lake/lib/python3.10/site-packages/airflow/example_dags/tutorial.py
[2024-08-07T00:03:49.921-0300] {processor.py:830} INFO - Processing file /home/wilamy/PARA/1_projetos/Data_Lake_Football/Data_Lake_Football_Airflow/venv_airflow_data_lake/lib/python3.10/site-packages/airflow/example_dags/tutorial.py for tasks to queue
[2024-08-07T00:03:49.925-0300] {logging_mixin.py:188} INFO - [2024-08-07T00:03:49.925-0300] {dagbag.py:545} INFO - Filling up the DagBag from /home/wilamy/PARA/1_projetos/Data_Lake_Football/Data_Lake_Football_Airflow/venv_airflow_data_lake/lib/python3.10/site-packages/airflow/example_dags/tutorial.py
[2024-08-07T00:03:49.933-0300] {processor.py:840} INFO - DAG(s) 'tutorial' retrieved from /home/wilamy/PARA/1_projetos/Data_Lake_Football/Data_Lake_Football_Airflow/venv_airflow_data_lake/lib/python3.10/site-packages/airflow/example_dags/tutorial.py
[2024-08-07T00:03:49.949-0300] {logging_mixin.py:188} INFO - [2024-08-07T00:03:49.949-0300] {dag.py:3089} INFO - Sync 1 DAGs
[2024-08-07T00:03:49.966-0300] {logging_mixin.py:188} INFO - [2024-08-07T00:03:49.966-0300] {dag.py:3947} INFO - Setting next_dagrun for tutorial to 2024-08-06 00:00:00+00:00, run_after=2024-08-07 00:00:00+00:00
[2024-08-07T00:03:49.982-0300] {processor.py:183} INFO - Processing /home/wilamy/PARA/1_projetos/Data_Lake_Football/Data_Lake_Football_Airflow/venv_airflow_data_lake/lib/python3.10/site-packages/airflow/example_dags/tutorial.py took 0.083 seconds
